Jul 22 02:38:42 mg-cluster-worker systemd-journald[90]: Journal started
Jul 22 02:38:42 mg-cluster-worker systemd-journald[90]: Runtime Journal (/run/log/journal/a5b4bc53dd7e483cbb22fe911221bed6) is 8.0M, max 447.2M, 439.2M free.
Jul 22 02:38:42 mg-cluster-worker systemd[1]: Finished systemd-sysctl.service - Apply Kernel Variables.
Jul 22 02:38:42 mg-cluster-worker systemd[1]: Starting systemd-journal-flush.service - Flush Journal to Persistent Storage...
Jul 22 02:38:42 mg-cluster-worker systemd-journald[90]: Runtime Journal (/run/log/journal/a5b4bc53dd7e483cbb22fe911221bed6) is 8.0M, max 447.2M, 439.2M free.
Jul 22 02:38:42 mg-cluster-worker systemd[1]: Finished systemd-tmpfiles-setup-dev.service - Create Static Device Nodes in /dev.
Jul 22 02:38:42 mg-cluster-worker systemd[1]: Reached target local-fs-pre.target - Preparation for Local File Systems.
Jul 22 02:38:42 mg-cluster-worker systemd[1]: Reached target local-fs.target - Local File Systems.
Jul 22 02:38:42 mg-cluster-worker systemd[1]: systemd-machine-id-commit.service - Commit a transient machine-id on disk was skipped because of an unmet condition check (ConditionPathIsMountPoint=/etc/machine-id).
Jul 22 02:38:42 mg-cluster-worker systemd[1]: systemd-udevd.service - Rule-based Manager for Device Events and Files was skipped because of an unmet condition check (ConditionPathIsReadWrite=/sys).
Jul 22 02:38:42 mg-cluster-worker systemd[1]: Reached target sysinit.target - System Initialization.
Jul 22 02:38:42 mg-cluster-worker systemd[1]: Started systemd-tmpfiles-clean.timer - Daily Cleanup of Temporary Directories.
Jul 22 02:38:42 mg-cluster-worker systemd[1]: Reached target timers.target - Timer Units.
Jul 22 02:38:42 mg-cluster-worker systemd[1]: systemd-pcrphase-sysinit.service - TPM2 PCR Barrier (Initialization) was skipped because of an unmet condition check (ConditionPathExists=/sys/firmware/efi/efivars/StubPcrKernelImage-4a67b082-0a4c-41cf-b6c7-440b29bb8c4f).
Jul 22 02:38:42 mg-cluster-worker systemd[1]: Reached target basic.target - Basic System.
Jul 22 02:38:42 mg-cluster-worker systemd[1]: systemd-pcrphase.service - TPM2 PCR Barrier (User) was skipped because of an unmet condition check (ConditionPathExists=/sys/firmware/efi/efivars/StubPcrKernelImage-4a67b082-0a4c-41cf-b6c7-440b29bb8c4f).
Jul 22 02:38:42 mg-cluster-worker systemd[1]: Starting undo-mount-hacks.service - Undo KIND mount hacks...
Jul 22 02:38:42 mg-cluster-worker systemd[1]: Finished systemd-journal-flush.service - Flush Journal to Persistent Storage.
Jul 22 02:38:42 mg-cluster-worker systemd[1]: undo-mount-hacks.service: Deactivated successfully.
Jul 22 02:38:42 mg-cluster-worker systemd[1]: Finished undo-mount-hacks.service - Undo KIND mount hacks.
Jul 22 02:38:42 mg-cluster-worker systemd[1]: Starting containerd.service - containerd container runtime...
Jul 22 02:38:42 mg-cluster-worker systemd[1]: kubelet.service - kubelet: The Kubernetes Node Agent was skipped because of an unmet condition check (ConditionPathExists=/var/lib/kubelet/config.yaml).
Jul 22 02:38:42 mg-cluster-worker containerd[105]: time="2024-07-22T02:38:42.315528001Z" level=info msg="starting containerd" revision=926c9586fe4a6236699318391cd44976a98e31f1 version=v1.7.15
Jul 22 02:38:42 mg-cluster-worker containerd[105]: time="2024-07-22T02:38:42.327938501Z" level=info msg="loading plugin \"io.containerd.event.v1.exchange\"..." type=io.containerd.event.v1
Jul 22 02:38:42 mg-cluster-worker containerd[105]: time="2024-07-22T02:38:42.327987501Z" level=info msg="loading plugin \"io.containerd.internal.v1.opt\"..." type=io.containerd.internal.v1
Jul 22 02:38:42 mg-cluster-worker containerd[105]: time="2024-07-22T02:38:42.328045834Z" level=info msg="loading plugin \"io.containerd.warning.v1.deprecations\"..." type=io.containerd.warning.v1
Jul 22 02:38:42 mg-cluster-worker containerd[105]: time="2024-07-22T02:38:42.328054501Z" level=info msg="loading plugin \"io.containerd.snapshotter.v1.blockfile\"..." type=io.containerd.snapshotter.v1
Jul 22 02:38:42 mg-cluster-worker containerd[105]: time="2024-07-22T02:38:42.328071876Z" level=info msg="skip loading plugin \"io.containerd.snapshotter.v1.blockfile\"..." error="no scratch file generator: skip plugin" type=io.containerd.snapshotter.v1
Jul 22 02:38:42 mg-cluster-worker containerd[105]: time="2024-07-22T02:38:42.328078251Z" level=info msg="loading plugin \"io.containerd.snapshotter.v1.native\"..." type=io.containerd.snapshotter.v1
Jul 22 02:38:42 mg-cluster-worker containerd[105]: time="2024-07-22T02:38:42.328090001Z" level=info msg="loading plugin \"io.containerd.snapshotter.v1.overlayfs\"..." type=io.containerd.snapshotter.v1
Jul 22 02:38:42 mg-cluster-worker containerd[105]: time="2024-07-22T02:38:42.328240001Z" level=info msg="loading plugin \"io.containerd.content.v1.content\"..." type=io.containerd.content.v1
Jul 22 02:38:42 mg-cluster-worker containerd[105]: time="2024-07-22T02:38:42.328302376Z" level=info msg="loading plugin \"io.containerd.snapshotter.v1.fuse-overlayfs\"..." type=io.containerd.snapshotter.v1
Jul 22 02:38:42 mg-cluster-worker containerd[105]: time="2024-07-22T02:38:42.328526376Z" level=info msg="loading plugin \"io.containerd.metadata.v1.bolt\"..." type=io.containerd.metadata.v1
Jul 22 02:38:42 mg-cluster-worker containerd[105]: time="2024-07-22T02:38:42.328793584Z" level=info msg="metadata content store policy set" policy=shared
Jul 22 02:38:42 mg-cluster-worker containerd[105]: time="2024-07-22T02:38:42.329008043Z" level=info msg="loading plugin \"io.containerd.gc.v1.scheduler\"..." type=io.containerd.gc.v1
Jul 22 02:38:42 mg-cluster-worker containerd[105]: time="2024-07-22T02:38:42.329040543Z" level=info msg="loading plugin \"io.containerd.differ.v1.walking\"..." type=io.containerd.differ.v1
Jul 22 02:38:42 mg-cluster-worker containerd[105]: time="2024-07-22T02:38:42.329049668Z" level=info msg="loading plugin \"io.containerd.lease.v1.manager\"..." type=io.containerd.lease.v1
Jul 22 02:38:42 mg-cluster-worker containerd[105]: time="2024-07-22T02:38:42.329058751Z" level=info msg="loading plugin \"io.containerd.streaming.v1.manager\"..." type=io.containerd.streaming.v1
Jul 22 02:38:42 mg-cluster-worker containerd[105]: time="2024-07-22T02:38:42.329066418Z" level=info msg="loading plugin \"io.containerd.runtime.v1.linux\"..." type=io.containerd.runtime.v1
Jul 22 02:38:42 mg-cluster-worker containerd[105]: time="2024-07-22T02:38:42.329099209Z" level=info msg="loading plugin \"io.containerd.monitor.v1.cgroups\"..." type=io.containerd.monitor.v1
Jul 22 02:38:42 mg-cluster-worker containerd[105]: time="2024-07-22T02:38:42.329997709Z" level=info msg="loading plugin \"io.containerd.runtime.v2.task\"..." type=io.containerd.runtime.v2
Jul 22 02:38:42 mg-cluster-worker containerd[105]: time="2024-07-22T02:38:42.330079376Z" level=info msg="loading plugin \"io.containerd.runtime.v2.shim\"..." type=io.containerd.runtime.v2
Jul 22 02:38:42 mg-cluster-worker containerd[105]: time="2024-07-22T02:38:42.330101043Z" level=info msg="loading plugin \"io.containerd.sandbox.store.v1.local\"..." type=io.containerd.sandbox.store.v1
Jul 22 02:38:42 mg-cluster-worker containerd[105]: time="2024-07-22T02:38:42.330110626Z" level=info msg="loading plugin \"io.containerd.sandbox.controller.v1.local\"..." type=io.containerd.sandbox.controller.v1
Jul 22 02:38:42 mg-cluster-worker containerd[105]: time="2024-07-22T02:38:42.330119876Z" level=info msg="loading plugin \"io.containerd.service.v1.containers-service\"..." type=io.containerd.service.v1
Jul 22 02:38:42 mg-cluster-worker containerd[105]: time="2024-07-22T02:38:42.330128709Z" level=info msg="loading plugin \"io.containerd.service.v1.content-service\"..." type=io.containerd.service.v1
Jul 22 02:38:42 mg-cluster-worker containerd[105]: time="2024-07-22T02:38:42.330136751Z" level=info msg="loading plugin \"io.containerd.service.v1.diff-service\"..." type=io.containerd.service.v1
Jul 22 02:38:42 mg-cluster-worker containerd[105]: time="2024-07-22T02:38:42.330146084Z" level=info msg="loading plugin \"io.containerd.service.v1.images-service\"..." type=io.containerd.service.v1
Jul 22 02:38:42 mg-cluster-worker containerd[105]: time="2024-07-22T02:38:42.330155001Z" level=info msg="loading plugin \"io.containerd.service.v1.introspection-service\"..." type=io.containerd.service.v1
Jul 22 02:38:42 mg-cluster-worker containerd[105]: time="2024-07-22T02:38:42.330163751Z" level=info msg="loading plugin \"io.containerd.service.v1.namespaces-service\"..." type=io.containerd.service.v1
Jul 22 02:38:42 mg-cluster-worker containerd[105]: time="2024-07-22T02:38:42.330176001Z" level=info msg="loading plugin \"io.containerd.service.v1.snapshots-service\"..." type=io.containerd.service.v1
Jul 22 02:38:42 mg-cluster-worker containerd[105]: time="2024-07-22T02:38:42.330183834Z" level=info msg="loading plugin \"io.containerd.service.v1.tasks-service\"..." type=io.containerd.service.v1
Jul 22 02:38:42 mg-cluster-worker containerd[105]: time="2024-07-22T02:38:42.330196959Z" level=info msg="loading plugin \"io.containerd.grpc.v1.containers\"..." type=io.containerd.grpc.v1
Jul 22 02:38:42 mg-cluster-worker containerd[105]: time="2024-07-22T02:38:42.330205959Z" level=info msg="loading plugin \"io.containerd.grpc.v1.content\"..." type=io.containerd.grpc.v1
Jul 22 02:38:42 mg-cluster-worker containerd[105]: time="2024-07-22T02:38:42.330221584Z" level=info msg="loading plugin \"io.containerd.grpc.v1.diff\"..." type=io.containerd.grpc.v1
Jul 22 02:38:42 mg-cluster-worker containerd[105]: time="2024-07-22T02:38:42.330228418Z" level=info msg="loading plugin \"io.containerd.grpc.v1.events\"..." type=io.containerd.grpc.v1
Jul 22 02:38:42 mg-cluster-worker containerd[105]: time="2024-07-22T02:38:42.330236251Z" level=info msg="loading plugin \"io.containerd.grpc.v1.images\"..." type=io.containerd.grpc.v1
Jul 22 02:38:42 mg-cluster-worker containerd[105]: time="2024-07-22T02:38:42.330244668Z" level=info msg="loading plugin \"io.containerd.grpc.v1.introspection\"..." type=io.containerd.grpc.v1
Jul 22 02:38:42 mg-cluster-worker containerd[105]: time="2024-07-22T02:38:42.330254876Z" level=info msg="loading plugin \"io.containerd.grpc.v1.leases\"..." type=io.containerd.grpc.v1
Jul 22 02:38:42 mg-cluster-worker containerd[105]: time="2024-07-22T02:38:42.330263376Z" level=info msg="loading plugin \"io.containerd.grpc.v1.namespaces\"..." type=io.containerd.grpc.v1
Jul 22 02:38:42 mg-cluster-worker containerd[105]: time="2024-07-22T02:38:42.330271584Z" level=info msg="loading plugin \"io.containerd.grpc.v1.sandbox-controllers\"..." type=io.containerd.grpc.v1
Jul 22 02:38:42 mg-cluster-worker containerd[105]: time="2024-07-22T02:38:42.330280459Z" level=info msg="loading plugin \"io.containerd.grpc.v1.sandboxes\"..." type=io.containerd.grpc.v1
Jul 22 02:38:42 mg-cluster-worker containerd[105]: time="2024-07-22T02:38:42.330286459Z" level=info msg="loading plugin \"io.containerd.grpc.v1.snapshots\"..." type=io.containerd.grpc.v1
Jul 22 02:38:42 mg-cluster-worker containerd[105]: time="2024-07-22T02:38:42.330294543Z" level=info msg="loading plugin \"io.containerd.grpc.v1.streaming\"..." type=io.containerd.grpc.v1
Jul 22 02:38:42 mg-cluster-worker containerd[105]: time="2024-07-22T02:38:42.330302334Z" level=info msg="loading plugin \"io.containerd.grpc.v1.tasks\"..." type=io.containerd.grpc.v1
Jul 22 02:38:42 mg-cluster-worker containerd[105]: time="2024-07-22T02:38:42.330311501Z" level=info msg="loading plugin \"io.containerd.transfer.v1.local\"..." type=io.containerd.transfer.v1
Jul 22 02:38:42 mg-cluster-worker containerd[105]: time="2024-07-22T02:38:42.330322501Z" level=info msg="loading plugin \"io.containerd.grpc.v1.transfer\"..." type=io.containerd.grpc.v1
Jul 22 02:38:42 mg-cluster-worker containerd[105]: time="2024-07-22T02:38:42.330332293Z" level=info msg="loading plugin \"io.containerd.grpc.v1.version\"..." type=io.containerd.grpc.v1
Jul 22 02:38:42 mg-cluster-worker containerd[105]: time="2024-07-22T02:38:42.330339793Z" level=info msg="loading plugin \"io.containerd.internal.v1.restart\"..." type=io.containerd.internal.v1
Jul 22 02:38:42 mg-cluster-worker containerd[105]: time="2024-07-22T02:38:42.330367834Z" level=info msg="loading plugin \"io.containerd.tracing.processor.v1.otlp\"..." type=io.containerd.tracing.processor.v1
Jul 22 02:38:42 mg-cluster-worker containerd[105]: time="2024-07-22T02:38:42.330378626Z" level=info msg="skip loading plugin \"io.containerd.tracing.processor.v1.otlp\"..." error="no OpenTelemetry endpoint: skip plugin" type=io.containerd.tracing.processor.v1
Jul 22 02:38:42 mg-cluster-worker containerd[105]: time="2024-07-22T02:38:42.330384334Z" level=info msg="loading plugin \"io.containerd.internal.v1.tracing\"..." type=io.containerd.internal.v1
Jul 22 02:38:42 mg-cluster-worker containerd[105]: time="2024-07-22T02:38:42.330391209Z" level=info msg="skipping tracing processor initialization (no tracing plugin)" error="no OpenTelemetry endpoint: skip plugin"
Jul 22 02:38:42 mg-cluster-worker containerd[105]: time="2024-07-22T02:38:42.330428334Z" level=info msg="loading plugin \"io.containerd.grpc.v1.healthcheck\"..." type=io.containerd.grpc.v1
Jul 22 02:38:42 mg-cluster-worker containerd[105]: time="2024-07-22T02:38:42.330439126Z" level=info msg="loading plugin \"io.containerd.nri.v1.nri\"..." type=io.containerd.nri.v1
Jul 22 02:38:42 mg-cluster-worker containerd[105]: time="2024-07-22T02:38:42.330446084Z" level=info msg="NRI interface is disabled by configuration."
Jul 22 02:38:42 mg-cluster-worker containerd[105]: time="2024-07-22T02:38:42.330452751Z" level=info msg="loading plugin \"io.containerd.grpc.v1.cri\"..." type=io.containerd.grpc.v1
Jul 22 02:38:42 mg-cluster-worker containerd[105]: time="2024-07-22T02:38:42.330746834Z" level=info msg="Start cri plugin with config {PluginConfig:{ContainerdConfig:{Snapshotter:overlayfs DefaultRuntimeName:runc DefaultRuntime:{Type: Path: Engine: PodAnnotations:[] ContainerAnnotations:[] Root: Options:map[] PrivilegedWithoutHostDevices:false PrivilegedWithoutHostDevicesAllDevicesAllowed:false BaseRuntimeSpec: NetworkPluginConfDir: NetworkPluginMaxConfNum:0 Snapshotter: SandboxMode:} UntrustedWorkloadRuntime:{Type: Path: Engine: PodAnnotations:[] ContainerAnnotations:[] Root: Options:map[] PrivilegedWithoutHostDevices:false PrivilegedWithoutHostDevicesAllDevicesAllowed:false BaseRuntimeSpec: NetworkPluginConfDir: NetworkPluginMaxConfNum:0 Snapshotter: SandboxMode:} Runtimes:map[runc:{Type:io.containerd.runc.v2 Path: Engine: PodAnnotations:[] ContainerAnnotations:[] Root: Options:map[SystemdCgroup:true] PrivilegedWithoutHostDevices:false PrivilegedWithoutHostDevicesAllDevicesAllowed:false BaseRuntimeSpec:/etc/containerd/cri-base.json NetworkPluginConfDir: NetworkPluginMaxConfNum:0 Snapshotter: SandboxMode:podsandbox} test-handler:{Type:io.containerd.runc.v2 Path: Engine: PodAnnotations:[] ContainerAnnotations:[] Root: Options:map[SystemdCgroup:true] PrivilegedWithoutHostDevices:false PrivilegedWithoutHostDevicesAllDevicesAllowed:false BaseRuntimeSpec:/etc/containerd/cri-base.json NetworkPluginConfDir: NetworkPluginMaxConfNum:0 Snapshotter: SandboxMode:podsandbox}] NoPivot:false DisableSnapshotAnnotations:true DiscardUnpackedLayers:true IgnoreBlockIONotEnabledErrors:false IgnoreRdtNotEnabledErrors:false} CniConfig:{NetworkPluginBinDir:/opt/cni/bin NetworkPluginConfDir:/etc/cni/net.d NetworkPluginMaxConfNum:1 NetworkPluginSetupSerially:false NetworkPluginConfTemplate: IPPreference:} Registry:{ConfigPath: Mirrors:map[] Configs:map[] Auths:map[] Headers:map[]} ImageDecryption:{KeyModel:node} DisableTCPService:true StreamServerAddress:127.0.0.1 StreamServerPort:0 StreamIdleTimeout:4h0m0s EnableSelinux:false SelinuxCategoryRange:1024 SandboxImage:registry.k8s.io/pause:3.7 StatsCollectPeriod:10 SystemdCgroup:false EnableTLSStreaming:false X509KeyPairStreaming:{TLSCertFile: TLSKeyFile:} MaxContainerLogLineSize:16384 DisableCgroup:false DisableApparmor:false RestrictOOMScoreAdj:false MaxConcurrentDownloads:3 DisableProcMount:false UnsetSeccompProfile: TolerateMissingHugetlbController:true DisableHugetlbController:true DeviceOwnershipFromSecurityContext:false IgnoreImageDefinedVolumes:false NetNSMountsUnderStateDir:false EnableUnprivilegedPorts:false EnableUnprivilegedICMP:false EnableCDI:false CDISpecDirs:[/etc/cdi /var/run/cdi] ImagePullProgressTimeout:5m0s DrainExecSyncIOTimeout:0s ImagePullWithSyncFs:false IgnoreDeprecationWarnings:[]} ContainerdRootDir:/var/lib/containerd ContainerdEndpoint:/run/containerd/containerd.sock RootDir:/var/lib/containerd/io.containerd.grpc.v1.cri StateDir:/run/containerd/io.containerd.grpc.v1.cri}"
Jul 22 02:38:42 mg-cluster-worker containerd[105]: time="2024-07-22T02:38:42.330789501Z" level=info msg="Connect containerd service"
Jul 22 02:38:42 mg-cluster-worker containerd[105]: time="2024-07-22T02:38:42.330810668Z" level=info msg="using legacy CRI server"
Jul 22 02:38:42 mg-cluster-worker containerd[105]: time="2024-07-22T02:38:42.330817668Z" level=info msg="using experimental NRI integration - disable nri plugin to prevent this"
Jul 22 02:38:42 mg-cluster-worker containerd[105]: time="2024-07-22T02:38:42.330830418Z" level=info msg="Get image filesystem path \"/var/lib/containerd/io.containerd.snapshotter.v1.overlayfs\""
Jul 22 02:38:42 mg-cluster-worker containerd[105]: time="2024-07-22T02:38:42.331060209Z" level=error msg="failed to load cni during init, please check CRI plugin status before setting up network for pods" error="cni config load failed: no network config found in /etc/cni/net.d: cni plugin not initialized: failed to load cni config"
Jul 22 02:38:42 mg-cluster-worker containerd[105]: time="2024-07-22T02:38:42.331876543Z" level=info msg=serving... address=/run/containerd/containerd.sock.ttrpc
Jul 22 02:38:42 mg-cluster-worker containerd[105]: time="2024-07-22T02:38:42.331949751Z" level=info msg=serving... address=/run/containerd/containerd.sock
Jul 22 02:38:42 mg-cluster-worker containerd[105]: time="2024-07-22T02:38:42.332058126Z" level=info msg="Start subscribing containerd event"
Jul 22 02:38:42 mg-cluster-worker containerd[105]: time="2024-07-22T02:38:42.332099001Z" level=info msg="Start recovering state"
Jul 22 02:38:42 mg-cluster-worker containerd[105]: time="2024-07-22T02:38:42.337542043Z" level=warning msg="The image sha256:e5a475a0380575fb5df454b2e32bdec93e1ec0094d8a61e895b41567cb884550 is not unpacked."
Jul 22 02:38:42 mg-cluster-worker containerd[105]: time="2024-07-22T02:38:42.338183543Z" level=warning msg="The image registry.k8s.io/kube-proxy-arm64:v1.30.0 is not unpacked."
Jul 22 02:38:42 mg-cluster-worker containerd[105]: time="2024-07-22T02:38:42.338861501Z" level=warning msg="The image registry.k8s.io/kube-apiserver-arm64:v1.30.0 is not unpacked."
Jul 22 02:38:42 mg-cluster-worker containerd[105]: time="2024-07-22T02:38:42.339403709Z" level=warning msg="The image registry.k8s.io/coredns/coredns:v1.11.1 is not unpacked."
Jul 22 02:38:42 mg-cluster-worker containerd[105]: time="2024-07-22T02:38:42.340179251Z" level=warning msg="The image registry.k8s.io/etcd:3.5.12-0 is not unpacked."
Jul 22 02:38:42 mg-cluster-worker containerd[105]: time="2024-07-22T02:38:42.340888126Z" level=warning msg="The image registry.k8s.io/kube-scheduler:v1.30.0 is not unpacked."
Jul 22 02:38:42 mg-cluster-worker containerd[105]: time="2024-07-22T02:38:42.341099209Z" level=warning msg="The image registry.k8s.io/kube-proxy:v1.30.0 is not unpacked."
Jul 22 02:38:42 mg-cluster-worker containerd[105]: time="2024-07-22T02:38:42.342307959Z" level=warning msg="The image registry.k8s.io/kube-scheduler-arm64:v1.30.0 is not unpacked."
Jul 22 02:38:42 mg-cluster-worker containerd[105]: time="2024-07-22T02:38:42.342867418Z" level=warning msg="The image registry.k8s.io/kube-controller-manager-arm64:v1.30.0 is not unpacked."
Jul 22 02:38:42 mg-cluster-worker containerd[105]: time="2024-07-22T02:38:42.343299501Z" level=warning msg="The image registry.k8s.io/kube-apiserver:v1.30.0 is not unpacked."
Jul 22 02:38:42 mg-cluster-worker containerd[105]: time="2024-07-22T02:38:42.344033418Z" level=warning msg="The image import-2024-05-13@sha256:45c561194466a77e2ad957a3ead7e40af710be745eab60aa556e670cc526e1e9 is not unpacked."
Jul 22 02:38:42 mg-cluster-worker containerd[105]: time="2024-07-22T02:38:42.344556126Z" level=warning msg="The image docker.io/kindest/kindnetd:v20240202-8f1494ea is not unpacked."
Jul 22 02:38:42 mg-cluster-worker containerd[105]: time="2024-07-22T02:38:42.347299459Z" level=warning msg="The image sha256:4740c1948d3fceb8d7dacc63033aa6299d80794ee4f4811539ec1081d9211f3d is not unpacked."
Jul 22 02:38:42 mg-cluster-worker containerd[105]: time="2024-07-22T02:38:42.347973918Z" level=warning msg="The image sha256:6c806bad1e8991c6415cfcc6f4d01ac610635ff47c9f4c21092caa830d90aca1 is not unpacked."
Jul 22 02:38:42 mg-cluster-worker containerd[105]: time="2024-07-22T02:38:42.348058084Z" level=warning msg="The image import-2024-05-13@sha256:b7267730b5d235ec9500112663c8b244e2d09f0d9f92f1c6bb5caadf73d7a90c is not unpacked."
Jul 22 02:38:42 mg-cluster-worker containerd[105]: time="2024-07-22T02:38:42.348649959Z" level=warning msg="The image sha256:26ceefab31d20e7e9c162db69ac8d4bf87f35302f62c2e25a6ffa4ce0fbc5b53 is not unpacked."
Jul 22 02:38:42 mg-cluster-worker containerd[105]: time="2024-07-22T02:38:42.348926959Z" level=warning msg="The image sha256:80a7c4a0557e68d4257ff8126260f000970de15b987ea4c4eba74506dae713a7 is not unpacked."
Jul 22 02:38:42 mg-cluster-worker containerd[105]: time="2024-07-22T02:38:42.349108709Z" level=warning msg="The image sha256:b1522b854947b7e938a4fd8b70afad16fcd09e70a373fb7aaa0bdd89ca67bfcc is not unpacked."
Jul 22 02:38:42 mg-cluster-worker containerd[105]: time="2024-07-22T02:38:42.349397668Z" level=warning msg="The image sha256:d022557af8b6306cc24be6f095d77b7892f28b34b765c4337774e5e4cbb39132 is not unpacked."
Jul 22 02:38:42 mg-cluster-worker containerd[105]: time="2024-07-22T02:38:42.349578126Z" level=warning msg="The image sha256:d2d4e1917462f2edff8cdb18781ff486c0d0c8c3f9f9579654bd14777d0c0b04 is not unpacked."
Jul 22 02:38:42 mg-cluster-worker containerd[105]: time="2024-07-22T02:38:42.350875584Z" level=warning msg="The image registry.k8s.io/kube-controller-manager:v1.30.0 is not unpacked."
Jul 22 02:38:42 mg-cluster-worker containerd[105]: time="2024-07-22T02:38:42.350982668Z" level=warning msg="The image import-2024-05-13@sha256:66851d132bc433174ca3ded1bccbfe461cb7766bfd941f956224eafc2c8ec39f is not unpacked."
Jul 22 02:38:42 mg-cluster-worker containerd[105]: time="2024-07-22T02:38:42.351466751Z" level=warning msg="The image import-2024-05-13@sha256:91ca1c81e44a332253b9588418418de977942a50ae0d9a84f9a288c4030f8653 is not unpacked."
Jul 22 02:38:42 mg-cluster-worker containerd[105]: time="2024-07-22T02:38:42.352292626Z" level=warning msg="The image registry.k8s.io/pause:3.7 is not unpacked."
Jul 22 02:38:42 mg-cluster-worker containerd[105]: time="2024-07-22T02:38:42.353588043Z" level=warning msg="The image sha256:014faa467e29798aeef733fe6d1a3b5e382688217b053ad23410e6cccd5d22fd is not unpacked."
Jul 22 02:38:42 mg-cluster-worker containerd[105]: time="2024-07-22T02:38:42.354053501Z" level=warning msg="The image docker.io/kindest/local-path-provisioner:v20240202-8f1494ea is not unpacked."
Jul 22 02:38:42 mg-cluster-worker containerd[105]: time="2024-07-22T02:38:42.354498834Z" level=warning msg="The image sha256:2437cf762177702dec2dfe99a09c37427a15af6d9a57c456b65352667c223d93 is not unpacked."
Jul 22 02:38:42 mg-cluster-worker containerd[105]: time="2024-07-22T02:38:42.358822168Z" level=warning msg="The image docker.io/kindest/local-path-helper:v20230510-486859a6 is not unpacked."
Jul 22 02:38:42 mg-cluster-worker containerd[105]: time="2024-07-22T02:38:42.383171043Z" level=info msg="Start event monitor"
Jul 22 02:38:42 mg-cluster-worker containerd[105]: time="2024-07-22T02:38:42.383772001Z" level=info msg="Start snapshots syncer"
Jul 22 02:38:42 mg-cluster-worker containerd[105]: time="2024-07-22T02:38:42.383864876Z" level=info msg="Start cni network conf syncer for default"
Jul 22 02:38:42 mg-cluster-worker containerd[105]: time="2024-07-22T02:38:42.383900543Z" level=info msg="Start streaming server"
Jul 22 02:38:42 mg-cluster-worker systemd[1]: Started containerd.service - containerd container runtime.
Jul 22 02:38:42 mg-cluster-worker systemd[1]: Reached target multi-user.target - Multi-User System.
Jul 22 02:38:42 mg-cluster-worker systemd[1]: Reached target graphical.target - Graphical Interface.
Jul 22 02:38:42 mg-cluster-worker containerd[105]: time="2024-07-22T02:38:42.384467293Z" level=info msg="containerd successfully booted in 0.084418s"
Jul 22 02:38:42 mg-cluster-worker systemd[1]: Starting systemd-update-utmp-runlevel.service - Record Runlevel Change in UTMP...
Jul 22 02:38:42 mg-cluster-worker systemd[1]: systemd-update-utmp-runlevel.service: Deactivated successfully.
Jul 22 02:38:42 mg-cluster-worker systemd[1]: Finished systemd-update-utmp-runlevel.service - Record Runlevel Change in UTMP.
Jul 22 02:38:42 mg-cluster-worker systemd[1]: Startup finished in 317ms.
Jul 22 02:39:12 mg-cluster-worker systemd[1]: Reloading.
Jul 22 02:39:12 mg-cluster-worker systemd[1]: Starting kubelet.service - kubelet: The Kubernetes Node Agent...
Jul 22 02:39:12 mg-cluster-worker systemd[1]: Started kubelet.service - kubelet: The Kubernetes Node Agent.
Jul 22 02:39:13 mg-cluster-worker kubelet[176]: Flag --container-runtime-endpoint has been deprecated, This parameter should be set via the config file specified by the Kubelet's --config flag. See https://kubernetes.io/docs/tasks/administer-cluster/kubelet-config-file/ for more information.
Jul 22 02:39:13 mg-cluster-worker kubelet[176]: Flag --pod-infra-container-image has been deprecated, will be removed in a future release. Image garbage collector will get sandbox image information from CRI.
Jul 22 02:39:13 mg-cluster-worker kubelet[176]: I0722 02:39:13.039050     176 server.go:205] "--pod-infra-container-image will not be pruned by the image garbage collector in kubelet and should also be set in the remote runtime"
Jul 22 02:39:13 mg-cluster-worker kubelet[176]: I0722 02:39:13.325204     176 server.go:484] "Kubelet version" kubeletVersion="v1.30.0"
Jul 22 02:39:13 mg-cluster-worker kubelet[176]: I0722 02:39:13.325292     176 server.go:486] "Golang settings" GOGC="" GOMAXPROCS="" GOTRACEBACK=""
Jul 22 02:39:13 mg-cluster-worker kubelet[176]: I0722 02:39:13.325434     176 server.go:927] "Client rotation is on, will bootstrap in background"
Jul 22 02:39:13 mg-cluster-worker kubelet[176]: I0722 02:39:13.326804     176 dynamic_cafile_content.go:157] "Starting controller" name="client-ca-bundle::/etc/kubernetes/pki/ca.crt"
Jul 22 02:39:13 mg-cluster-worker kubelet[176]: I0722 02:39:13.347306     176 server.go:810] "NoSwap is set due to memorySwapBehavior not specified" memorySwapBehavior="" FailSwapOn=false
Jul 22 02:39:13 mg-cluster-worker kubelet[176]: I0722 02:39:13.347808     176 container_manager_linux.go:265] "Container manager verified user specified cgroup-root exists" cgroupRoot=["kubelet"]
Jul 22 02:39:13 mg-cluster-worker kubelet[176]: I0722 02:39:13.347852     176 container_manager_linux.go:270] "Creating Container Manager object based on Node Config" nodeConfig={"NodeName":"mg-cluster-worker","RuntimeCgroupsName":"/system.slice/containerd.service","SystemCgroupsName":"","KubeletCgroupsName":"","KubeletOOMScoreAdj":-999,"ContainerRuntime":"","CgroupsPerQOS":true,"CgroupRoot":"/kubelet","CgroupDriver":"systemd","KubeletRootDir":"/var/lib/kubelet","ProtectKernelDefaults":false,"KubeReservedCgroupName":"","SystemReservedCgroupName":"","ReservedSystemCPUs":{},"EnforceNodeAllocatable":{"pods":{}},"KubeReserved":null,"SystemReserved":null,"HardEvictionThresholds":[],"QOSReserved":{},"CPUManagerPolicy":"none","CPUManagerPolicyOptions":null,"TopologyManagerScope":"container","CPUManagerReconcilePeriod":10000000000,"ExperimentalMemoryManagerPolicy":"None","ExperimentalMemoryManagerReservedMemory":null,"PodPidsLimit":-1,"EnforceCPULimits":true,"CPUCFSQuotaPeriod":100000000,"TopologyManagerPolicy":"none","TopologyManagerPolicyOptions":null}
Jul 22 02:39:13 mg-cluster-worker kubelet[176]: I0722 02:39:13.347950     176 topology_manager.go:138] "Creating topology manager with none policy"
Jul 22 02:39:13 mg-cluster-worker kubelet[176]: I0722 02:39:13.347957     176 container_manager_linux.go:301] "Creating device plugin manager"
Jul 22 02:39:13 mg-cluster-worker kubelet[176]: I0722 02:39:13.348018     176 state_mem.go:36] "Initialized new in-memory state store"
Jul 22 02:39:13 mg-cluster-worker kubelet[176]: I0722 02:39:13.348114     176 kubelet.go:400] "Attempting to sync node with API server"
Jul 22 02:39:13 mg-cluster-worker kubelet[176]: I0722 02:39:13.348138     176 kubelet.go:301] "Adding static pod path" path="/etc/kubernetes/manifests"
Jul 22 02:39:13 mg-cluster-worker kubelet[176]: I0722 02:39:13.348151     176 kubelet.go:312] "Adding apiserver pod source"
Jul 22 02:39:13 mg-cluster-worker kubelet[176]: I0722 02:39:13.348157     176 apiserver.go:42] "Waiting for node sync before watching apiserver pods"
Jul 22 02:39:13 mg-cluster-worker kubelet[176]: I0722 02:39:13.349102     176 kuberuntime_manager.go:261] "Container runtime initialized" containerRuntime="containerd" version="v1.7.15" apiVersion="v1"
Jul 22 02:39:13 mg-cluster-worker kubelet[176]: I0722 02:39:13.349185     176 kubelet.go:815] "Not starting ClusterTrustBundle informer because we are in static kubelet mode"
Jul 22 02:39:13 mg-cluster-worker kubelet[176]: W0722 02:39:13.349217     176 probe.go:272] Flexvolume plugin directory at /usr/libexec/kubernetes/kubelet-plugins/volume/exec/ does not exist. Recreating.
Jul 22 02:39:13 mg-cluster-worker kubelet[176]: I0722 02:39:13.349894     176 server.go:1264] "Started kubelet"
Jul 22 02:39:13 mg-cluster-worker kubelet[176]: I0722 02:39:13.350258     176 ratelimit.go:55] "Setting rate limiting for endpoint" service="podresources" qps=100 burstTokens=10
Jul 22 02:39:13 mg-cluster-worker kubelet[176]: I0722 02:39:13.350427     176 server.go:227] "Starting to serve the podresources API" endpoint="unix:/var/lib/kubelet/pod-resources/kubelet.sock"
Jul 22 02:39:13 mg-cluster-worker kubelet[176]: I0722 02:39:13.350468     176 server.go:163] "Starting to listen" address="0.0.0.0" port=10250
Jul 22 02:39:13 mg-cluster-worker kubelet[176]: I0722 02:39:13.350774     176 fs_resource_analyzer.go:67] "Starting FS ResourceAnalyzer"
Jul 22 02:39:13 mg-cluster-worker kubelet[176]: I0722 02:39:13.351134     176 server.go:455] "Adding debug handlers to kubelet server"
Jul 22 02:39:13 mg-cluster-worker kubelet[176]: I0722 02:39:13.351864     176 volume_manager.go:291] "Starting Kubelet Volume Manager"
Jul 22 02:39:13 mg-cluster-worker kubelet[176]: I0722 02:39:13.352022     176 desired_state_of_world_populator.go:149] "Desired state populator starts to run"
Jul 22 02:39:13 mg-cluster-worker kubelet[176]: I0722 02:39:13.352173     176 reconciler.go:26] "Reconciler: start to sync state"
Jul 22 02:39:13 mg-cluster-worker kubelet[176]: I0722 02:39:13.353340     176 factory.go:221] Registration of the systemd container factory successfully
Jul 22 02:39:13 mg-cluster-worker kubelet[176]: I0722 02:39:13.353443     176 factory.go:219] Registration of the crio container factory failed: Get "http://%2Fvar%2Frun%2Fcrio%2Fcrio.sock/info": dial unix /var/run/crio/crio.sock: connect: no such file or directory
Jul 22 02:39:13 mg-cluster-worker kubelet[176]: I0722 02:39:13.354366     176 factory.go:221] Registration of the containerd container factory successfully
Jul 22 02:39:13 mg-cluster-worker kubelet[176]: I0722 02:39:13.358894     176 cpu_manager.go:214] "Starting CPU manager" policy="none"
Jul 22 02:39:13 mg-cluster-worker kubelet[176]: I0722 02:39:13.358916     176 cpu_manager.go:215] "Reconciling" reconcilePeriod="10s"
Jul 22 02:39:13 mg-cluster-worker kubelet[176]: I0722 02:39:13.358928     176 state_mem.go:36] "Initialized new in-memory state store"
Jul 22 02:39:13 mg-cluster-worker kubelet[176]: I0722 02:39:13.361724     176 policy_none.go:49] "None policy: Start"
Jul 22 02:39:13 mg-cluster-worker kubelet[176]: I0722 02:39:13.364819     176 memory_manager.go:170] "Starting memorymanager" policy="None"
Jul 22 02:39:13 mg-cluster-worker kubelet[176]: I0722 02:39:13.364842     176 state_mem.go:35] "Initializing new in-memory state store"
Jul 22 02:39:13 mg-cluster-worker kubelet[176]: I0722 02:39:13.369980     176 kubelet_network_linux.go:50] "Initialized iptables rules." protocol="IPv4"
Jul 22 02:39:13 mg-cluster-worker kubelet[176]: E0722 02:39:13.373050     176 event.go:359] "Server rejected event (will not retry!)" err="events is forbidden: User \"system:anonymous\" cannot create resource \"events\" in API group \"\" in the namespace \"default\"" event="&Event{ObjectMeta:{mg-cluster-worker.17e468968b10b838  default    0 0001-01-01 00:00:00 +0000 UTC <nil> <nil> map[] map[] [] [] []},InvolvedObject:ObjectReference{Kind:Node,Namespace:,Name:mg-cluster-worker,UID:mg-cluster-worker,APIVersion:,ResourceVersion:,FieldPath:,},Reason:Starting,Message:Starting kubelet.,Source:EventSource{Component:kubelet,Host:mg-cluster-worker,},FirstTimestamp:2024-07-22 02:39:13.34988396 +0000 UTC m=+0.376576626,LastTimestamp:2024-07-22 02:39:13.34988396 +0000 UTC m=+0.376576626,Count:1,Type:Normal,EventTime:0001-01-01 00:00:00 +0000 UTC,Series:nil,Action:,Related:nil,ReportingController:kubelet,ReportingInstance:mg-cluster-worker,}"
Jul 22 02:39:13 mg-cluster-worker kubelet[176]: E0722 02:39:13.373473     176 controller.go:145] "Failed to ensure lease exists, will retry" err="leases.coordination.k8s.io \"mg-cluster-worker\" is forbidden: User \"system:anonymous\" cannot get resource \"leases\" in API group \"coordination.k8s.io\" in the namespace \"kube-node-lease\"" interval="200ms"
Jul 22 02:39:13 mg-cluster-worker kubelet[176]: W0722 02:39:13.373495     176 reflector.go:547] k8s.io/client-go/informers/factory.go:160: failed to list *v1.Node: nodes "mg-cluster-worker" is forbidden: User "system:anonymous" cannot list resource "nodes" in API group "" at the cluster scope
Jul 22 02:39:13 mg-cluster-worker kubelet[176]: E0722 02:39:13.373510     176 reflector.go:150] k8s.io/client-go/informers/factory.go:160: Failed to watch *v1.Node: failed to list *v1.Node: nodes "mg-cluster-worker" is forbidden: User "system:anonymous" cannot list resource "nodes" in API group "" at the cluster scope
Jul 22 02:39:13 mg-cluster-worker kubelet[176]: W0722 02:39:13.373526     176 reflector.go:547] k8s.io/client-go/informers/factory.go:160: failed to list *v1.CSIDriver: csidrivers.storage.k8s.io is forbidden: User "system:anonymous" cannot list resource "csidrivers" in API group "storage.k8s.io" at the cluster scope
Jul 22 02:39:13 mg-cluster-worker kubelet[176]: E0722 02:39:13.373531     176 reflector.go:150] k8s.io/client-go/informers/factory.go:160: Failed to watch *v1.CSIDriver: failed to list *v1.CSIDriver: csidrivers.storage.k8s.io is forbidden: User "system:anonymous" cannot list resource "csidrivers" in API group "storage.k8s.io" at the cluster scope
Jul 22 02:39:13 mg-cluster-worker kubelet[176]: W0722 02:39:13.373602     176 reflector.go:547] k8s.io/client-go/informers/factory.go:160: failed to list *v1.Service: services is forbidden: User "system:anonymous" cannot list resource "services" in API group "" at the cluster scope
Jul 22 02:39:13 mg-cluster-worker kubelet[176]: E0722 02:39:13.373608     176 reflector.go:150] k8s.io/client-go/informers/factory.go:160: Failed to watch *v1.Service: failed to list *v1.Service: services is forbidden: User "system:anonymous" cannot list resource "services" in API group "" at the cluster scope
Jul 22 02:39:13 mg-cluster-worker kubelet[176]: E0722 02:39:13.375427     176 event.go:359] "Server rejected event (will not retry!)" err="events is forbidden: User \"system:anonymous\" cannot create resource \"events\" in API group \"\" in the namespace \"default\"" event="&Event{ObjectMeta:{mg-cluster-worker.17e468968b8c7095  default    0 0001-01-01 00:00:00 +0000 UTC <nil> <nil> map[] map[] [] [] []},InvolvedObject:ObjectReference{Kind:Node,Namespace:,Name:mg-cluster-worker,UID:mg-cluster-worker,APIVersion:,ResourceVersion:,FieldPath:,},Reason:NodeHasSufficientMemory,Message:Node mg-cluster-worker status is now: NodeHasSufficientMemory,Source:EventSource{Component:kubelet,Host:mg-cluster-worker,},FirstTimestamp:2024-07-22 02:39:13.357992085 +0000 UTC m=+0.384684793,LastTimestamp:2024-07-22 02:39:13.357992085 +0000 UTC m=+0.384684793,Count:1,Type:Normal,EventTime:0001-01-01 00:00:00 +0000 UTC,Series:nil,Action:,Related:nil,ReportingController:kubelet,ReportingInstance:mg-cluster-worker,}"
Jul 22 02:39:13 mg-cluster-worker kubelet[176]: I0722 02:39:13.375492     176 kubelet_network_linux.go:50] "Initialized iptables rules." protocol="IPv6"
Jul 22 02:39:13 mg-cluster-worker kubelet[176]: I0722 02:39:13.375873     176 status_manager.go:217] "Starting to sync pod status with apiserver"
Jul 22 02:39:13 mg-cluster-worker kubelet[176]: I0722 02:39:13.375886     176 kubelet.go:2337] "Starting kubelet main sync loop"
Jul 22 02:39:13 mg-cluster-worker kubelet[176]: E0722 02:39:13.375912     176 kubelet.go:2361] "Skipping pod synchronization" err="[container runtime status check may not have completed yet, PLEG is not healthy: pleg has yet to be successful]"
Jul 22 02:39:13 mg-cluster-worker systemd[1]: Created slice kubelet-kubepods.slice - libcontainer container kubelet-kubepods.slice.
Jul 22 02:39:13 mg-cluster-worker kubelet[176]: E0722 02:39:13.390092     176 kubelet.go:1547] "Failed to start ContainerManager" err="failed to initialize top level QOS containers: root container [kubelet kubepods] doesn't exist"
Jul 22 02:39:13 mg-cluster-worker systemd[1]: kubelet.service: Main process exited, code=exited, status=1/FAILURE
Jul 22 02:39:13 mg-cluster-worker systemd[1]: kubelet.service: Failed with result 'exit-code'.
Jul 22 02:39:14 mg-cluster-worker systemd[1]: kubelet.service: Scheduled restart job, restart counter is at 1.
Jul 22 02:39:14 mg-cluster-worker systemd[1]: Stopped kubelet.service - kubelet: The Kubernetes Node Agent.
Jul 22 02:39:14 mg-cluster-worker systemd[1]: Starting kubelet.service - kubelet: The Kubernetes Node Agent...
Jul 22 02:39:14 mg-cluster-worker systemd[1]: Started kubelet.service - kubelet: The Kubernetes Node Agent.
Jul 22 02:39:14 mg-cluster-worker kubelet[215]: Flag --container-runtime-endpoint has been deprecated, This parameter should be set via the config file specified by the Kubelet's --config flag. See https://kubernetes.io/docs/tasks/administer-cluster/kubelet-config-file/ for more information.
Jul 22 02:39:14 mg-cluster-worker kubelet[215]: Flag --pod-infra-container-image has been deprecated, will be removed in a future release. Image garbage collector will get sandbox image information from CRI.
Jul 22 02:39:14 mg-cluster-worker kubelet[215]: I0722 02:39:14.517444     215 server.go:205] "--pod-infra-container-image will not be pruned by the image garbage collector in kubelet and should also be set in the remote runtime"
Jul 22 02:39:14 mg-cluster-worker kubelet[215]: I0722 02:39:14.525422     215 server.go:484] "Kubelet version" kubeletVersion="v1.30.0"
Jul 22 02:39:14 mg-cluster-worker kubelet[215]: I0722 02:39:14.525446     215 server.go:486] "Golang settings" GOGC="" GOMAXPROCS="" GOTRACEBACK=""
Jul 22 02:39:14 mg-cluster-worker kubelet[215]: I0722 02:39:14.525969     215 server.go:927] "Client rotation is on, will bootstrap in background"
Jul 22 02:39:14 mg-cluster-worker kubelet[215]: I0722 02:39:14.526933     215 certificate_store.go:130] Loading cert/key pair from "/var/lib/kubelet/pki/kubelet-client-current.pem".
Jul 22 02:39:14 mg-cluster-worker kubelet[215]: I0722 02:39:14.528144     215 dynamic_cafile_content.go:157] "Starting controller" name="client-ca-bundle::/etc/kubernetes/pki/ca.crt"
Jul 22 02:39:14 mg-cluster-worker kubelet[215]: I0722 02:39:14.536951     215 server.go:810] "NoSwap is set due to memorySwapBehavior not specified" memorySwapBehavior="" FailSwapOn=false
Jul 22 02:39:14 mg-cluster-worker kubelet[215]: I0722 02:39:14.537126     215 container_manager_linux.go:265] "Container manager verified user specified cgroup-root exists" cgroupRoot=["kubelet"]
Jul 22 02:39:14 mg-cluster-worker kubelet[215]: I0722 02:39:14.537175     215 container_manager_linux.go:270] "Creating Container Manager object based on Node Config" nodeConfig={"NodeName":"mg-cluster-worker","RuntimeCgroupsName":"/system.slice/containerd.service","SystemCgroupsName":"","KubeletCgroupsName":"","KubeletOOMScoreAdj":-999,"ContainerRuntime":"","CgroupsPerQOS":true,"CgroupRoot":"/kubelet","CgroupDriver":"systemd","KubeletRootDir":"/var/lib/kubelet","ProtectKernelDefaults":false,"KubeReservedCgroupName":"","SystemReservedCgroupName":"","ReservedSystemCPUs":{},"EnforceNodeAllocatable":{"pods":{}},"KubeReserved":null,"SystemReserved":null,"HardEvictionThresholds":[],"QOSReserved":{},"CPUManagerPolicy":"none","CPUManagerPolicyOptions":null,"TopologyManagerScope":"container","CPUManagerReconcilePeriod":10000000000,"ExperimentalMemoryManagerPolicy":"None","ExperimentalMemoryManagerReservedMemory":null,"PodPidsLimit":-1,"EnforceCPULimits":true,"CPUCFSQuotaPeriod":100000000,"TopologyManagerPolicy":"none","TopologyManagerPolicyOptions":null}
Jul 22 02:39:14 mg-cluster-worker kubelet[215]: I0722 02:39:14.537311     215 topology_manager.go:138] "Creating topology manager with none policy"
Jul 22 02:39:14 mg-cluster-worker kubelet[215]: I0722 02:39:14.537338     215 container_manager_linux.go:301] "Creating device plugin manager"
Jul 22 02:39:14 mg-cluster-worker kubelet[215]: I0722 02:39:14.537376     215 state_mem.go:36] "Initialized new in-memory state store"
Jul 22 02:39:14 mg-cluster-worker kubelet[215]: I0722 02:39:14.537453     215 kubelet.go:400] "Attempting to sync node with API server"
Jul 22 02:39:14 mg-cluster-worker kubelet[215]: I0722 02:39:14.537487     215 kubelet.go:301] "Adding static pod path" path="/etc/kubernetes/manifests"
Jul 22 02:39:14 mg-cluster-worker kubelet[215]: I0722 02:39:14.537527     215 kubelet.go:312] "Adding apiserver pod source"
Jul 22 02:39:14 mg-cluster-worker kubelet[215]: I0722 02:39:14.537619     215 apiserver.go:42] "Waiting for node sync before watching apiserver pods"
Jul 22 02:39:14 mg-cluster-worker kubelet[215]: I0722 02:39:14.539493     215 kuberuntime_manager.go:261] "Container runtime initialized" containerRuntime="containerd" version="v1.7.15" apiVersion="v1"
Jul 22 02:39:14 mg-cluster-worker kubelet[215]: I0722 02:39:14.539622     215 kubelet.go:815] "Not starting ClusterTrustBundle informer because we are in static kubelet mode"
Jul 22 02:39:14 mg-cluster-worker kubelet[215]: I0722 02:39:14.539941     215 server.go:1264] "Started kubelet"
Jul 22 02:39:14 mg-cluster-worker kubelet[215]: I0722 02:39:14.540170     215 server.go:163] "Starting to listen" address="0.0.0.0" port=10250
Jul 22 02:39:14 mg-cluster-worker kubelet[215]: I0722 02:39:14.540215     215 ratelimit.go:55] "Setting rate limiting for endpoint" service="podresources" qps=100 burstTokens=10
Jul 22 02:39:14 mg-cluster-worker kubelet[215]: I0722 02:39:14.540362     215 server.go:227] "Starting to serve the podresources API" endpoint="unix:/var/lib/kubelet/pod-resources/kubelet.sock"
Jul 22 02:39:14 mg-cluster-worker kubelet[215]: I0722 02:39:14.549789     215 fs_resource_analyzer.go:67] "Starting FS ResourceAnalyzer"
Jul 22 02:39:14 mg-cluster-worker kubelet[215]: I0722 02:39:14.552176     215 desired_state_of_world_populator.go:149] "Desired state populator starts to run"
Jul 22 02:39:14 mg-cluster-worker kubelet[215]: I0722 02:39:14.550047     215 server.go:455] "Adding debug handlers to kubelet server"
Jul 22 02:39:14 mg-cluster-worker kubelet[215]: I0722 02:39:14.552465     215 volume_manager.go:291] "Starting Kubelet Volume Manager"
Jul 22 02:39:14 mg-cluster-worker kubelet[215]: I0722 02:39:14.552800     215 reconciler.go:26] "Reconciler: start to sync state"
Jul 22 02:39:14 mg-cluster-worker kubelet[215]: E0722 02:39:14.553172     215 kubelet_node_status.go:462] "Error getting the current node from lister" err="node \"mg-cluster-worker\" not found"
Jul 22 02:39:14 mg-cluster-worker kubelet[215]: I0722 02:39:14.558978     215 factory.go:221] Registration of the systemd container factory successfully
Jul 22 02:39:14 mg-cluster-worker kubelet[215]: I0722 02:39:14.559090     215 factory.go:219] Registration of the crio container factory failed: Get "http://%2Fvar%2Frun%2Fcrio%2Fcrio.sock/info": dial unix /var/run/crio/crio.sock: connect: no such file or directory
Jul 22 02:39:14 mg-cluster-worker kubelet[215]: I0722 02:39:14.560864     215 factory.go:221] Registration of the containerd container factory successfully
Jul 22 02:39:14 mg-cluster-worker kubelet[215]: E0722 02:39:14.563461     215 nodelease.go:49] "Failed to get node when trying to set owner ref to the node lease" err="nodes \"mg-cluster-worker\" not found" node="mg-cluster-worker"
Jul 22 02:39:14 mg-cluster-worker kubelet[215]: I0722 02:39:14.570195     215 kubelet_network_linux.go:50] "Initialized iptables rules." protocol="IPv4"
Jul 22 02:39:14 mg-cluster-worker kubelet[215]: I0722 02:39:14.570780     215 cpu_manager.go:214] "Starting CPU manager" policy="none"
Jul 22 02:39:14 mg-cluster-worker kubelet[215]: I0722 02:39:14.570896     215 cpu_manager.go:215] "Reconciling" reconcilePeriod="10s"
Jul 22 02:39:14 mg-cluster-worker kubelet[215]: I0722 02:39:14.570938     215 state_mem.go:36] "Initialized new in-memory state store"
Jul 22 02:39:14 mg-cluster-worker kubelet[215]: I0722 02:39:14.571075     215 state_mem.go:88] "Updated default CPUSet" cpuSet=""
Jul 22 02:39:14 mg-cluster-worker kubelet[215]: I0722 02:39:14.571108     215 state_mem.go:96] "Updated CPUSet assignments" assignments={}
Jul 22 02:39:14 mg-cluster-worker kubelet[215]: I0722 02:39:14.571144     215 policy_none.go:49] "None policy: Start"
Jul 22 02:39:14 mg-cluster-worker kubelet[215]: I0722 02:39:14.571333     215 kubelet_network_linux.go:50] "Initialized iptables rules." protocol="IPv6"
Jul 22 02:39:14 mg-cluster-worker kubelet[215]: I0722 02:39:14.571353     215 status_manager.go:217] "Starting to sync pod status with apiserver"
Jul 22 02:39:14 mg-cluster-worker kubelet[215]: I0722 02:39:14.571366     215 kubelet.go:2337] "Starting kubelet main sync loop"
Jul 22 02:39:14 mg-cluster-worker kubelet[215]: E0722 02:39:14.571385     215 kubelet.go:2361] "Skipping pod synchronization" err="[container runtime status check may not have completed yet, PLEG is not healthy: pleg has yet to be successful]"
Jul 22 02:39:14 mg-cluster-worker kubelet[215]: I0722 02:39:14.571876     215 memory_manager.go:170] "Starting memorymanager" policy="None"
Jul 22 02:39:14 mg-cluster-worker kubelet[215]: I0722 02:39:14.571943     215 state_mem.go:35] "Initializing new in-memory state store"
Jul 22 02:39:14 mg-cluster-worker kubelet[215]: I0722 02:39:14.572064     215 state_mem.go:75] "Updated machine memory state"
Jul 22 02:39:14 mg-cluster-worker systemd[1]: Created slice kubelet-kubepods-burstable.slice - libcontainer container kubelet-kubepods-burstable.slice.
Jul 22 02:39:14 mg-cluster-worker systemd[1]: Created slice kubelet-kubepods-besteffort.slice - libcontainer container kubelet-kubepods-besteffort.slice.
Jul 22 02:39:14 mg-cluster-worker kubelet[215]: I0722 02:39:14.595048     215 manager.go:479] "Failed to read data from checkpoint" checkpoint="kubelet_internal_checkpoint" err="checkpoint is not found"
Jul 22 02:39:14 mg-cluster-worker kubelet[215]: I0722 02:39:14.595126     215 container_log_manager.go:186] "Initializing container log rotate workers" workers=1 monitorPeriod="10s"
Jul 22 02:39:14 mg-cluster-worker kubelet[215]: I0722 02:39:14.595190     215 plugin_manager.go:118] "Starting Kubelet Plugin Manager"
Jul 22 02:39:14 mg-cluster-worker kubelet[215]: E0722 02:39:14.596110     215 eviction_manager.go:282] "Eviction manager: failed to get summary stats" err="failed to get node info: node \"mg-cluster-worker\" not found"
Jul 22 02:39:14 mg-cluster-worker kubelet[215]: I0722 02:39:14.654313     215 kubelet_node_status.go:73] "Attempting to register node" node="mg-cluster-worker"
Jul 22 02:39:14 mg-cluster-worker kubelet[215]: I0722 02:39:14.660000     215 kubelet_node_status.go:76] "Successfully registered node" node="mg-cluster-worker"
Jul 22 02:39:14 mg-cluster-worker kubelet[215]: I0722 02:39:14.671730     215 kuberuntime_manager.go:1523] "Updating runtime config through cri with podcidr" CIDR="10.244.3.0/24"
Jul 22 02:39:14 mg-cluster-worker containerd[105]: time="2024-07-22T02:39:14.672099919Z" level=info msg="No cni config template is specified, wait for other system components to drop the config."
Jul 22 02:39:14 mg-cluster-worker kubelet[215]: I0722 02:39:14.672365     215 kubelet_network.go:61] "Updating Pod CIDR" originalPodCIDR="" newPodCIDR="10.244.3.0/24"
Jul 22 02:39:15 mg-cluster-worker kubelet[215]: I0722 02:39:15.540009     215 apiserver.go:52] "Watching apiserver"
Jul 22 02:39:15 mg-cluster-worker kubelet[215]: I0722 02:39:15.541926     215 topology_manager.go:215] "Topology Admit Handler" podUID="71883eca-9842-4eb0-955b-a259d9d6caee" podNamespace="kube-system" podName="kube-proxy-777ck"
Jul 22 02:39:15 mg-cluster-worker kubelet[215]: I0722 02:39:15.542076     215 topology_manager.go:215] "Topology Admit Handler" podUID="c99f1cdc-fd2a-4b5d-becf-51143c90010a" podNamespace="kube-system" podName="kindnet-6twlv"
Jul 22 02:39:15 mg-cluster-worker systemd[1]: Created slice kubelet-kubepods-besteffort-pod71883eca_9842_4eb0_955b_a259d9d6caee.slice - libcontainer container kubelet-kubepods-besteffort-pod71883eca_9842_4eb0_955b_a259d9d6caee.slice.
Jul 22 02:39:15 mg-cluster-worker kubelet[215]: I0722 02:39:15.553505     215 desired_state_of_world_populator.go:157] "Finished populating initial desired state of world"
Jul 22 02:39:15 mg-cluster-worker kubelet[215]: I0722 02:39:15.558232     215 reconciler_common.go:247] "operationExecutor.VerifyControllerAttachedVolume started for volume \"lib-modules\" (UniqueName: \"kubernetes.io/host-path/c99f1cdc-fd2a-4b5d-becf-51143c90010a-lib-modules\") pod \"kindnet-6twlv\" (UID: \"c99f1cdc-fd2a-4b5d-becf-51143c90010a\") " pod="kube-system/kindnet-6twlv"
Jul 22 02:39:15 mg-cluster-worker kubelet[215]: I0722 02:39:15.558272     215 reconciler_common.go:247] "operationExecutor.VerifyControllerAttachedVolume started for volume \"kube-api-access-p5kjh\" (UniqueName: \"kubernetes.io/projected/c99f1cdc-fd2a-4b5d-becf-51143c90010a-kube-api-access-p5kjh\") pod \"kindnet-6twlv\" (UID: \"c99f1cdc-fd2a-4b5d-becf-51143c90010a\") " pod="kube-system/kindnet-6twlv"
Jul 22 02:39:15 mg-cluster-worker kubelet[215]: I0722 02:39:15.558283     215 reconciler_common.go:247] "operationExecutor.VerifyControllerAttachedVolume started for volume \"kube-proxy\" (UniqueName: \"kubernetes.io/configmap/71883eca-9842-4eb0-955b-a259d9d6caee-kube-proxy\") pod \"kube-proxy-777ck\" (UID: \"71883eca-9842-4eb0-955b-a259d9d6caee\") " pod="kube-system/kube-proxy-777ck"
Jul 22 02:39:15 mg-cluster-worker kubelet[215]: I0722 02:39:15.558294     215 reconciler_common.go:247] "operationExecutor.VerifyControllerAttachedVolume started for volume \"xtables-lock\" (UniqueName: \"kubernetes.io/host-path/71883eca-9842-4eb0-955b-a259d9d6caee-xtables-lock\") pod \"kube-proxy-777ck\" (UID: \"71883eca-9842-4eb0-955b-a259d9d6caee\") " pod="kube-system/kube-proxy-777ck"
Jul 22 02:39:15 mg-cluster-worker kubelet[215]: I0722 02:39:15.558306     215 reconciler_common.go:247] "operationExecutor.VerifyControllerAttachedVolume started for volume \"lib-modules\" (UniqueName: \"kubernetes.io/host-path/71883eca-9842-4eb0-955b-a259d9d6caee-lib-modules\") pod \"kube-proxy-777ck\" (UID: \"71883eca-9842-4eb0-955b-a259d9d6caee\") " pod="kube-system/kube-proxy-777ck"
Jul 22 02:39:15 mg-cluster-worker kubelet[215]: I0722 02:39:15.558317     215 reconciler_common.go:247] "operationExecutor.VerifyControllerAttachedVolume started for volume \"kube-api-access-t6k77\" (UniqueName: \"kubernetes.io/projected/71883eca-9842-4eb0-955b-a259d9d6caee-kube-api-access-t6k77\") pod \"kube-proxy-777ck\" (UID: \"71883eca-9842-4eb0-955b-a259d9d6caee\") " pod="kube-system/kube-proxy-777ck"
Jul 22 02:39:15 mg-cluster-worker kubelet[215]: I0722 02:39:15.558329     215 reconciler_common.go:247] "operationExecutor.VerifyControllerAttachedVolume started for volume \"cni-cfg\" (UniqueName: \"kubernetes.io/host-path/c99f1cdc-fd2a-4b5d-becf-51143c90010a-cni-cfg\") pod \"kindnet-6twlv\" (UID: \"c99f1cdc-fd2a-4b5d-becf-51143c90010a\") " pod="kube-system/kindnet-6twlv"
Jul 22 02:39:15 mg-cluster-worker kubelet[215]: I0722 02:39:15.558341     215 reconciler_common.go:247] "operationExecutor.VerifyControllerAttachedVolume started for volume \"xtables-lock\" (UniqueName: \"kubernetes.io/host-path/c99f1cdc-fd2a-4b5d-becf-51143c90010a-xtables-lock\") pod \"kindnet-6twlv\" (UID: \"c99f1cdc-fd2a-4b5d-becf-51143c90010a\") " pod="kube-system/kindnet-6twlv"
Jul 22 02:39:15 mg-cluster-worker systemd[1]: Created slice kubelet-kubepods-podc99f1cdc_fd2a_4b5d_becf_51143c90010a.slice - libcontainer container kubelet-kubepods-podc99f1cdc_fd2a_4b5d_becf_51143c90010a.slice.
Jul 22 02:39:15 mg-cluster-worker containerd[105]: time="2024-07-22T02:39:15.861152211Z" level=info msg="RunPodSandbox for &PodSandboxMetadata{Name:kube-proxy-777ck,Uid:71883eca-9842-4eb0-955b-a259d9d6caee,Namespace:kube-system,Attempt:0,}"
Jul 22 02:39:15 mg-cluster-worker containerd[105]: time="2024-07-22T02:39:15.861366503Z" level=info msg="RunPodSandbox for &PodSandboxMetadata{Name:kindnet-6twlv,Uid:c99f1cdc-fd2a-4b5d-becf-51143c90010a,Namespace:kube-system,Attempt:0,}"
Jul 22 02:39:15 mg-cluster-worker systemd[1]: var-lib-containerd-tmpmounts-containerd\x2dmount21581463.mount: Deactivated successfully.
Jul 22 02:39:15 mg-cluster-worker containerd[105]: time="2024-07-22T02:39:15.918751961Z" level=info msg="loading plugin \"io.containerd.event.v1.publisher\"..." runtime=io.containerd.runc.v2 type=io.containerd.event.v1
Jul 22 02:39:15 mg-cluster-worker containerd[105]: time="2024-07-22T02:39:15.918855711Z" level=info msg="loading plugin \"io.containerd.internal.v1.shutdown\"..." runtime=io.containerd.runc.v2 type=io.containerd.internal.v1
Jul 22 02:39:15 mg-cluster-worker containerd[105]: time="2024-07-22T02:39:15.918864211Z" level=info msg="loading plugin \"io.containerd.ttrpc.v1.task\"..." runtime=io.containerd.runc.v2 type=io.containerd.ttrpc.v1
Jul 22 02:39:15 mg-cluster-worker containerd[105]: time="2024-07-22T02:39:15.918915253Z" level=info msg="loading plugin \"io.containerd.ttrpc.v1.pause\"..." runtime=io.containerd.runc.v2 type=io.containerd.ttrpc.v1
Jul 22 02:39:15 mg-cluster-worker containerd[105]: time="2024-07-22T02:39:15.925986378Z" level=info msg="loading plugin \"io.containerd.event.v1.publisher\"..." runtime=io.containerd.runc.v2 type=io.containerd.event.v1
Jul 22 02:39:15 mg-cluster-worker containerd[105]: time="2024-07-22T02:39:15.926085961Z" level=info msg="loading plugin \"io.containerd.internal.v1.shutdown\"..." runtime=io.containerd.runc.v2 type=io.containerd.internal.v1
Jul 22 02:39:15 mg-cluster-worker containerd[105]: time="2024-07-22T02:39:15.926111836Z" level=info msg="loading plugin \"io.containerd.ttrpc.v1.task\"..." runtime=io.containerd.runc.v2 type=io.containerd.ttrpc.v1
Jul 22 02:39:15 mg-cluster-worker containerd[105]: time="2024-07-22T02:39:15.926746294Z" level=info msg="loading plugin \"io.containerd.ttrpc.v1.pause\"..." runtime=io.containerd.runc.v2 type=io.containerd.ttrpc.v1
Jul 22 02:39:15 mg-cluster-worker systemd[1]: Started cri-containerd-aaa904dea86bdf8744a4d2401e733ec2735d97f0869b449a328c760776aac75e.scope - libcontainer container aaa904dea86bdf8744a4d2401e733ec2735d97f0869b449a328c760776aac75e.
Jul 22 02:39:15 mg-cluster-worker systemd[1]: Started cri-containerd-8f7cc214ea2c4e1c7dffe9d2132b5f48256d7d2cdc9e6f24f975d50cc4a34d4d.scope - libcontainer container 8f7cc214ea2c4e1c7dffe9d2132b5f48256d7d2cdc9e6f24f975d50cc4a34d4d.
Jul 22 02:39:15 mg-cluster-worker containerd[105]: time="2024-07-22T02:39:15.963968878Z" level=info msg="RunPodSandbox for &PodSandboxMetadata{Name:kube-proxy-777ck,Uid:71883eca-9842-4eb0-955b-a259d9d6caee,Namespace:kube-system,Attempt:0,} returns sandbox id \"aaa904dea86bdf8744a4d2401e733ec2735d97f0869b449a328c760776aac75e\""
Jul 22 02:39:15 mg-cluster-worker containerd[105]: time="2024-07-22T02:39:15.968211878Z" level=info msg="CreateContainer within sandbox \"aaa904dea86bdf8744a4d2401e733ec2735d97f0869b449a328c760776aac75e\" for container &ContainerMetadata{Name:kube-proxy,Attempt:0,}"
Jul 22 02:39:16 mg-cluster-worker containerd[105]: time="2024-07-22T02:39:16.124310419Z" level=info msg="RunPodSandbox for &PodSandboxMetadata{Name:kindnet-6twlv,Uid:c99f1cdc-fd2a-4b5d-becf-51143c90010a,Namespace:kube-system,Attempt:0,} returns sandbox id \"8f7cc214ea2c4e1c7dffe9d2132b5f48256d7d2cdc9e6f24f975d50cc4a34d4d\""
Jul 22 02:39:16 mg-cluster-worker containerd[105]: time="2024-07-22T02:39:16.126760753Z" level=info msg="CreateContainer within sandbox \"8f7cc214ea2c4e1c7dffe9d2132b5f48256d7d2cdc9e6f24f975d50cc4a34d4d\" for container &ContainerMetadata{Name:kindnet-cni,Attempt:0,}"
Jul 22 02:39:16 mg-cluster-worker containerd[105]: time="2024-07-22T02:39:16.218330086Z" level=info msg="CreateContainer within sandbox \"aaa904dea86bdf8744a4d2401e733ec2735d97f0869b449a328c760776aac75e\" for &ContainerMetadata{Name:kube-proxy,Attempt:0,} returns container id \"48274bd7049e5b6f8f89840c3634348944e703a9cf1bcc21126f558ffa7bfb45\""
Jul 22 02:39:16 mg-cluster-worker containerd[105]: time="2024-07-22T02:39:16.219163795Z" level=info msg="StartContainer for \"48274bd7049e5b6f8f89840c3634348944e703a9cf1bcc21126f558ffa7bfb45\""
Jul 22 02:39:16 mg-cluster-worker systemd[1]: Started cri-containerd-48274bd7049e5b6f8f89840c3634348944e703a9cf1bcc21126f558ffa7bfb45.scope - libcontainer container 48274bd7049e5b6f8f89840c3634348944e703a9cf1bcc21126f558ffa7bfb45.
Jul 22 02:39:16 mg-cluster-worker containerd[105]: time="2024-07-22T02:39:16.307774211Z" level=info msg="StartContainer for \"48274bd7049e5b6f8f89840c3634348944e703a9cf1bcc21126f558ffa7bfb45\" returns successfully"
Jul 22 02:39:16 mg-cluster-worker kubelet[215]: I0722 02:39:16.592597     215 pod_startup_latency_tracker.go:104] "Observed pod startup duration" pod="kube-system/kube-proxy-777ck" podStartSLOduration=2.592530878 podStartE2EDuration="2.592530878s" podCreationTimestamp="2024-07-22 02:39:14 +0000 UTC" firstStartedPulling="0001-01-01 00:00:00 +0000 UTC" lastFinishedPulling="0001-01-01 00:00:00 +0000 UTC" observedRunningTime="2024-07-22 02:39:16.592488086 +0000 UTC m=+2.113429377" watchObservedRunningTime="2024-07-22 02:39:16.592530878 +0000 UTC m=+2.113472169"
Jul 22 02:39:16 mg-cluster-worker systemd[1]: var-lib-containerd-tmpmounts-containerd\x2dmount3740890897.mount: Deactivated successfully.
Jul 22 02:39:16 mg-cluster-worker systemd[1]: var-lib-containerd-tmpmounts-containerd\x2dmount1871644745.mount: Deactivated successfully.
Jul 22 02:39:16 mg-cluster-worker containerd[105]: time="2024-07-22T02:39:16.766327795Z" level=info msg="CreateContainer within sandbox \"8f7cc214ea2c4e1c7dffe9d2132b5f48256d7d2cdc9e6f24f975d50cc4a34d4d\" for &ContainerMetadata{Name:kindnet-cni,Attempt:0,} returns container id \"7dc4406b36a6ed4084d0309a08d2d5289b86b37b099e0949ada9fd45594fab5f\""
Jul 22 02:39:16 mg-cluster-worker containerd[105]: time="2024-07-22T02:39:16.766827920Z" level=info msg="StartContainer for \"7dc4406b36a6ed4084d0309a08d2d5289b86b37b099e0949ada9fd45594fab5f\""
Jul 22 02:39:16 mg-cluster-worker systemd[1]: Started cri-containerd-7dc4406b36a6ed4084d0309a08d2d5289b86b37b099e0949ada9fd45594fab5f.scope - libcontainer container 7dc4406b36a6ed4084d0309a08d2d5289b86b37b099e0949ada9fd45594fab5f.
Jul 22 02:39:17 mg-cluster-worker containerd[105]: time="2024-07-22T02:39:17.044893003Z" level=info msg="StartContainer for \"7dc4406b36a6ed4084d0309a08d2d5289b86b37b099e0949ada9fd45594fab5f\" returns successfully"
Jul 22 02:39:17 mg-cluster-worker containerd[105]: time="2024-07-22T02:39:17.528089045Z" level=error msg="failed to reload cni configuration after receiving fs change event(WRITE         \"/etc/cni/net.d/10-kindnet.conflist.temp\")" error="cni config load failed: no network config found in /etc/cni/net.d: cni plugin not initialized: failed to load cni config"
Jul 22 02:39:17 mg-cluster-worker containerd[105]: time="2024-07-22T02:39:17.528153670Z" level=error msg="failed to reload cni configuration after receiving fs change event(WRITE         \"/etc/cni/net.d/10-kindnet.conflist.temp\")" error="cni config load failed: no network config found in /etc/cni/net.d: cni plugin not initialized: failed to load cni config"
Jul 22 02:39:17 mg-cluster-worker kubelet[215]: I0722 02:39:17.631246     215 kubelet_node_status.go:497] "Fast updating node status as it just became ready"
