Jul 22 02:38:42 mg-cluster-worker systemd[1]: kubelet.service - kubelet: The Kubernetes Node Agent was skipped because of an unmet condition check (ConditionPathExists=/var/lib/kubelet/config.yaml).
Jul 22 02:39:12 mg-cluster-worker systemd[1]: Starting kubelet.service - kubelet: The Kubernetes Node Agent...
Jul 22 02:39:12 mg-cluster-worker systemd[1]: Started kubelet.service - kubelet: The Kubernetes Node Agent.
Jul 22 02:39:13 mg-cluster-worker kubelet[176]: Flag --container-runtime-endpoint has been deprecated, This parameter should be set via the config file specified by the Kubelet's --config flag. See https://kubernetes.io/docs/tasks/administer-cluster/kubelet-config-file/ for more information.
Jul 22 02:39:13 mg-cluster-worker kubelet[176]: Flag --pod-infra-container-image has been deprecated, will be removed in a future release. Image garbage collector will get sandbox image information from CRI.
Jul 22 02:39:13 mg-cluster-worker kubelet[176]: I0722 02:39:13.039050     176 server.go:205] "--pod-infra-container-image will not be pruned by the image garbage collector in kubelet and should also be set in the remote runtime"
Jul 22 02:39:13 mg-cluster-worker kubelet[176]: I0722 02:39:13.325204     176 server.go:484] "Kubelet version" kubeletVersion="v1.30.0"
Jul 22 02:39:13 mg-cluster-worker kubelet[176]: I0722 02:39:13.325292     176 server.go:486] "Golang settings" GOGC="" GOMAXPROCS="" GOTRACEBACK=""
Jul 22 02:39:13 mg-cluster-worker kubelet[176]: I0722 02:39:13.325434     176 server.go:927] "Client rotation is on, will bootstrap in background"
Jul 22 02:39:13 mg-cluster-worker kubelet[176]: I0722 02:39:13.326804     176 dynamic_cafile_content.go:157] "Starting controller" name="client-ca-bundle::/etc/kubernetes/pki/ca.crt"
Jul 22 02:39:13 mg-cluster-worker kubelet[176]: I0722 02:39:13.347306     176 server.go:810] "NoSwap is set due to memorySwapBehavior not specified" memorySwapBehavior="" FailSwapOn=false
Jul 22 02:39:13 mg-cluster-worker kubelet[176]: I0722 02:39:13.347808     176 container_manager_linux.go:265] "Container manager verified user specified cgroup-root exists" cgroupRoot=["kubelet"]
Jul 22 02:39:13 mg-cluster-worker kubelet[176]: I0722 02:39:13.347852     176 container_manager_linux.go:270] "Creating Container Manager object based on Node Config" nodeConfig={"NodeName":"mg-cluster-worker","RuntimeCgroupsName":"/system.slice/containerd.service","SystemCgroupsName":"","KubeletCgroupsName":"","KubeletOOMScoreAdj":-999,"ContainerRuntime":"","CgroupsPerQOS":true,"CgroupRoot":"/kubelet","CgroupDriver":"systemd","KubeletRootDir":"/var/lib/kubelet","ProtectKernelDefaults":false,"KubeReservedCgroupName":"","SystemReservedCgroupName":"","ReservedSystemCPUs":{},"EnforceNodeAllocatable":{"pods":{}},"KubeReserved":null,"SystemReserved":null,"HardEvictionThresholds":[],"QOSReserved":{},"CPUManagerPolicy":"none","CPUManagerPolicyOptions":null,"TopologyManagerScope":"container","CPUManagerReconcilePeriod":10000000000,"ExperimentalMemoryManagerPolicy":"None","ExperimentalMemoryManagerReservedMemory":null,"PodPidsLimit":-1,"EnforceCPULimits":true,"CPUCFSQuotaPeriod":100000000,"TopologyManagerPolicy":"none","TopologyManagerPolicyOptions":null}
Jul 22 02:39:13 mg-cluster-worker kubelet[176]: I0722 02:39:13.347950     176 topology_manager.go:138] "Creating topology manager with none policy"
Jul 22 02:39:13 mg-cluster-worker kubelet[176]: I0722 02:39:13.347957     176 container_manager_linux.go:301] "Creating device plugin manager"
Jul 22 02:39:13 mg-cluster-worker kubelet[176]: I0722 02:39:13.348018     176 state_mem.go:36] "Initialized new in-memory state store"
Jul 22 02:39:13 mg-cluster-worker kubelet[176]: I0722 02:39:13.348114     176 kubelet.go:400] "Attempting to sync node with API server"
Jul 22 02:39:13 mg-cluster-worker kubelet[176]: I0722 02:39:13.348138     176 kubelet.go:301] "Adding static pod path" path="/etc/kubernetes/manifests"
Jul 22 02:39:13 mg-cluster-worker kubelet[176]: I0722 02:39:13.348151     176 kubelet.go:312] "Adding apiserver pod source"
Jul 22 02:39:13 mg-cluster-worker kubelet[176]: I0722 02:39:13.348157     176 apiserver.go:42] "Waiting for node sync before watching apiserver pods"
Jul 22 02:39:13 mg-cluster-worker kubelet[176]: I0722 02:39:13.349102     176 kuberuntime_manager.go:261] "Container runtime initialized" containerRuntime="containerd" version="v1.7.15" apiVersion="v1"
Jul 22 02:39:13 mg-cluster-worker kubelet[176]: I0722 02:39:13.349185     176 kubelet.go:815] "Not starting ClusterTrustBundle informer because we are in static kubelet mode"
Jul 22 02:39:13 mg-cluster-worker kubelet[176]: W0722 02:39:13.349217     176 probe.go:272] Flexvolume plugin directory at /usr/libexec/kubernetes/kubelet-plugins/volume/exec/ does not exist. Recreating.
Jul 22 02:39:13 mg-cluster-worker kubelet[176]: I0722 02:39:13.349894     176 server.go:1264] "Started kubelet"
Jul 22 02:39:13 mg-cluster-worker kubelet[176]: I0722 02:39:13.350258     176 ratelimit.go:55] "Setting rate limiting for endpoint" service="podresources" qps=100 burstTokens=10
Jul 22 02:39:13 mg-cluster-worker kubelet[176]: I0722 02:39:13.350427     176 server.go:227] "Starting to serve the podresources API" endpoint="unix:/var/lib/kubelet/pod-resources/kubelet.sock"
Jul 22 02:39:13 mg-cluster-worker kubelet[176]: I0722 02:39:13.350468     176 server.go:163] "Starting to listen" address="0.0.0.0" port=10250
Jul 22 02:39:13 mg-cluster-worker kubelet[176]: I0722 02:39:13.350774     176 fs_resource_analyzer.go:67] "Starting FS ResourceAnalyzer"
Jul 22 02:39:13 mg-cluster-worker kubelet[176]: I0722 02:39:13.351134     176 server.go:455] "Adding debug handlers to kubelet server"
Jul 22 02:39:13 mg-cluster-worker kubelet[176]: I0722 02:39:13.351864     176 volume_manager.go:291] "Starting Kubelet Volume Manager"
Jul 22 02:39:13 mg-cluster-worker kubelet[176]: I0722 02:39:13.352022     176 desired_state_of_world_populator.go:149] "Desired state populator starts to run"
Jul 22 02:39:13 mg-cluster-worker kubelet[176]: I0722 02:39:13.352173     176 reconciler.go:26] "Reconciler: start to sync state"
Jul 22 02:39:13 mg-cluster-worker kubelet[176]: I0722 02:39:13.353340     176 factory.go:221] Registration of the systemd container factory successfully
Jul 22 02:39:13 mg-cluster-worker kubelet[176]: I0722 02:39:13.353443     176 factory.go:219] Registration of the crio container factory failed: Get "http://%2Fvar%2Frun%2Fcrio%2Fcrio.sock/info": dial unix /var/run/crio/crio.sock: connect: no such file or directory
Jul 22 02:39:13 mg-cluster-worker kubelet[176]: I0722 02:39:13.354366     176 factory.go:221] Registration of the containerd container factory successfully
Jul 22 02:39:13 mg-cluster-worker kubelet[176]: I0722 02:39:13.358894     176 cpu_manager.go:214] "Starting CPU manager" policy="none"
Jul 22 02:39:13 mg-cluster-worker kubelet[176]: I0722 02:39:13.358916     176 cpu_manager.go:215] "Reconciling" reconcilePeriod="10s"
Jul 22 02:39:13 mg-cluster-worker kubelet[176]: I0722 02:39:13.358928     176 state_mem.go:36] "Initialized new in-memory state store"
Jul 22 02:39:13 mg-cluster-worker kubelet[176]: I0722 02:39:13.361724     176 policy_none.go:49] "None policy: Start"
Jul 22 02:39:13 mg-cluster-worker kubelet[176]: I0722 02:39:13.364819     176 memory_manager.go:170] "Starting memorymanager" policy="None"
Jul 22 02:39:13 mg-cluster-worker kubelet[176]: I0722 02:39:13.364842     176 state_mem.go:35] "Initializing new in-memory state store"
Jul 22 02:39:13 mg-cluster-worker kubelet[176]: I0722 02:39:13.369980     176 kubelet_network_linux.go:50] "Initialized iptables rules." protocol="IPv4"
Jul 22 02:39:13 mg-cluster-worker kubelet[176]: E0722 02:39:13.373050     176 event.go:359] "Server rejected event (will not retry!)" err="events is forbidden: User \"system:anonymous\" cannot create resource \"events\" in API group \"\" in the namespace \"default\"" event="&Event{ObjectMeta:{mg-cluster-worker.17e468968b10b838  default    0 0001-01-01 00:00:00 +0000 UTC <nil> <nil> map[] map[] [] [] []},InvolvedObject:ObjectReference{Kind:Node,Namespace:,Name:mg-cluster-worker,UID:mg-cluster-worker,APIVersion:,ResourceVersion:,FieldPath:,},Reason:Starting,Message:Starting kubelet.,Source:EventSource{Component:kubelet,Host:mg-cluster-worker,},FirstTimestamp:2024-07-22 02:39:13.34988396 +0000 UTC m=+0.376576626,LastTimestamp:2024-07-22 02:39:13.34988396 +0000 UTC m=+0.376576626,Count:1,Type:Normal,EventTime:0001-01-01 00:00:00 +0000 UTC,Series:nil,Action:,Related:nil,ReportingController:kubelet,ReportingInstance:mg-cluster-worker,}"
Jul 22 02:39:13 mg-cluster-worker kubelet[176]: E0722 02:39:13.373473     176 controller.go:145] "Failed to ensure lease exists, will retry" err="leases.coordination.k8s.io \"mg-cluster-worker\" is forbidden: User \"system:anonymous\" cannot get resource \"leases\" in API group \"coordination.k8s.io\" in the namespace \"kube-node-lease\"" interval="200ms"
Jul 22 02:39:13 mg-cluster-worker kubelet[176]: W0722 02:39:13.373495     176 reflector.go:547] k8s.io/client-go/informers/factory.go:160: failed to list *v1.Node: nodes "mg-cluster-worker" is forbidden: User "system:anonymous" cannot list resource "nodes" in API group "" at the cluster scope
Jul 22 02:39:13 mg-cluster-worker kubelet[176]: E0722 02:39:13.373510     176 reflector.go:150] k8s.io/client-go/informers/factory.go:160: Failed to watch *v1.Node: failed to list *v1.Node: nodes "mg-cluster-worker" is forbidden: User "system:anonymous" cannot list resource "nodes" in API group "" at the cluster scope
Jul 22 02:39:13 mg-cluster-worker kubelet[176]: W0722 02:39:13.373526     176 reflector.go:547] k8s.io/client-go/informers/factory.go:160: failed to list *v1.CSIDriver: csidrivers.storage.k8s.io is forbidden: User "system:anonymous" cannot list resource "csidrivers" in API group "storage.k8s.io" at the cluster scope
Jul 22 02:39:13 mg-cluster-worker kubelet[176]: E0722 02:39:13.373531     176 reflector.go:150] k8s.io/client-go/informers/factory.go:160: Failed to watch *v1.CSIDriver: failed to list *v1.CSIDriver: csidrivers.storage.k8s.io is forbidden: User "system:anonymous" cannot list resource "csidrivers" in API group "storage.k8s.io" at the cluster scope
Jul 22 02:39:13 mg-cluster-worker kubelet[176]: W0722 02:39:13.373602     176 reflector.go:547] k8s.io/client-go/informers/factory.go:160: failed to list *v1.Service: services is forbidden: User "system:anonymous" cannot list resource "services" in API group "" at the cluster scope
Jul 22 02:39:13 mg-cluster-worker kubelet[176]: E0722 02:39:13.373608     176 reflector.go:150] k8s.io/client-go/informers/factory.go:160: Failed to watch *v1.Service: failed to list *v1.Service: services is forbidden: User "system:anonymous" cannot list resource "services" in API group "" at the cluster scope
Jul 22 02:39:13 mg-cluster-worker kubelet[176]: E0722 02:39:13.375427     176 event.go:359] "Server rejected event (will not retry!)" err="events is forbidden: User \"system:anonymous\" cannot create resource \"events\" in API group \"\" in the namespace \"default\"" event="&Event{ObjectMeta:{mg-cluster-worker.17e468968b8c7095  default    0 0001-01-01 00:00:00 +0000 UTC <nil> <nil> map[] map[] [] [] []},InvolvedObject:ObjectReference{Kind:Node,Namespace:,Name:mg-cluster-worker,UID:mg-cluster-worker,APIVersion:,ResourceVersion:,FieldPath:,},Reason:NodeHasSufficientMemory,Message:Node mg-cluster-worker status is now: NodeHasSufficientMemory,Source:EventSource{Component:kubelet,Host:mg-cluster-worker,},FirstTimestamp:2024-07-22 02:39:13.357992085 +0000 UTC m=+0.384684793,LastTimestamp:2024-07-22 02:39:13.357992085 +0000 UTC m=+0.384684793,Count:1,Type:Normal,EventTime:0001-01-01 00:00:00 +0000 UTC,Series:nil,Action:,Related:nil,ReportingController:kubelet,ReportingInstance:mg-cluster-worker,}"
Jul 22 02:39:13 mg-cluster-worker kubelet[176]: I0722 02:39:13.375492     176 kubelet_network_linux.go:50] "Initialized iptables rules." protocol="IPv6"
Jul 22 02:39:13 mg-cluster-worker kubelet[176]: I0722 02:39:13.375873     176 status_manager.go:217] "Starting to sync pod status with apiserver"
Jul 22 02:39:13 mg-cluster-worker kubelet[176]: I0722 02:39:13.375886     176 kubelet.go:2337] "Starting kubelet main sync loop"
Jul 22 02:39:13 mg-cluster-worker kubelet[176]: E0722 02:39:13.375912     176 kubelet.go:2361] "Skipping pod synchronization" err="[container runtime status check may not have completed yet, PLEG is not healthy: pleg has yet to be successful]"
Jul 22 02:39:13 mg-cluster-worker kubelet[176]: E0722 02:39:13.390092     176 kubelet.go:1547] "Failed to start ContainerManager" err="failed to initialize top level QOS containers: root container [kubelet kubepods] doesn't exist"
Jul 22 02:39:13 mg-cluster-worker systemd[1]: kubelet.service: Main process exited, code=exited, status=1/FAILURE
Jul 22 02:39:13 mg-cluster-worker systemd[1]: kubelet.service: Failed with result 'exit-code'.
Jul 22 02:39:14 mg-cluster-worker systemd[1]: kubelet.service: Scheduled restart job, restart counter is at 1.
Jul 22 02:39:14 mg-cluster-worker systemd[1]: Stopped kubelet.service - kubelet: The Kubernetes Node Agent.
Jul 22 02:39:14 mg-cluster-worker systemd[1]: Starting kubelet.service - kubelet: The Kubernetes Node Agent...
Jul 22 02:39:14 mg-cluster-worker systemd[1]: Started kubelet.service - kubelet: The Kubernetes Node Agent.
Jul 22 02:39:14 mg-cluster-worker kubelet[215]: Flag --container-runtime-endpoint has been deprecated, This parameter should be set via the config file specified by the Kubelet's --config flag. See https://kubernetes.io/docs/tasks/administer-cluster/kubelet-config-file/ for more information.
Jul 22 02:39:14 mg-cluster-worker kubelet[215]: Flag --pod-infra-container-image has been deprecated, will be removed in a future release. Image garbage collector will get sandbox image information from CRI.
Jul 22 02:39:14 mg-cluster-worker kubelet[215]: I0722 02:39:14.517444     215 server.go:205] "--pod-infra-container-image will not be pruned by the image garbage collector in kubelet and should also be set in the remote runtime"
Jul 22 02:39:14 mg-cluster-worker kubelet[215]: I0722 02:39:14.525422     215 server.go:484] "Kubelet version" kubeletVersion="v1.30.0"
Jul 22 02:39:14 mg-cluster-worker kubelet[215]: I0722 02:39:14.525446     215 server.go:486] "Golang settings" GOGC="" GOMAXPROCS="" GOTRACEBACK=""
Jul 22 02:39:14 mg-cluster-worker kubelet[215]: I0722 02:39:14.525969     215 server.go:927] "Client rotation is on, will bootstrap in background"
Jul 22 02:39:14 mg-cluster-worker kubelet[215]: I0722 02:39:14.526933     215 certificate_store.go:130] Loading cert/key pair from "/var/lib/kubelet/pki/kubelet-client-current.pem".
Jul 22 02:39:14 mg-cluster-worker kubelet[215]: I0722 02:39:14.528144     215 dynamic_cafile_content.go:157] "Starting controller" name="client-ca-bundle::/etc/kubernetes/pki/ca.crt"
Jul 22 02:39:14 mg-cluster-worker kubelet[215]: I0722 02:39:14.536951     215 server.go:810] "NoSwap is set due to memorySwapBehavior not specified" memorySwapBehavior="" FailSwapOn=false
Jul 22 02:39:14 mg-cluster-worker kubelet[215]: I0722 02:39:14.537126     215 container_manager_linux.go:265] "Container manager verified user specified cgroup-root exists" cgroupRoot=["kubelet"]
Jul 22 02:39:14 mg-cluster-worker kubelet[215]: I0722 02:39:14.537175     215 container_manager_linux.go:270] "Creating Container Manager object based on Node Config" nodeConfig={"NodeName":"mg-cluster-worker","RuntimeCgroupsName":"/system.slice/containerd.service","SystemCgroupsName":"","KubeletCgroupsName":"","KubeletOOMScoreAdj":-999,"ContainerRuntime":"","CgroupsPerQOS":true,"CgroupRoot":"/kubelet","CgroupDriver":"systemd","KubeletRootDir":"/var/lib/kubelet","ProtectKernelDefaults":false,"KubeReservedCgroupName":"","SystemReservedCgroupName":"","ReservedSystemCPUs":{},"EnforceNodeAllocatable":{"pods":{}},"KubeReserved":null,"SystemReserved":null,"HardEvictionThresholds":[],"QOSReserved":{},"CPUManagerPolicy":"none","CPUManagerPolicyOptions":null,"TopologyManagerScope":"container","CPUManagerReconcilePeriod":10000000000,"ExperimentalMemoryManagerPolicy":"None","ExperimentalMemoryManagerReservedMemory":null,"PodPidsLimit":-1,"EnforceCPULimits":true,"CPUCFSQuotaPeriod":100000000,"TopologyManagerPolicy":"none","TopologyManagerPolicyOptions":null}
Jul 22 02:39:14 mg-cluster-worker kubelet[215]: I0722 02:39:14.537311     215 topology_manager.go:138] "Creating topology manager with none policy"
Jul 22 02:39:14 mg-cluster-worker kubelet[215]: I0722 02:39:14.537338     215 container_manager_linux.go:301] "Creating device plugin manager"
Jul 22 02:39:14 mg-cluster-worker kubelet[215]: I0722 02:39:14.537376     215 state_mem.go:36] "Initialized new in-memory state store"
Jul 22 02:39:14 mg-cluster-worker kubelet[215]: I0722 02:39:14.537453     215 kubelet.go:400] "Attempting to sync node with API server"
Jul 22 02:39:14 mg-cluster-worker kubelet[215]: I0722 02:39:14.537487     215 kubelet.go:301] "Adding static pod path" path="/etc/kubernetes/manifests"
Jul 22 02:39:14 mg-cluster-worker kubelet[215]: I0722 02:39:14.537527     215 kubelet.go:312] "Adding apiserver pod source"
Jul 22 02:39:14 mg-cluster-worker kubelet[215]: I0722 02:39:14.537619     215 apiserver.go:42] "Waiting for node sync before watching apiserver pods"
Jul 22 02:39:14 mg-cluster-worker kubelet[215]: I0722 02:39:14.539493     215 kuberuntime_manager.go:261] "Container runtime initialized" containerRuntime="containerd" version="v1.7.15" apiVersion="v1"
Jul 22 02:39:14 mg-cluster-worker kubelet[215]: I0722 02:39:14.539622     215 kubelet.go:815] "Not starting ClusterTrustBundle informer because we are in static kubelet mode"
Jul 22 02:39:14 mg-cluster-worker kubelet[215]: I0722 02:39:14.539941     215 server.go:1264] "Started kubelet"
Jul 22 02:39:14 mg-cluster-worker kubelet[215]: I0722 02:39:14.540170     215 server.go:163] "Starting to listen" address="0.0.0.0" port=10250
Jul 22 02:39:14 mg-cluster-worker kubelet[215]: I0722 02:39:14.540215     215 ratelimit.go:55] "Setting rate limiting for endpoint" service="podresources" qps=100 burstTokens=10
Jul 22 02:39:14 mg-cluster-worker kubelet[215]: I0722 02:39:14.540362     215 server.go:227] "Starting to serve the podresources API" endpoint="unix:/var/lib/kubelet/pod-resources/kubelet.sock"
Jul 22 02:39:14 mg-cluster-worker kubelet[215]: I0722 02:39:14.549789     215 fs_resource_analyzer.go:67] "Starting FS ResourceAnalyzer"
Jul 22 02:39:14 mg-cluster-worker kubelet[215]: I0722 02:39:14.552176     215 desired_state_of_world_populator.go:149] "Desired state populator starts to run"
Jul 22 02:39:14 mg-cluster-worker kubelet[215]: I0722 02:39:14.550047     215 server.go:455] "Adding debug handlers to kubelet server"
Jul 22 02:39:14 mg-cluster-worker kubelet[215]: I0722 02:39:14.552465     215 volume_manager.go:291] "Starting Kubelet Volume Manager"
Jul 22 02:39:14 mg-cluster-worker kubelet[215]: I0722 02:39:14.552800     215 reconciler.go:26] "Reconciler: start to sync state"
Jul 22 02:39:14 mg-cluster-worker kubelet[215]: E0722 02:39:14.553172     215 kubelet_node_status.go:462] "Error getting the current node from lister" err="node \"mg-cluster-worker\" not found"
Jul 22 02:39:14 mg-cluster-worker kubelet[215]: I0722 02:39:14.558978     215 factory.go:221] Registration of the systemd container factory successfully
Jul 22 02:39:14 mg-cluster-worker kubelet[215]: I0722 02:39:14.559090     215 factory.go:219] Registration of the crio container factory failed: Get "http://%2Fvar%2Frun%2Fcrio%2Fcrio.sock/info": dial unix /var/run/crio/crio.sock: connect: no such file or directory
Jul 22 02:39:14 mg-cluster-worker kubelet[215]: I0722 02:39:14.560864     215 factory.go:221] Registration of the containerd container factory successfully
Jul 22 02:39:14 mg-cluster-worker kubelet[215]: E0722 02:39:14.563461     215 nodelease.go:49] "Failed to get node when trying to set owner ref to the node lease" err="nodes \"mg-cluster-worker\" not found" node="mg-cluster-worker"
Jul 22 02:39:14 mg-cluster-worker kubelet[215]: I0722 02:39:14.570195     215 kubelet_network_linux.go:50] "Initialized iptables rules." protocol="IPv4"
Jul 22 02:39:14 mg-cluster-worker kubelet[215]: I0722 02:39:14.570780     215 cpu_manager.go:214] "Starting CPU manager" policy="none"
Jul 22 02:39:14 mg-cluster-worker kubelet[215]: I0722 02:39:14.570896     215 cpu_manager.go:215] "Reconciling" reconcilePeriod="10s"
Jul 22 02:39:14 mg-cluster-worker kubelet[215]: I0722 02:39:14.570938     215 state_mem.go:36] "Initialized new in-memory state store"
Jul 22 02:39:14 mg-cluster-worker kubelet[215]: I0722 02:39:14.571075     215 state_mem.go:88] "Updated default CPUSet" cpuSet=""
Jul 22 02:39:14 mg-cluster-worker kubelet[215]: I0722 02:39:14.571108     215 state_mem.go:96] "Updated CPUSet assignments" assignments={}
Jul 22 02:39:14 mg-cluster-worker kubelet[215]: I0722 02:39:14.571144     215 policy_none.go:49] "None policy: Start"
Jul 22 02:39:14 mg-cluster-worker kubelet[215]: I0722 02:39:14.571333     215 kubelet_network_linux.go:50] "Initialized iptables rules." protocol="IPv6"
Jul 22 02:39:14 mg-cluster-worker kubelet[215]: I0722 02:39:14.571353     215 status_manager.go:217] "Starting to sync pod status with apiserver"
Jul 22 02:39:14 mg-cluster-worker kubelet[215]: I0722 02:39:14.571366     215 kubelet.go:2337] "Starting kubelet main sync loop"
Jul 22 02:39:14 mg-cluster-worker kubelet[215]: E0722 02:39:14.571385     215 kubelet.go:2361] "Skipping pod synchronization" err="[container runtime status check may not have completed yet, PLEG is not healthy: pleg has yet to be successful]"
Jul 22 02:39:14 mg-cluster-worker kubelet[215]: I0722 02:39:14.571876     215 memory_manager.go:170] "Starting memorymanager" policy="None"
Jul 22 02:39:14 mg-cluster-worker kubelet[215]: I0722 02:39:14.571943     215 state_mem.go:35] "Initializing new in-memory state store"
Jul 22 02:39:14 mg-cluster-worker kubelet[215]: I0722 02:39:14.572064     215 state_mem.go:75] "Updated machine memory state"
Jul 22 02:39:14 mg-cluster-worker kubelet[215]: I0722 02:39:14.595048     215 manager.go:479] "Failed to read data from checkpoint" checkpoint="kubelet_internal_checkpoint" err="checkpoint is not found"
Jul 22 02:39:14 mg-cluster-worker kubelet[215]: I0722 02:39:14.595126     215 container_log_manager.go:186] "Initializing container log rotate workers" workers=1 monitorPeriod="10s"
Jul 22 02:39:14 mg-cluster-worker kubelet[215]: I0722 02:39:14.595190     215 plugin_manager.go:118] "Starting Kubelet Plugin Manager"
Jul 22 02:39:14 mg-cluster-worker kubelet[215]: E0722 02:39:14.596110     215 eviction_manager.go:282] "Eviction manager: failed to get summary stats" err="failed to get node info: node \"mg-cluster-worker\" not found"
Jul 22 02:39:14 mg-cluster-worker kubelet[215]: I0722 02:39:14.654313     215 kubelet_node_status.go:73] "Attempting to register node" node="mg-cluster-worker"
Jul 22 02:39:14 mg-cluster-worker kubelet[215]: I0722 02:39:14.660000     215 kubelet_node_status.go:76] "Successfully registered node" node="mg-cluster-worker"
Jul 22 02:39:14 mg-cluster-worker kubelet[215]: I0722 02:39:14.671730     215 kuberuntime_manager.go:1523] "Updating runtime config through cri with podcidr" CIDR="10.244.3.0/24"
Jul 22 02:39:14 mg-cluster-worker kubelet[215]: I0722 02:39:14.672365     215 kubelet_network.go:61] "Updating Pod CIDR" originalPodCIDR="" newPodCIDR="10.244.3.0/24"
Jul 22 02:39:15 mg-cluster-worker kubelet[215]: I0722 02:39:15.540009     215 apiserver.go:52] "Watching apiserver"
Jul 22 02:39:15 mg-cluster-worker kubelet[215]: I0722 02:39:15.541926     215 topology_manager.go:215] "Topology Admit Handler" podUID="71883eca-9842-4eb0-955b-a259d9d6caee" podNamespace="kube-system" podName="kube-proxy-777ck"
Jul 22 02:39:15 mg-cluster-worker kubelet[215]: I0722 02:39:15.542076     215 topology_manager.go:215] "Topology Admit Handler" podUID="c99f1cdc-fd2a-4b5d-becf-51143c90010a" podNamespace="kube-system" podName="kindnet-6twlv"
Jul 22 02:39:15 mg-cluster-worker kubelet[215]: I0722 02:39:15.553505     215 desired_state_of_world_populator.go:157] "Finished populating initial desired state of world"
Jul 22 02:39:15 mg-cluster-worker kubelet[215]: I0722 02:39:15.558232     215 reconciler_common.go:247] "operationExecutor.VerifyControllerAttachedVolume started for volume \"lib-modules\" (UniqueName: \"kubernetes.io/host-path/c99f1cdc-fd2a-4b5d-becf-51143c90010a-lib-modules\") pod \"kindnet-6twlv\" (UID: \"c99f1cdc-fd2a-4b5d-becf-51143c90010a\") " pod="kube-system/kindnet-6twlv"
Jul 22 02:39:15 mg-cluster-worker kubelet[215]: I0722 02:39:15.558272     215 reconciler_common.go:247] "operationExecutor.VerifyControllerAttachedVolume started for volume \"kube-api-access-p5kjh\" (UniqueName: \"kubernetes.io/projected/c99f1cdc-fd2a-4b5d-becf-51143c90010a-kube-api-access-p5kjh\") pod \"kindnet-6twlv\" (UID: \"c99f1cdc-fd2a-4b5d-becf-51143c90010a\") " pod="kube-system/kindnet-6twlv"
Jul 22 02:39:15 mg-cluster-worker kubelet[215]: I0722 02:39:15.558283     215 reconciler_common.go:247] "operationExecutor.VerifyControllerAttachedVolume started for volume \"kube-proxy\" (UniqueName: \"kubernetes.io/configmap/71883eca-9842-4eb0-955b-a259d9d6caee-kube-proxy\") pod \"kube-proxy-777ck\" (UID: \"71883eca-9842-4eb0-955b-a259d9d6caee\") " pod="kube-system/kube-proxy-777ck"
Jul 22 02:39:15 mg-cluster-worker kubelet[215]: I0722 02:39:15.558294     215 reconciler_common.go:247] "operationExecutor.VerifyControllerAttachedVolume started for volume \"xtables-lock\" (UniqueName: \"kubernetes.io/host-path/71883eca-9842-4eb0-955b-a259d9d6caee-xtables-lock\") pod \"kube-proxy-777ck\" (UID: \"71883eca-9842-4eb0-955b-a259d9d6caee\") " pod="kube-system/kube-proxy-777ck"
Jul 22 02:39:15 mg-cluster-worker kubelet[215]: I0722 02:39:15.558306     215 reconciler_common.go:247] "operationExecutor.VerifyControllerAttachedVolume started for volume \"lib-modules\" (UniqueName: \"kubernetes.io/host-path/71883eca-9842-4eb0-955b-a259d9d6caee-lib-modules\") pod \"kube-proxy-777ck\" (UID: \"71883eca-9842-4eb0-955b-a259d9d6caee\") " pod="kube-system/kube-proxy-777ck"
Jul 22 02:39:15 mg-cluster-worker kubelet[215]: I0722 02:39:15.558317     215 reconciler_common.go:247] "operationExecutor.VerifyControllerAttachedVolume started for volume \"kube-api-access-t6k77\" (UniqueName: \"kubernetes.io/projected/71883eca-9842-4eb0-955b-a259d9d6caee-kube-api-access-t6k77\") pod \"kube-proxy-777ck\" (UID: \"71883eca-9842-4eb0-955b-a259d9d6caee\") " pod="kube-system/kube-proxy-777ck"
Jul 22 02:39:15 mg-cluster-worker kubelet[215]: I0722 02:39:15.558329     215 reconciler_common.go:247] "operationExecutor.VerifyControllerAttachedVolume started for volume \"cni-cfg\" (UniqueName: \"kubernetes.io/host-path/c99f1cdc-fd2a-4b5d-becf-51143c90010a-cni-cfg\") pod \"kindnet-6twlv\" (UID: \"c99f1cdc-fd2a-4b5d-becf-51143c90010a\") " pod="kube-system/kindnet-6twlv"
Jul 22 02:39:15 mg-cluster-worker kubelet[215]: I0722 02:39:15.558341     215 reconciler_common.go:247] "operationExecutor.VerifyControllerAttachedVolume started for volume \"xtables-lock\" (UniqueName: \"kubernetes.io/host-path/c99f1cdc-fd2a-4b5d-becf-51143c90010a-xtables-lock\") pod \"kindnet-6twlv\" (UID: \"c99f1cdc-fd2a-4b5d-becf-51143c90010a\") " pod="kube-system/kindnet-6twlv"
Jul 22 02:39:16 mg-cluster-worker kubelet[215]: I0722 02:39:16.592597     215 pod_startup_latency_tracker.go:104] "Observed pod startup duration" pod="kube-system/kube-proxy-777ck" podStartSLOduration=2.592530878 podStartE2EDuration="2.592530878s" podCreationTimestamp="2024-07-22 02:39:14 +0000 UTC" firstStartedPulling="0001-01-01 00:00:00 +0000 UTC" lastFinishedPulling="0001-01-01 00:00:00 +0000 UTC" observedRunningTime="2024-07-22 02:39:16.592488086 +0000 UTC m=+2.113429377" watchObservedRunningTime="2024-07-22 02:39:16.592530878 +0000 UTC m=+2.113472169"
Jul 22 02:39:17 mg-cluster-worker kubelet[215]: I0722 02:39:17.631246     215 kubelet_node_status.go:497] "Fast updating node status as it just became ready"
