Jul 22 02:38:42 mg-cluster-worker3 systemd[1]: Starting containerd.service - containerd container runtime...
Jul 22 02:38:42 mg-cluster-worker3 containerd[105]: time="2024-07-22T02:38:42.435603918Z" level=info msg="starting containerd" revision=926c9586fe4a6236699318391cd44976a98e31f1 version=v1.7.15
Jul 22 02:38:42 mg-cluster-worker3 containerd[105]: time="2024-07-22T02:38:42.447244793Z" level=info msg="loading plugin \"io.containerd.event.v1.exchange\"..." type=io.containerd.event.v1
Jul 22 02:38:42 mg-cluster-worker3 containerd[105]: time="2024-07-22T02:38:42.447281168Z" level=info msg="loading plugin \"io.containerd.internal.v1.opt\"..." type=io.containerd.internal.v1
Jul 22 02:38:42 mg-cluster-worker3 containerd[105]: time="2024-07-22T02:38:42.447329001Z" level=info msg="loading plugin \"io.containerd.warning.v1.deprecations\"..." type=io.containerd.warning.v1
Jul 22 02:38:42 mg-cluster-worker3 containerd[105]: time="2024-07-22T02:38:42.447337293Z" level=info msg="loading plugin \"io.containerd.snapshotter.v1.blockfile\"..." type=io.containerd.snapshotter.v1
Jul 22 02:38:42 mg-cluster-worker3 containerd[105]: time="2024-07-22T02:38:42.447353918Z" level=info msg="skip loading plugin \"io.containerd.snapshotter.v1.blockfile\"..." error="no scratch file generator: skip plugin" type=io.containerd.snapshotter.v1
Jul 22 02:38:42 mg-cluster-worker3 containerd[105]: time="2024-07-22T02:38:42.447359834Z" level=info msg="loading plugin \"io.containerd.snapshotter.v1.native\"..." type=io.containerd.snapshotter.v1
Jul 22 02:38:42 mg-cluster-worker3 containerd[105]: time="2024-07-22T02:38:42.447371168Z" level=info msg="loading plugin \"io.containerd.snapshotter.v1.overlayfs\"..." type=io.containerd.snapshotter.v1
Jul 22 02:38:42 mg-cluster-worker3 containerd[105]: time="2024-07-22T02:38:42.447442751Z" level=info msg="loading plugin \"io.containerd.content.v1.content\"..." type=io.containerd.content.v1
Jul 22 02:38:42 mg-cluster-worker3 containerd[105]: time="2024-07-22T02:38:42.447468334Z" level=info msg="loading plugin \"io.containerd.snapshotter.v1.fuse-overlayfs\"..." type=io.containerd.snapshotter.v1
Jul 22 02:38:42 mg-cluster-worker3 containerd[105]: time="2024-07-22T02:38:42.447722043Z" level=info msg="loading plugin \"io.containerd.metadata.v1.bolt\"..." type=io.containerd.metadata.v1
Jul 22 02:38:42 mg-cluster-worker3 containerd[105]: time="2024-07-22T02:38:42.447778959Z" level=info msg="metadata content store policy set" policy=shared
Jul 22 02:38:42 mg-cluster-worker3 containerd[105]: time="2024-07-22T02:38:42.447980918Z" level=info msg="loading plugin \"io.containerd.gc.v1.scheduler\"..." type=io.containerd.gc.v1
Jul 22 02:38:42 mg-cluster-worker3 containerd[105]: time="2024-07-22T02:38:42.448018293Z" level=info msg="loading plugin \"io.containerd.differ.v1.walking\"..." type=io.containerd.differ.v1
Jul 22 02:38:42 mg-cluster-worker3 containerd[105]: time="2024-07-22T02:38:42.448026334Z" level=info msg="loading plugin \"io.containerd.lease.v1.manager\"..." type=io.containerd.lease.v1
Jul 22 02:38:42 mg-cluster-worker3 containerd[105]: time="2024-07-22T02:38:42.448033959Z" level=info msg="loading plugin \"io.containerd.streaming.v1.manager\"..." type=io.containerd.streaming.v1
Jul 22 02:38:42 mg-cluster-worker3 containerd[105]: time="2024-07-22T02:38:42.448040876Z" level=info msg="loading plugin \"io.containerd.runtime.v1.linux\"..." type=io.containerd.runtime.v1
Jul 22 02:38:42 mg-cluster-worker3 containerd[105]: time="2024-07-22T02:38:42.448069334Z" level=info msg="loading plugin \"io.containerd.monitor.v1.cgroups\"..." type=io.containerd.monitor.v1
Jul 22 02:38:42 mg-cluster-worker3 containerd[105]: time="2024-07-22T02:38:42.448179126Z" level=info msg="loading plugin \"io.containerd.runtime.v2.task\"..." type=io.containerd.runtime.v2
Jul 22 02:38:42 mg-cluster-worker3 containerd[105]: time="2024-07-22T02:38:42.448212793Z" level=info msg="loading plugin \"io.containerd.runtime.v2.shim\"..." type=io.containerd.runtime.v2
Jul 22 02:38:42 mg-cluster-worker3 containerd[105]: time="2024-07-22T02:38:42.448220084Z" level=info msg="loading plugin \"io.containerd.sandbox.store.v1.local\"..." type=io.containerd.sandbox.store.v1
Jul 22 02:38:42 mg-cluster-worker3 containerd[105]: time="2024-07-22T02:38:42.448229668Z" level=info msg="loading plugin \"io.containerd.sandbox.controller.v1.local\"..." type=io.containerd.sandbox.controller.v1
Jul 22 02:38:42 mg-cluster-worker3 containerd[105]: time="2024-07-22T02:38:42.448236918Z" level=info msg="loading plugin \"io.containerd.service.v1.containers-service\"..." type=io.containerd.service.v1
Jul 22 02:38:42 mg-cluster-worker3 containerd[105]: time="2024-07-22T02:38:42.448243209Z" level=info msg="loading plugin \"io.containerd.service.v1.content-service\"..." type=io.containerd.service.v1
Jul 22 02:38:42 mg-cluster-worker3 containerd[105]: time="2024-07-22T02:38:42.448249668Z" level=info msg="loading plugin \"io.containerd.service.v1.diff-service\"..." type=io.containerd.service.v1
Jul 22 02:38:42 mg-cluster-worker3 containerd[105]: time="2024-07-22T02:38:42.448256084Z" level=info msg="loading plugin \"io.containerd.service.v1.images-service\"..." type=io.containerd.service.v1
Jul 22 02:38:42 mg-cluster-worker3 containerd[105]: time="2024-07-22T02:38:42.448263334Z" level=info msg="loading plugin \"io.containerd.service.v1.introspection-service\"..." type=io.containerd.service.v1
Jul 22 02:38:42 mg-cluster-worker3 containerd[105]: time="2024-07-22T02:38:42.448270918Z" level=info msg="loading plugin \"io.containerd.service.v1.namespaces-service\"..." type=io.containerd.service.v1
Jul 22 02:38:42 mg-cluster-worker3 containerd[105]: time="2024-07-22T02:38:42.448278501Z" level=info msg="loading plugin \"io.containerd.service.v1.snapshots-service\"..." type=io.containerd.service.v1
Jul 22 02:38:42 mg-cluster-worker3 containerd[105]: time="2024-07-22T02:38:42.448283876Z" level=info msg="loading plugin \"io.containerd.service.v1.tasks-service\"..." type=io.containerd.service.v1
Jul 22 02:38:42 mg-cluster-worker3 containerd[105]: time="2024-07-22T02:38:42.448294709Z" level=info msg="loading plugin \"io.containerd.grpc.v1.containers\"..." type=io.containerd.grpc.v1
Jul 22 02:38:42 mg-cluster-worker3 containerd[105]: time="2024-07-22T02:38:42.448301626Z" level=info msg="loading plugin \"io.containerd.grpc.v1.content\"..." type=io.containerd.grpc.v1
Jul 22 02:38:42 mg-cluster-worker3 containerd[105]: time="2024-07-22T02:38:42.448307918Z" level=info msg="loading plugin \"io.containerd.grpc.v1.diff\"..." type=io.containerd.grpc.v1
Jul 22 02:38:42 mg-cluster-worker3 containerd[105]: time="2024-07-22T02:38:42.448314543Z" level=info msg="loading plugin \"io.containerd.grpc.v1.events\"..." type=io.containerd.grpc.v1
Jul 22 02:38:42 mg-cluster-worker3 containerd[105]: time="2024-07-22T02:38:42.448320751Z" level=info msg="loading plugin \"io.containerd.grpc.v1.images\"..." type=io.containerd.grpc.v1
Jul 22 02:38:42 mg-cluster-worker3 containerd[105]: time="2024-07-22T02:38:42.448326751Z" level=info msg="loading plugin \"io.containerd.grpc.v1.introspection\"..." type=io.containerd.grpc.v1
Jul 22 02:38:42 mg-cluster-worker3 containerd[105]: time="2024-07-22T02:38:42.448333543Z" level=info msg="loading plugin \"io.containerd.grpc.v1.leases\"..." type=io.containerd.grpc.v1
Jul 22 02:38:42 mg-cluster-worker3 containerd[105]: time="2024-07-22T02:38:42.448476584Z" level=info msg="loading plugin \"io.containerd.grpc.v1.namespaces\"..." type=io.containerd.grpc.v1
Jul 22 02:38:42 mg-cluster-worker3 containerd[105]: time="2024-07-22T02:38:42.449078418Z" level=info msg="loading plugin \"io.containerd.grpc.v1.sandbox-controllers\"..." type=io.containerd.grpc.v1
Jul 22 02:38:42 mg-cluster-worker3 containerd[105]: time="2024-07-22T02:38:42.449115376Z" level=info msg="loading plugin \"io.containerd.grpc.v1.sandboxes\"..." type=io.containerd.grpc.v1
Jul 22 02:38:42 mg-cluster-worker3 containerd[105]: time="2024-07-22T02:38:42.449126001Z" level=info msg="loading plugin \"io.containerd.grpc.v1.snapshots\"..." type=io.containerd.grpc.v1
Jul 22 02:38:42 mg-cluster-worker3 containerd[105]: time="2024-07-22T02:38:42.449134959Z" level=info msg="loading plugin \"io.containerd.grpc.v1.streaming\"..." type=io.containerd.grpc.v1
Jul 22 02:38:42 mg-cluster-worker3 containerd[105]: time="2024-07-22T02:38:42.449143334Z" level=info msg="loading plugin \"io.containerd.grpc.v1.tasks\"..." type=io.containerd.grpc.v1
Jul 22 02:38:42 mg-cluster-worker3 containerd[105]: time="2024-07-22T02:38:42.449157834Z" level=info msg="loading plugin \"io.containerd.transfer.v1.local\"..." type=io.containerd.transfer.v1
Jul 22 02:38:42 mg-cluster-worker3 containerd[105]: time="2024-07-22T02:38:42.449174959Z" level=info msg="loading plugin \"io.containerd.grpc.v1.transfer\"..." type=io.containerd.grpc.v1
Jul 22 02:38:42 mg-cluster-worker3 containerd[105]: time="2024-07-22T02:38:42.449182793Z" level=info msg="loading plugin \"io.containerd.grpc.v1.version\"..." type=io.containerd.grpc.v1
Jul 22 02:38:42 mg-cluster-worker3 containerd[105]: time="2024-07-22T02:38:42.449229459Z" level=info msg="loading plugin \"io.containerd.internal.v1.restart\"..." type=io.containerd.internal.v1
Jul 22 02:38:42 mg-cluster-worker3 containerd[105]: time="2024-07-22T02:38:42.449260584Z" level=info msg="loading plugin \"io.containerd.tracing.processor.v1.otlp\"..." type=io.containerd.tracing.processor.v1
Jul 22 02:38:42 mg-cluster-worker3 containerd[105]: time="2024-07-22T02:38:42.449271584Z" level=info msg="skip loading plugin \"io.containerd.tracing.processor.v1.otlp\"..." error="no OpenTelemetry endpoint: skip plugin" type=io.containerd.tracing.processor.v1
Jul 22 02:38:42 mg-cluster-worker3 containerd[105]: time="2024-07-22T02:38:42.449280584Z" level=info msg="loading plugin \"io.containerd.internal.v1.tracing\"..." type=io.containerd.internal.v1
Jul 22 02:38:42 mg-cluster-worker3 containerd[105]: time="2024-07-22T02:38:42.449288126Z" level=info msg="skipping tracing processor initialization (no tracing plugin)" error="no OpenTelemetry endpoint: skip plugin"
Jul 22 02:38:42 mg-cluster-worker3 containerd[105]: time="2024-07-22T02:38:42.449350918Z" level=info msg="loading plugin \"io.containerd.grpc.v1.healthcheck\"..." type=io.containerd.grpc.v1
Jul 22 02:38:42 mg-cluster-worker3 containerd[105]: time="2024-07-22T02:38:42.449385751Z" level=info msg="loading plugin \"io.containerd.nri.v1.nri\"..." type=io.containerd.nri.v1
Jul 22 02:38:42 mg-cluster-worker3 containerd[105]: time="2024-07-22T02:38:42.449391668Z" level=info msg="NRI interface is disabled by configuration."
Jul 22 02:38:42 mg-cluster-worker3 containerd[105]: time="2024-07-22T02:38:42.449400751Z" level=info msg="loading plugin \"io.containerd.grpc.v1.cri\"..." type=io.containerd.grpc.v1
Jul 22 02:38:42 mg-cluster-worker3 containerd[105]: time="2024-07-22T02:38:42.449874418Z" level=info msg="Start cri plugin with config {PluginConfig:{ContainerdConfig:{Snapshotter:overlayfs DefaultRuntimeName:runc DefaultRuntime:{Type: Path: Engine: PodAnnotations:[] ContainerAnnotations:[] Root: Options:map[] PrivilegedWithoutHostDevices:false PrivilegedWithoutHostDevicesAllDevicesAllowed:false BaseRuntimeSpec: NetworkPluginConfDir: NetworkPluginMaxConfNum:0 Snapshotter: SandboxMode:} UntrustedWorkloadRuntime:{Type: Path: Engine: PodAnnotations:[] ContainerAnnotations:[] Root: Options:map[] PrivilegedWithoutHostDevices:false PrivilegedWithoutHostDevicesAllDevicesAllowed:false BaseRuntimeSpec: NetworkPluginConfDir: NetworkPluginMaxConfNum:0 Snapshotter: SandboxMode:} Runtimes:map[runc:{Type:io.containerd.runc.v2 Path: Engine: PodAnnotations:[] ContainerAnnotations:[] Root: Options:map[SystemdCgroup:true] PrivilegedWithoutHostDevices:false PrivilegedWithoutHostDevicesAllDevicesAllowed:false BaseRuntimeSpec:/etc/containerd/cri-base.json NetworkPluginConfDir: NetworkPluginMaxConfNum:0 Snapshotter: SandboxMode:podsandbox} test-handler:{Type:io.containerd.runc.v2 Path: Engine: PodAnnotations:[] ContainerAnnotations:[] Root: Options:map[SystemdCgroup:true] PrivilegedWithoutHostDevices:false PrivilegedWithoutHostDevicesAllDevicesAllowed:false BaseRuntimeSpec:/etc/containerd/cri-base.json NetworkPluginConfDir: NetworkPluginMaxConfNum:0 Snapshotter: SandboxMode:podsandbox}] NoPivot:false DisableSnapshotAnnotations:true DiscardUnpackedLayers:true IgnoreBlockIONotEnabledErrors:false IgnoreRdtNotEnabledErrors:false} CniConfig:{NetworkPluginBinDir:/opt/cni/bin NetworkPluginConfDir:/etc/cni/net.d NetworkPluginMaxConfNum:1 NetworkPluginSetupSerially:false NetworkPluginConfTemplate: IPPreference:} Registry:{ConfigPath: Mirrors:map[] Configs:map[] Auths:map[] Headers:map[]} ImageDecryption:{KeyModel:node} DisableTCPService:true StreamServerAddress:127.0.0.1 StreamServerPort:0 StreamIdleTimeout:4h0m0s EnableSelinux:false SelinuxCategoryRange:1024 SandboxImage:registry.k8s.io/pause:3.7 StatsCollectPeriod:10 SystemdCgroup:false EnableTLSStreaming:false X509KeyPairStreaming:{TLSCertFile: TLSKeyFile:} MaxContainerLogLineSize:16384 DisableCgroup:false DisableApparmor:false RestrictOOMScoreAdj:false MaxConcurrentDownloads:3 DisableProcMount:false UnsetSeccompProfile: TolerateMissingHugetlbController:true DisableHugetlbController:true DeviceOwnershipFromSecurityContext:false IgnoreImageDefinedVolumes:false NetNSMountsUnderStateDir:false EnableUnprivilegedPorts:false EnableUnprivilegedICMP:false EnableCDI:false CDISpecDirs:[/etc/cdi /var/run/cdi] ImagePullProgressTimeout:5m0s DrainExecSyncIOTimeout:0s ImagePullWithSyncFs:false IgnoreDeprecationWarnings:[]} ContainerdRootDir:/var/lib/containerd ContainerdEndpoint:/run/containerd/containerd.sock RootDir:/var/lib/containerd/io.containerd.grpc.v1.cri StateDir:/run/containerd/io.containerd.grpc.v1.cri}"
Jul 22 02:38:42 mg-cluster-worker3 containerd[105]: time="2024-07-22T02:38:42.449989293Z" level=info msg="Connect containerd service"
Jul 22 02:38:42 mg-cluster-worker3 containerd[105]: time="2024-07-22T02:38:42.450026001Z" level=info msg="using legacy CRI server"
Jul 22 02:38:42 mg-cluster-worker3 containerd[105]: time="2024-07-22T02:38:42.450035209Z" level=info msg="using experimental NRI integration - disable nri plugin to prevent this"
Jul 22 02:38:42 mg-cluster-worker3 containerd[105]: time="2024-07-22T02:38:42.450049959Z" level=info msg="Get image filesystem path \"/var/lib/containerd/io.containerd.snapshotter.v1.overlayfs\""
Jul 22 02:38:42 mg-cluster-worker3 containerd[105]: time="2024-07-22T02:38:42.450419418Z" level=error msg="failed to load cni during init, please check CRI plugin status before setting up network for pods" error="cni config load failed: no network config found in /etc/cni/net.d: cni plugin not initialized: failed to load cni config"
Jul 22 02:38:42 mg-cluster-worker3 containerd[105]: time="2024-07-22T02:38:42.451603834Z" level=info msg="Start subscribing containerd event"
Jul 22 02:38:42 mg-cluster-worker3 containerd[105]: time="2024-07-22T02:38:42.451736043Z" level=info msg=serving... address=/run/containerd/containerd.sock.ttrpc
Jul 22 02:38:42 mg-cluster-worker3 containerd[105]: time="2024-07-22T02:38:42.451758293Z" level=info msg="Start recovering state"
Jul 22 02:38:42 mg-cluster-worker3 containerd[105]: time="2024-07-22T02:38:42.452300043Z" level=warning msg="The image sha256:e5a475a0380575fb5df454b2e32bdec93e1ec0094d8a61e895b41567cb884550 is not unpacked."
Jul 22 02:38:42 mg-cluster-worker3 containerd[105]: time="2024-07-22T02:38:42.452444626Z" level=warning msg="The image sha256:2437cf762177702dec2dfe99a09c37427a15af6d9a57c456b65352667c223d93 is not unpacked."
Jul 22 02:38:42 mg-cluster-worker3 containerd[105]: time="2024-07-22T02:38:42.452517709Z" level=warning msg="The image docker.io/kindest/kindnetd:v20240202-8f1494ea is not unpacked."
Jul 22 02:38:42 mg-cluster-worker3 containerd[105]: time="2024-07-22T02:38:42.452709459Z" level=warning msg="The image sha256:4740c1948d3fceb8d7dacc63033aa6299d80794ee4f4811539ec1081d9211f3d is not unpacked."
Jul 22 02:38:42 mg-cluster-worker3 containerd[105]: time="2024-07-22T02:38:42.452797543Z" level=warning msg="The image sha256:80a7c4a0557e68d4257ff8126260f000970de15b987ea4c4eba74506dae713a7 is not unpacked."
Jul 22 02:38:42 mg-cluster-worker3 containerd[105]: time="2024-07-22T02:38:42.452965543Z" level=warning msg="The image sha256:6c806bad1e8991c6415cfcc6f4d01ac610635ff47c9f4c21092caa830d90aca1 is not unpacked."
Jul 22 02:38:42 mg-cluster-worker3 containerd[105]: time="2024-07-22T02:38:42.452322584Z" level=warning msg="The image registry.k8s.io/kube-controller-manager:v1.30.0 is not unpacked."
Jul 22 02:38:42 mg-cluster-worker3 containerd[105]: time="2024-07-22T02:38:42.451771709Z" level=info msg=serving... address=/run/containerd/containerd.sock
Jul 22 02:38:42 mg-cluster-worker3 containerd[105]: time="2024-07-22T02:38:42.453073584Z" level=warning msg="The image registry.k8s.io/kube-proxy-arm64:v1.30.0 is not unpacked."
Jul 22 02:38:42 mg-cluster-worker3 containerd[105]: time="2024-07-22T02:38:42.453159293Z" level=warning msg="The image sha256:d2d4e1917462f2edff8cdb18781ff486c0d0c8c3f9f9579654bd14777d0c0b04 is not unpacked."
Jul 22 02:38:42 mg-cluster-worker3 containerd[105]: time="2024-07-22T02:38:42.455006459Z" level=warning msg="The image sha256:b1522b854947b7e938a4fd8b70afad16fcd09e70a373fb7aaa0bdd89ca67bfcc is not unpacked."
Jul 22 02:38:42 mg-cluster-worker3 containerd[105]: time="2024-07-22T02:38:42.455504584Z" level=warning msg="The image registry.k8s.io/kube-scheduler:v1.30.0 is not unpacked."
Jul 22 02:38:42 mg-cluster-worker3 containerd[105]: time="2024-07-22T02:38:42.455928751Z" level=warning msg="The image import-2024-05-13@sha256:91ca1c81e44a332253b9588418418de977942a50ae0d9a84f9a288c4030f8653 is not unpacked."
Jul 22 02:38:42 mg-cluster-worker3 containerd[105]: time="2024-07-22T02:38:42.456268126Z" level=warning msg="The image sha256:26ceefab31d20e7e9c162db69ac8d4bf87f35302f62c2e25a6ffa4ce0fbc5b53 is not unpacked."
Jul 22 02:38:42 mg-cluster-worker3 containerd[105]: time="2024-07-22T02:38:42.456334584Z" level=warning msg="The image import-2024-05-13@sha256:66851d132bc433174ca3ded1bccbfe461cb7766bfd941f956224eafc2c8ec39f is not unpacked."
Jul 22 02:38:42 mg-cluster-worker3 containerd[105]: time="2024-07-22T02:38:42.456380334Z" level=warning msg="The image sha256:d022557af8b6306cc24be6f095d77b7892f28b34b765c4337774e5e4cbb39132 is not unpacked."
Jul 22 02:38:42 mg-cluster-worker3 containerd[105]: time="2024-07-22T02:38:42.456430876Z" level=warning msg="The image import-2024-05-13@sha256:b7267730b5d235ec9500112663c8b244e2d09f0d9f92f1c6bb5caadf73d7a90c is not unpacked."
Jul 22 02:38:42 mg-cluster-worker3 containerd[105]: time="2024-07-22T02:38:42.456588959Z" level=warning msg="The image docker.io/kindest/local-path-provisioner:v20240202-8f1494ea is not unpacked."
Jul 22 02:38:42 mg-cluster-worker3 containerd[105]: time="2024-07-22T02:38:42.456798543Z" level=warning msg="The image docker.io/kindest/local-path-helper:v20230510-486859a6 is not unpacked."
Jul 22 02:38:42 mg-cluster-worker3 containerd[105]: time="2024-07-22T02:38:42.456829209Z" level=warning msg="The image import-2024-05-13@sha256:45c561194466a77e2ad957a3ead7e40af710be745eab60aa556e670cc526e1e9 is not unpacked."
Jul 22 02:38:42 mg-cluster-worker3 containerd[105]: time="2024-07-22T02:38:42.456853918Z" level=warning msg="The image sha256:014faa467e29798aeef733fe6d1a3b5e382688217b053ad23410e6cccd5d22fd is not unpacked."
Jul 22 02:38:42 mg-cluster-worker3 containerd[105]: time="2024-07-22T02:38:42.456968251Z" level=warning msg="The image registry.k8s.io/kube-proxy:v1.30.0 is not unpacked."
Jul 22 02:38:42 mg-cluster-worker3 containerd[105]: time="2024-07-22T02:38:42.459402334Z" level=warning msg="The image registry.k8s.io/pause:3.7 is not unpacked."
Jul 22 02:38:42 mg-cluster-worker3 containerd[105]: time="2024-07-22T02:38:42.459436418Z" level=warning msg="The image registry.k8s.io/kube-scheduler-arm64:v1.30.0 is not unpacked."
Jul 22 02:38:42 mg-cluster-worker3 containerd[105]: time="2024-07-22T02:38:42.459900126Z" level=warning msg="The image registry.k8s.io/kube-controller-manager-arm64:v1.30.0 is not unpacked."
Jul 22 02:38:42 mg-cluster-worker3 containerd[105]: time="2024-07-22T02:38:42.459999876Z" level=warning msg="The image registry.k8s.io/etcd:3.5.12-0 is not unpacked."
Jul 22 02:38:42 mg-cluster-worker3 containerd[105]: time="2024-07-22T02:38:42.460321209Z" level=warning msg="The image registry.k8s.io/kube-apiserver-arm64:v1.30.0 is not unpacked."
Jul 22 02:38:42 mg-cluster-worker3 containerd[105]: time="2024-07-22T02:38:42.460509876Z" level=warning msg="The image registry.k8s.io/kube-apiserver:v1.30.0 is not unpacked."
Jul 22 02:38:42 mg-cluster-worker3 containerd[105]: time="2024-07-22T02:38:42.460711459Z" level=warning msg="The image registry.k8s.io/coredns/coredns:v1.11.1 is not unpacked."
Jul 22 02:38:42 mg-cluster-worker3 containerd[105]: time="2024-07-22T02:38:42.472373626Z" level=info msg="Start event monitor"
Jul 22 02:38:42 mg-cluster-worker3 containerd[105]: time="2024-07-22T02:38:42.472425501Z" level=info msg="Start snapshots syncer"
Jul 22 02:38:42 mg-cluster-worker3 containerd[105]: time="2024-07-22T02:38:42.472435626Z" level=info msg="Start cni network conf syncer for default"
Jul 22 02:38:42 mg-cluster-worker3 containerd[105]: time="2024-07-22T02:38:42.472442001Z" level=info msg="Start streaming server"
Jul 22 02:38:42 mg-cluster-worker3 containerd[105]: time="2024-07-22T02:38:42.472524001Z" level=info msg="containerd successfully booted in 0.037230s"
Jul 22 02:38:42 mg-cluster-worker3 systemd[1]: Started containerd.service - containerd container runtime.
Jul 22 02:39:15 mg-cluster-worker3 containerd[105]: time="2024-07-22T02:39:15.658014711Z" level=info msg="No cni config template is specified, wait for other system components to drop the config."
Jul 22 02:39:16 mg-cluster-worker3 containerd[105]: time="2024-07-22T02:39:16.852017003Z" level=info msg="RunPodSandbox for &PodSandboxMetadata{Name:kube-proxy-p4szr,Uid:0d9e7063-11ed-4f5b-ba60-305c9221d608,Namespace:kube-system,Attempt:0,}"
Jul 22 02:39:16 mg-cluster-worker3 containerd[105]: time="2024-07-22T02:39:16.855380837Z" level=info msg="RunPodSandbox for &PodSandboxMetadata{Name:kindnet-gc29f,Uid:07e6c89b-db2e-4c86-9783-81e58fa48b46,Namespace:kube-system,Attempt:0,}"
Jul 22 02:39:16 mg-cluster-worker3 containerd[105]: time="2024-07-22T02:39:16.905034170Z" level=info msg="loading plugin \"io.containerd.event.v1.publisher\"..." runtime=io.containerd.runc.v2 type=io.containerd.event.v1
Jul 22 02:39:16 mg-cluster-worker3 containerd[105]: time="2024-07-22T02:39:16.905136087Z" level=info msg="loading plugin \"io.containerd.internal.v1.shutdown\"..." runtime=io.containerd.runc.v2 type=io.containerd.internal.v1
Jul 22 02:39:16 mg-cluster-worker3 containerd[105]: time="2024-07-22T02:39:16.905155962Z" level=info msg="loading plugin \"io.containerd.ttrpc.v1.task\"..." runtime=io.containerd.runc.v2 type=io.containerd.ttrpc.v1
Jul 22 02:39:16 mg-cluster-worker3 containerd[105]: time="2024-07-22T02:39:16.905247670Z" level=info msg="loading plugin \"io.containerd.ttrpc.v1.pause\"..." runtime=io.containerd.runc.v2 type=io.containerd.ttrpc.v1
Jul 22 02:39:16 mg-cluster-worker3 containerd[105]: time="2024-07-22T02:39:16.941768003Z" level=info msg="loading plugin \"io.containerd.event.v1.publisher\"..." runtime=io.containerd.runc.v2 type=io.containerd.event.v1
Jul 22 02:39:16 mg-cluster-worker3 containerd[105]: time="2024-07-22T02:39:16.941844128Z" level=info msg="loading plugin \"io.containerd.internal.v1.shutdown\"..." runtime=io.containerd.runc.v2 type=io.containerd.internal.v1
Jul 22 02:39:16 mg-cluster-worker3 containerd[105]: time="2024-07-22T02:39:16.941853087Z" level=info msg="loading plugin \"io.containerd.ttrpc.v1.task\"..." runtime=io.containerd.runc.v2 type=io.containerd.ttrpc.v1
Jul 22 02:39:16 mg-cluster-worker3 containerd[105]: time="2024-07-22T02:39:16.941899712Z" level=info msg="loading plugin \"io.containerd.ttrpc.v1.pause\"..." runtime=io.containerd.runc.v2 type=io.containerd.ttrpc.v1
Jul 22 02:39:16 mg-cluster-worker3 containerd[105]: time="2024-07-22T02:39:16.982512628Z" level=info msg="RunPodSandbox for &PodSandboxMetadata{Name:kube-proxy-p4szr,Uid:0d9e7063-11ed-4f5b-ba60-305c9221d608,Namespace:kube-system,Attempt:0,} returns sandbox id \"3e45dc8f502ac3bd80dd6392b82fa3a4537a49bb77220a7cabeb9e3349097960\""
Jul 22 02:39:16 mg-cluster-worker3 containerd[105]: time="2024-07-22T02:39:16.984879837Z" level=info msg="CreateContainer within sandbox \"3e45dc8f502ac3bd80dd6392b82fa3a4537a49bb77220a7cabeb9e3349097960\" for container &ContainerMetadata{Name:kube-proxy,Attempt:0,}"
Jul 22 02:39:17 mg-cluster-worker3 containerd[105]: time="2024-07-22T02:39:17.043900087Z" level=info msg="RunPodSandbox for &PodSandboxMetadata{Name:kindnet-gc29f,Uid:07e6c89b-db2e-4c86-9783-81e58fa48b46,Namespace:kube-system,Attempt:0,} returns sandbox id \"488fae24fd1362c41565ecf68d88b3a7e4e5d4fe7c3f3922873fc37c7e6f6492\""
Jul 22 02:39:17 mg-cluster-worker3 containerd[105]: time="2024-07-22T02:39:17.045909670Z" level=info msg="CreateContainer within sandbox \"488fae24fd1362c41565ecf68d88b3a7e4e5d4fe7c3f3922873fc37c7e6f6492\" for container &ContainerMetadata{Name:kindnet-cni,Attempt:0,}"
Jul 22 02:39:17 mg-cluster-worker3 containerd[105]: time="2024-07-22T02:39:17.358120712Z" level=info msg="CreateContainer within sandbox \"3e45dc8f502ac3bd80dd6392b82fa3a4537a49bb77220a7cabeb9e3349097960\" for &ContainerMetadata{Name:kube-proxy,Attempt:0,} returns container id \"57f3a65f0d67025d227c8c0929bda0ea3064349d6869c67a3dafdd245d296f97\""
Jul 22 02:39:17 mg-cluster-worker3 containerd[105]: time="2024-07-22T02:39:17.359017128Z" level=info msg="StartContainer for \"57f3a65f0d67025d227c8c0929bda0ea3064349d6869c67a3dafdd245d296f97\""
Jul 22 02:39:17 mg-cluster-worker3 containerd[105]: time="2024-07-22T02:39:17.469500545Z" level=info msg="StartContainer for \"57f3a65f0d67025d227c8c0929bda0ea3064349d6869c67a3dafdd245d296f97\" returns successfully"
Jul 22 02:39:17 mg-cluster-worker3 containerd[105]: time="2024-07-22T02:39:17.863347295Z" level=info msg="CreateContainer within sandbox \"488fae24fd1362c41565ecf68d88b3a7e4e5d4fe7c3f3922873fc37c7e6f6492\" for &ContainerMetadata{Name:kindnet-cni,Attempt:0,} returns container id \"cd68d8a58f826b1346b72137df6ad69c6de49836175b66a57bc3bd79f7c6584c\""
Jul 22 02:39:17 mg-cluster-worker3 containerd[105]: time="2024-07-22T02:39:17.863857045Z" level=info msg="StartContainer for \"cd68d8a58f826b1346b72137df6ad69c6de49836175b66a57bc3bd79f7c6584c\""
Jul 22 02:39:18 mg-cluster-worker3 containerd[105]: time="2024-07-22T02:39:18.241756837Z" level=info msg="StartContainer for \"cd68d8a58f826b1346b72137df6ad69c6de49836175b66a57bc3bd79f7c6584c\" returns successfully"
Jul 22 02:39:18 mg-cluster-worker3 containerd[105]: time="2024-07-22T02:39:18.830271129Z" level=error msg="failed to reload cni configuration after receiving fs change event(WRITE         \"/etc/cni/net.d/10-kindnet.conflist.temp\")" error="cni config load failed: no network config found in /etc/cni/net.d: cni plugin not initialized: failed to load cni config"
