Jul 22 02:38:42 mg-cluster-worker3 systemd-journald[90]: Journal started
Jul 22 02:38:42 mg-cluster-worker3 systemd-journald[90]: Runtime Journal (/run/log/journal/2e5a8269394a4a4e9b6cbedff1515422) is 8.0M, max 447.2M, 439.2M free.
Jul 22 02:38:42 mg-cluster-worker3 systemd[1]: Finished systemd-sysusers.service - Create System Users.
Jul 22 02:38:42 mg-cluster-worker3 systemd[1]: Starting systemd-journal-flush.service - Flush Journal to Persistent Storage...
Jul 22 02:38:42 mg-cluster-worker3 systemd[1]: Starting systemd-tmpfiles-setup-dev.service - Create Static Device Nodes in /dev...
Jul 22 02:38:42 mg-cluster-worker3 systemd-journald[90]: Runtime Journal (/run/log/journal/2e5a8269394a4a4e9b6cbedff1515422) is 8.0M, max 447.2M, 439.2M free.
Jul 22 02:38:42 mg-cluster-worker3 systemd[1]: Finished systemd-sysctl.service - Apply Kernel Variables.
Jul 22 02:38:42 mg-cluster-worker3 systemd[1]: Finished systemd-journal-flush.service - Flush Journal to Persistent Storage.
Jul 22 02:38:42 mg-cluster-worker3 systemd[1]: Finished systemd-update-utmp.service - Record System Boot/Shutdown in UTMP.
Jul 22 02:38:42 mg-cluster-worker3 systemd[1]: Finished systemd-tmpfiles-setup-dev.service - Create Static Device Nodes in /dev.
Jul 22 02:38:42 mg-cluster-worker3 systemd[1]: Reached target local-fs-pre.target - Preparation for Local File Systems.
Jul 22 02:38:42 mg-cluster-worker3 systemd[1]: Reached target local-fs.target - Local File Systems.
Jul 22 02:38:42 mg-cluster-worker3 systemd[1]: systemd-machine-id-commit.service - Commit a transient machine-id on disk was skipped because of an unmet condition check (ConditionPathIsMountPoint=/etc/machine-id).
Jul 22 02:38:42 mg-cluster-worker3 systemd[1]: systemd-udevd.service - Rule-based Manager for Device Events and Files was skipped because of an unmet condition check (ConditionPathIsReadWrite=/sys).
Jul 22 02:38:42 mg-cluster-worker3 systemd[1]: Reached target sysinit.target - System Initialization.
Jul 22 02:38:42 mg-cluster-worker3 systemd[1]: Started systemd-tmpfiles-clean.timer - Daily Cleanup of Temporary Directories.
Jul 22 02:38:42 mg-cluster-worker3 systemd[1]: Reached target timers.target - Timer Units.
Jul 22 02:38:42 mg-cluster-worker3 systemd[1]: systemd-pcrphase-sysinit.service - TPM2 PCR Barrier (Initialization) was skipped because of an unmet condition check (ConditionPathExists=/sys/firmware/efi/efivars/StubPcrKernelImage-4a67b082-0a4c-41cf-b6c7-440b29bb8c4f).
Jul 22 02:38:42 mg-cluster-worker3 systemd[1]: Reached target basic.target - Basic System.
Jul 22 02:38:42 mg-cluster-worker3 systemd[1]: systemd-pcrphase.service - TPM2 PCR Barrier (User) was skipped because of an unmet condition check (ConditionPathExists=/sys/firmware/efi/efivars/StubPcrKernelImage-4a67b082-0a4c-41cf-b6c7-440b29bb8c4f).
Jul 22 02:38:42 mg-cluster-worker3 systemd[1]: Starting undo-mount-hacks.service - Undo KIND mount hacks...
Jul 22 02:38:42 mg-cluster-worker3 systemd[1]: undo-mount-hacks.service: Deactivated successfully.
Jul 22 02:38:42 mg-cluster-worker3 systemd[1]: Finished undo-mount-hacks.service - Undo KIND mount hacks.
Jul 22 02:38:42 mg-cluster-worker3 systemd[1]: Starting containerd.service - containerd container runtime...
Jul 22 02:38:42 mg-cluster-worker3 systemd[1]: kubelet.service - kubelet: The Kubernetes Node Agent was skipped because of an unmet condition check (ConditionPathExists=/var/lib/kubelet/config.yaml).
Jul 22 02:38:42 mg-cluster-worker3 containerd[105]: time="2024-07-22T02:38:42.435603918Z" level=info msg="starting containerd" revision=926c9586fe4a6236699318391cd44976a98e31f1 version=v1.7.15
Jul 22 02:38:42 mg-cluster-worker3 containerd[105]: time="2024-07-22T02:38:42.447244793Z" level=info msg="loading plugin \"io.containerd.event.v1.exchange\"..." type=io.containerd.event.v1
Jul 22 02:38:42 mg-cluster-worker3 containerd[105]: time="2024-07-22T02:38:42.447281168Z" level=info msg="loading plugin \"io.containerd.internal.v1.opt\"..." type=io.containerd.internal.v1
Jul 22 02:38:42 mg-cluster-worker3 containerd[105]: time="2024-07-22T02:38:42.447329001Z" level=info msg="loading plugin \"io.containerd.warning.v1.deprecations\"..." type=io.containerd.warning.v1
Jul 22 02:38:42 mg-cluster-worker3 containerd[105]: time="2024-07-22T02:38:42.447337293Z" level=info msg="loading plugin \"io.containerd.snapshotter.v1.blockfile\"..." type=io.containerd.snapshotter.v1
Jul 22 02:38:42 mg-cluster-worker3 containerd[105]: time="2024-07-22T02:38:42.447353918Z" level=info msg="skip loading plugin \"io.containerd.snapshotter.v1.blockfile\"..." error="no scratch file generator: skip plugin" type=io.containerd.snapshotter.v1
Jul 22 02:38:42 mg-cluster-worker3 containerd[105]: time="2024-07-22T02:38:42.447359834Z" level=info msg="loading plugin \"io.containerd.snapshotter.v1.native\"..." type=io.containerd.snapshotter.v1
Jul 22 02:38:42 mg-cluster-worker3 containerd[105]: time="2024-07-22T02:38:42.447371168Z" level=info msg="loading plugin \"io.containerd.snapshotter.v1.overlayfs\"..." type=io.containerd.snapshotter.v1
Jul 22 02:38:42 mg-cluster-worker3 containerd[105]: time="2024-07-22T02:38:42.447442751Z" level=info msg="loading plugin \"io.containerd.content.v1.content\"..." type=io.containerd.content.v1
Jul 22 02:38:42 mg-cluster-worker3 containerd[105]: time="2024-07-22T02:38:42.447468334Z" level=info msg="loading plugin \"io.containerd.snapshotter.v1.fuse-overlayfs\"..." type=io.containerd.snapshotter.v1
Jul 22 02:38:42 mg-cluster-worker3 containerd[105]: time="2024-07-22T02:38:42.447722043Z" level=info msg="loading plugin \"io.containerd.metadata.v1.bolt\"..." type=io.containerd.metadata.v1
Jul 22 02:38:42 mg-cluster-worker3 containerd[105]: time="2024-07-22T02:38:42.447778959Z" level=info msg="metadata content store policy set" policy=shared
Jul 22 02:38:42 mg-cluster-worker3 containerd[105]: time="2024-07-22T02:38:42.447980918Z" level=info msg="loading plugin \"io.containerd.gc.v1.scheduler\"..." type=io.containerd.gc.v1
Jul 22 02:38:42 mg-cluster-worker3 containerd[105]: time="2024-07-22T02:38:42.448018293Z" level=info msg="loading plugin \"io.containerd.differ.v1.walking\"..." type=io.containerd.differ.v1
Jul 22 02:38:42 mg-cluster-worker3 containerd[105]: time="2024-07-22T02:38:42.448026334Z" level=info msg="loading plugin \"io.containerd.lease.v1.manager\"..." type=io.containerd.lease.v1
Jul 22 02:38:42 mg-cluster-worker3 containerd[105]: time="2024-07-22T02:38:42.448033959Z" level=info msg="loading plugin \"io.containerd.streaming.v1.manager\"..." type=io.containerd.streaming.v1
Jul 22 02:38:42 mg-cluster-worker3 containerd[105]: time="2024-07-22T02:38:42.448040876Z" level=info msg="loading plugin \"io.containerd.runtime.v1.linux\"..." type=io.containerd.runtime.v1
Jul 22 02:38:42 mg-cluster-worker3 containerd[105]: time="2024-07-22T02:38:42.448069334Z" level=info msg="loading plugin \"io.containerd.monitor.v1.cgroups\"..." type=io.containerd.monitor.v1
Jul 22 02:38:42 mg-cluster-worker3 containerd[105]: time="2024-07-22T02:38:42.448179126Z" level=info msg="loading plugin \"io.containerd.runtime.v2.task\"..." type=io.containerd.runtime.v2
Jul 22 02:38:42 mg-cluster-worker3 containerd[105]: time="2024-07-22T02:38:42.448212793Z" level=info msg="loading plugin \"io.containerd.runtime.v2.shim\"..." type=io.containerd.runtime.v2
Jul 22 02:38:42 mg-cluster-worker3 containerd[105]: time="2024-07-22T02:38:42.448220084Z" level=info msg="loading plugin \"io.containerd.sandbox.store.v1.local\"..." type=io.containerd.sandbox.store.v1
Jul 22 02:38:42 mg-cluster-worker3 containerd[105]: time="2024-07-22T02:38:42.448229668Z" level=info msg="loading plugin \"io.containerd.sandbox.controller.v1.local\"..." type=io.containerd.sandbox.controller.v1
Jul 22 02:38:42 mg-cluster-worker3 containerd[105]: time="2024-07-22T02:38:42.448236918Z" level=info msg="loading plugin \"io.containerd.service.v1.containers-service\"..." type=io.containerd.service.v1
Jul 22 02:38:42 mg-cluster-worker3 containerd[105]: time="2024-07-22T02:38:42.448243209Z" level=info msg="loading plugin \"io.containerd.service.v1.content-service\"..." type=io.containerd.service.v1
Jul 22 02:38:42 mg-cluster-worker3 containerd[105]: time="2024-07-22T02:38:42.448249668Z" level=info msg="loading plugin \"io.containerd.service.v1.diff-service\"..." type=io.containerd.service.v1
Jul 22 02:38:42 mg-cluster-worker3 containerd[105]: time="2024-07-22T02:38:42.448256084Z" level=info msg="loading plugin \"io.containerd.service.v1.images-service\"..." type=io.containerd.service.v1
Jul 22 02:38:42 mg-cluster-worker3 containerd[105]: time="2024-07-22T02:38:42.448263334Z" level=info msg="loading plugin \"io.containerd.service.v1.introspection-service\"..." type=io.containerd.service.v1
Jul 22 02:38:42 mg-cluster-worker3 containerd[105]: time="2024-07-22T02:38:42.448270918Z" level=info msg="loading plugin \"io.containerd.service.v1.namespaces-service\"..." type=io.containerd.service.v1
Jul 22 02:38:42 mg-cluster-worker3 containerd[105]: time="2024-07-22T02:38:42.448278501Z" level=info msg="loading plugin \"io.containerd.service.v1.snapshots-service\"..." type=io.containerd.service.v1
Jul 22 02:38:42 mg-cluster-worker3 containerd[105]: time="2024-07-22T02:38:42.448283876Z" level=info msg="loading plugin \"io.containerd.service.v1.tasks-service\"..." type=io.containerd.service.v1
Jul 22 02:38:42 mg-cluster-worker3 containerd[105]: time="2024-07-22T02:38:42.448294709Z" level=info msg="loading plugin \"io.containerd.grpc.v1.containers\"..." type=io.containerd.grpc.v1
Jul 22 02:38:42 mg-cluster-worker3 containerd[105]: time="2024-07-22T02:38:42.448301626Z" level=info msg="loading plugin \"io.containerd.grpc.v1.content\"..." type=io.containerd.grpc.v1
Jul 22 02:38:42 mg-cluster-worker3 containerd[105]: time="2024-07-22T02:38:42.448307918Z" level=info msg="loading plugin \"io.containerd.grpc.v1.diff\"..." type=io.containerd.grpc.v1
Jul 22 02:38:42 mg-cluster-worker3 containerd[105]: time="2024-07-22T02:38:42.448314543Z" level=info msg="loading plugin \"io.containerd.grpc.v1.events\"..." type=io.containerd.grpc.v1
Jul 22 02:38:42 mg-cluster-worker3 containerd[105]: time="2024-07-22T02:38:42.448320751Z" level=info msg="loading plugin \"io.containerd.grpc.v1.images\"..." type=io.containerd.grpc.v1
Jul 22 02:38:42 mg-cluster-worker3 containerd[105]: time="2024-07-22T02:38:42.448326751Z" level=info msg="loading plugin \"io.containerd.grpc.v1.introspection\"..." type=io.containerd.grpc.v1
Jul 22 02:38:42 mg-cluster-worker3 containerd[105]: time="2024-07-22T02:38:42.448333543Z" level=info msg="loading plugin \"io.containerd.grpc.v1.leases\"..." type=io.containerd.grpc.v1
Jul 22 02:38:42 mg-cluster-worker3 containerd[105]: time="2024-07-22T02:38:42.448476584Z" level=info msg="loading plugin \"io.containerd.grpc.v1.namespaces\"..." type=io.containerd.grpc.v1
Jul 22 02:38:42 mg-cluster-worker3 containerd[105]: time="2024-07-22T02:38:42.449078418Z" level=info msg="loading plugin \"io.containerd.grpc.v1.sandbox-controllers\"..." type=io.containerd.grpc.v1
Jul 22 02:38:42 mg-cluster-worker3 containerd[105]: time="2024-07-22T02:38:42.449115376Z" level=info msg="loading plugin \"io.containerd.grpc.v1.sandboxes\"..." type=io.containerd.grpc.v1
Jul 22 02:38:42 mg-cluster-worker3 containerd[105]: time="2024-07-22T02:38:42.449126001Z" level=info msg="loading plugin \"io.containerd.grpc.v1.snapshots\"..." type=io.containerd.grpc.v1
Jul 22 02:38:42 mg-cluster-worker3 containerd[105]: time="2024-07-22T02:38:42.449134959Z" level=info msg="loading plugin \"io.containerd.grpc.v1.streaming\"..." type=io.containerd.grpc.v1
Jul 22 02:38:42 mg-cluster-worker3 containerd[105]: time="2024-07-22T02:38:42.449143334Z" level=info msg="loading plugin \"io.containerd.grpc.v1.tasks\"..." type=io.containerd.grpc.v1
Jul 22 02:38:42 mg-cluster-worker3 containerd[105]: time="2024-07-22T02:38:42.449157834Z" level=info msg="loading plugin \"io.containerd.transfer.v1.local\"..." type=io.containerd.transfer.v1
Jul 22 02:38:42 mg-cluster-worker3 containerd[105]: time="2024-07-22T02:38:42.449174959Z" level=info msg="loading plugin \"io.containerd.grpc.v1.transfer\"..." type=io.containerd.grpc.v1
Jul 22 02:38:42 mg-cluster-worker3 containerd[105]: time="2024-07-22T02:38:42.449182793Z" level=info msg="loading plugin \"io.containerd.grpc.v1.version\"..." type=io.containerd.grpc.v1
Jul 22 02:38:42 mg-cluster-worker3 containerd[105]: time="2024-07-22T02:38:42.449229459Z" level=info msg="loading plugin \"io.containerd.internal.v1.restart\"..." type=io.containerd.internal.v1
Jul 22 02:38:42 mg-cluster-worker3 containerd[105]: time="2024-07-22T02:38:42.449260584Z" level=info msg="loading plugin \"io.containerd.tracing.processor.v1.otlp\"..." type=io.containerd.tracing.processor.v1
Jul 22 02:38:42 mg-cluster-worker3 containerd[105]: time="2024-07-22T02:38:42.449271584Z" level=info msg="skip loading plugin \"io.containerd.tracing.processor.v1.otlp\"..." error="no OpenTelemetry endpoint: skip plugin" type=io.containerd.tracing.processor.v1
Jul 22 02:38:42 mg-cluster-worker3 containerd[105]: time="2024-07-22T02:38:42.449280584Z" level=info msg="loading plugin \"io.containerd.internal.v1.tracing\"..." type=io.containerd.internal.v1
Jul 22 02:38:42 mg-cluster-worker3 containerd[105]: time="2024-07-22T02:38:42.449288126Z" level=info msg="skipping tracing processor initialization (no tracing plugin)" error="no OpenTelemetry endpoint: skip plugin"
Jul 22 02:38:42 mg-cluster-worker3 containerd[105]: time="2024-07-22T02:38:42.449350918Z" level=info msg="loading plugin \"io.containerd.grpc.v1.healthcheck\"..." type=io.containerd.grpc.v1
Jul 22 02:38:42 mg-cluster-worker3 containerd[105]: time="2024-07-22T02:38:42.449385751Z" level=info msg="loading plugin \"io.containerd.nri.v1.nri\"..." type=io.containerd.nri.v1
Jul 22 02:38:42 mg-cluster-worker3 containerd[105]: time="2024-07-22T02:38:42.449391668Z" level=info msg="NRI interface is disabled by configuration."
Jul 22 02:38:42 mg-cluster-worker3 containerd[105]: time="2024-07-22T02:38:42.449400751Z" level=info msg="loading plugin \"io.containerd.grpc.v1.cri\"..." type=io.containerd.grpc.v1
Jul 22 02:38:42 mg-cluster-worker3 containerd[105]: time="2024-07-22T02:38:42.449874418Z" level=info msg="Start cri plugin with config {PluginConfig:{ContainerdConfig:{Snapshotter:overlayfs DefaultRuntimeName:runc DefaultRuntime:{Type: Path: Engine: PodAnnotations:[] ContainerAnnotations:[] Root: Options:map[] PrivilegedWithoutHostDevices:false PrivilegedWithoutHostDevicesAllDevicesAllowed:false BaseRuntimeSpec: NetworkPluginConfDir: NetworkPluginMaxConfNum:0 Snapshotter: SandboxMode:} UntrustedWorkloadRuntime:{Type: Path: Engine: PodAnnotations:[] ContainerAnnotations:[] Root: Options:map[] PrivilegedWithoutHostDevices:false PrivilegedWithoutHostDevicesAllDevicesAllowed:false BaseRuntimeSpec: NetworkPluginConfDir: NetworkPluginMaxConfNum:0 Snapshotter: SandboxMode:} Runtimes:map[runc:{Type:io.containerd.runc.v2 Path: Engine: PodAnnotations:[] ContainerAnnotations:[] Root: Options:map[SystemdCgroup:true] PrivilegedWithoutHostDevices:false PrivilegedWithoutHostDevicesAllDevicesAllowed:false BaseRuntimeSpec:/etc/containerd/cri-base.json NetworkPluginConfDir: NetworkPluginMaxConfNum:0 Snapshotter: SandboxMode:podsandbox} test-handler:{Type:io.containerd.runc.v2 Path: Engine: PodAnnotations:[] ContainerAnnotations:[] Root: Options:map[SystemdCgroup:true] PrivilegedWithoutHostDevices:false PrivilegedWithoutHostDevicesAllDevicesAllowed:false BaseRuntimeSpec:/etc/containerd/cri-base.json NetworkPluginConfDir: NetworkPluginMaxConfNum:0 Snapshotter: SandboxMode:podsandbox}] NoPivot:false DisableSnapshotAnnotations:true DiscardUnpackedLayers:true IgnoreBlockIONotEnabledErrors:false IgnoreRdtNotEnabledErrors:false} CniConfig:{NetworkPluginBinDir:/opt/cni/bin NetworkPluginConfDir:/etc/cni/net.d NetworkPluginMaxConfNum:1 NetworkPluginSetupSerially:false NetworkPluginConfTemplate: IPPreference:} Registry:{ConfigPath: Mirrors:map[] Configs:map[] Auths:map[] Headers:map[]} ImageDecryption:{KeyModel:node} DisableTCPService:true StreamServerAddress:127.0.0.1 StreamServerPort:0 StreamIdleTimeout:4h0m0s EnableSelinux:false SelinuxCategoryRange:1024 SandboxImage:registry.k8s.io/pause:3.7 StatsCollectPeriod:10 SystemdCgroup:false EnableTLSStreaming:false X509KeyPairStreaming:{TLSCertFile: TLSKeyFile:} MaxContainerLogLineSize:16384 DisableCgroup:false DisableApparmor:false RestrictOOMScoreAdj:false MaxConcurrentDownloads:3 DisableProcMount:false UnsetSeccompProfile: TolerateMissingHugetlbController:true DisableHugetlbController:true DeviceOwnershipFromSecurityContext:false IgnoreImageDefinedVolumes:false NetNSMountsUnderStateDir:false EnableUnprivilegedPorts:false EnableUnprivilegedICMP:false EnableCDI:false CDISpecDirs:[/etc/cdi /var/run/cdi] ImagePullProgressTimeout:5m0s DrainExecSyncIOTimeout:0s ImagePullWithSyncFs:false IgnoreDeprecationWarnings:[]} ContainerdRootDir:/var/lib/containerd ContainerdEndpoint:/run/containerd/containerd.sock RootDir:/var/lib/containerd/io.containerd.grpc.v1.cri StateDir:/run/containerd/io.containerd.grpc.v1.cri}"
Jul 22 02:38:42 mg-cluster-worker3 containerd[105]: time="2024-07-22T02:38:42.449989293Z" level=info msg="Connect containerd service"
Jul 22 02:38:42 mg-cluster-worker3 containerd[105]: time="2024-07-22T02:38:42.450026001Z" level=info msg="using legacy CRI server"
Jul 22 02:38:42 mg-cluster-worker3 containerd[105]: time="2024-07-22T02:38:42.450035209Z" level=info msg="using experimental NRI integration - disable nri plugin to prevent this"
Jul 22 02:38:42 mg-cluster-worker3 containerd[105]: time="2024-07-22T02:38:42.450049959Z" level=info msg="Get image filesystem path \"/var/lib/containerd/io.containerd.snapshotter.v1.overlayfs\""
Jul 22 02:38:42 mg-cluster-worker3 containerd[105]: time="2024-07-22T02:38:42.450419418Z" level=error msg="failed to load cni during init, please check CRI plugin status before setting up network for pods" error="cni config load failed: no network config found in /etc/cni/net.d: cni plugin not initialized: failed to load cni config"
Jul 22 02:38:42 mg-cluster-worker3 containerd[105]: time="2024-07-22T02:38:42.451603834Z" level=info msg="Start subscribing containerd event"
Jul 22 02:38:42 mg-cluster-worker3 containerd[105]: time="2024-07-22T02:38:42.451736043Z" level=info msg=serving... address=/run/containerd/containerd.sock.ttrpc
Jul 22 02:38:42 mg-cluster-worker3 containerd[105]: time="2024-07-22T02:38:42.451758293Z" level=info msg="Start recovering state"
Jul 22 02:38:42 mg-cluster-worker3 containerd[105]: time="2024-07-22T02:38:42.452300043Z" level=warning msg="The image sha256:e5a475a0380575fb5df454b2e32bdec93e1ec0094d8a61e895b41567cb884550 is not unpacked."
Jul 22 02:38:42 mg-cluster-worker3 containerd[105]: time="2024-07-22T02:38:42.452444626Z" level=warning msg="The image sha256:2437cf762177702dec2dfe99a09c37427a15af6d9a57c456b65352667c223d93 is not unpacked."
Jul 22 02:38:42 mg-cluster-worker3 containerd[105]: time="2024-07-22T02:38:42.452517709Z" level=warning msg="The image docker.io/kindest/kindnetd:v20240202-8f1494ea is not unpacked."
Jul 22 02:38:42 mg-cluster-worker3 containerd[105]: time="2024-07-22T02:38:42.452709459Z" level=warning msg="The image sha256:4740c1948d3fceb8d7dacc63033aa6299d80794ee4f4811539ec1081d9211f3d is not unpacked."
Jul 22 02:38:42 mg-cluster-worker3 containerd[105]: time="2024-07-22T02:38:42.452797543Z" level=warning msg="The image sha256:80a7c4a0557e68d4257ff8126260f000970de15b987ea4c4eba74506dae713a7 is not unpacked."
Jul 22 02:38:42 mg-cluster-worker3 containerd[105]: time="2024-07-22T02:38:42.452965543Z" level=warning msg="The image sha256:6c806bad1e8991c6415cfcc6f4d01ac610635ff47c9f4c21092caa830d90aca1 is not unpacked."
Jul 22 02:38:42 mg-cluster-worker3 containerd[105]: time="2024-07-22T02:38:42.452322584Z" level=warning msg="The image registry.k8s.io/kube-controller-manager:v1.30.0 is not unpacked."
Jul 22 02:38:42 mg-cluster-worker3 containerd[105]: time="2024-07-22T02:38:42.451771709Z" level=info msg=serving... address=/run/containerd/containerd.sock
Jul 22 02:38:42 mg-cluster-worker3 containerd[105]: time="2024-07-22T02:38:42.453073584Z" level=warning msg="The image registry.k8s.io/kube-proxy-arm64:v1.30.0 is not unpacked."
Jul 22 02:38:42 mg-cluster-worker3 containerd[105]: time="2024-07-22T02:38:42.453159293Z" level=warning msg="The image sha256:d2d4e1917462f2edff8cdb18781ff486c0d0c8c3f9f9579654bd14777d0c0b04 is not unpacked."
Jul 22 02:38:42 mg-cluster-worker3 containerd[105]: time="2024-07-22T02:38:42.455006459Z" level=warning msg="The image sha256:b1522b854947b7e938a4fd8b70afad16fcd09e70a373fb7aaa0bdd89ca67bfcc is not unpacked."
Jul 22 02:38:42 mg-cluster-worker3 containerd[105]: time="2024-07-22T02:38:42.455504584Z" level=warning msg="The image registry.k8s.io/kube-scheduler:v1.30.0 is not unpacked."
Jul 22 02:38:42 mg-cluster-worker3 containerd[105]: time="2024-07-22T02:38:42.455928751Z" level=warning msg="The image import-2024-05-13@sha256:91ca1c81e44a332253b9588418418de977942a50ae0d9a84f9a288c4030f8653 is not unpacked."
Jul 22 02:38:42 mg-cluster-worker3 containerd[105]: time="2024-07-22T02:38:42.456268126Z" level=warning msg="The image sha256:26ceefab31d20e7e9c162db69ac8d4bf87f35302f62c2e25a6ffa4ce0fbc5b53 is not unpacked."
Jul 22 02:38:42 mg-cluster-worker3 containerd[105]: time="2024-07-22T02:38:42.456334584Z" level=warning msg="The image import-2024-05-13@sha256:66851d132bc433174ca3ded1bccbfe461cb7766bfd941f956224eafc2c8ec39f is not unpacked."
Jul 22 02:38:42 mg-cluster-worker3 containerd[105]: time="2024-07-22T02:38:42.456380334Z" level=warning msg="The image sha256:d022557af8b6306cc24be6f095d77b7892f28b34b765c4337774e5e4cbb39132 is not unpacked."
Jul 22 02:38:42 mg-cluster-worker3 containerd[105]: time="2024-07-22T02:38:42.456430876Z" level=warning msg="The image import-2024-05-13@sha256:b7267730b5d235ec9500112663c8b244e2d09f0d9f92f1c6bb5caadf73d7a90c is not unpacked."
Jul 22 02:38:42 mg-cluster-worker3 containerd[105]: time="2024-07-22T02:38:42.456588959Z" level=warning msg="The image docker.io/kindest/local-path-provisioner:v20240202-8f1494ea is not unpacked."
Jul 22 02:38:42 mg-cluster-worker3 containerd[105]: time="2024-07-22T02:38:42.456798543Z" level=warning msg="The image docker.io/kindest/local-path-helper:v20230510-486859a6 is not unpacked."
Jul 22 02:38:42 mg-cluster-worker3 containerd[105]: time="2024-07-22T02:38:42.456829209Z" level=warning msg="The image import-2024-05-13@sha256:45c561194466a77e2ad957a3ead7e40af710be745eab60aa556e670cc526e1e9 is not unpacked."
Jul 22 02:38:42 mg-cluster-worker3 containerd[105]: time="2024-07-22T02:38:42.456853918Z" level=warning msg="The image sha256:014faa467e29798aeef733fe6d1a3b5e382688217b053ad23410e6cccd5d22fd is not unpacked."
Jul 22 02:38:42 mg-cluster-worker3 containerd[105]: time="2024-07-22T02:38:42.456968251Z" level=warning msg="The image registry.k8s.io/kube-proxy:v1.30.0 is not unpacked."
Jul 22 02:38:42 mg-cluster-worker3 containerd[105]: time="2024-07-22T02:38:42.459402334Z" level=warning msg="The image registry.k8s.io/pause:3.7 is not unpacked."
Jul 22 02:38:42 mg-cluster-worker3 containerd[105]: time="2024-07-22T02:38:42.459436418Z" level=warning msg="The image registry.k8s.io/kube-scheduler-arm64:v1.30.0 is not unpacked."
Jul 22 02:38:42 mg-cluster-worker3 containerd[105]: time="2024-07-22T02:38:42.459900126Z" level=warning msg="The image registry.k8s.io/kube-controller-manager-arm64:v1.30.0 is not unpacked."
Jul 22 02:38:42 mg-cluster-worker3 containerd[105]: time="2024-07-22T02:38:42.459999876Z" level=warning msg="The image registry.k8s.io/etcd:3.5.12-0 is not unpacked."
Jul 22 02:38:42 mg-cluster-worker3 containerd[105]: time="2024-07-22T02:38:42.460321209Z" level=warning msg="The image registry.k8s.io/kube-apiserver-arm64:v1.30.0 is not unpacked."
Jul 22 02:38:42 mg-cluster-worker3 containerd[105]: time="2024-07-22T02:38:42.460509876Z" level=warning msg="The image registry.k8s.io/kube-apiserver:v1.30.0 is not unpacked."
Jul 22 02:38:42 mg-cluster-worker3 containerd[105]: time="2024-07-22T02:38:42.460711459Z" level=warning msg="The image registry.k8s.io/coredns/coredns:v1.11.1 is not unpacked."
Jul 22 02:38:42 mg-cluster-worker3 containerd[105]: time="2024-07-22T02:38:42.472373626Z" level=info msg="Start event monitor"
Jul 22 02:38:42 mg-cluster-worker3 containerd[105]: time="2024-07-22T02:38:42.472425501Z" level=info msg="Start snapshots syncer"
Jul 22 02:38:42 mg-cluster-worker3 containerd[105]: time="2024-07-22T02:38:42.472435626Z" level=info msg="Start cni network conf syncer for default"
Jul 22 02:38:42 mg-cluster-worker3 containerd[105]: time="2024-07-22T02:38:42.472442001Z" level=info msg="Start streaming server"
Jul 22 02:38:42 mg-cluster-worker3 containerd[105]: time="2024-07-22T02:38:42.472524001Z" level=info msg="containerd successfully booted in 0.037230s"
Jul 22 02:38:42 mg-cluster-worker3 systemd[1]: Started containerd.service - containerd container runtime.
Jul 22 02:38:42 mg-cluster-worker3 systemd[1]: Reached target multi-user.target - Multi-User System.
Jul 22 02:38:42 mg-cluster-worker3 systemd[1]: Reached target graphical.target - Graphical Interface.
Jul 22 02:38:42 mg-cluster-worker3 systemd[1]: Starting systemd-update-utmp-runlevel.service - Record Runlevel Change in UTMP...
Jul 22 02:38:42 mg-cluster-worker3 systemd[1]: systemd-update-utmp-runlevel.service: Deactivated successfully.
Jul 22 02:38:42 mg-cluster-worker3 systemd[1]: Finished systemd-update-utmp-runlevel.service - Record Runlevel Change in UTMP.
Jul 22 02:38:42 mg-cluster-worker3 systemd[1]: Startup finished in 208ms.
Jul 22 02:39:12 mg-cluster-worker3 systemd[1]: Reloading.
Jul 22 02:39:12 mg-cluster-worker3 systemd[1]: Starting kubelet.service - kubelet: The Kubernetes Node Agent...
Jul 22 02:39:12 mg-cluster-worker3 systemd[1]: Started kubelet.service - kubelet: The Kubernetes Node Agent.
Jul 22 02:39:13 mg-cluster-worker3 kubelet[175]: Flag --container-runtime-endpoint has been deprecated, This parameter should be set via the config file specified by the Kubelet's --config flag. See https://kubernetes.io/docs/tasks/administer-cluster/kubelet-config-file/ for more information.
Jul 22 02:39:13 mg-cluster-worker3 kubelet[175]: Flag --pod-infra-container-image has been deprecated, will be removed in a future release. Image garbage collector will get sandbox image information from CRI.
Jul 22 02:39:13 mg-cluster-worker3 kubelet[175]: I0722 02:39:13.007658     175 server.go:205] "--pod-infra-container-image will not be pruned by the image garbage collector in kubelet and should also be set in the remote runtime"
Jul 22 02:39:13 mg-cluster-worker3 kubelet[175]: I0722 02:39:13.317955     175 server.go:484] "Kubelet version" kubeletVersion="v1.30.0"
Jul 22 02:39:13 mg-cluster-worker3 kubelet[175]: I0722 02:39:13.317980     175 server.go:486] "Golang settings" GOGC="" GOMAXPROCS="" GOTRACEBACK=""
Jul 22 02:39:13 mg-cluster-worker3 kubelet[175]: I0722 02:39:13.318108     175 server.go:927] "Client rotation is on, will bootstrap in background"
Jul 22 02:39:13 mg-cluster-worker3 kubelet[175]: I0722 02:39:13.319822     175 dynamic_cafile_content.go:157] "Starting controller" name="client-ca-bundle::/etc/kubernetes/pki/ca.crt"
Jul 22 02:39:13 mg-cluster-worker3 kubelet[175]: I0722 02:39:13.334606     175 server.go:810] "NoSwap is set due to memorySwapBehavior not specified" memorySwapBehavior="" FailSwapOn=false
Jul 22 02:39:13 mg-cluster-worker3 kubelet[175]: I0722 02:39:13.334733     175 container_manager_linux.go:265] "Container manager verified user specified cgroup-root exists" cgroupRoot=["kubelet"]
Jul 22 02:39:13 mg-cluster-worker3 kubelet[175]: I0722 02:39:13.334758     175 container_manager_linux.go:270] "Creating Container Manager object based on Node Config" nodeConfig={"NodeName":"mg-cluster-worker3","RuntimeCgroupsName":"/system.slice/containerd.service","SystemCgroupsName":"","KubeletCgroupsName":"","KubeletOOMScoreAdj":-999,"ContainerRuntime":"","CgroupsPerQOS":true,"CgroupRoot":"/kubelet","CgroupDriver":"systemd","KubeletRootDir":"/var/lib/kubelet","ProtectKernelDefaults":false,"KubeReservedCgroupName":"","SystemReservedCgroupName":"","ReservedSystemCPUs":{},"EnforceNodeAllocatable":{"pods":{}},"KubeReserved":null,"SystemReserved":null,"HardEvictionThresholds":[],"QOSReserved":{},"CPUManagerPolicy":"none","CPUManagerPolicyOptions":null,"TopologyManagerScope":"container","CPUManagerReconcilePeriod":10000000000,"ExperimentalMemoryManagerPolicy":"None","ExperimentalMemoryManagerReservedMemory":null,"PodPidsLimit":-1,"EnforceCPULimits":true,"CPUCFSQuotaPeriod":100000000,"TopologyManagerPolicy":"none","TopologyManagerPolicyOptions":null}
Jul 22 02:39:13 mg-cluster-worker3 kubelet[175]: I0722 02:39:13.334840     175 topology_manager.go:138] "Creating topology manager with none policy"
Jul 22 02:39:13 mg-cluster-worker3 kubelet[175]: I0722 02:39:13.334847     175 container_manager_linux.go:301] "Creating device plugin manager"
Jul 22 02:39:13 mg-cluster-worker3 kubelet[175]: I0722 02:39:13.334905     175 state_mem.go:36] "Initialized new in-memory state store"
Jul 22 02:39:13 mg-cluster-worker3 kubelet[175]: I0722 02:39:13.334955     175 kubelet.go:400] "Attempting to sync node with API server"
Jul 22 02:39:13 mg-cluster-worker3 kubelet[175]: I0722 02:39:13.334982     175 kubelet.go:301] "Adding static pod path" path="/etc/kubernetes/manifests"
Jul 22 02:39:13 mg-cluster-worker3 kubelet[175]: I0722 02:39:13.334994     175 kubelet.go:312] "Adding apiserver pod source"
Jul 22 02:39:13 mg-cluster-worker3 kubelet[175]: I0722 02:39:13.335000     175 apiserver.go:42] "Waiting for node sync before watching apiserver pods"
Jul 22 02:39:13 mg-cluster-worker3 kubelet[175]: I0722 02:39:13.336944     175 kuberuntime_manager.go:261] "Container runtime initialized" containerRuntime="containerd" version="v1.7.15" apiVersion="v1"
Jul 22 02:39:13 mg-cluster-worker3 kubelet[175]: I0722 02:39:13.338129     175 kubelet.go:815] "Not starting ClusterTrustBundle informer because we are in static kubelet mode"
Jul 22 02:39:13 mg-cluster-worker3 kubelet[175]: W0722 02:39:13.338197     175 probe.go:272] Flexvolume plugin directory at /usr/libexec/kubernetes/kubelet-plugins/volume/exec/ does not exist. Recreating.
Jul 22 02:39:13 mg-cluster-worker3 kubelet[175]: I0722 02:39:13.340100     175 server.go:1264] "Started kubelet"
Jul 22 02:39:13 mg-cluster-worker3 kubelet[175]: I0722 02:39:13.341133     175 fs_resource_analyzer.go:67] "Starting FS ResourceAnalyzer"
Jul 22 02:39:13 mg-cluster-worker3 kubelet[175]: I0722 02:39:13.349913     175 volume_manager.go:291] "Starting Kubelet Volume Manager"
Jul 22 02:39:13 mg-cluster-worker3 kubelet[175]: I0722 02:39:13.341831     175 server.go:163] "Starting to listen" address="0.0.0.0" port=10250
Jul 22 02:39:13 mg-cluster-worker3 kubelet[175]: E0722 02:39:13.350801     175 kubelet_node_status.go:462] "Error getting the current node from lister" err="node \"mg-cluster-worker3\" not found"
Jul 22 02:39:13 mg-cluster-worker3 kubelet[175]: W0722 02:39:13.347732     175 reflector.go:547] k8s.io/client-go/informers/factory.go:160: failed to list *v1.Service: services is forbidden: User "system:anonymous" cannot list resource "services" in API group "" at the cluster scope
Jul 22 02:39:13 mg-cluster-worker3 kubelet[175]: E0722 02:39:13.350926     175 reflector.go:150] k8s.io/client-go/informers/factory.go:160: Failed to watch *v1.Service: failed to list *v1.Service: services is forbidden: User "system:anonymous" cannot list resource "services" in API group "" at the cluster scope
Jul 22 02:39:13 mg-cluster-worker3 kubelet[175]: W0722 02:39:13.347773     175 reflector.go:547] k8s.io/client-go/informers/factory.go:160: failed to list *v1.Node: nodes "mg-cluster-worker3" is forbidden: User "system:anonymous" cannot list resource "nodes" in API group "" at the cluster scope
Jul 22 02:39:13 mg-cluster-worker3 kubelet[175]: E0722 02:39:13.350982     175 reflector.go:150] k8s.io/client-go/informers/factory.go:160: Failed to watch *v1.Node: failed to list *v1.Node: nodes "mg-cluster-worker3" is forbidden: User "system:anonymous" cannot list resource "nodes" in API group "" at the cluster scope
Jul 22 02:39:13 mg-cluster-worker3 kubelet[175]: I0722 02:39:13.351021     175 desired_state_of_world_populator.go:149] "Desired state populator starts to run"
Jul 22 02:39:13 mg-cluster-worker3 kubelet[175]: I0722 02:39:13.352241     175 factory.go:221] Registration of the systemd container factory successfully
Jul 22 02:39:13 mg-cluster-worker3 kubelet[175]: I0722 02:39:13.352294     175 factory.go:219] Registration of the crio container factory failed: Get "http://%2Fvar%2Frun%2Fcrio%2Fcrio.sock/info": dial unix /var/run/crio/crio.sock: connect: no such file or directory
Jul 22 02:39:13 mg-cluster-worker3 kubelet[175]: I0722 02:39:13.341850     175 ratelimit.go:55] "Setting rate limiting for endpoint" service="podresources" qps=100 burstTokens=10
Jul 22 02:39:13 mg-cluster-worker3 kubelet[175]: E0722 02:39:13.347667     175 event.go:359] "Server rejected event (will not retry!)" err="events is forbidden: User \"system:anonymous\" cannot create resource \"events\" in API group \"\" in the namespace \"default\"" event="&Event{ObjectMeta:{mg-cluster-worker3.17e468968a7b48d9  default    0 0001-01-01 00:00:00 +0000 UTC <nil> <nil> map[] map[] [] [] []},InvolvedObject:ObjectReference{Kind:Node,Namespace:,Name:mg-cluster-worker3,UID:mg-cluster-worker3,APIVersion:,ResourceVersion:,FieldPath:,},Reason:Starting,Message:Starting kubelet.,Source:EventSource{Component:kubelet,Host:mg-cluster-worker3,},FirstTimestamp:2024-07-22 02:39:13.340090585 +0000 UTC m=+0.374379418,LastTimestamp:2024-07-22 02:39:13.340090585 +0000 UTC m=+0.374379418,Count:1,Type:Normal,EventTime:0001-01-01 00:00:00 +0000 UTC,Series:nil,Action:,Related:nil,ReportingController:kubelet,ReportingInstance:mg-cluster-worker3,}"
Jul 22 02:39:13 mg-cluster-worker3 kubelet[175]: I0722 02:39:13.352851     175 server.go:227] "Starting to serve the podresources API" endpoint="unix:/var/lib/kubelet/pod-resources/kubelet.sock"
Jul 22 02:39:13 mg-cluster-worker3 kubelet[175]: I0722 02:39:13.353039     175 factory.go:221] Registration of the containerd container factory successfully
Jul 22 02:39:13 mg-cluster-worker3 kubelet[175]: I0722 02:39:13.356924     175 server.go:455] "Adding debug handlers to kubelet server"
Jul 22 02:39:13 mg-cluster-worker3 kubelet[175]: I0722 02:39:13.351172     175 reconciler.go:26] "Reconciler: start to sync state"
Jul 22 02:39:13 mg-cluster-worker3 kubelet[175]: I0722 02:39:13.360996     175 cpu_manager.go:214] "Starting CPU manager" policy="none"
Jul 22 02:39:13 mg-cluster-worker3 kubelet[175]: I0722 02:39:13.361015     175 cpu_manager.go:215] "Reconciling" reconcilePeriod="10s"
Jul 22 02:39:13 mg-cluster-worker3 kubelet[175]: I0722 02:39:13.361026     175 state_mem.go:36] "Initialized new in-memory state store"
Jul 22 02:39:13 mg-cluster-worker3 kubelet[175]: I0722 02:39:13.362331     175 policy_none.go:49] "None policy: Start"
Jul 22 02:39:13 mg-cluster-worker3 kubelet[175]: I0722 02:39:13.362853     175 memory_manager.go:170] "Starting memorymanager" policy="None"
Jul 22 02:39:13 mg-cluster-worker3 kubelet[175]: I0722 02:39:13.362967     175 state_mem.go:35] "Initializing new in-memory state store"
Jul 22 02:39:13 mg-cluster-worker3 kubelet[175]: I0722 02:39:13.375484     175 kubelet_network_linux.go:50] "Initialized iptables rules." protocol="IPv4"
Jul 22 02:39:13 mg-cluster-worker3 kubelet[175]: I0722 02:39:13.376996     175 kubelet_network_linux.go:50] "Initialized iptables rules." protocol="IPv6"
Jul 22 02:39:13 mg-cluster-worker3 kubelet[175]: I0722 02:39:13.377021     175 status_manager.go:217] "Starting to sync pod status with apiserver"
Jul 22 02:39:13 mg-cluster-worker3 kubelet[175]: I0722 02:39:13.377032     175 kubelet.go:2337] "Starting kubelet main sync loop"
Jul 22 02:39:13 mg-cluster-worker3 kubelet[175]: E0722 02:39:13.377066     175 kubelet.go:2361] "Skipping pod synchronization" err="[container runtime status check may not have completed yet, PLEG is not healthy: pleg has yet to be successful]"
Jul 22 02:39:13 mg-cluster-worker3 kubelet[175]: E0722 02:39:13.377872     175 event.go:359] "Server rejected event (will not retry!)" err="events is forbidden: User \"system:anonymous\" cannot create resource \"events\" in API group \"\" in the namespace \"default\"" event="&Event{ObjectMeta:{mg-cluster-worker3.17e468968bb01859  default    0 0001-01-01 00:00:00 +0000 UTC <nil> <nil> map[] map[] [] [] []},InvolvedObject:ObjectReference{Kind:Node,Namespace:,Name:mg-cluster-worker3,UID:mg-cluster-worker3,APIVersion:,ResourceVersion:,FieldPath:,},Reason:NodeHasSufficientMemory,Message:Node mg-cluster-worker3 status is now: NodeHasSufficientMemory,Source:EventSource{Component:kubelet,Host:mg-cluster-worker3,},FirstTimestamp:2024-07-22 02:39:13.360328793 +0000 UTC m=+0.394617668,LastTimestamp:2024-07-22 02:39:13.360328793 +0000 UTC m=+0.394617668,Count:1,Type:Normal,EventTime:0001-01-01 00:00:00 +0000 UTC,Series:nil,Action:,Related:nil,ReportingController:kubelet,ReportingInstance:mg-cluster-worker3,}"
Jul 22 02:39:13 mg-cluster-worker3 kubelet[175]: W0722 02:39:13.378111     175 reflector.go:547] k8s.io/client-go/informers/factory.go:160: failed to list *v1.CSIDriver: csidrivers.storage.k8s.io is forbidden: User "system:anonymous" cannot list resource "csidrivers" in API group "storage.k8s.io" at the cluster scope
Jul 22 02:39:13 mg-cluster-worker3 kubelet[175]: E0722 02:39:13.378151     175 reflector.go:150] k8s.io/client-go/informers/factory.go:160: Failed to watch *v1.CSIDriver: failed to list *v1.CSIDriver: csidrivers.storage.k8s.io is forbidden: User "system:anonymous" cannot list resource "csidrivers" in API group "storage.k8s.io" at the cluster scope
Jul 22 02:39:13 mg-cluster-worker3 kubelet[175]: E0722 02:39:13.378222     175 controller.go:145] "Failed to ensure lease exists, will retry" err="leases.coordination.k8s.io \"mg-cluster-worker3\" is forbidden: User \"system:anonymous\" cannot get resource \"leases\" in API group \"coordination.k8s.io\" in the namespace \"kube-node-lease\"" interval="200ms"
Jul 22 02:39:13 mg-cluster-worker3 systemd[1]: Created slice kubelet-kubepods.slice - libcontainer container kubelet-kubepods.slice.
Jul 22 02:39:13 mg-cluster-worker3 kubelet[175]: E0722 02:39:13.385973     175 event.go:359] "Server rejected event (will not retry!)" err="events is forbidden: User \"system:anonymous\" cannot create resource \"events\" in API group \"\" in the namespace \"default\"" event="&Event{ObjectMeta:{mg-cluster-worker3.17e468968bb02247  default    0 0001-01-01 00:00:00 +0000 UTC <nil> <nil> map[] map[] [] [] []},InvolvedObject:ObjectReference{Kind:Node,Namespace:,Name:mg-cluster-worker3,UID:mg-cluster-worker3,APIVersion:,ResourceVersion:,FieldPath:,},Reason:NodeHasNoDiskPressure,Message:Node mg-cluster-worker3 status is now: NodeHasNoDiskPressure,Source:EventSource{Component:kubelet,Host:mg-cluster-worker3,},FirstTimestamp:2024-07-22 02:39:13.360331335 +0000 UTC m=+0.394620168,LastTimestamp:2024-07-22 02:39:13.360331335 +0000 UTC m=+0.394620168,Count:1,Type:Normal,EventTime:0001-01-01 00:00:00 +0000 UTC,Series:nil,Action:,Related:nil,ReportingController:kubelet,ReportingInstance:mg-cluster-worker3,}"
Jul 22 02:39:13 mg-cluster-worker3 kubelet[175]: W0722 02:39:13.386292     175 reflector.go:547] k8s.io/client-go/informers/factory.go:160: failed to list *v1.RuntimeClass: runtimeclasses.node.k8s.io is forbidden: User "system:anonymous" cannot list resource "runtimeclasses" in API group "node.k8s.io" at the cluster scope
Jul 22 02:39:13 mg-cluster-worker3 kubelet[175]: E0722 02:39:13.386332     175 reflector.go:150] k8s.io/client-go/informers/factory.go:160: Failed to watch *v1.RuntimeClass: failed to list *v1.RuntimeClass: runtimeclasses.node.k8s.io is forbidden: User "system:anonymous" cannot list resource "runtimeclasses" in API group "node.k8s.io" at the cluster scope
Jul 22 02:39:13 mg-cluster-worker3 kubelet[175]: E0722 02:39:13.387645     175 event.go:359] "Server rejected event (will not retry!)" err="events is forbidden: User \"system:anonymous\" cannot create resource \"events\" in API group \"\" in the namespace \"default\"" event="&Event{ObjectMeta:{mg-cluster-worker3.17e468968bb02a94  default    0 0001-01-01 00:00:00 +0000 UTC <nil> <nil> map[] map[] [] [] []},InvolvedObject:ObjectReference{Kind:Node,Namespace:,Name:mg-cluster-worker3,UID:mg-cluster-worker3,APIVersion:,ResourceVersion:,FieldPath:,},Reason:NodeHasSufficientPID,Message:Node mg-cluster-worker3 status is now: NodeHasSufficientPID,Source:EventSource{Component:kubelet,Host:mg-cluster-worker3,},FirstTimestamp:2024-07-22 02:39:13.36033346 +0000 UTC m=+0.394622293,LastTimestamp:2024-07-22 02:39:13.36033346 +0000 UTC m=+0.394622293,Count:1,Type:Normal,EventTime:0001-01-01 00:00:00 +0000 UTC,Series:nil,Action:,Related:nil,ReportingController:kubelet,ReportingInstance:mg-cluster-worker3,}"
Jul 22 02:39:13 mg-cluster-worker3 kubelet[175]: E0722 02:39:13.388063     175 kubelet.go:1547] "Failed to start ContainerManager" err="failed to initialize top level QOS containers: root container [kubelet kubepods] doesn't exist"
Jul 22 02:39:13 mg-cluster-worker3 systemd[1]: kubelet.service: Main process exited, code=exited, status=1/FAILURE
Jul 22 02:39:13 mg-cluster-worker3 systemd[1]: kubelet.service: Failed with result 'exit-code'.
Jul 22 02:39:14 mg-cluster-worker3 systemd[1]: kubelet.service: Scheduled restart job, restart counter is at 1.
Jul 22 02:39:14 mg-cluster-worker3 systemd[1]: Stopped kubelet.service - kubelet: The Kubernetes Node Agent.
Jul 22 02:39:14 mg-cluster-worker3 systemd[1]: Starting kubelet.service - kubelet: The Kubernetes Node Agent...
Jul 22 02:39:14 mg-cluster-worker3 systemd[1]: Started kubelet.service - kubelet: The Kubernetes Node Agent.
Jul 22 02:39:14 mg-cluster-worker3 kubelet[214]: Flag --container-runtime-endpoint has been deprecated, This parameter should be set via the config file specified by the Kubelet's --config flag. See https://kubernetes.io/docs/tasks/administer-cluster/kubelet-config-file/ for more information.
Jul 22 02:39:14 mg-cluster-worker3 kubelet[214]: Flag --pod-infra-container-image has been deprecated, will be removed in a future release. Image garbage collector will get sandbox image information from CRI.
Jul 22 02:39:14 mg-cluster-worker3 kubelet[214]: I0722 02:39:14.509156     214 server.go:205] "--pod-infra-container-image will not be pruned by the image garbage collector in kubelet and should also be set in the remote runtime"
Jul 22 02:39:14 mg-cluster-worker3 kubelet[214]: I0722 02:39:14.511877     214 server.go:484] "Kubelet version" kubeletVersion="v1.30.0"
Jul 22 02:39:14 mg-cluster-worker3 kubelet[214]: I0722 02:39:14.511904     214 server.go:486] "Golang settings" GOGC="" GOMAXPROCS="" GOTRACEBACK=""
Jul 22 02:39:14 mg-cluster-worker3 kubelet[214]: I0722 02:39:14.512024     214 server.go:927] "Client rotation is on, will bootstrap in background"
Jul 22 02:39:14 mg-cluster-worker3 kubelet[214]: E0722 02:39:14.512336     214 bootstrap.go:241] unable to read existing bootstrap client config from /etc/kubernetes/kubelet.conf: invalid configuration: [unable to read client-cert /var/lib/kubelet/pki/kubelet-client-current.pem for default-auth due to open /var/lib/kubelet/pki/kubelet-client-current.pem: no such file or directory, unable to read client-key /var/lib/kubelet/pki/kubelet-client-current.pem for default-auth due to open /var/lib/kubelet/pki/kubelet-client-current.pem: no such file or directory]
Jul 22 02:39:14 mg-cluster-worker3 kubelet[214]: I0722 02:39:14.516237     214 dynamic_cafile_content.go:157] "Starting controller" name="client-ca-bundle::/etc/kubernetes/pki/ca.crt"
Jul 22 02:39:14 mg-cluster-worker3 kubelet[214]: I0722 02:39:14.522047     214 server.go:810] "NoSwap is set due to memorySwapBehavior not specified" memorySwapBehavior="" FailSwapOn=false
Jul 22 02:39:14 mg-cluster-worker3 kubelet[214]: I0722 02:39:14.522203     214 container_manager_linux.go:265] "Container manager verified user specified cgroup-root exists" cgroupRoot=["kubelet"]
Jul 22 02:39:14 mg-cluster-worker3 kubelet[214]: I0722 02:39:14.522242     214 container_manager_linux.go:270] "Creating Container Manager object based on Node Config" nodeConfig={"NodeName":"mg-cluster-worker3","RuntimeCgroupsName":"/system.slice/containerd.service","SystemCgroupsName":"","KubeletCgroupsName":"","KubeletOOMScoreAdj":-999,"ContainerRuntime":"","CgroupsPerQOS":true,"CgroupRoot":"/kubelet","CgroupDriver":"systemd","KubeletRootDir":"/var/lib/kubelet","ProtectKernelDefaults":false,"KubeReservedCgroupName":"","SystemReservedCgroupName":"","ReservedSystemCPUs":{},"EnforceNodeAllocatable":{"pods":{}},"KubeReserved":null,"SystemReserved":null,"HardEvictionThresholds":[],"QOSReserved":{},"CPUManagerPolicy":"none","CPUManagerPolicyOptions":null,"TopologyManagerScope":"container","CPUManagerReconcilePeriod":10000000000,"ExperimentalMemoryManagerPolicy":"None","ExperimentalMemoryManagerReservedMemory":null,"PodPidsLimit":-1,"EnforceCPULimits":true,"CPUCFSQuotaPeriod":100000000,"TopologyManagerPolicy":"none","TopologyManagerPolicyOptions":null}
Jul 22 02:39:14 mg-cluster-worker3 kubelet[214]: I0722 02:39:14.522369     214 topology_manager.go:138] "Creating topology manager with none policy"
Jul 22 02:39:14 mg-cluster-worker3 kubelet[214]: I0722 02:39:14.522395     214 container_manager_linux.go:301] "Creating device plugin manager"
Jul 22 02:39:14 mg-cluster-worker3 kubelet[214]: I0722 02:39:14.522438     214 state_mem.go:36] "Initialized new in-memory state store"
Jul 22 02:39:14 mg-cluster-worker3 kubelet[214]: I0722 02:39:14.522510     214 kubelet.go:400] "Attempting to sync node with API server"
Jul 22 02:39:14 mg-cluster-worker3 kubelet[214]: I0722 02:39:14.522540     214 kubelet.go:301] "Adding static pod path" path="/etc/kubernetes/manifests"
Jul 22 02:39:14 mg-cluster-worker3 kubelet[214]: I0722 02:39:14.523458     214 kubelet.go:312] "Adding apiserver pod source"
Jul 22 02:39:14 mg-cluster-worker3 kubelet[214]: I0722 02:39:14.523491     214 apiserver.go:42] "Waiting for node sync before watching apiserver pods"
Jul 22 02:39:14 mg-cluster-worker3 kubelet[214]: I0722 02:39:14.524795     214 kuberuntime_manager.go:261] "Container runtime initialized" containerRuntime="containerd" version="v1.7.15" apiVersion="v1"
Jul 22 02:39:14 mg-cluster-worker3 kubelet[214]: I0722 02:39:14.525842     214 kubelet.go:815] "Not starting ClusterTrustBundle informer because we are in static kubelet mode"
Jul 22 02:39:14 mg-cluster-worker3 kubelet[214]: I0722 02:39:14.526106     214 server.go:1264] "Started kubelet"
Jul 22 02:39:14 mg-cluster-worker3 kubelet[214]: I0722 02:39:14.526709     214 ratelimit.go:55] "Setting rate limiting for endpoint" service="podresources" qps=100 burstTokens=10
Jul 22 02:39:14 mg-cluster-worker3 kubelet[214]: I0722 02:39:14.526898     214 server.go:227] "Starting to serve the podresources API" endpoint="unix:/var/lib/kubelet/pod-resources/kubelet.sock"
Jul 22 02:39:14 mg-cluster-worker3 kubelet[214]: I0722 02:39:14.527658     214 fs_resource_analyzer.go:67] "Starting FS ResourceAnalyzer"
Jul 22 02:39:14 mg-cluster-worker3 kubelet[214]: E0722 02:39:14.529881     214 event.go:359] "Server rejected event (will not retry!)" err="events is forbidden: User \"system:anonymous\" cannot create resource \"events\" in API group \"\" in the namespace \"default\"" event="&Event{ObjectMeta:{mg-cluster-worker3.17e46896d12c5034  default    0 0001-01-01 00:00:00 +0000 UTC <nil> <nil> map[] map[] [] [] []},InvolvedObject:ObjectReference{Kind:Node,Namespace:,Name:mg-cluster-worker3,UID:mg-cluster-worker3,APIVersion:,ResourceVersion:,FieldPath:,},Reason:Starting,Message:Starting kubelet.,Source:EventSource{Component:kubelet,Host:mg-cluster-worker3,},FirstTimestamp:2024-07-22 02:39:14.52609746 +0000 UTC m=+0.046693418,LastTimestamp:2024-07-22 02:39:14.52609746 +0000 UTC m=+0.046693418,Count:1,Type:Normal,EventTime:0001-01-01 00:00:00 +0000 UTC,Series:nil,Action:,Related:nil,ReportingController:kubelet,ReportingInstance:mg-cluster-worker3,}"
Jul 22 02:39:14 mg-cluster-worker3 kubelet[214]: W0722 02:39:14.530085     214 reflector.go:547] k8s.io/client-go/informers/factory.go:160: failed to list *v1.Node: nodes "mg-cluster-worker3" is forbidden: User "system:anonymous" cannot list resource "nodes" in API group "" at the cluster scope
Jul 22 02:39:14 mg-cluster-worker3 kubelet[214]: E0722 02:39:14.530262     214 reflector.go:150] k8s.io/client-go/informers/factory.go:160: Failed to watch *v1.Node: failed to list *v1.Node: nodes "mg-cluster-worker3" is forbidden: User "system:anonymous" cannot list resource "nodes" in API group "" at the cluster scope
Jul 22 02:39:14 mg-cluster-worker3 kubelet[214]: W0722 02:39:14.530366     214 reflector.go:547] k8s.io/client-go/informers/factory.go:160: failed to list *v1.Service: services is forbidden: User "system:anonymous" cannot list resource "services" in API group "" at the cluster scope
Jul 22 02:39:14 mg-cluster-worker3 kubelet[214]: E0722 02:39:14.530399     214 reflector.go:150] k8s.io/client-go/informers/factory.go:160: Failed to watch *v1.Service: failed to list *v1.Service: services is forbidden: User "system:anonymous" cannot list resource "services" in API group "" at the cluster scope
Jul 22 02:39:14 mg-cluster-worker3 kubelet[214]: I0722 02:39:14.530816     214 server.go:163] "Starting to listen" address="0.0.0.0" port=10250
Jul 22 02:39:14 mg-cluster-worker3 kubelet[214]: I0722 02:39:14.533679     214 server.go:455] "Adding debug handlers to kubelet server"
Jul 22 02:39:14 mg-cluster-worker3 kubelet[214]: I0722 02:39:14.535155     214 volume_manager.go:291] "Starting Kubelet Volume Manager"
Jul 22 02:39:14 mg-cluster-worker3 kubelet[214]: I0722 02:39:14.535282     214 desired_state_of_world_populator.go:149] "Desired state populator starts to run"
Jul 22 02:39:14 mg-cluster-worker3 kubelet[214]: I0722 02:39:14.535345     214 reconciler.go:26] "Reconciler: start to sync state"
Jul 22 02:39:14 mg-cluster-worker3 kubelet[214]: I0722 02:39:14.536057     214 factory.go:221] Registration of the systemd container factory successfully
Jul 22 02:39:14 mg-cluster-worker3 kubelet[214]: I0722 02:39:14.536266     214 factory.go:219] Registration of the crio container factory failed: Get "http://%2Fvar%2Frun%2Fcrio%2Fcrio.sock/info": dial unix /var/run/crio/crio.sock: connect: no such file or directory
Jul 22 02:39:14 mg-cluster-worker3 kubelet[214]: W0722 02:39:14.536735     214 reflector.go:547] k8s.io/client-go/informers/factory.go:160: failed to list *v1.CSIDriver: csidrivers.storage.k8s.io is forbidden: User "system:anonymous" cannot list resource "csidrivers" in API group "storage.k8s.io" at the cluster scope
Jul 22 02:39:14 mg-cluster-worker3 kubelet[214]: E0722 02:39:14.536918     214 reflector.go:150] k8s.io/client-go/informers/factory.go:160: Failed to watch *v1.CSIDriver: failed to list *v1.CSIDriver: csidrivers.storage.k8s.io is forbidden: User "system:anonymous" cannot list resource "csidrivers" in API group "storage.k8s.io" at the cluster scope
Jul 22 02:39:14 mg-cluster-worker3 kubelet[214]: I0722 02:39:14.540709     214 factory.go:221] Registration of the containerd container factory successfully
Jul 22 02:39:14 mg-cluster-worker3 kubelet[214]: E0722 02:39:14.542974     214 controller.go:145] "Failed to ensure lease exists, will retry" err="leases.coordination.k8s.io \"mg-cluster-worker3\" is forbidden: User \"system:anonymous\" cannot get resource \"leases\" in API group \"coordination.k8s.io\" in the namespace \"kube-node-lease\"" interval="200ms"
Jul 22 02:39:14 mg-cluster-worker3 kubelet[214]: I0722 02:39:14.547782     214 cpu_manager.go:214] "Starting CPU manager" policy="none"
Jul 22 02:39:14 mg-cluster-worker3 kubelet[214]: I0722 02:39:14.550061     214 cpu_manager.go:215] "Reconciling" reconcilePeriod="10s"
Jul 22 02:39:14 mg-cluster-worker3 kubelet[214]: I0722 02:39:14.551505     214 state_mem.go:36] "Initialized new in-memory state store"
Jul 22 02:39:14 mg-cluster-worker3 kubelet[214]: I0722 02:39:14.551825     214 state_mem.go:88] "Updated default CPUSet" cpuSet=""
Jul 22 02:39:14 mg-cluster-worker3 kubelet[214]: I0722 02:39:14.552298     214 state_mem.go:96] "Updated CPUSet assignments" assignments={}
Jul 22 02:39:14 mg-cluster-worker3 kubelet[214]: I0722 02:39:14.552351     214 policy_none.go:49] "None policy: Start"
Jul 22 02:39:14 mg-cluster-worker3 kubelet[214]: I0722 02:39:14.554904     214 memory_manager.go:170] "Starting memorymanager" policy="None"
Jul 22 02:39:14 mg-cluster-worker3 kubelet[214]: I0722 02:39:14.554951     214 state_mem.go:35] "Initializing new in-memory state store"
Jul 22 02:39:14 mg-cluster-worker3 kubelet[214]: I0722 02:39:14.555290     214 state_mem.go:75] "Updated machine memory state"
Jul 22 02:39:14 mg-cluster-worker3 systemd[1]: Created slice kubelet-kubepods-burstable.slice - libcontainer container kubelet-kubepods-burstable.slice.
Jul 22 02:39:14 mg-cluster-worker3 kubelet[214]: I0722 02:39:14.568857     214 kubelet_network_linux.go:50] "Initialized iptables rules." protocol="IPv4"
Jul 22 02:39:14 mg-cluster-worker3 systemd[1]: Created slice kubelet-kubepods-besteffort.slice - libcontainer container kubelet-kubepods-besteffort.slice.
Jul 22 02:39:14 mg-cluster-worker3 kubelet[214]: I0722 02:39:14.571036     214 kubelet_network_linux.go:50] "Initialized iptables rules." protocol="IPv6"
Jul 22 02:39:14 mg-cluster-worker3 kubelet[214]: I0722 02:39:14.571102     214 status_manager.go:217] "Starting to sync pod status with apiserver"
Jul 22 02:39:14 mg-cluster-worker3 kubelet[214]: I0722 02:39:14.571136     214 kubelet.go:2337] "Starting kubelet main sync loop"
Jul 22 02:39:14 mg-cluster-worker3 kubelet[214]: E0722 02:39:14.571173     214 kubelet.go:2361] "Skipping pod synchronization" err="[container runtime status check may not have completed yet, PLEG is not healthy: pleg has yet to be successful]"
Jul 22 02:39:14 mg-cluster-worker3 kubelet[214]: I0722 02:39:14.575129     214 manager.go:479] "Failed to read data from checkpoint" checkpoint="kubelet_internal_checkpoint" err="checkpoint is not found"
Jul 22 02:39:14 mg-cluster-worker3 kubelet[214]: I0722 02:39:14.575263     214 container_log_manager.go:186] "Initializing container log rotate workers" workers=1 monitorPeriod="10s"
Jul 22 02:39:14 mg-cluster-worker3 kubelet[214]: I0722 02:39:14.575420     214 plugin_manager.go:118] "Starting Kubelet Plugin Manager"
Jul 22 02:39:14 mg-cluster-worker3 kubelet[214]: E0722 02:39:14.576584     214 eviction_manager.go:282] "Eviction manager: failed to get summary stats" err="failed to get node info: node \"mg-cluster-worker3\" not found"
Jul 22 02:39:14 mg-cluster-worker3 kubelet[214]: I0722 02:39:14.636050     214 kubelet_node_status.go:73] "Attempting to register node" node="mg-cluster-worker3"
Jul 22 02:39:14 mg-cluster-worker3 kubelet[214]: I0722 02:39:14.639957     214 kubelet_node_status.go:76] "Successfully registered node" node="mg-cluster-worker3"
Jul 22 02:39:14 mg-cluster-worker3 kubelet[214]: E0722 02:39:14.648107     214 kubelet_node_status.go:462] "Error getting the current node from lister" err="node \"mg-cluster-worker3\" not found"
Jul 22 02:39:14 mg-cluster-worker3 kubelet[214]: E0722 02:39:14.748840     214 kubelet_node_status.go:462] "Error getting the current node from lister" err="node \"mg-cluster-worker3\" not found"
Jul 22 02:39:14 mg-cluster-worker3 kubelet[214]: E0722 02:39:14.849601     214 kubelet_node_status.go:462] "Error getting the current node from lister" err="node \"mg-cluster-worker3\" not found"
Jul 22 02:39:14 mg-cluster-worker3 kubelet[214]: E0722 02:39:14.950348     214 kubelet_node_status.go:462] "Error getting the current node from lister" err="node \"mg-cluster-worker3\" not found"
Jul 22 02:39:15 mg-cluster-worker3 kubelet[214]: E0722 02:39:15.051088     214 kubelet_node_status.go:462] "Error getting the current node from lister" err="node \"mg-cluster-worker3\" not found"
Jul 22 02:39:15 mg-cluster-worker3 kubelet[214]: E0722 02:39:15.152186     214 kubelet_node_status.go:462] "Error getting the current node from lister" err="node \"mg-cluster-worker3\" not found"
Jul 22 02:39:15 mg-cluster-worker3 kubelet[214]: E0722 02:39:15.252967     214 kubelet_node_status.go:462] "Error getting the current node from lister" err="node \"mg-cluster-worker3\" not found"
Jul 22 02:39:15 mg-cluster-worker3 kubelet[214]: E0722 02:39:15.354080     214 kubelet_node_status.go:462] "Error getting the current node from lister" err="node \"mg-cluster-worker3\" not found"
Jul 22 02:39:15 mg-cluster-worker3 kubelet[214]: E0722 02:39:15.455132     214 kubelet_node_status.go:462] "Error getting the current node from lister" err="node \"mg-cluster-worker3\" not found"
Jul 22 02:39:15 mg-cluster-worker3 kubelet[214]: I0722 02:39:15.516657     214 transport.go:147] "Certificate rotation detected, shutting down client connections to start using new credentials"
Jul 22 02:39:15 mg-cluster-worker3 kubelet[214]: W0722 02:39:15.516839     214 reflector.go:470] k8s.io/client-go/informers/factory.go:160: watch of *v1.RuntimeClass ended with: very short watch: k8s.io/client-go/informers/factory.go:160: Unexpected watch close - watch lasted less than a second and no items received
Jul 22 02:39:15 mg-cluster-worker3 kubelet[214]: E0722 02:39:15.556164     214 kubelet_node_status.go:462] "Error getting the current node from lister" err="node \"mg-cluster-worker3\" not found"
Jul 22 02:39:15 mg-cluster-worker3 kubelet[214]: I0722 02:39:15.657331     214 kuberuntime_manager.go:1523] "Updating runtime config through cri with podcidr" CIDR="10.244.1.0/24"
Jul 22 02:39:15 mg-cluster-worker3 containerd[105]: time="2024-07-22T02:39:15.658014711Z" level=info msg="No cni config template is specified, wait for other system components to drop the config."
Jul 22 02:39:15 mg-cluster-worker3 kubelet[214]: I0722 02:39:15.658825     214 kubelet_network.go:61] "Updating Pod CIDR" originalPodCIDR="" newPodCIDR="10.244.1.0/24"
Jul 22 02:39:16 mg-cluster-worker3 kubelet[214]: I0722 02:39:16.526045     214 apiserver.go:52] "Watching apiserver"
Jul 22 02:39:16 mg-cluster-worker3 kubelet[214]: I0722 02:39:16.527136     214 topology_manager.go:215] "Topology Admit Handler" podUID="07e6c89b-db2e-4c86-9783-81e58fa48b46" podNamespace="kube-system" podName="kindnet-gc29f"
Jul 22 02:39:16 mg-cluster-worker3 kubelet[214]: I0722 02:39:16.527235     214 topology_manager.go:215] "Topology Admit Handler" podUID="0d9e7063-11ed-4f5b-ba60-305c9221d608" podNamespace="kube-system" podName="kube-proxy-p4szr"
Jul 22 02:39:16 mg-cluster-worker3 systemd[1]: Created slice kubelet-kubepods-besteffort-pod0d9e7063_11ed_4f5b_ba60_305c9221d608.slice - libcontainer container kubelet-kubepods-besteffort-pod0d9e7063_11ed_4f5b_ba60_305c9221d608.slice.
Jul 22 02:39:16 mg-cluster-worker3 kubelet[214]: I0722 02:39:16.535833     214 desired_state_of_world_populator.go:157] "Finished populating initial desired state of world"
Jul 22 02:39:16 mg-cluster-worker3 kubelet[214]: I0722 02:39:16.548174     214 reconciler_common.go:247] "operationExecutor.VerifyControllerAttachedVolume started for volume \"lib-modules\" (UniqueName: \"kubernetes.io/host-path/0d9e7063-11ed-4f5b-ba60-305c9221d608-lib-modules\") pod \"kube-proxy-p4szr\" (UID: \"0d9e7063-11ed-4f5b-ba60-305c9221d608\") " pod="kube-system/kube-proxy-p4szr"
Jul 22 02:39:16 mg-cluster-worker3 kubelet[214]: I0722 02:39:16.548277     214 reconciler_common.go:247] "operationExecutor.VerifyControllerAttachedVolume started for volume \"kube-api-access-stxb9\" (UniqueName: \"kubernetes.io/projected/0d9e7063-11ed-4f5b-ba60-305c9221d608-kube-api-access-stxb9\") pod \"kube-proxy-p4szr\" (UID: \"0d9e7063-11ed-4f5b-ba60-305c9221d608\") " pod="kube-system/kube-proxy-p4szr"
Jul 22 02:39:16 mg-cluster-worker3 kubelet[214]: I0722 02:39:16.548321     214 reconciler_common.go:247] "operationExecutor.VerifyControllerAttachedVolume started for volume \"cni-cfg\" (UniqueName: \"kubernetes.io/host-path/07e6c89b-db2e-4c86-9783-81e58fa48b46-cni-cfg\") pod \"kindnet-gc29f\" (UID: \"07e6c89b-db2e-4c86-9783-81e58fa48b46\") " pod="kube-system/kindnet-gc29f"
Jul 22 02:39:16 mg-cluster-worker3 kubelet[214]: I0722 02:39:16.548360     214 reconciler_common.go:247] "operationExecutor.VerifyControllerAttachedVolume started for volume \"xtables-lock\" (UniqueName: \"kubernetes.io/host-path/07e6c89b-db2e-4c86-9783-81e58fa48b46-xtables-lock\") pod \"kindnet-gc29f\" (UID: \"07e6c89b-db2e-4c86-9783-81e58fa48b46\") " pod="kube-system/kindnet-gc29f"
Jul 22 02:39:16 mg-cluster-worker3 kubelet[214]: I0722 02:39:16.548396     214 reconciler_common.go:247] "operationExecutor.VerifyControllerAttachedVolume started for volume \"lib-modules\" (UniqueName: \"kubernetes.io/host-path/07e6c89b-db2e-4c86-9783-81e58fa48b46-lib-modules\") pod \"kindnet-gc29f\" (UID: \"07e6c89b-db2e-4c86-9783-81e58fa48b46\") " pod="kube-system/kindnet-gc29f"
Jul 22 02:39:16 mg-cluster-worker3 kubelet[214]: I0722 02:39:16.548436     214 reconciler_common.go:247] "operationExecutor.VerifyControllerAttachedVolume started for volume \"kube-api-access-k9n7f\" (UniqueName: \"kubernetes.io/projected/07e6c89b-db2e-4c86-9783-81e58fa48b46-kube-api-access-k9n7f\") pod \"kindnet-gc29f\" (UID: \"07e6c89b-db2e-4c86-9783-81e58fa48b46\") " pod="kube-system/kindnet-gc29f"
Jul 22 02:39:16 mg-cluster-worker3 kubelet[214]: I0722 02:39:16.548467     214 reconciler_common.go:247] "operationExecutor.VerifyControllerAttachedVolume started for volume \"kube-proxy\" (UniqueName: \"kubernetes.io/configmap/0d9e7063-11ed-4f5b-ba60-305c9221d608-kube-proxy\") pod \"kube-proxy-p4szr\" (UID: \"0d9e7063-11ed-4f5b-ba60-305c9221d608\") " pod="kube-system/kube-proxy-p4szr"
Jul 22 02:39:16 mg-cluster-worker3 kubelet[214]: I0722 02:39:16.548509     214 reconciler_common.go:247] "operationExecutor.VerifyControllerAttachedVolume started for volume \"xtables-lock\" (UniqueName: \"kubernetes.io/host-path/0d9e7063-11ed-4f5b-ba60-305c9221d608-xtables-lock\") pod \"kube-proxy-p4szr\" (UID: \"0d9e7063-11ed-4f5b-ba60-305c9221d608\") " pod="kube-system/kube-proxy-p4szr"
Jul 22 02:39:16 mg-cluster-worker3 systemd[1]: Created slice kubelet-kubepods-pod07e6c89b_db2e_4c86_9783_81e58fa48b46.slice - libcontainer container kubelet-kubepods-pod07e6c89b_db2e_4c86_9783_81e58fa48b46.slice.
Jul 22 02:39:16 mg-cluster-worker3 containerd[105]: time="2024-07-22T02:39:16.852017003Z" level=info msg="RunPodSandbox for &PodSandboxMetadata{Name:kube-proxy-p4szr,Uid:0d9e7063-11ed-4f5b-ba60-305c9221d608,Namespace:kube-system,Attempt:0,}"
Jul 22 02:39:16 mg-cluster-worker3 containerd[105]: time="2024-07-22T02:39:16.855380837Z" level=info msg="RunPodSandbox for &PodSandboxMetadata{Name:kindnet-gc29f,Uid:07e6c89b-db2e-4c86-9783-81e58fa48b46,Namespace:kube-system,Attempt:0,}"
Jul 22 02:39:16 mg-cluster-worker3 systemd[1]: var-lib-containerd-tmpmounts-containerd\x2dmount411384969.mount: Deactivated successfully.
Jul 22 02:39:16 mg-cluster-worker3 containerd[105]: time="2024-07-22T02:39:16.905034170Z" level=info msg="loading plugin \"io.containerd.event.v1.publisher\"..." runtime=io.containerd.runc.v2 type=io.containerd.event.v1
Jul 22 02:39:16 mg-cluster-worker3 containerd[105]: time="2024-07-22T02:39:16.905136087Z" level=info msg="loading plugin \"io.containerd.internal.v1.shutdown\"..." runtime=io.containerd.runc.v2 type=io.containerd.internal.v1
Jul 22 02:39:16 mg-cluster-worker3 containerd[105]: time="2024-07-22T02:39:16.905155962Z" level=info msg="loading plugin \"io.containerd.ttrpc.v1.task\"..." runtime=io.containerd.runc.v2 type=io.containerd.ttrpc.v1
Jul 22 02:39:16 mg-cluster-worker3 containerd[105]: time="2024-07-22T02:39:16.905247670Z" level=info msg="loading plugin \"io.containerd.ttrpc.v1.pause\"..." runtime=io.containerd.runc.v2 type=io.containerd.ttrpc.v1
Jul 22 02:39:16 mg-cluster-worker3 systemd[1]: Started cri-containerd-488fae24fd1362c41565ecf68d88b3a7e4e5d4fe7c3f3922873fc37c7e6f6492.scope - libcontainer container 488fae24fd1362c41565ecf68d88b3a7e4e5d4fe7c3f3922873fc37c7e6f6492.
Jul 22 02:39:16 mg-cluster-worker3 containerd[105]: time="2024-07-22T02:39:16.941768003Z" level=info msg="loading plugin \"io.containerd.event.v1.publisher\"..." runtime=io.containerd.runc.v2 type=io.containerd.event.v1
Jul 22 02:39:16 mg-cluster-worker3 containerd[105]: time="2024-07-22T02:39:16.941844128Z" level=info msg="loading plugin \"io.containerd.internal.v1.shutdown\"..." runtime=io.containerd.runc.v2 type=io.containerd.internal.v1
Jul 22 02:39:16 mg-cluster-worker3 containerd[105]: time="2024-07-22T02:39:16.941853087Z" level=info msg="loading plugin \"io.containerd.ttrpc.v1.task\"..." runtime=io.containerd.runc.v2 type=io.containerd.ttrpc.v1
Jul 22 02:39:16 mg-cluster-worker3 containerd[105]: time="2024-07-22T02:39:16.941899712Z" level=info msg="loading plugin \"io.containerd.ttrpc.v1.pause\"..." runtime=io.containerd.runc.v2 type=io.containerd.ttrpc.v1
Jul 22 02:39:16 mg-cluster-worker3 systemd[1]: Started cri-containerd-3e45dc8f502ac3bd80dd6392b82fa3a4537a49bb77220a7cabeb9e3349097960.scope - libcontainer container 3e45dc8f502ac3bd80dd6392b82fa3a4537a49bb77220a7cabeb9e3349097960.
Jul 22 02:39:16 mg-cluster-worker3 containerd[105]: time="2024-07-22T02:39:16.982512628Z" level=info msg="RunPodSandbox for &PodSandboxMetadata{Name:kube-proxy-p4szr,Uid:0d9e7063-11ed-4f5b-ba60-305c9221d608,Namespace:kube-system,Attempt:0,} returns sandbox id \"3e45dc8f502ac3bd80dd6392b82fa3a4537a49bb77220a7cabeb9e3349097960\""
Jul 22 02:39:16 mg-cluster-worker3 containerd[105]: time="2024-07-22T02:39:16.984879837Z" level=info msg="CreateContainer within sandbox \"3e45dc8f502ac3bd80dd6392b82fa3a4537a49bb77220a7cabeb9e3349097960\" for container &ContainerMetadata{Name:kube-proxy,Attempt:0,}"
Jul 22 02:39:17 mg-cluster-worker3 containerd[105]: time="2024-07-22T02:39:17.043900087Z" level=info msg="RunPodSandbox for &PodSandboxMetadata{Name:kindnet-gc29f,Uid:07e6c89b-db2e-4c86-9783-81e58fa48b46,Namespace:kube-system,Attempt:0,} returns sandbox id \"488fae24fd1362c41565ecf68d88b3a7e4e5d4fe7c3f3922873fc37c7e6f6492\""
Jul 22 02:39:17 mg-cluster-worker3 containerd[105]: time="2024-07-22T02:39:17.045909670Z" level=info msg="CreateContainer within sandbox \"488fae24fd1362c41565ecf68d88b3a7e4e5d4fe7c3f3922873fc37c7e6f6492\" for container &ContainerMetadata{Name:kindnet-cni,Attempt:0,}"
Jul 22 02:39:17 mg-cluster-worker3 containerd[105]: time="2024-07-22T02:39:17.358120712Z" level=info msg="CreateContainer within sandbox \"3e45dc8f502ac3bd80dd6392b82fa3a4537a49bb77220a7cabeb9e3349097960\" for &ContainerMetadata{Name:kube-proxy,Attempt:0,} returns container id \"57f3a65f0d67025d227c8c0929bda0ea3064349d6869c67a3dafdd245d296f97\""
Jul 22 02:39:17 mg-cluster-worker3 containerd[105]: time="2024-07-22T02:39:17.359017128Z" level=info msg="StartContainer for \"57f3a65f0d67025d227c8c0929bda0ea3064349d6869c67a3dafdd245d296f97\""
Jul 22 02:39:17 mg-cluster-worker3 systemd[1]: Started cri-containerd-57f3a65f0d67025d227c8c0929bda0ea3064349d6869c67a3dafdd245d296f97.scope - libcontainer container 57f3a65f0d67025d227c8c0929bda0ea3064349d6869c67a3dafdd245d296f97.
Jul 22 02:39:17 mg-cluster-worker3 containerd[105]: time="2024-07-22T02:39:17.469500545Z" level=info msg="StartContainer for \"57f3a65f0d67025d227c8c0929bda0ea3064349d6869c67a3dafdd245d296f97\" returns successfully"
Jul 22 02:39:17 mg-cluster-worker3 systemd[1]: var-lib-containerd-tmpmounts-containerd\x2dmount613573836.mount: Deactivated successfully.
Jul 22 02:39:17 mg-cluster-worker3 containerd[105]: time="2024-07-22T02:39:17.863347295Z" level=info msg="CreateContainer within sandbox \"488fae24fd1362c41565ecf68d88b3a7e4e5d4fe7c3f3922873fc37c7e6f6492\" for &ContainerMetadata{Name:kindnet-cni,Attempt:0,} returns container id \"cd68d8a58f826b1346b72137df6ad69c6de49836175b66a57bc3bd79f7c6584c\""
Jul 22 02:39:17 mg-cluster-worker3 containerd[105]: time="2024-07-22T02:39:17.863857045Z" level=info msg="StartContainer for \"cd68d8a58f826b1346b72137df6ad69c6de49836175b66a57bc3bd79f7c6584c\""
Jul 22 02:39:17 mg-cluster-worker3 systemd[1]: Started cri-containerd-cd68d8a58f826b1346b72137df6ad69c6de49836175b66a57bc3bd79f7c6584c.scope - libcontainer container cd68d8a58f826b1346b72137df6ad69c6de49836175b66a57bc3bd79f7c6584c.
Jul 22 02:39:18 mg-cluster-worker3 containerd[105]: time="2024-07-22T02:39:18.241756837Z" level=info msg="StartContainer for \"cd68d8a58f826b1346b72137df6ad69c6de49836175b66a57bc3bd79f7c6584c\" returns successfully"
Jul 22 02:39:18 mg-cluster-worker3 kubelet[214]: I0722 02:39:18.593962     214 pod_startup_latency_tracker.go:104] "Observed pod startup duration" pod="kube-system/kube-proxy-p4szr" podStartSLOduration=4.593950587 podStartE2EDuration="4.593950587s" podCreationTimestamp="2024-07-22 02:39:14 +0000 UTC" firstStartedPulling="0001-01-01 00:00:00 +0000 UTC" lastFinishedPulling="0001-01-01 00:00:00 +0000 UTC" observedRunningTime="2024-07-22 02:39:17.592015254 +0000 UTC m=+3.112611211" watchObservedRunningTime="2024-07-22 02:39:18.593950587 +0000 UTC m=+4.114546545"
Jul 22 02:39:18 mg-cluster-worker3 containerd[105]: time="2024-07-22T02:39:18.830271129Z" level=error msg="failed to reload cni configuration after receiving fs change event(WRITE         \"/etc/cni/net.d/10-kindnet.conflist.temp\")" error="cni config load failed: no network config found in /etc/cni/net.d: cni plugin not initialized: failed to load cni config"
Jul 22 02:39:18 mg-cluster-worker3 kubelet[214]: I0722 02:39:18.926879     214 kubelet_node_status.go:497] "Fast updating node status as it just became ready"
