2024-07-22T02:38:49.83517638Z stderr F I0722 02:38:49.834992       1 serving.go:380] Generated self-signed cert in-memory
2024-07-22T02:38:51.940245047Z stderr F W0722 02:38:51.940183       1 requestheader_controller.go:193] Unable to get configmap/extension-apiserver-authentication in kube-system.  Usually fixed by 'kubectl create rolebinding -n kube-system ROLEBINDING_NAME --role=extension-apiserver-authentication-reader --serviceaccount=YOUR_NS:YOUR_SA'
2024-07-22T02:38:51.940324339Z stderr F W0722 02:38:51.940287       1 authentication.go:368] Error looking up in-cluster authentication configuration: configmaps "extension-apiserver-authentication" is forbidden: User "system:kube-scheduler" cannot get resource "configmaps" in API group "" in the namespace "kube-system"
2024-07-22T02:38:51.940356047Z stderr F W0722 02:38:51.940337       1 authentication.go:369] Continuing without authentication configuration. This may treat all requests as anonymous.
2024-07-22T02:38:51.940386089Z stderr F W0722 02:38:51.940371       1 authentication.go:370] To require authentication configuration lookup to succeed, set --authentication-tolerate-lookup-failure=false
2024-07-22T02:38:51.951149131Z stderr F I0722 02:38:51.951063       1 server.go:154] "Starting Kubernetes Scheduler" version="v1.30.0"
2024-07-22T02:38:51.951165006Z stderr F I0722 02:38:51.951084       1 server.go:156] "Golang settings" GOGC="" GOMAXPROCS="" GOTRACEBACK=""
2024-07-22T02:38:51.952147714Z stderr F I0722 02:38:51.952082       1 configmap_cafile_content.go:202] "Starting controller" name="client-ca::kube-system::extension-apiserver-authentication::client-ca-file"
2024-07-22T02:38:51.952158297Z stderr F I0722 02:38:51.952106       1 shared_informer.go:313] Waiting for caches to sync for client-ca::kube-system::extension-apiserver-authentication::client-ca-file
2024-07-22T02:38:51.952505839Z stderr F I0722 02:38:51.952403       1 secure_serving.go:213] Serving securely on 127.0.0.1:10259
2024-07-22T02:38:51.952523797Z stderr F I0722 02:38:51.952495       1 tlsconfig.go:240] "Starting DynamicServingCertificateController"
2024-07-22T02:38:51.956017756Z stderr F W0722 02:38:51.955754       1 reflector.go:547] k8s.io/client-go/informers/factory.go:160: failed to list *v1.CSINode: csinodes.storage.k8s.io is forbidden: User "system:kube-scheduler" cannot list resource "csinodes" in API group "storage.k8s.io" at the cluster scope
2024-07-22T02:38:51.956023131Z stderr F E0722 02:38:51.955914       1 reflector.go:150] k8s.io/client-go/informers/factory.go:160: Failed to watch *v1.CSINode: failed to list *v1.CSINode: csinodes.storage.k8s.io is forbidden: User "system:kube-scheduler" cannot list resource "csinodes" in API group "storage.k8s.io" at the cluster scope
2024-07-22T02:38:51.956142922Z stderr F W0722 02:38:51.955954       1 reflector.go:547] k8s.io/client-go/informers/factory.go:160: failed to list *v1.StorageClass: storageclasses.storage.k8s.io is forbidden: User "system:kube-scheduler" cannot list resource "storageclasses" in API group "storage.k8s.io" at the cluster scope
2024-07-22T02:38:51.956150839Z stderr F E0722 02:38:51.956020       1 reflector.go:150] k8s.io/client-go/informers/factory.go:160: Failed to watch *v1.StorageClass: failed to list *v1.StorageClass: storageclasses.storage.k8s.io is forbidden: User "system:kube-scheduler" cannot list resource "storageclasses" in API group "storage.k8s.io" at the cluster scope
2024-07-22T02:38:51.956158464Z stderr F W0722 02:38:51.956111       1 reflector.go:547] k8s.io/client-go/informers/factory.go:160: failed to list *v1.CSIDriver: csidrivers.storage.k8s.io is forbidden: User "system:kube-scheduler" cannot list resource "csidrivers" in API group "storage.k8s.io" at the cluster scope
2024-07-22T02:38:51.956298339Z stderr F E0722 02:38:51.956226       1 reflector.go:150] k8s.io/client-go/informers/factory.go:160: Failed to watch *v1.CSIDriver: failed to list *v1.CSIDriver: csidrivers.storage.k8s.io is forbidden: User "system:kube-scheduler" cannot list resource "csidrivers" in API group "storage.k8s.io" at the cluster scope
2024-07-22T02:38:51.956314297Z stderr F W0722 02:38:51.955953       1 reflector.go:547] runtime/asm_arm64.s:1222: failed to list *v1.ConfigMap: configmaps "extension-apiserver-authentication" is forbidden: User "system:kube-scheduler" cannot list resource "configmaps" in API group "" in the namespace "kube-system"
2024-07-22T02:38:51.956315839Z stderr F E0722 02:38:51.956258       1 reflector.go:150] runtime/asm_arm64.s:1222: Failed to watch *v1.ConfigMap: failed to list *v1.ConfigMap: configmaps "extension-apiserver-authentication" is forbidden: User "system:kube-scheduler" cannot list resource "configmaps" in API group "" in the namespace "kube-system"
2024-07-22T02:38:51.956319381Z stderr F W0722 02:38:51.956282       1 reflector.go:547] k8s.io/client-go/informers/factory.go:160: failed to list *v1.StatefulSet: statefulsets.apps is forbidden: User "system:kube-scheduler" cannot list resource "statefulsets" in API group "apps" at the cluster scope
2024-07-22T02:38:51.956321339Z stderr F E0722 02:38:51.956295       1 reflector.go:150] k8s.io/client-go/informers/factory.go:160: Failed to watch *v1.StatefulSet: failed to list *v1.StatefulSet: statefulsets.apps is forbidden: User "system:kube-scheduler" cannot list resource "statefulsets" in API group "apps" at the cluster scope
2024-07-22T02:38:51.956459547Z stderr F W0722 02:38:51.956330       1 reflector.go:547] k8s.io/client-go/informers/factory.go:160: failed to list *v1.Node: nodes is forbidden: User "system:kube-scheduler" cannot list resource "nodes" in API group "" at the cluster scope
2024-07-22T02:38:51.956465631Z stderr F E0722 02:38:51.956442       1 reflector.go:150] k8s.io/client-go/informers/factory.go:160: Failed to watch *v1.Node: failed to list *v1.Node: nodes is forbidden: User "system:kube-scheduler" cannot list resource "nodes" in API group "" at the cluster scope
2024-07-22T02:38:51.956686006Z stderr F W0722 02:38:51.956495       1 reflector.go:547] k8s.io/client-go/informers/factory.go:160: failed to list *v1.Namespace: namespaces is forbidden: User "system:kube-scheduler" cannot list resource "namespaces" in API group "" at the cluster scope
2024-07-22T02:38:51.956692047Z stderr F E0722 02:38:51.956521       1 reflector.go:150] k8s.io/client-go/informers/factory.go:160: Failed to watch *v1.Namespace: failed to list *v1.Namespace: namespaces is forbidden: User "system:kube-scheduler" cannot list resource "namespaces" in API group "" at the cluster scope
2024-07-22T02:38:51.956693964Z stderr F W0722 02:38:51.956524       1 reflector.go:547] k8s.io/client-go/informers/factory.go:160: failed to list *v1.PodDisruptionBudget: poddisruptionbudgets.policy is forbidden: User "system:kube-scheduler" cannot list resource "poddisruptionbudgets" in API group "policy" at the cluster scope
2024-07-22T02:38:51.956695922Z stderr F E0722 02:38:51.956530       1 reflector.go:150] k8s.io/client-go/informers/factory.go:160: Failed to watch *v1.PodDisruptionBudget: failed to list *v1.PodDisruptionBudget: poddisruptionbudgets.policy is forbidden: User "system:kube-scheduler" cannot list resource "poddisruptionbudgets" in API group "policy" at the cluster scope
2024-07-22T02:38:51.956697797Z stderr F W0722 02:38:51.956501       1 reflector.go:547] k8s.io/client-go/informers/factory.go:160: failed to list *v1.Pod: pods is forbidden: User "system:kube-scheduler" cannot list resource "pods" in API group "" at the cluster scope
2024-07-22T02:38:51.956699131Z stderr F E0722 02:38:51.956539       1 reflector.go:150] k8s.io/client-go/informers/factory.go:160: Failed to watch *v1.Pod: failed to list *v1.Pod: pods is forbidden: User "system:kube-scheduler" cannot list resource "pods" in API group "" at the cluster scope
2024-07-22T02:38:51.956700547Z stderr F W0722 02:38:51.956540       1 reflector.go:547] k8s.io/client-go/informers/factory.go:160: failed to list *v1.PersistentVolume: persistentvolumes is forbidden: User "system:kube-scheduler" cannot list resource "persistentvolumes" in API group "" at the cluster scope
2024-07-22T02:38:51.956702089Z stderr F W0722 02:38:51.956507       1 reflector.go:547] k8s.io/client-go/informers/factory.go:160: failed to list *v1.PersistentVolumeClaim: persistentvolumeclaims is forbidden: User "system:kube-scheduler" cannot list resource "persistentvolumeclaims" in API group "" at the cluster scope
2024-07-22T02:38:51.956707964Z stderr F E0722 02:38:51.956545       1 reflector.go:150] k8s.io/client-go/informers/factory.go:160: Failed to watch *v1.PersistentVolumeClaim: failed to list *v1.PersistentVolumeClaim: persistentvolumeclaims is forbidden: User "system:kube-scheduler" cannot list resource "persistentvolumeclaims" in API group "" at the cluster scope
2024-07-22T02:38:51.956709547Z stderr F E0722 02:38:51.956545       1 reflector.go:150] k8s.io/client-go/informers/factory.go:160: Failed to watch *v1.PersistentVolume: failed to list *v1.PersistentVolume: persistentvolumes is forbidden: User "system:kube-scheduler" cannot list resource "persistentvolumes" in API group "" at the cluster scope
2024-07-22T02:38:51.956710881Z stderr F W0722 02:38:51.956559       1 reflector.go:547] k8s.io/client-go/informers/factory.go:160: failed to list *v1.CSIStorageCapacity: csistoragecapacities.storage.k8s.io is forbidden: User "system:kube-scheduler" cannot list resource "csistoragecapacities" in API group "storage.k8s.io" at the cluster scope
2024-07-22T02:38:51.956712256Z stderr F E0722 02:38:51.956563       1 reflector.go:150] k8s.io/client-go/informers/factory.go:160: Failed to watch *v1.CSIStorageCapacity: failed to list *v1.CSIStorageCapacity: csistoragecapacities.storage.k8s.io is forbidden: User "system:kube-scheduler" cannot list resource "csistoragecapacities" in API group "storage.k8s.io" at the cluster scope
2024-07-22T02:38:51.956713672Z stderr F W0722 02:38:51.956568       1 reflector.go:547] k8s.io/client-go/informers/factory.go:160: failed to list *v1.ReplicaSet: replicasets.apps is forbidden: User "system:kube-scheduler" cannot list resource "replicasets" in API group "apps" at the cluster scope
2024-07-22T02:38:51.956714964Z stderr F E0722 02:38:51.956572       1 reflector.go:150] k8s.io/client-go/informers/factory.go:160: Failed to watch *v1.ReplicaSet: failed to list *v1.ReplicaSet: replicasets.apps is forbidden: User "system:kube-scheduler" cannot list resource "replicasets" in API group "apps" at the cluster scope
2024-07-22T02:38:51.956718506Z stderr F W0722 02:38:51.956575       1 reflector.go:547] k8s.io/client-go/informers/factory.go:160: failed to list *v1.ReplicationController: replicationcontrollers is forbidden: User "system:kube-scheduler" cannot list resource "replicationcontrollers" in API group "" at the cluster scope
2024-07-22T02:38:51.956720131Z stderr F E0722 02:38:51.956580       1 reflector.go:150] k8s.io/client-go/informers/factory.go:160: Failed to watch *v1.ReplicationController: failed to list *v1.ReplicationController: replicationcontrollers is forbidden: User "system:kube-scheduler" cannot list resource "replicationcontrollers" in API group "" at the cluster scope
2024-07-22T02:38:51.956982381Z stderr F W0722 02:38:51.956756       1 reflector.go:547] k8s.io/client-go/informers/factory.go:160: failed to list *v1.Service: services is forbidden: User "system:kube-scheduler" cannot list resource "services" in API group "" at the cluster scope
2024-07-22T02:38:51.956988047Z stderr F E0722 02:38:51.956787       1 reflector.go:150] k8s.io/client-go/informers/factory.go:160: Failed to watch *v1.Service: failed to list *v1.Service: services is forbidden: User "system:kube-scheduler" cannot list resource "services" in API group "" at the cluster scope
2024-07-22T02:38:52.799496214Z stderr F W0722 02:38:52.799293       1 reflector.go:547] k8s.io/client-go/informers/factory.go:160: failed to list *v1.ReplicaSet: replicasets.apps is forbidden: User "system:kube-scheduler" cannot list resource "replicasets" in API group "apps" at the cluster scope
2024-07-22T02:38:52.799517131Z stderr F E0722 02:38:52.799348       1 reflector.go:150] k8s.io/client-go/informers/factory.go:160: Failed to watch *v1.ReplicaSet: failed to list *v1.ReplicaSet: replicasets.apps is forbidden: User "system:kube-scheduler" cannot list resource "replicasets" in API group "apps" at the cluster scope
2024-07-22T02:38:52.819459339Z stderr F W0722 02:38:52.819159       1 reflector.go:547] k8s.io/client-go/informers/factory.go:160: failed to list *v1.CSIStorageCapacity: csistoragecapacities.storage.k8s.io is forbidden: User "system:kube-scheduler" cannot list resource "csistoragecapacities" in API group "storage.k8s.io" at the cluster scope
2024-07-22T02:38:52.819468839Z stderr F E0722 02:38:52.819201       1 reflector.go:150] k8s.io/client-go/informers/factory.go:160: Failed to watch *v1.CSIStorageCapacity: failed to list *v1.CSIStorageCapacity: csistoragecapacities.storage.k8s.io is forbidden: User "system:kube-scheduler" cannot list resource "csistoragecapacities" in API group "storage.k8s.io" at the cluster scope
2024-07-22T02:38:52.857481631Z stderr F W0722 02:38:52.857036       1 reflector.go:547] k8s.io/client-go/informers/factory.go:160: failed to list *v1.StorageClass: storageclasses.storage.k8s.io is forbidden: User "system:kube-scheduler" cannot list resource "storageclasses" in API group "storage.k8s.io" at the cluster scope
2024-07-22T02:38:52.857492131Z stderr F E0722 02:38:52.857097       1 reflector.go:150] k8s.io/client-go/informers/factory.go:160: Failed to watch *v1.StorageClass: failed to list *v1.StorageClass: storageclasses.storage.k8s.io is forbidden: User "system:kube-scheduler" cannot list resource "storageclasses" in API group "storage.k8s.io" at the cluster scope
2024-07-22T02:38:52.859096256Z stderr F W0722 02:38:52.858703       1 reflector.go:547] k8s.io/client-go/informers/factory.go:160: failed to list *v1.Node: nodes is forbidden: User "system:kube-scheduler" cannot list resource "nodes" in API group "" at the cluster scope
2024-07-22T02:38:52.859102423Z stderr F E0722 02:38:52.858737       1 reflector.go:150] k8s.io/client-go/informers/factory.go:160: Failed to watch *v1.Node: failed to list *v1.Node: nodes is forbidden: User "system:kube-scheduler" cannot list resource "nodes" in API group "" at the cluster scope
2024-07-22T02:38:52.911585256Z stderr F W0722 02:38:52.911289       1 reflector.go:547] k8s.io/client-go/informers/factory.go:160: failed to list *v1.ReplicationController: replicationcontrollers is forbidden: User "system:kube-scheduler" cannot list resource "replicationcontrollers" in API group "" at the cluster scope
2024-07-22T02:38:52.911592714Z stderr F E0722 02:38:52.911316       1 reflector.go:150] k8s.io/client-go/informers/factory.go:160: Failed to watch *v1.ReplicationController: failed to list *v1.ReplicationController: replicationcontrollers is forbidden: User "system:kube-scheduler" cannot list resource "replicationcontrollers" in API group "" at the cluster scope
2024-07-22T02:38:52.940300964Z stderr F W0722 02:38:52.939851       1 reflector.go:547] k8s.io/client-go/informers/factory.go:160: failed to list *v1.Service: services is forbidden: User "system:kube-scheduler" cannot list resource "services" in API group "" at the cluster scope
2024-07-22T02:38:52.940310423Z stderr F E0722 02:38:52.939876       1 reflector.go:150] k8s.io/client-go/informers/factory.go:160: Failed to watch *v1.Service: failed to list *v1.Service: services is forbidden: User "system:kube-scheduler" cannot list resource "services" in API group "" at the cluster scope
2024-07-22T02:38:53.013453048Z stderr F W0722 02:38:53.013255       1 reflector.go:547] k8s.io/client-go/informers/factory.go:160: failed to list *v1.PodDisruptionBudget: poddisruptionbudgets.policy is forbidden: User "system:kube-scheduler" cannot list resource "poddisruptionbudgets" in API group "policy" at the cluster scope
2024-07-22T02:38:53.013466964Z stderr F E0722 02:38:53.013330       1 reflector.go:150] k8s.io/client-go/informers/factory.go:160: Failed to watch *v1.PodDisruptionBudget: failed to list *v1.PodDisruptionBudget: poddisruptionbudgets.policy is forbidden: User "system:kube-scheduler" cannot list resource "poddisruptionbudgets" in API group "policy" at the cluster scope
2024-07-22T02:38:53.069921256Z stderr F W0722 02:38:53.069748       1 reflector.go:547] k8s.io/client-go/informers/factory.go:160: failed to list *v1.CSIDriver: csidrivers.storage.k8s.io is forbidden: User "system:kube-scheduler" cannot list resource "csidrivers" in API group "storage.k8s.io" at the cluster scope
2024-07-22T02:38:53.069932589Z stderr F E0722 02:38:53.069789       1 reflector.go:150] k8s.io/client-go/informers/factory.go:160: Failed to watch *v1.CSIDriver: failed to list *v1.CSIDriver: csidrivers.storage.k8s.io is forbidden: User "system:kube-scheduler" cannot list resource "csidrivers" in API group "storage.k8s.io" at the cluster scope
2024-07-22T02:38:53.15181134Z stderr F W0722 02:38:53.151512       1 reflector.go:547] k8s.io/client-go/informers/factory.go:160: failed to list *v1.PersistentVolume: persistentvolumes is forbidden: User "system:kube-scheduler" cannot list resource "persistentvolumes" in API group "" at the cluster scope
2024-07-22T02:38:53.151831715Z stderr F E0722 02:38:53.151547       1 reflector.go:150] k8s.io/client-go/informers/factory.go:160: Failed to watch *v1.PersistentVolume: failed to list *v1.PersistentVolume: persistentvolumes is forbidden: User "system:kube-scheduler" cannot list resource "persistentvolumes" in API group "" at the cluster scope
2024-07-22T02:38:53.209381631Z stderr F W0722 02:38:53.209166       1 reflector.go:547] runtime/asm_arm64.s:1222: failed to list *v1.ConfigMap: configmaps "extension-apiserver-authentication" is forbidden: User "system:kube-scheduler" cannot list resource "configmaps" in API group "" in the namespace "kube-system"
2024-07-22T02:38:53.209396215Z stderr F E0722 02:38:53.209205       1 reflector.go:150] runtime/asm_arm64.s:1222: Failed to watch *v1.ConfigMap: failed to list *v1.ConfigMap: configmaps "extension-apiserver-authentication" is forbidden: User "system:kube-scheduler" cannot list resource "configmaps" in API group "" in the namespace "kube-system"
2024-07-22T02:38:55.353180674Z stderr F I0722 02:38:55.352845       1 shared_informer.go:320] Caches are synced for client-ca::kube-system::extension-apiserver-authentication::client-ca-file
2024-07-22T02:38:56.155026674Z stderr F I0722 02:38:56.154278       1 leaderelection.go:250] attempting to acquire leader lease kube-system/kube-scheduler...
2024-07-22T02:38:56.160990216Z stderr F I0722 02:38:56.160579       1 leaderelection.go:260] successfully acquired lease kube-system/kube-scheduler
