2024-07-22T02:38:49.509075671Z stderr F I0722 02:38:49.508936       1 options.go:221] external host was not specified, using 172.18.0.5
2024-07-22T02:38:49.509776504Z stderr F I0722 02:38:49.509591       1 server.go:148] Version: v1.30.0
2024-07-22T02:38:49.509787588Z stderr F I0722 02:38:49.509671       1 server.go:150] "Golang settings" GOGC="" GOMAXPROCS="" GOTRACEBACK=""
2024-07-22T02:38:49.754813755Z stderr F W0722 02:38:49.754452       1 logging.go:59] [core] [Channel #1 SubChannel #2] grpc: addrConn.createTransport failed to connect to {Addr: "127.0.0.1:2379", ServerName: "127.0.0.1:2379", }. Err: connection error: desc = "transport: Error while dialing: dial tcp 127.0.0.1:2379: connect: connection refused"
2024-07-22T02:38:49.75482763Z stderr F I0722 02:38:49.754524       1 shared_informer.go:313] Waiting for caches to sync for node_authorizer
2024-07-22T02:38:49.756300963Z stderr F I0722 02:38:49.756232       1 shared_informer.go:313] Waiting for caches to sync for *generic.policySource[*k8s.io/api/admissionregistration/v1.ValidatingAdmissionPolicy,*k8s.io/api/admissionregistration/v1.ValidatingAdmissionPolicyBinding,k8s.io/apiserver/pkg/admission/plugin/policy/validating.Validator]
2024-07-22T02:38:49.75704188Z stderr F I0722 02:38:49.756912       1 plugins.go:157] Loaded 12 mutating admission controller(s) successfully in the following order: NamespaceLifecycle,LimitRanger,ServiceAccount,NodeRestriction,TaintNodesByCondition,Priority,DefaultTolerationSeconds,DefaultStorageClass,StorageObjectInUseProtection,RuntimeClass,DefaultIngressClass,MutatingAdmissionWebhook.
2024-07-22T02:38:49.757051421Z stderr F I0722 02:38:49.756936       1 plugins.go:160] Loaded 13 validating admission controller(s) successfully in the following order: LimitRanger,ServiceAccount,PodSecurity,Priority,PersistentVolumeClaimResize,RuntimeClass,CertificateApproval,CertificateSigning,ClusterTrustBundleAttest,CertificateSubjectRestriction,ValidatingAdmissionPolicy,ValidatingAdmissionWebhook,ResourceQuota.
2024-07-22T02:38:49.757055005Z stderr F I0722 02:38:49.757011       1 instance.go:299] Using reconciler: lease
2024-07-22T02:38:49.757862255Z stderr F W0722 02:38:49.757722       1 logging.go:59] [core] [Channel #3 SubChannel #4] grpc: addrConn.createTransport failed to connect to {Addr: "127.0.0.1:2379", ServerName: "127.0.0.1:2379", }. Err: connection error: desc = "transport: Error while dialing: dial tcp 127.0.0.1:2379: connect: connection refused"
2024-07-22T02:38:49.757962005Z stderr F W0722 02:38:49.757752       1 logging.go:59] [core] [Channel #5 SubChannel #6] grpc: addrConn.createTransport failed to connect to {Addr: "127.0.0.1:2379", ServerName: "127.0.0.1:2379", }. Err: connection error: desc = "transport: Error while dialing: dial tcp 127.0.0.1:2379: connect: connection refused"
2024-07-22T02:38:51.38722138Z stderr F I0722 02:38:51.386874       1 handler.go:286] Adding GroupVersion apiextensions.k8s.io v1 to ResourceManager
2024-07-22T02:38:51.387241964Z stderr F W0722 02:38:51.386916       1 genericapiserver.go:733] Skipping API apiextensions.k8s.io/v1beta1 because it has no resources.
2024-07-22T02:38:51.502930214Z stderr F I0722 02:38:51.502589       1 handler.go:286] Adding GroupVersion  v1 to ResourceManager
2024-07-22T02:38:51.50334388Z stderr F I0722 02:38:51.502733       1 instance.go:696] API group "internal.apiserver.k8s.io" is not enabled, skipping.
2024-07-22T02:38:51.61775188Z stderr F I0722 02:38:51.617427       1 instance.go:696] API group "storagemigration.k8s.io" is not enabled, skipping.
2024-07-22T02:38:51.704794672Z stderr F I0722 02:38:51.704554       1 instance.go:696] API group "resource.k8s.io" is not enabled, skipping.
2024-07-22T02:38:51.714276714Z stderr F I0722 02:38:51.714141       1 handler.go:286] Adding GroupVersion authentication.k8s.io v1 to ResourceManager
2024-07-22T02:38:51.714295047Z stderr F W0722 02:38:51.714164       1 genericapiserver.go:733] Skipping API authentication.k8s.io/v1beta1 because it has no resources.
2024-07-22T02:38:51.714296714Z stderr F W0722 02:38:51.714167       1 genericapiserver.go:733] Skipping API authentication.k8s.io/v1alpha1 because it has no resources.
2024-07-22T02:38:51.715442505Z stderr F I0722 02:38:51.714349       1 handler.go:286] Adding GroupVersion authorization.k8s.io v1 to ResourceManager
2024-07-22T02:38:51.71544588Z stderr F W0722 02:38:51.714365       1 genericapiserver.go:733] Skipping API authorization.k8s.io/v1beta1 because it has no resources.
2024-07-22T02:38:51.715449172Z stderr F I0722 02:38:51.714721       1 handler.go:286] Adding GroupVersion autoscaling v2 to ResourceManager
2024-07-22T02:38:51.715451172Z stderr F I0722 02:38:51.715055       1 handler.go:286] Adding GroupVersion autoscaling v1 to ResourceManager
2024-07-22T02:38:51.715452547Z stderr F W0722 02:38:51.715072       1 genericapiserver.go:733] Skipping API autoscaling/v2beta1 because it has no resources.
2024-07-22T02:38:51.715453839Z stderr F W0722 02:38:51.715074       1 genericapiserver.go:733] Skipping API autoscaling/v2beta2 because it has no resources.
2024-07-22T02:38:51.715739005Z stderr F I0722 02:38:51.715640       1 handler.go:286] Adding GroupVersion batch v1 to ResourceManager
2024-07-22T02:38:51.715748005Z stderr F W0722 02:38:51.715654       1 genericapiserver.go:733] Skipping API batch/v1beta1 because it has no resources.
2024-07-22T02:38:51.716243505Z stderr F I0722 02:38:51.716021       1 handler.go:286] Adding GroupVersion certificates.k8s.io v1 to ResourceManager
2024-07-22T02:38:51.716250089Z stderr F W0722 02:38:51.716034       1 genericapiserver.go:733] Skipping API certificates.k8s.io/v1beta1 because it has no resources.
2024-07-22T02:38:51.716251839Z stderr F W0722 02:38:51.716036       1 genericapiserver.go:733] Skipping API certificates.k8s.io/v1alpha1 because it has no resources.
2024-07-22T02:38:51.716679214Z stderr F I0722 02:38:51.716233       1 handler.go:286] Adding GroupVersion coordination.k8s.io v1 to ResourceManager
2024-07-22T02:38:51.716692547Z stderr F W0722 02:38:51.716244       1 genericapiserver.go:733] Skipping API coordination.k8s.io/v1beta1 because it has no resources.
2024-07-22T02:38:51.716694297Z stderr F W0722 02:38:51.716261       1 genericapiserver.go:733] Skipping API discovery.k8s.io/v1beta1 because it has no resources.
2024-07-22T02:38:51.716695797Z stderr F I0722 02:38:51.716453       1 handler.go:286] Adding GroupVersion discovery.k8s.io v1 to ResourceManager
2024-07-22T02:38:51.718928297Z stderr F I0722 02:38:51.717420       1 handler.go:286] Adding GroupVersion networking.k8s.io v1 to ResourceManager
2024-07-22T02:38:51.718942089Z stderr F W0722 02:38:51.717459       1 genericapiserver.go:733] Skipping API networking.k8s.io/v1beta1 because it has no resources.
2024-07-22T02:38:51.71894413Z stderr F W0722 02:38:51.717463       1 genericapiserver.go:733] Skipping API networking.k8s.io/v1alpha1 because it has no resources.
2024-07-22T02:38:51.718945547Z stderr F I0722 02:38:51.717784       1 handler.go:286] Adding GroupVersion node.k8s.io v1 to ResourceManager
2024-07-22T02:38:51.71894688Z stderr F W0722 02:38:51.717792       1 genericapiserver.go:733] Skipping API node.k8s.io/v1beta1 because it has no resources.
2024-07-22T02:38:51.718948339Z stderr F W0722 02:38:51.717795       1 genericapiserver.go:733] Skipping API node.k8s.io/v1alpha1 because it has no resources.
2024-07-22T02:38:51.718950089Z stderr F I0722 02:38:51.718226       1 handler.go:286] Adding GroupVersion policy v1 to ResourceManager
2024-07-22T02:38:51.71895163Z stderr F W0722 02:38:51.718230       1 genericapiserver.go:733] Skipping API policy/v1beta1 because it has no resources.
2024-07-22T02:38:51.719370714Z stderr F I0722 02:38:51.719118       1 handler.go:286] Adding GroupVersion rbac.authorization.k8s.io v1 to ResourceManager
2024-07-22T02:38:51.71937813Z stderr F W0722 02:38:51.719164       1 genericapiserver.go:733] Skipping API rbac.authorization.k8s.io/v1beta1 because it has no resources.
2024-07-22T02:38:51.719379797Z stderr F W0722 02:38:51.719169       1 genericapiserver.go:733] Skipping API rbac.authorization.k8s.io/v1alpha1 because it has no resources.
2024-07-22T02:38:51.719912672Z stderr F I0722 02:38:51.719440       1 handler.go:286] Adding GroupVersion scheduling.k8s.io v1 to ResourceManager
2024-07-22T02:38:51.719924339Z stderr F W0722 02:38:51.719466       1 genericapiserver.go:733] Skipping API scheduling.k8s.io/v1beta1 because it has no resources.
2024-07-22T02:38:51.719926047Z stderr F W0722 02:38:51.719469       1 genericapiserver.go:733] Skipping API scheduling.k8s.io/v1alpha1 because it has no resources.
2024-07-22T02:38:51.720987589Z stderr F I0722 02:38:51.720684       1 handler.go:286] Adding GroupVersion storage.k8s.io v1 to ResourceManager
2024-07-22T02:38:51.720992422Z stderr F W0722 02:38:51.720714       1 genericapiserver.go:733] Skipping API storage.k8s.io/v1beta1 because it has no resources.
2024-07-22T02:38:51.720993797Z stderr F W0722 02:38:51.720717       1 genericapiserver.go:733] Skipping API storage.k8s.io/v1alpha1 because it has no resources.
2024-07-22T02:38:51.721832797Z stderr F I0722 02:38:51.721251       1 handler.go:286] Adding GroupVersion flowcontrol.apiserver.k8s.io v1 to ResourceManager
2024-07-22T02:38:51.722503297Z stderr F I0722 02:38:51.722171       1 handler.go:286] Adding GroupVersion flowcontrol.apiserver.k8s.io v1beta3 to ResourceManager
2024-07-22T02:38:51.72250788Z stderr F W0722 02:38:51.722195       1 genericapiserver.go:733] Skipping API flowcontrol.apiserver.k8s.io/v1beta2 because it has no resources.
2024-07-22T02:38:51.722509464Z stderr F W0722 02:38:51.722198       1 genericapiserver.go:733] Skipping API flowcontrol.apiserver.k8s.io/v1beta1 because it has no resources.
2024-07-22T02:38:51.724970714Z stderr F I0722 02:38:51.724664       1 handler.go:286] Adding GroupVersion apps v1 to ResourceManager
2024-07-22T02:38:51.72498663Z stderr F W0722 02:38:51.724764       1 genericapiserver.go:733] Skipping API apps/v1beta2 because it has no resources.
2024-07-22T02:38:51.724988547Z stderr F W0722 02:38:51.724770       1 genericapiserver.go:733] Skipping API apps/v1beta1 because it has no resources.
2024-07-22T02:38:51.726019547Z stderr F I0722 02:38:51.725910       1 handler.go:286] Adding GroupVersion admissionregistration.k8s.io v1 to ResourceManager
2024-07-22T02:38:51.726026255Z stderr F W0722 02:38:51.725930       1 genericapiserver.go:733] Skipping API admissionregistration.k8s.io/v1beta1 because it has no resources.
2024-07-22T02:38:51.726027839Z stderr F W0722 02:38:51.725933       1 genericapiserver.go:733] Skipping API admissionregistration.k8s.io/v1alpha1 because it has no resources.
2024-07-22T02:38:51.726323214Z stderr F I0722 02:38:51.726231       1 handler.go:286] Adding GroupVersion events.k8s.io v1 to ResourceManager
2024-07-22T02:38:51.726328589Z stderr F W0722 02:38:51.726247       1 genericapiserver.go:733] Skipping API events.k8s.io/v1beta1 because it has no resources.
2024-07-22T02:38:51.733265964Z stderr F I0722 02:38:51.733130       1 handler.go:286] Adding GroupVersion apiregistration.k8s.io v1 to ResourceManager
2024-07-22T02:38:51.733275256Z stderr F W0722 02:38:51.733152       1 genericapiserver.go:733] Skipping API apiregistration.k8s.io/v1beta1 because it has no resources.
2024-07-22T02:38:51.924875131Z stderr F I0722 02:38:51.924420       1 dynamic_cafile_content.go:157] "Starting controller" name="request-header::/etc/kubernetes/pki/front-proxy-ca.crt"
2024-07-22T02:38:51.924897506Z stderr F I0722 02:38:51.924513       1 dynamic_cafile_content.go:157] "Starting controller" name="client-ca-bundle::/etc/kubernetes/pki/ca.crt"
2024-07-22T02:38:51.924899922Z stderr F I0722 02:38:51.924544       1 secure_serving.go:213] Serving securely on [::]:6443
2024-07-22T02:38:51.924904756Z stderr F I0722 02:38:51.924605       1 dynamic_serving_content.go:132] "Starting controller" name="serving-cert::/etc/kubernetes/pki/apiserver.crt::/etc/kubernetes/pki/apiserver.key"
2024-07-22T02:38:51.924906922Z stderr F I0722 02:38:51.924739       1 system_namespaces_controller.go:67] Starting system namespaces controller
2024-07-22T02:38:51.924908297Z stderr F I0722 02:38:51.924755       1 tlsconfig.go:240] "Starting DynamicServingCertificateController"
2024-07-22T02:38:51.925265089Z stderr F I0722 02:38:51.924963       1 cluster_authentication_trust_controller.go:440] Starting cluster_authentication_trust_controller controller
2024-07-22T02:38:51.925270214Z stderr F I0722 02:38:51.924989       1 shared_informer.go:313] Waiting for caches to sync for cluster_authentication_trust_controller
2024-07-22T02:38:51.925272214Z stderr F I0722 02:38:51.925062       1 controller.go:116] Starting legacy_token_tracking_controller
2024-07-22T02:38:51.925273589Z stderr F I0722 02:38:51.925081       1 shared_informer.go:313] Waiting for caches to sync for configmaps
2024-07-22T02:38:51.925274964Z stderr F I0722 02:38:51.925089       1 available_controller.go:423] Starting AvailableConditionController
2024-07-22T02:38:51.925276256Z stderr F I0722 02:38:51.925092       1 cache.go:32] Waiting for caches to sync for AvailableConditionController controller
2024-07-22T02:38:51.925278131Z stderr F I0722 02:38:51.925103       1 aggregator.go:163] waiting for initial CRD sync...
2024-07-22T02:38:51.925279547Z stderr F I0722 02:38:51.925108       1 controller.go:78] Starting OpenAPI AggregationController
2024-07-22T02:38:51.925280839Z stderr F I0722 02:38:51.925128       1 gc_controller.go:78] Starting apiserver lease garbage collector
2024-07-22T02:38:51.925282214Z stderr F I0722 02:38:51.925164       1 apf_controller.go:374] Starting API Priority and Fairness config controller
2024-07-22T02:38:51.925283964Z stderr F I0722 02:38:51.925186       1 dynamic_serving_content.go:132] "Starting controller" name="aggregator-proxy-cert::/etc/kubernetes/pki/front-proxy-client.crt::/etc/kubernetes/pki/front-proxy-client.key"
2024-07-22T02:38:51.925285256Z stderr F I0722 02:38:51.925214       1 customresource_discovery_controller.go:289] Starting DiscoveryController
2024-07-22T02:38:51.925437006Z stderr F I0722 02:38:51.925301       1 dynamic_cafile_content.go:157] "Starting controller" name="client-ca-bundle::/etc/kubernetes/pki/ca.crt"
2024-07-22T02:38:51.925945339Z stderr F I0722 02:38:51.925325       1 controller.go:80] Starting OpenAPI V3 AggregationController
2024-07-22T02:38:51.926075672Z stderr F I0722 02:38:51.925328       1 dynamic_cafile_content.go:157] "Starting controller" name="request-header::/etc/kubernetes/pki/front-proxy-ca.crt"
2024-07-22T02:38:51.926098381Z stderr F I0722 02:38:51.925331       1 apiservice_controller.go:97] Starting APIServiceRegistrationController
2024-07-22T02:38:51.926100881Z stderr F I0722 02:38:51.925961       1 cache.go:32] Waiting for caches to sync for APIServiceRegistrationController controller
2024-07-22T02:38:51.926102256Z stderr F I0722 02:38:51.925520       1 crdregistration_controller.go:111] Starting crd-autoregister controller
2024-07-22T02:38:51.926103672Z stderr F I0722 02:38:51.926007       1 shared_informer.go:313] Waiting for caches to sync for crd-autoregister
2024-07-22T02:38:51.939138547Z stderr F I0722 02:38:51.938956       1 controller.go:139] Starting OpenAPI controller
2024-07-22T02:38:51.939145172Z stderr F I0722 02:38:51.938988       1 controller.go:87] Starting OpenAPI V3 controller
2024-07-22T02:38:51.939146964Z stderr F I0722 02:38:51.938996       1 naming_controller.go:291] Starting NamingConditionController
2024-07-22T02:38:51.939148297Z stderr F I0722 02:38:51.939004       1 establishing_controller.go:76] Starting EstablishingController
2024-07-22T02:38:51.939149672Z stderr F I0722 02:38:51.939012       1 nonstructuralschema_controller.go:192] Starting NonStructuralSchemaConditionController
2024-07-22T02:38:51.939150964Z stderr F I0722 02:38:51.939035       1 apiapproval_controller.go:186] Starting KubernetesAPIApprovalPolicyConformantConditionController
2024-07-22T02:38:51.939154339Z stderr F I0722 02:38:51.939042       1 crd_finalizer.go:266] Starting CRDFinalizer
2024-07-22T02:38:51.955999464Z stderr F I0722 02:38:51.955738       1 shared_informer.go:320] Caches are synced for node_authorizer
2024-07-22T02:38:51.956439881Z stderr F I0722 02:38:51.956339       1 shared_informer.go:320] Caches are synced for *generic.policySource[*k8s.io/api/admissionregistration/v1.ValidatingAdmissionPolicy,*k8s.io/api/admissionregistration/v1.ValidatingAdmissionPolicyBinding,k8s.io/apiserver/pkg/admission/plugin/policy/validating.Validator]
2024-07-22T02:38:51.956452797Z stderr F I0722 02:38:51.956363       1 policy_source.go:224] refreshing policies
2024-07-22T02:38:52.025847089Z stderr F I0722 02:38:52.025043       1 shared_informer.go:320] Caches are synced for cluster_authentication_trust_controller
2024-07-22T02:38:52.025862256Z stderr F I0722 02:38:52.025206       1 apf_controller.go:379] Running API Priority and Fairness config worker
2024-07-22T02:38:52.025863964Z stderr F I0722 02:38:52.025212       1 apf_controller.go:382] Running API Priority and Fairness periodic rebalancing process
2024-07-22T02:38:52.025865339Z stderr F I0722 02:38:52.025214       1 cache.go:39] Caches are synced for AvailableConditionController controller
2024-07-22T02:38:52.025867047Z stderr F I0722 02:38:52.025285       1 shared_informer.go:320] Caches are synced for configmaps
2024-07-22T02:38:52.025868381Z stderr F I0722 02:38:52.025406       1 controller.go:615] quota admission added evaluator for: namespaces
2024-07-22T02:38:52.026435589Z stderr F I0722 02:38:52.026175       1 shared_informer.go:320] Caches are synced for crd-autoregister
2024-07-22T02:38:52.026441464Z stderr F I0722 02:38:52.026210       1 cache.go:39] Caches are synced for APIServiceRegistrationController controller
2024-07-22T02:38:52.026443506Z stderr F I0722 02:38:52.026220       1 aggregator.go:165] initial CRD sync complete...
2024-07-22T02:38:52.026445297Z stderr F I0722 02:38:52.026225       1 autoregister_controller.go:141] Starting autoregister controller
2024-07-22T02:38:52.026446714Z stderr F I0722 02:38:52.026227       1 cache.go:32] Waiting for caches to sync for autoregister controller
2024-07-22T02:38:52.026448172Z stderr F I0722 02:38:52.026229       1 cache.go:39] Caches are synced for autoregister controller
2024-07-22T02:38:52.026449589Z stderr F I0722 02:38:52.026342       1 handler_discovery.go:447] Starting ResourceDiscoveryManager
2024-07-22T02:38:52.043118797Z stderr F I0722 02:38:52.043046       1 controller.go:615] quota admission added evaluator for: leases.coordination.k8s.io
2024-07-22T02:38:52.930005298Z stderr F I0722 02:38:52.929413       1 storage_scheduling.go:95] created PriorityClass system-node-critical with value 2000001000
2024-07-22T02:38:52.932775631Z stderr F I0722 02:38:52.932297       1 storage_scheduling.go:95] created PriorityClass system-cluster-critical with value 2000000000
2024-07-22T02:38:52.932786089Z stderr F I0722 02:38:52.932323       1 storage_scheduling.go:111] all system priority classes are created successfully or already exist.
2024-07-22T02:38:53.25214859Z stderr F I0722 02:38:53.251989       1 controller.go:615] quota admission added evaluator for: roles.rbac.authorization.k8s.io
2024-07-22T02:38:53.27752984Z stderr F I0722 02:38:53.277403       1 controller.go:615] quota admission added evaluator for: rolebindings.rbac.authorization.k8s.io
2024-07-22T02:38:53.336035798Z stderr F I0722 02:38:53.335730       1 alloc.go:330] "allocated clusterIPs" service="default/kubernetes" clusterIPs={"IPv4":"10.96.0.1"}
2024-07-22T02:38:53.33934409Z stderr F W0722 02:38:53.339207       1 lease.go:265] Resetting endpoints for master service "kubernetes" to [172.18.0.5]
2024-07-22T02:38:53.339802006Z stderr F I0722 02:38:53.339721       1 controller.go:615] quota admission added evaluator for: endpoints
2024-07-22T02:38:53.342412131Z stderr F I0722 02:38:53.342221       1 controller.go:615] quota admission added evaluator for: endpointslices.discovery.k8s.io
2024-07-22T02:38:54.518405132Z stderr F I0722 02:38:54.518115       1 controller.go:615] quota admission added evaluator for: serviceaccounts
2024-07-22T02:38:54.522579548Z stderr F I0722 02:38:54.522389       1 controller.go:615] quota admission added evaluator for: deployments.apps
2024-07-22T02:38:54.528999299Z stderr F I0722 02:38:54.528607       1 alloc.go:330] "allocated clusterIPs" service="kube-system/kube-dns" clusterIPs={"IPv4":"10.96.0.10"}
2024-07-22T02:38:54.534391174Z stderr F I0722 02:38:54.534224       1 controller.go:615] quota admission added evaluator for: daemonsets.apps
2024-07-22T02:39:08.93215518Z stderr F I0722 02:39:08.931271       1 controller.go:615] quota admission added evaluator for: controllerrevisions.apps
2024-07-22T02:39:09.181947Z stderr F I0722 02:39:09.181805       1 controller.go:615] quota admission added evaluator for: replicasets.apps
