Jul 22 02:38:42 mg-cluster-control-plane systemd[1]: Starting containerd.service - containerd container runtime...
Jul 22 02:38:42 mg-cluster-control-plane containerd[105]: time="2024-07-22T02:38:42.440267959Z" level=info msg="starting containerd" revision=926c9586fe4a6236699318391cd44976a98e31f1 version=v1.7.15
Jul 22 02:38:42 mg-cluster-control-plane containerd[105]: time="2024-07-22T02:38:42.453267834Z" level=info msg="loading plugin \"io.containerd.event.v1.exchange\"..." type=io.containerd.event.v1
Jul 22 02:38:42 mg-cluster-control-plane containerd[105]: time="2024-07-22T02:38:42.453296209Z" level=info msg="loading plugin \"io.containerd.internal.v1.opt\"..." type=io.containerd.internal.v1
Jul 22 02:38:42 mg-cluster-control-plane containerd[105]: time="2024-07-22T02:38:42.453381959Z" level=info msg="loading plugin \"io.containerd.warning.v1.deprecations\"..." type=io.containerd.warning.v1
Jul 22 02:38:42 mg-cluster-control-plane containerd[105]: time="2024-07-22T02:38:42.453401293Z" level=info msg="loading plugin \"io.containerd.snapshotter.v1.blockfile\"..." type=io.containerd.snapshotter.v1
Jul 22 02:38:42 mg-cluster-control-plane containerd[105]: time="2024-07-22T02:38:42.453422168Z" level=info msg="skip loading plugin \"io.containerd.snapshotter.v1.blockfile\"..." error="no scratch file generator: skip plugin" type=io.containerd.snapshotter.v1
Jul 22 02:38:42 mg-cluster-control-plane containerd[105]: time="2024-07-22T02:38:42.453428168Z" level=info msg="loading plugin \"io.containerd.snapshotter.v1.native\"..." type=io.containerd.snapshotter.v1
Jul 22 02:38:42 mg-cluster-control-plane containerd[105]: time="2024-07-22T02:38:42.453444334Z" level=info msg="loading plugin \"io.containerd.snapshotter.v1.overlayfs\"..." type=io.containerd.snapshotter.v1
Jul 22 02:38:42 mg-cluster-control-plane containerd[105]: time="2024-07-22T02:38:42.453503751Z" level=info msg="loading plugin \"io.containerd.content.v1.content\"..." type=io.containerd.content.v1
Jul 22 02:38:42 mg-cluster-control-plane containerd[105]: time="2024-07-22T02:38:42.453515793Z" level=info msg="loading plugin \"io.containerd.snapshotter.v1.fuse-overlayfs\"..." type=io.containerd.snapshotter.v1
Jul 22 02:38:42 mg-cluster-control-plane containerd[105]: time="2024-07-22T02:38:42.453743251Z" level=info msg="loading plugin \"io.containerd.metadata.v1.bolt\"..." type=io.containerd.metadata.v1
Jul 22 02:38:42 mg-cluster-control-plane containerd[105]: time="2024-07-22T02:38:42.453779376Z" level=info msg="metadata content store policy set" policy=shared
Jul 22 02:38:42 mg-cluster-control-plane containerd[105]: time="2024-07-22T02:38:42.453955876Z" level=info msg="loading plugin \"io.containerd.gc.v1.scheduler\"..." type=io.containerd.gc.v1
Jul 22 02:38:42 mg-cluster-control-plane containerd[105]: time="2024-07-22T02:38:42.453979293Z" level=info msg="loading plugin \"io.containerd.differ.v1.walking\"..." type=io.containerd.differ.v1
Jul 22 02:38:42 mg-cluster-control-plane containerd[105]: time="2024-07-22T02:38:42.453986793Z" level=info msg="loading plugin \"io.containerd.lease.v1.manager\"..." type=io.containerd.lease.v1
Jul 22 02:38:42 mg-cluster-control-plane containerd[105]: time="2024-07-22T02:38:42.453994918Z" level=info msg="loading plugin \"io.containerd.streaming.v1.manager\"..." type=io.containerd.streaming.v1
Jul 22 02:38:42 mg-cluster-control-plane containerd[105]: time="2024-07-22T02:38:42.454003543Z" level=info msg="loading plugin \"io.containerd.runtime.v1.linux\"..." type=io.containerd.runtime.v1
Jul 22 02:38:42 mg-cluster-control-plane containerd[105]: time="2024-07-22T02:38:42.454029668Z" level=info msg="loading plugin \"io.containerd.monitor.v1.cgroups\"..." type=io.containerd.monitor.v1
Jul 22 02:38:42 mg-cluster-control-plane containerd[105]: time="2024-07-22T02:38:42.454118793Z" level=info msg="loading plugin \"io.containerd.runtime.v2.task\"..." type=io.containerd.runtime.v2
Jul 22 02:38:42 mg-cluster-control-plane containerd[105]: time="2024-07-22T02:38:42.454156709Z" level=info msg="loading plugin \"io.containerd.runtime.v2.shim\"..." type=io.containerd.runtime.v2
Jul 22 02:38:42 mg-cluster-control-plane containerd[105]: time="2024-07-22T02:38:42.454163751Z" level=info msg="loading plugin \"io.containerd.sandbox.store.v1.local\"..." type=io.containerd.sandbox.store.v1
Jul 22 02:38:42 mg-cluster-control-plane containerd[105]: time="2024-07-22T02:38:42.454169626Z" level=info msg="loading plugin \"io.containerd.sandbox.controller.v1.local\"..." type=io.containerd.sandbox.controller.v1
Jul 22 02:38:42 mg-cluster-control-plane containerd[105]: time="2024-07-22T02:38:42.454176584Z" level=info msg="loading plugin \"io.containerd.service.v1.containers-service\"..." type=io.containerd.service.v1
Jul 22 02:38:42 mg-cluster-control-plane containerd[105]: time="2024-07-22T02:38:42.454182668Z" level=info msg="loading plugin \"io.containerd.service.v1.content-service\"..." type=io.containerd.service.v1
Jul 22 02:38:42 mg-cluster-control-plane containerd[105]: time="2024-07-22T02:38:42.454189209Z" level=info msg="loading plugin \"io.containerd.service.v1.diff-service\"..." type=io.containerd.service.v1
Jul 22 02:38:42 mg-cluster-control-plane containerd[105]: time="2024-07-22T02:38:42.454195918Z" level=info msg="loading plugin \"io.containerd.service.v1.images-service\"..." type=io.containerd.service.v1
Jul 22 02:38:42 mg-cluster-control-plane containerd[105]: time="2024-07-22T02:38:42.454204376Z" level=info msg="loading plugin \"io.containerd.service.v1.introspection-service\"..." type=io.containerd.service.v1
Jul 22 02:38:42 mg-cluster-control-plane containerd[105]: time="2024-07-22T02:38:42.454211168Z" level=info msg="loading plugin \"io.containerd.service.v1.namespaces-service\"..." type=io.containerd.service.v1
Jul 22 02:38:42 mg-cluster-control-plane containerd[105]: time="2024-07-22T02:38:42.454219626Z" level=info msg="loading plugin \"io.containerd.service.v1.snapshots-service\"..." type=io.containerd.service.v1
Jul 22 02:38:42 mg-cluster-control-plane containerd[105]: time="2024-07-22T02:38:42.454226126Z" level=info msg="loading plugin \"io.containerd.service.v1.tasks-service\"..." type=io.containerd.service.v1
Jul 22 02:38:42 mg-cluster-control-plane containerd[105]: time="2024-07-22T02:38:42.454239834Z" level=info msg="loading plugin \"io.containerd.grpc.v1.containers\"..." type=io.containerd.grpc.v1
Jul 22 02:38:42 mg-cluster-control-plane containerd[105]: time="2024-07-22T02:38:42.454246376Z" level=info msg="loading plugin \"io.containerd.grpc.v1.content\"..." type=io.containerd.grpc.v1
Jul 22 02:38:42 mg-cluster-control-plane containerd[105]: time="2024-07-22T02:38:42.454252418Z" level=info msg="loading plugin \"io.containerd.grpc.v1.diff\"..." type=io.containerd.grpc.v1
Jul 22 02:38:42 mg-cluster-control-plane containerd[105]: time="2024-07-22T02:38:42.454258001Z" level=info msg="loading plugin \"io.containerd.grpc.v1.events\"..." type=io.containerd.grpc.v1
Jul 22 02:38:42 mg-cluster-control-plane containerd[105]: time="2024-07-22T02:38:42.454263543Z" level=info msg="loading plugin \"io.containerd.grpc.v1.images\"..." type=io.containerd.grpc.v1
Jul 22 02:38:42 mg-cluster-control-plane containerd[105]: time="2024-07-22T02:38:42.454269209Z" level=info msg="loading plugin \"io.containerd.grpc.v1.introspection\"..." type=io.containerd.grpc.v1
Jul 22 02:38:42 mg-cluster-control-plane containerd[105]: time="2024-07-22T02:38:42.454275001Z" level=info msg="loading plugin \"io.containerd.grpc.v1.leases\"..." type=io.containerd.grpc.v1
Jul 22 02:38:42 mg-cluster-control-plane containerd[105]: time="2024-07-22T02:38:42.454281334Z" level=info msg="loading plugin \"io.containerd.grpc.v1.namespaces\"..." type=io.containerd.grpc.v1
Jul 22 02:38:42 mg-cluster-control-plane containerd[105]: time="2024-07-22T02:38:42.454288126Z" level=info msg="loading plugin \"io.containerd.grpc.v1.sandbox-controllers\"..." type=io.containerd.grpc.v1
Jul 22 02:38:42 mg-cluster-control-plane containerd[105]: time="2024-07-22T02:38:42.454297793Z" level=info msg="loading plugin \"io.containerd.grpc.v1.sandboxes\"..." type=io.containerd.grpc.v1
Jul 22 02:38:42 mg-cluster-control-plane containerd[105]: time="2024-07-22T02:38:42.454303168Z" level=info msg="loading plugin \"io.containerd.grpc.v1.snapshots\"..." type=io.containerd.grpc.v1
Jul 22 02:38:42 mg-cluster-control-plane containerd[105]: time="2024-07-22T02:38:42.454308626Z" level=info msg="loading plugin \"io.containerd.grpc.v1.streaming\"..." type=io.containerd.grpc.v1
Jul 22 02:38:42 mg-cluster-control-plane containerd[105]: time="2024-07-22T02:38:42.454316709Z" level=info msg="loading plugin \"io.containerd.grpc.v1.tasks\"..." type=io.containerd.grpc.v1
Jul 22 02:38:42 mg-cluster-control-plane containerd[105]: time="2024-07-22T02:38:42.454323334Z" level=info msg="loading plugin \"io.containerd.transfer.v1.local\"..." type=io.containerd.transfer.v1
Jul 22 02:38:42 mg-cluster-control-plane containerd[105]: time="2024-07-22T02:38:42.454333001Z" level=info msg="loading plugin \"io.containerd.grpc.v1.transfer\"..." type=io.containerd.grpc.v1
Jul 22 02:38:42 mg-cluster-control-plane containerd[105]: time="2024-07-22T02:38:42.454338543Z" level=info msg="loading plugin \"io.containerd.grpc.v1.version\"..." type=io.containerd.grpc.v1
Jul 22 02:38:42 mg-cluster-control-plane containerd[105]: time="2024-07-22T02:38:42.454343751Z" level=info msg="loading plugin \"io.containerd.internal.v1.restart\"..." type=io.containerd.internal.v1
Jul 22 02:38:42 mg-cluster-control-plane containerd[105]: time="2024-07-22T02:38:42.454374001Z" level=info msg="loading plugin \"io.containerd.tracing.processor.v1.otlp\"..." type=io.containerd.tracing.processor.v1
Jul 22 02:38:42 mg-cluster-control-plane containerd[105]: time="2024-07-22T02:38:42.454390584Z" level=info msg="skip loading plugin \"io.containerd.tracing.processor.v1.otlp\"..." error="no OpenTelemetry endpoint: skip plugin" type=io.containerd.tracing.processor.v1
Jul 22 02:38:42 mg-cluster-control-plane containerd[105]: time="2024-07-22T02:38:42.454402209Z" level=info msg="loading plugin \"io.containerd.internal.v1.tracing\"..." type=io.containerd.internal.v1
Jul 22 02:38:42 mg-cluster-control-plane containerd[105]: time="2024-07-22T02:38:42.454408668Z" level=info msg="skipping tracing processor initialization (no tracing plugin)" error="no OpenTelemetry endpoint: skip plugin"
Jul 22 02:38:42 mg-cluster-control-plane containerd[105]: time="2024-07-22T02:38:42.454465543Z" level=info msg="loading plugin \"io.containerd.grpc.v1.healthcheck\"..." type=io.containerd.grpc.v1
Jul 22 02:38:42 mg-cluster-control-plane containerd[105]: time="2024-07-22T02:38:42.454473376Z" level=info msg="loading plugin \"io.containerd.nri.v1.nri\"..." type=io.containerd.nri.v1
Jul 22 02:38:42 mg-cluster-control-plane containerd[105]: time="2024-07-22T02:38:42.454478918Z" level=info msg="NRI interface is disabled by configuration."
Jul 22 02:38:42 mg-cluster-control-plane containerd[105]: time="2024-07-22T02:38:42.454484084Z" level=info msg="loading plugin \"io.containerd.grpc.v1.cri\"..." type=io.containerd.grpc.v1
Jul 22 02:38:42 mg-cluster-control-plane containerd[105]: time="2024-07-22T02:38:42.454739168Z" level=info msg="Start cri plugin with config {PluginConfig:{ContainerdConfig:{Snapshotter:overlayfs DefaultRuntimeName:runc DefaultRuntime:{Type: Path: Engine: PodAnnotations:[] ContainerAnnotations:[] Root: Options:map[] PrivilegedWithoutHostDevices:false PrivilegedWithoutHostDevicesAllDevicesAllowed:false BaseRuntimeSpec: NetworkPluginConfDir: NetworkPluginMaxConfNum:0 Snapshotter: SandboxMode:} UntrustedWorkloadRuntime:{Type: Path: Engine: PodAnnotations:[] ContainerAnnotations:[] Root: Options:map[] PrivilegedWithoutHostDevices:false PrivilegedWithoutHostDevicesAllDevicesAllowed:false BaseRuntimeSpec: NetworkPluginConfDir: NetworkPluginMaxConfNum:0 Snapshotter: SandboxMode:} Runtimes:map[runc:{Type:io.containerd.runc.v2 Path: Engine: PodAnnotations:[] ContainerAnnotations:[] Root: Options:map[SystemdCgroup:true] PrivilegedWithoutHostDevices:false PrivilegedWithoutHostDevicesAllDevicesAllowed:false BaseRuntimeSpec:/etc/containerd/cri-base.json NetworkPluginConfDir: NetworkPluginMaxConfNum:0 Snapshotter: SandboxMode:podsandbox} test-handler:{Type:io.containerd.runc.v2 Path: Engine: PodAnnotations:[] ContainerAnnotations:[] Root: Options:map[SystemdCgroup:true] PrivilegedWithoutHostDevices:false PrivilegedWithoutHostDevicesAllDevicesAllowed:false BaseRuntimeSpec:/etc/containerd/cri-base.json NetworkPluginConfDir: NetworkPluginMaxConfNum:0 Snapshotter: SandboxMode:podsandbox}] NoPivot:false DisableSnapshotAnnotations:true DiscardUnpackedLayers:true IgnoreBlockIONotEnabledErrors:false IgnoreRdtNotEnabledErrors:false} CniConfig:{NetworkPluginBinDir:/opt/cni/bin NetworkPluginConfDir:/etc/cni/net.d NetworkPluginMaxConfNum:1 NetworkPluginSetupSerially:false NetworkPluginConfTemplate: IPPreference:} Registry:{ConfigPath: Mirrors:map[] Configs:map[] Auths:map[] Headers:map[]} ImageDecryption:{KeyModel:node} DisableTCPService:true StreamServerAddress:127.0.0.1 StreamServerPort:0 StreamIdleTimeout:4h0m0s EnableSelinux:false SelinuxCategoryRange:1024 SandboxImage:registry.k8s.io/pause:3.7 StatsCollectPeriod:10 SystemdCgroup:false EnableTLSStreaming:false X509KeyPairStreaming:{TLSCertFile: TLSKeyFile:} MaxContainerLogLineSize:16384 DisableCgroup:false DisableApparmor:false RestrictOOMScoreAdj:false MaxConcurrentDownloads:3 DisableProcMount:false UnsetSeccompProfile: TolerateMissingHugetlbController:true DisableHugetlbController:true DeviceOwnershipFromSecurityContext:false IgnoreImageDefinedVolumes:false NetNSMountsUnderStateDir:false EnableUnprivilegedPorts:false EnableUnprivilegedICMP:false EnableCDI:false CDISpecDirs:[/etc/cdi /var/run/cdi] ImagePullProgressTimeout:5m0s DrainExecSyncIOTimeout:0s ImagePullWithSyncFs:false IgnoreDeprecationWarnings:[]} ContainerdRootDir:/var/lib/containerd ContainerdEndpoint:/run/containerd/containerd.sock RootDir:/var/lib/containerd/io.containerd.grpc.v1.cri StateDir:/run/containerd/io.containerd.grpc.v1.cri}"
Jul 22 02:38:42 mg-cluster-control-plane containerd[105]: time="2024-07-22T02:38:42.454789251Z" level=info msg="Connect containerd service"
Jul 22 02:38:42 mg-cluster-control-plane containerd[105]: time="2024-07-22T02:38:42.454801126Z" level=info msg="using legacy CRI server"
Jul 22 02:38:42 mg-cluster-control-plane containerd[105]: time="2024-07-22T02:38:42.454804668Z" level=info msg="using experimental NRI integration - disable nri plugin to prevent this"
Jul 22 02:38:42 mg-cluster-control-plane containerd[105]: time="2024-07-22T02:38:42.454816834Z" level=info msg="Get image filesystem path \"/var/lib/containerd/io.containerd.snapshotter.v1.overlayfs\""
Jul 22 02:38:42 mg-cluster-control-plane containerd[105]: time="2024-07-22T02:38:42.455061043Z" level=error msg="failed to load cni during init, please check CRI plugin status before setting up network for pods" error="cni config load failed: no network config found in /etc/cni/net.d: cni plugin not initialized: failed to load cni config"
Jul 22 02:38:42 mg-cluster-control-plane containerd[105]: time="2024-07-22T02:38:42.457160293Z" level=info msg="Start subscribing containerd event"
Jul 22 02:38:42 mg-cluster-control-plane containerd[105]: time="2024-07-22T02:38:42.457224168Z" level=info msg="Start recovering state"
Jul 22 02:38:42 mg-cluster-control-plane containerd[105]: time="2024-07-22T02:38:42.462582793Z" level=warning msg="The image registry.k8s.io/kube-proxy-arm64:v1.30.0 is not unpacked."
Jul 22 02:38:42 mg-cluster-control-plane containerd[105]: time="2024-07-22T02:38:42.462586001Z" level=warning msg="The image registry.k8s.io/kube-controller-manager:v1.30.0 is not unpacked."
Jul 22 02:38:42 mg-cluster-control-plane containerd[105]: time="2024-07-22T02:38:42.462819126Z" level=warning msg="The image import-2024-05-13@sha256:66851d132bc433174ca3ded1bccbfe461cb7766bfd941f956224eafc2c8ec39f is not unpacked."
Jul 22 02:38:42 mg-cluster-control-plane containerd[105]: time="2024-07-22T02:38:42.462958834Z" level=warning msg="The image docker.io/kindest/local-path-helper:v20230510-486859a6 is not unpacked."
Jul 22 02:38:42 mg-cluster-control-plane containerd[105]: time="2024-07-22T02:38:42.462971209Z" level=warning msg="The image sha256:4740c1948d3fceb8d7dacc63033aa6299d80794ee4f4811539ec1081d9211f3d is not unpacked."
Jul 22 02:38:42 mg-cluster-control-plane containerd[105]: time="2024-07-22T02:38:42.463057293Z" level=warning msg="The image registry.k8s.io/kube-proxy:v1.30.0 is not unpacked."
Jul 22 02:38:42 mg-cluster-control-plane containerd[105]: time="2024-07-22T02:38:42.463059001Z" level=warning msg="The image import-2024-05-13@sha256:b7267730b5d235ec9500112663c8b244e2d09f0d9f92f1c6bb5caadf73d7a90c is not unpacked."
Jul 22 02:38:42 mg-cluster-control-plane containerd[105]: time="2024-07-22T02:38:42.463062626Z" level=warning msg="The image registry.k8s.io/kube-apiserver:v1.30.0 is not unpacked."
Jul 22 02:38:42 mg-cluster-control-plane containerd[105]: time="2024-07-22T02:38:42.463210751Z" level=warning msg="The image registry.k8s.io/kube-scheduler-arm64:v1.30.0 is not unpacked."
Jul 22 02:38:42 mg-cluster-control-plane containerd[105]: time="2024-07-22T02:38:42.463281001Z" level=warning msg="The image registry.k8s.io/pause:3.7 is not unpacked."
Jul 22 02:38:42 mg-cluster-control-plane containerd[105]: time="2024-07-22T02:38:42.463334126Z" level=warning msg="The image registry.k8s.io/kube-scheduler:v1.30.0 is not unpacked."
Jul 22 02:38:42 mg-cluster-control-plane containerd[105]: time="2024-07-22T02:38:42.463524043Z" level=warning msg="The image docker.io/kindest/kindnetd:v20240202-8f1494ea is not unpacked."
Jul 22 02:38:42 mg-cluster-control-plane containerd[105]: time="2024-07-22T02:38:42.463563043Z" level=warning msg="The image docker.io/kindest/local-path-provisioner:v20240202-8f1494ea is not unpacked."
Jul 22 02:38:42 mg-cluster-control-plane containerd[105]: time="2024-07-22T02:38:42.463585084Z" level=warning msg="The image import-2024-05-13@sha256:45c561194466a77e2ad957a3ead7e40af710be745eab60aa556e670cc526e1e9 is not unpacked."
Jul 22 02:38:42 mg-cluster-control-plane containerd[105]: time="2024-07-22T02:38:42.463597501Z" level=warning msg="The image sha256:e5a475a0380575fb5df454b2e32bdec93e1ec0094d8a61e895b41567cb884550 is not unpacked."
Jul 22 02:38:42 mg-cluster-control-plane containerd[105]: time="2024-07-22T02:38:42.463603751Z" level=warning msg="The image import-2024-05-13@sha256:91ca1c81e44a332253b9588418418de977942a50ae0d9a84f9a288c4030f8653 is not unpacked."
Jul 22 02:38:42 mg-cluster-control-plane containerd[105]: time="2024-07-22T02:38:42.463762501Z" level=warning msg="The image sha256:014faa467e29798aeef733fe6d1a3b5e382688217b053ad23410e6cccd5d22fd is not unpacked."
Jul 22 02:38:42 mg-cluster-control-plane containerd[105]: time="2024-07-22T02:38:42.463830126Z" level=warning msg="The image registry.k8s.io/kube-controller-manager-arm64:v1.30.0 is not unpacked."
Jul 22 02:38:42 mg-cluster-control-plane containerd[105]: time="2024-07-22T02:38:42.463997501Z" level=warning msg="The image sha256:26ceefab31d20e7e9c162db69ac8d4bf87f35302f62c2e25a6ffa4ce0fbc5b53 is not unpacked."
Jul 22 02:38:42 mg-cluster-control-plane containerd[105]: time="2024-07-22T02:38:42.464115834Z" level=warning msg="The image sha256:2437cf762177702dec2dfe99a09c37427a15af6d9a57c456b65352667c223d93 is not unpacked."
Jul 22 02:38:42 mg-cluster-control-plane containerd[105]: time="2024-07-22T02:38:42.464260418Z" level=warning msg="The image sha256:6c806bad1e8991c6415cfcc6f4d01ac610635ff47c9f4c21092caa830d90aca1 is not unpacked."
Jul 22 02:38:42 mg-cluster-control-plane containerd[105]: time="2024-07-22T02:38:42.464326876Z" level=warning msg="The image sha256:80a7c4a0557e68d4257ff8126260f000970de15b987ea4c4eba74506dae713a7 is not unpacked."
Jul 22 02:38:42 mg-cluster-control-plane containerd[105]: time="2024-07-22T02:38:42.464435751Z" level=warning msg="The image sha256:b1522b854947b7e938a4fd8b70afad16fcd09e70a373fb7aaa0bdd89ca67bfcc is not unpacked."
Jul 22 02:38:42 mg-cluster-control-plane containerd[105]: time="2024-07-22T02:38:42.464550543Z" level=warning msg="The image sha256:d2d4e1917462f2edff8cdb18781ff486c0d0c8c3f9f9579654bd14777d0c0b04 is not unpacked."
Jul 22 02:38:42 mg-cluster-control-plane containerd[105]: time="2024-07-22T02:38:42.465114834Z" level=warning msg="The image registry.k8s.io/kube-apiserver-arm64:v1.30.0 is not unpacked."
Jul 22 02:38:42 mg-cluster-control-plane containerd[105]: time="2024-07-22T02:38:42.465240709Z" level=warning msg="The image registry.k8s.io/coredns/coredns:v1.11.1 is not unpacked."
Jul 22 02:38:42 mg-cluster-control-plane containerd[105]: time="2024-07-22T02:38:42.465294501Z" level=info msg=serving... address=/run/containerd/containerd.sock.ttrpc
Jul 22 02:38:42 mg-cluster-control-plane containerd[105]: time="2024-07-22T02:38:42.465327876Z" level=info msg=serving... address=/run/containerd/containerd.sock
Jul 22 02:38:42 mg-cluster-control-plane containerd[105]: time="2024-07-22T02:38:42.465463293Z" level=warning msg="The image sha256:d022557af8b6306cc24be6f095d77b7892f28b34b765c4337774e5e4cbb39132 is not unpacked."
Jul 22 02:38:42 mg-cluster-control-plane containerd[105]: time="2024-07-22T02:38:42.465933584Z" level=warning msg="The image registry.k8s.io/etcd:3.5.12-0 is not unpacked."
Jul 22 02:38:42 mg-cluster-control-plane containerd[105]: time="2024-07-22T02:38:42.477924459Z" level=info msg="Start event monitor"
Jul 22 02:38:42 mg-cluster-control-plane containerd[105]: time="2024-07-22T02:38:42.477951418Z" level=info msg="Start snapshots syncer"
Jul 22 02:38:42 mg-cluster-control-plane containerd[105]: time="2024-07-22T02:38:42.477957793Z" level=info msg="Start cni network conf syncer for default"
Jul 22 02:38:42 mg-cluster-control-plane containerd[105]: time="2024-07-22T02:38:42.477961876Z" level=info msg="Start streaming server"
Jul 22 02:38:42 mg-cluster-control-plane containerd[105]: time="2024-07-22T02:38:42.478056126Z" level=info msg="containerd successfully booted in 0.039137s"
Jul 22 02:38:42 mg-cluster-control-plane systemd[1]: Started containerd.service - containerd container runtime.
Jul 22 02:38:48 mg-cluster-control-plane containerd[105]: time="2024-07-22T02:38:48.753173421Z" level=info msg="RunPodSandbox for &PodSandboxMetadata{Name:kube-scheduler-mg-cluster-control-plane,Uid:0f9434a747ecfc8e6232980f3523ecfb,Namespace:kube-system,Attempt:0,}"
Jul 22 02:38:48 mg-cluster-control-plane containerd[105]: time="2024-07-22T02:38:48.756303421Z" level=info msg="RunPodSandbox for &PodSandboxMetadata{Name:etcd-mg-cluster-control-plane,Uid:05246584d78f5eea24d402081ea496e8,Namespace:kube-system,Attempt:0,}"
Jul 22 02:38:48 mg-cluster-control-plane containerd[105]: time="2024-07-22T02:38:48.762435046Z" level=info msg="RunPodSandbox for &PodSandboxMetadata{Name:kube-apiserver-mg-cluster-control-plane,Uid:925f0ba72eb5527596f62707d8475f00,Namespace:kube-system,Attempt:0,}"
Jul 22 02:38:48 mg-cluster-control-plane containerd[105]: time="2024-07-22T02:38:48.765377087Z" level=info msg="RunPodSandbox for &PodSandboxMetadata{Name:kube-controller-manager-mg-cluster-control-plane,Uid:df6901dbac6c23b6e153a82d6ca938c2,Namespace:kube-system,Attempt:0,}"
Jul 22 02:38:48 mg-cluster-control-plane containerd[105]: time="2024-07-22T02:38:48.811377921Z" level=info msg="loading plugin \"io.containerd.event.v1.publisher\"..." runtime=io.containerd.runc.v2 type=io.containerd.event.v1
Jul 22 02:38:48 mg-cluster-control-plane containerd[105]: time="2024-07-22T02:38:48.811441837Z" level=info msg="loading plugin \"io.containerd.internal.v1.shutdown\"..." runtime=io.containerd.runc.v2 type=io.containerd.internal.v1
Jul 22 02:38:48 mg-cluster-control-plane containerd[105]: time="2024-07-22T02:38:48.811450587Z" level=info msg="loading plugin \"io.containerd.ttrpc.v1.task\"..." runtime=io.containerd.runc.v2 type=io.containerd.ttrpc.v1
Jul 22 02:38:48 mg-cluster-control-plane containerd[105]: time="2024-07-22T02:38:48.811566837Z" level=info msg="loading plugin \"io.containerd.ttrpc.v1.pause\"..." runtime=io.containerd.runc.v2 type=io.containerd.ttrpc.v1
Jul 22 02:38:48 mg-cluster-control-plane containerd[105]: time="2024-07-22T02:38:48.817043337Z" level=info msg="loading plugin \"io.containerd.event.v1.publisher\"..." runtime=io.containerd.runc.v2 type=io.containerd.event.v1
Jul 22 02:38:48 mg-cluster-control-plane containerd[105]: time="2024-07-22T02:38:48.817087212Z" level=info msg="loading plugin \"io.containerd.internal.v1.shutdown\"..." runtime=io.containerd.runc.v2 type=io.containerd.internal.v1
Jul 22 02:38:48 mg-cluster-control-plane containerd[105]: time="2024-07-22T02:38:48.817093171Z" level=info msg="loading plugin \"io.containerd.ttrpc.v1.task\"..." runtime=io.containerd.runc.v2 type=io.containerd.ttrpc.v1
Jul 22 02:38:48 mg-cluster-control-plane containerd[105]: time="2024-07-22T02:38:48.817141337Z" level=info msg="loading plugin \"io.containerd.ttrpc.v1.pause\"..." runtime=io.containerd.runc.v2 type=io.containerd.ttrpc.v1
Jul 22 02:38:48 mg-cluster-control-plane containerd[105]: time="2024-07-22T02:38:48.817602379Z" level=info msg="loading plugin \"io.containerd.event.v1.publisher\"..." runtime=io.containerd.runc.v2 type=io.containerd.event.v1
Jul 22 02:38:48 mg-cluster-control-plane containerd[105]: time="2024-07-22T02:38:48.817767296Z" level=info msg="loading plugin \"io.containerd.internal.v1.shutdown\"..." runtime=io.containerd.runc.v2 type=io.containerd.internal.v1
Jul 22 02:38:48 mg-cluster-control-plane containerd[105]: time="2024-07-22T02:38:48.817817171Z" level=info msg="loading plugin \"io.containerd.ttrpc.v1.task\"..." runtime=io.containerd.runc.v2 type=io.containerd.ttrpc.v1
Jul 22 02:38:48 mg-cluster-control-plane containerd[105]: time="2024-07-22T02:38:48.817902171Z" level=info msg="loading plugin \"io.containerd.ttrpc.v1.pause\"..." runtime=io.containerd.runc.v2 type=io.containerd.ttrpc.v1
Jul 22 02:38:48 mg-cluster-control-plane containerd[105]: time="2024-07-22T02:38:48.826426046Z" level=info msg="loading plugin \"io.containerd.event.v1.publisher\"..." runtime=io.containerd.runc.v2 type=io.containerd.event.v1
Jul 22 02:38:48 mg-cluster-control-plane containerd[105]: time="2024-07-22T02:38:48.826489129Z" level=info msg="loading plugin \"io.containerd.internal.v1.shutdown\"..." runtime=io.containerd.runc.v2 type=io.containerd.internal.v1
Jul 22 02:38:48 mg-cluster-control-plane containerd[105]: time="2024-07-22T02:38:48.826495296Z" level=info msg="loading plugin \"io.containerd.ttrpc.v1.task\"..." runtime=io.containerd.runc.v2 type=io.containerd.ttrpc.v1
Jul 22 02:38:48 mg-cluster-control-plane containerd[105]: time="2024-07-22T02:38:48.826536087Z" level=info msg="loading plugin \"io.containerd.ttrpc.v1.pause\"..." runtime=io.containerd.runc.v2 type=io.containerd.ttrpc.v1
Jul 22 02:38:48 mg-cluster-control-plane containerd[105]: time="2024-07-22T02:38:48.866020046Z" level=info msg="RunPodSandbox for &PodSandboxMetadata{Name:kube-scheduler-mg-cluster-control-plane,Uid:0f9434a747ecfc8e6232980f3523ecfb,Namespace:kube-system,Attempt:0,} returns sandbox id \"1625df4e7c357d550d9f3f3cacdd703fbc53501e2dd1053c09258d600f6cab0a\""
Jul 22 02:38:48 mg-cluster-control-plane containerd[105]: time="2024-07-22T02:38:48.869997921Z" level=info msg="CreateContainer within sandbox \"1625df4e7c357d550d9f3f3cacdd703fbc53501e2dd1053c09258d600f6cab0a\" for container &ContainerMetadata{Name:kube-scheduler,Attempt:0,}"
Jul 22 02:38:48 mg-cluster-control-plane containerd[105]: time="2024-07-22T02:38:48.871404587Z" level=info msg="RunPodSandbox for &PodSandboxMetadata{Name:etcd-mg-cluster-control-plane,Uid:05246584d78f5eea24d402081ea496e8,Namespace:kube-system,Attempt:0,} returns sandbox id \"65780ec3b105e5f368feaac40cfd771ea7373016ec85d0e03c00cc310cc13810\""
Jul 22 02:38:48 mg-cluster-control-plane containerd[105]: time="2024-07-22T02:38:48.878923712Z" level=info msg="CreateContainer within sandbox \"65780ec3b105e5f368feaac40cfd771ea7373016ec85d0e03c00cc310cc13810\" for container &ContainerMetadata{Name:etcd,Attempt:0,}"
Jul 22 02:38:48 mg-cluster-control-plane containerd[105]: time="2024-07-22T02:38:48.883755296Z" level=info msg="RunPodSandbox for &PodSandboxMetadata{Name:kube-controller-manager-mg-cluster-control-plane,Uid:df6901dbac6c23b6e153a82d6ca938c2,Namespace:kube-system,Attempt:0,} returns sandbox id \"53a86ca6aa2b4e2b79d9566522620e7c1ce005cdd8e9c3139e066a59149327fe\""
Jul 22 02:38:48 mg-cluster-control-plane containerd[105]: time="2024-07-22T02:38:48.885310171Z" level=info msg="CreateContainer within sandbox \"53a86ca6aa2b4e2b79d9566522620e7c1ce005cdd8e9c3139e066a59149327fe\" for container &ContainerMetadata{Name:kube-controller-manager,Attempt:0,}"
Jul 22 02:38:48 mg-cluster-control-plane containerd[105]: time="2024-07-22T02:38:48.888962671Z" level=info msg="RunPodSandbox for &PodSandboxMetadata{Name:kube-apiserver-mg-cluster-control-plane,Uid:925f0ba72eb5527596f62707d8475f00,Namespace:kube-system,Attempt:0,} returns sandbox id \"0b989ed692a3474312bc4c1b5ea2908fb5c07ca777761a45b1304be55b60adb0\""
Jul 22 02:38:48 mg-cluster-control-plane containerd[105]: time="2024-07-22T02:38:48.891479671Z" level=info msg="CreateContainer within sandbox \"0b989ed692a3474312bc4c1b5ea2908fb5c07ca777761a45b1304be55b60adb0\" for container &ContainerMetadata{Name:kube-apiserver,Attempt:0,}"
Jul 22 02:38:49 mg-cluster-control-plane containerd[105]: time="2024-07-22T02:38:49.297234421Z" level=info msg="CreateContainer within sandbox \"1625df4e7c357d550d9f3f3cacdd703fbc53501e2dd1053c09258d600f6cab0a\" for &ContainerMetadata{Name:kube-scheduler,Attempt:0,} returns container id \"19bdb00e0cedc69c56f2d98f96f47eeeef8f57a0b9f7e7e6981efef6376a4280\""
Jul 22 02:38:49 mg-cluster-control-plane containerd[105]: time="2024-07-22T02:38:49.298081588Z" level=info msg="StartContainer for \"19bdb00e0cedc69c56f2d98f96f47eeeef8f57a0b9f7e7e6981efef6376a4280\""
Jul 22 02:38:49 mg-cluster-control-plane containerd[105]: time="2024-07-22T02:38:49.326764254Z" level=info msg="CreateContainer within sandbox \"53a86ca6aa2b4e2b79d9566522620e7c1ce005cdd8e9c3139e066a59149327fe\" for &ContainerMetadata{Name:kube-controller-manager,Attempt:0,} returns container id \"1cccf8212cbb76a152c5225444af001555eac23813641482b75910a219e71d95\""
Jul 22 02:38:49 mg-cluster-control-plane containerd[105]: time="2024-07-22T02:38:49.327774963Z" level=info msg="StartContainer for \"1cccf8212cbb76a152c5225444af001555eac23813641482b75910a219e71d95\""
Jul 22 02:38:49 mg-cluster-control-plane containerd[105]: time="2024-07-22T02:38:49.340156504Z" level=info msg="CreateContainer within sandbox \"0b989ed692a3474312bc4c1b5ea2908fb5c07ca777761a45b1304be55b60adb0\" for &ContainerMetadata{Name:kube-apiserver,Attempt:0,} returns container id \"a416d36262134fc13a9d66af0dd128a22cfeb138740c4c51ea037cdeaedd5c1e\""
Jul 22 02:38:49 mg-cluster-control-plane containerd[105]: time="2024-07-22T02:38:49.340541963Z" level=info msg="StartContainer for \"a416d36262134fc13a9d66af0dd128a22cfeb138740c4c51ea037cdeaedd5c1e\""
Jul 22 02:38:49 mg-cluster-control-plane containerd[105]: time="2024-07-22T02:38:49.420496838Z" level=info msg="StartContainer for \"1cccf8212cbb76a152c5225444af001555eac23813641482b75910a219e71d95\" returns successfully"
Jul 22 02:38:49 mg-cluster-control-plane containerd[105]: time="2024-07-22T02:38:49.420721296Z" level=info msg="StartContainer for \"19bdb00e0cedc69c56f2d98f96f47eeeef8f57a0b9f7e7e6981efef6376a4280\" returns successfully"
Jul 22 02:38:49 mg-cluster-control-plane containerd[105]: time="2024-07-22T02:38:49.449764754Z" level=info msg="StartContainer for \"a416d36262134fc13a9d66af0dd128a22cfeb138740c4c51ea037cdeaedd5c1e\" returns successfully"
Jul 22 02:38:50 mg-cluster-control-plane containerd[105]: time="2024-07-22T02:38:50.211168046Z" level=info msg="CreateContainer within sandbox \"65780ec3b105e5f368feaac40cfd771ea7373016ec85d0e03c00cc310cc13810\" for &ContainerMetadata{Name:etcd,Attempt:0,} returns container id \"8ae603c747d95f450172f3629e2cf7dcb98f21a20b205cdea8a6518608c5143a\""
Jul 22 02:38:50 mg-cluster-control-plane containerd[105]: time="2024-07-22T02:38:50.211736380Z" level=info msg="StartContainer for \"8ae603c747d95f450172f3629e2cf7dcb98f21a20b205cdea8a6518608c5143a\""
Jul 22 02:38:50 mg-cluster-control-plane containerd[105]: time="2024-07-22T02:38:50.291138755Z" level=info msg="StartContainer for \"8ae603c747d95f450172f3629e2cf7dcb98f21a20b205cdea8a6518608c5143a\" returns successfully"
Jul 22 02:39:08 mg-cluster-control-plane containerd[105]: time="2024-07-22T02:39:08.320914930Z" level=info msg="No cni config template is specified, wait for other system components to drop the config."
Jul 22 02:39:10 mg-cluster-control-plane containerd[105]: time="2024-07-22T02:39:10.162957375Z" level=info msg="RunPodSandbox for &PodSandboxMetadata{Name:kindnet-v92hj,Uid:8f46e83a-30ee-4356-b9be-8a441011c5a8,Namespace:kube-system,Attempt:0,}"
Jul 22 02:39:10 mg-cluster-control-plane containerd[105]: time="2024-07-22T02:39:10.180013333Z" level=info msg="loading plugin \"io.containerd.event.v1.publisher\"..." runtime=io.containerd.runc.v2 type=io.containerd.event.v1
Jul 22 02:39:10 mg-cluster-control-plane containerd[105]: time="2024-07-22T02:39:10.180147250Z" level=info msg="loading plugin \"io.containerd.internal.v1.shutdown\"..." runtime=io.containerd.runc.v2 type=io.containerd.internal.v1
Jul 22 02:39:10 mg-cluster-control-plane containerd[105]: time="2024-07-22T02:39:10.180157292Z" level=info msg="loading plugin \"io.containerd.ttrpc.v1.task\"..." runtime=io.containerd.runc.v2 type=io.containerd.ttrpc.v1
Jul 22 02:39:10 mg-cluster-control-plane containerd[105]: time="2024-07-22T02:39:10.180260083Z" level=info msg="loading plugin \"io.containerd.ttrpc.v1.pause\"..." runtime=io.containerd.runc.v2 type=io.containerd.ttrpc.v1
Jul 22 02:39:10 mg-cluster-control-plane containerd[105]: time="2024-07-22T02:39:10.235680875Z" level=info msg="RunPodSandbox for &PodSandboxMetadata{Name:kindnet-v92hj,Uid:8f46e83a-30ee-4356-b9be-8a441011c5a8,Namespace:kube-system,Attempt:0,} returns sandbox id \"4eec8dd878cc7beb60b5a82dda58cf0dc2bd01495e2e856dd48e705d1dfd5058\""
Jul 22 02:39:10 mg-cluster-control-plane containerd[105]: time="2024-07-22T02:39:10.238386875Z" level=info msg="CreateContainer within sandbox \"4eec8dd878cc7beb60b5a82dda58cf0dc2bd01495e2e856dd48e705d1dfd5058\" for container &ContainerMetadata{Name:kindnet-cni,Attempt:0,}"
Jul 22 02:39:10 mg-cluster-control-plane containerd[105]: time="2024-07-22T02:39:10.786877792Z" level=info msg="RunPodSandbox for &PodSandboxMetadata{Name:kube-proxy-mt8ml,Uid:7f2ebd56-8190-4c41-beb3-d4c47d669b69,Namespace:kube-system,Attempt:0,}"
Jul 22 02:39:10 mg-cluster-control-plane containerd[105]: time="2024-07-22T02:39:10.802031542Z" level=info msg="CreateContainer within sandbox \"4eec8dd878cc7beb60b5a82dda58cf0dc2bd01495e2e856dd48e705d1dfd5058\" for &ContainerMetadata{Name:kindnet-cni,Attempt:0,} returns container id \"444316ccf77b631e9bf60e2b6f80a284adf6c08da87456e29f94d6852c9f3fe7\""
Jul 22 02:39:10 mg-cluster-control-plane containerd[105]: time="2024-07-22T02:39:10.802537792Z" level=info msg="StartContainer for \"444316ccf77b631e9bf60e2b6f80a284adf6c08da87456e29f94d6852c9f3fe7\""
Jul 22 02:39:10 mg-cluster-control-plane containerd[105]: time="2024-07-22T02:39:10.807233292Z" level=info msg="loading plugin \"io.containerd.event.v1.publisher\"..." runtime=io.containerd.runc.v2 type=io.containerd.event.v1
Jul 22 02:39:10 mg-cluster-control-plane containerd[105]: time="2024-07-22T02:39:10.807301125Z" level=info msg="loading plugin \"io.containerd.internal.v1.shutdown\"..." runtime=io.containerd.runc.v2 type=io.containerd.internal.v1
Jul 22 02:39:10 mg-cluster-control-plane containerd[105]: time="2024-07-22T02:39:10.807502167Z" level=info msg="loading plugin \"io.containerd.ttrpc.v1.task\"..." runtime=io.containerd.runc.v2 type=io.containerd.ttrpc.v1
Jul 22 02:39:10 mg-cluster-control-plane containerd[105]: time="2024-07-22T02:39:10.810769375Z" level=info msg="loading plugin \"io.containerd.ttrpc.v1.pause\"..." runtime=io.containerd.runc.v2 type=io.containerd.ttrpc.v1
Jul 22 02:39:10 mg-cluster-control-plane containerd[105]: time="2024-07-22T02:39:10.864866667Z" level=info msg="RunPodSandbox for &PodSandboxMetadata{Name:kube-proxy-mt8ml,Uid:7f2ebd56-8190-4c41-beb3-d4c47d669b69,Namespace:kube-system,Attempt:0,} returns sandbox id \"e6395fa3c9826182954470b725d9ed1eeb38d5aac245741d3f5860732ea1b742\""
Jul 22 02:39:10 mg-cluster-control-plane containerd[105]: time="2024-07-22T02:39:10.867006834Z" level=info msg="CreateContainer within sandbox \"e6395fa3c9826182954470b725d9ed1eeb38d5aac245741d3f5860732ea1b742\" for container &ContainerMetadata{Name:kube-proxy,Attempt:0,}"
Jul 22 02:39:11 mg-cluster-control-plane containerd[105]: time="2024-07-22T02:39:11.101887542Z" level=info msg="CreateContainer within sandbox \"e6395fa3c9826182954470b725d9ed1eeb38d5aac245741d3f5860732ea1b742\" for &ContainerMetadata{Name:kube-proxy,Attempt:0,} returns container id \"1d0cd7ebc11be3cd28c7cd641535303917874c2be228d92623d56aa7a3318e0e\""
Jul 22 02:39:11 mg-cluster-control-plane containerd[105]: time="2024-07-22T02:39:11.102435292Z" level=info msg="StartContainer for \"1d0cd7ebc11be3cd28c7cd641535303917874c2be228d92623d56aa7a3318e0e\""
Jul 22 02:39:11 mg-cluster-control-plane containerd[105]: time="2024-07-22T02:39:11.140924042Z" level=info msg="StartContainer for \"444316ccf77b631e9bf60e2b6f80a284adf6c08da87456e29f94d6852c9f3fe7\" returns successfully"
Jul 22 02:39:11 mg-cluster-control-plane containerd[105]: time="2024-07-22T02:39:11.182965542Z" level=info msg="StartContainer for \"1d0cd7ebc11be3cd28c7cd641535303917874c2be228d92623d56aa7a3318e0e\" returns successfully"
Jul 22 02:39:11 mg-cluster-control-plane containerd[105]: time="2024-07-22T02:39:11.628684209Z" level=error msg="failed to reload cni configuration after receiving fs change event(WRITE         \"/etc/cni/net.d/10-kindnet.conflist.temp\")" error="cni config load failed: no network config found in /etc/cni/net.d: cni plugin not initialized: failed to load cni config"
Jul 22 02:39:12 mg-cluster-control-plane containerd[105]: time="2024-07-22T02:39:12.108200376Z" level=info msg="RunPodSandbox for &PodSandboxMetadata{Name:coredns-7db6d8ff4d-tqpgq,Uid:469a392b-7fc2-4ef7-b62c-9de1a62b8131,Namespace:kube-system,Attempt:0,}"
Jul 22 02:39:12 mg-cluster-control-plane containerd[105]: time="2024-07-22T02:39:12.113828584Z" level=info msg="RunPodSandbox for &PodSandboxMetadata{Name:local-path-provisioner-988d74bc-799t9,Uid:beffcdd1-9390-485b-a0c0-ec4cfbf23460,Namespace:local-path-storage,Attempt:0,}"
Jul 22 02:39:12 mg-cluster-control-plane containerd[105]: time="2024-07-22T02:39:12.115797084Z" level=info msg="RunPodSandbox for &PodSandboxMetadata{Name:coredns-7db6d8ff4d-b5pbp,Uid:47667c0f-6db2-474e-8b5b-0a244dfc3357,Namespace:kube-system,Attempt:0,}"
Jul 22 02:39:12 mg-cluster-control-plane containerd[105]: time="2024-07-22T02:39:12.157274959Z" level=info msg="loading plugin \"io.containerd.event.v1.publisher\"..." runtime=io.containerd.runc.v2 type=io.containerd.event.v1
Jul 22 02:39:12 mg-cluster-control-plane containerd[105]: time="2024-07-22T02:39:12.157309126Z" level=info msg="loading plugin \"io.containerd.internal.v1.shutdown\"..." runtime=io.containerd.runc.v2 type=io.containerd.internal.v1
Jul 22 02:39:12 mg-cluster-control-plane containerd[105]: time="2024-07-22T02:39:12.157333043Z" level=info msg="loading plugin \"io.containerd.ttrpc.v1.task\"..." runtime=io.containerd.runc.v2 type=io.containerd.ttrpc.v1
Jul 22 02:39:12 mg-cluster-control-plane containerd[105]: time="2024-07-22T02:39:12.157479793Z" level=info msg="loading plugin \"io.containerd.ttrpc.v1.pause\"..." runtime=io.containerd.runc.v2 type=io.containerd.ttrpc.v1
Jul 22 02:39:12 mg-cluster-control-plane containerd[105]: time="2024-07-22T02:39:12.168303584Z" level=info msg="loading plugin \"io.containerd.event.v1.publisher\"..." runtime=io.containerd.runc.v2 type=io.containerd.event.v1
Jul 22 02:39:12 mg-cluster-control-plane containerd[105]: time="2024-07-22T02:39:12.168960168Z" level=info msg="loading plugin \"io.containerd.internal.v1.shutdown\"..." runtime=io.containerd.runc.v2 type=io.containerd.internal.v1
Jul 22 02:39:12 mg-cluster-control-plane containerd[105]: time="2024-07-22T02:39:12.168972918Z" level=info msg="loading plugin \"io.containerd.ttrpc.v1.task\"..." runtime=io.containerd.runc.v2 type=io.containerd.ttrpc.v1
Jul 22 02:39:12 mg-cluster-control-plane containerd[105]: time="2024-07-22T02:39:12.169033834Z" level=info msg="loading plugin \"io.containerd.ttrpc.v1.pause\"..." runtime=io.containerd.runc.v2 type=io.containerd.ttrpc.v1
Jul 22 02:39:12 mg-cluster-control-plane containerd[105]: time="2024-07-22T02:39:12.173305543Z" level=info msg="loading plugin \"io.containerd.event.v1.publisher\"..." runtime=io.containerd.runc.v2 type=io.containerd.event.v1
Jul 22 02:39:12 mg-cluster-control-plane containerd[105]: time="2024-07-22T02:39:12.173354418Z" level=info msg="loading plugin \"io.containerd.internal.v1.shutdown\"..." runtime=io.containerd.runc.v2 type=io.containerd.internal.v1
Jul 22 02:39:12 mg-cluster-control-plane containerd[105]: time="2024-07-22T02:39:12.173363709Z" level=info msg="loading plugin \"io.containerd.ttrpc.v1.task\"..." runtime=io.containerd.runc.v2 type=io.containerd.ttrpc.v1
Jul 22 02:39:12 mg-cluster-control-plane containerd[105]: time="2024-07-22T02:39:12.173409168Z" level=info msg="loading plugin \"io.containerd.ttrpc.v1.pause\"..." runtime=io.containerd.runc.v2 type=io.containerd.ttrpc.v1
Jul 22 02:39:12 mg-cluster-control-plane containerd[105]: time="2024-07-22T02:39:12.210814293Z" level=info msg="RunPodSandbox for &PodSandboxMetadata{Name:coredns-7db6d8ff4d-tqpgq,Uid:469a392b-7fc2-4ef7-b62c-9de1a62b8131,Namespace:kube-system,Attempt:0,} returns sandbox id \"0660ea9d4bfbada982fe4b07adf5bdac6356dfe8365828842bfd5798f281a7cf\""
Jul 22 02:39:12 mg-cluster-control-plane containerd[105]: time="2024-07-22T02:39:12.213379709Z" level=info msg="CreateContainer within sandbox \"0660ea9d4bfbada982fe4b07adf5bdac6356dfe8365828842bfd5798f281a7cf\" for container &ContainerMetadata{Name:coredns,Attempt:0,}"
Jul 22 02:39:12 mg-cluster-control-plane containerd[105]: time="2024-07-22T02:39:12.216516626Z" level=info msg="RunPodSandbox for &PodSandboxMetadata{Name:local-path-provisioner-988d74bc-799t9,Uid:beffcdd1-9390-485b-a0c0-ec4cfbf23460,Namespace:local-path-storage,Attempt:0,} returns sandbox id \"b12f746a456dbc1accb77f1fc56c45f8783d9e69b8671063ac0131aefc0d8dce\""
Jul 22 02:39:12 mg-cluster-control-plane containerd[105]: time="2024-07-22T02:39:12.220242543Z" level=info msg="CreateContainer within sandbox \"b12f746a456dbc1accb77f1fc56c45f8783d9e69b8671063ac0131aefc0d8dce\" for container &ContainerMetadata{Name:local-path-provisioner,Attempt:0,}"
Jul 22 02:39:12 mg-cluster-control-plane containerd[105]: time="2024-07-22T02:39:12.229808751Z" level=info msg="RunPodSandbox for &PodSandboxMetadata{Name:coredns-7db6d8ff4d-b5pbp,Uid:47667c0f-6db2-474e-8b5b-0a244dfc3357,Namespace:kube-system,Attempt:0,} returns sandbox id \"6179b5b37b5e003a695984fb408ba5c3fb5430bfc4f62c2806bafa3191286ec6\""
Jul 22 02:39:12 mg-cluster-control-plane containerd[105]: time="2024-07-22T02:39:12.232444209Z" level=info msg="CreateContainer within sandbox \"6179b5b37b5e003a695984fb408ba5c3fb5430bfc4f62c2806bafa3191286ec6\" for container &ContainerMetadata{Name:coredns,Attempt:0,}"
Jul 22 02:39:12 mg-cluster-control-plane containerd[105]: time="2024-07-22T02:39:12.671985293Z" level=info msg="CreateContainer within sandbox \"b12f746a456dbc1accb77f1fc56c45f8783d9e69b8671063ac0131aefc0d8dce\" for &ContainerMetadata{Name:local-path-provisioner,Attempt:0,} returns container id \"f436096dacc8f6e8ab673a1ca50d23c6a4b2ad309399de64b1e9eccaffd48351\""
Jul 22 02:39:12 mg-cluster-control-plane containerd[105]: time="2024-07-22T02:39:12.673076626Z" level=info msg="StartContainer for \"f436096dacc8f6e8ab673a1ca50d23c6a4b2ad309399de64b1e9eccaffd48351\""
Jul 22 02:39:12 mg-cluster-control-plane containerd[105]: time="2024-07-22T02:39:12.764515168Z" level=info msg="StartContainer for \"f436096dacc8f6e8ab673a1ca50d23c6a4b2ad309399de64b1e9eccaffd48351\" returns successfully"
Jul 22 02:39:13 mg-cluster-control-plane containerd[105]: time="2024-07-22T02:39:13.064500293Z" level=info msg="CreateContainer within sandbox \"6179b5b37b5e003a695984fb408ba5c3fb5430bfc4f62c2806bafa3191286ec6\" for &ContainerMetadata{Name:coredns,Attempt:0,} returns container id \"89eab741734b108c0f50b3a1fc143f350e54969bafd14b5226f79ca4e5f606a5\""
Jul 22 02:39:13 mg-cluster-control-plane containerd[105]: time="2024-07-22T02:39:13.064948835Z" level=info msg="StartContainer for \"89eab741734b108c0f50b3a1fc143f350e54969bafd14b5226f79ca4e5f606a5\""
Jul 22 02:39:13 mg-cluster-control-plane containerd[105]: time="2024-07-22T02:39:13.144167126Z" level=info msg="CreateContainer within sandbox \"0660ea9d4bfbada982fe4b07adf5bdac6356dfe8365828842bfd5798f281a7cf\" for &ContainerMetadata{Name:coredns,Attempt:0,} returns container id \"215630fbc94a9f3611c279619a67fddd69ffb8574e7d1ab8b256915f800e340c\""
Jul 22 02:39:13 mg-cluster-control-plane containerd[105]: time="2024-07-22T02:39:13.146041960Z" level=info msg="StartContainer for \"215630fbc94a9f3611c279619a67fddd69ffb8574e7d1ab8b256915f800e340c\""
Jul 22 02:39:13 mg-cluster-control-plane containerd[105]: time="2024-07-22T02:39:13.192205835Z" level=info msg="StartContainer for \"89eab741734b108c0f50b3a1fc143f350e54969bafd14b5226f79ca4e5f606a5\" returns successfully"
Jul 22 02:39:13 mg-cluster-control-plane containerd[105]: time="2024-07-22T02:39:13.282595043Z" level=info msg="StartContainer for \"215630fbc94a9f3611c279619a67fddd69ffb8574e7d1ab8b256915f800e340c\" returns successfully"
