Jul 22 02:38:42 mg-cluster-worker2 systemd[1]: Starting containerd.service - containerd container runtime...
Jul 22 02:38:42 mg-cluster-worker2 containerd[105]: time="2024-07-22T02:38:42.306047626Z" level=info msg="starting containerd" revision=926c9586fe4a6236699318391cd44976a98e31f1 version=v1.7.15
Jul 22 02:38:42 mg-cluster-worker2 containerd[105]: time="2024-07-22T02:38:42.323947834Z" level=info msg="loading plugin \"io.containerd.event.v1.exchange\"..." type=io.containerd.event.v1
Jul 22 02:38:42 mg-cluster-worker2 containerd[105]: time="2024-07-22T02:38:42.324030418Z" level=info msg="loading plugin \"io.containerd.internal.v1.opt\"..." type=io.containerd.internal.v1
Jul 22 02:38:42 mg-cluster-worker2 containerd[105]: time="2024-07-22T02:38:42.324098918Z" level=info msg="loading plugin \"io.containerd.warning.v1.deprecations\"..." type=io.containerd.warning.v1
Jul 22 02:38:42 mg-cluster-worker2 containerd[105]: time="2024-07-22T02:38:42.324126668Z" level=info msg="loading plugin \"io.containerd.snapshotter.v1.blockfile\"..." type=io.containerd.snapshotter.v1
Jul 22 02:38:42 mg-cluster-worker2 containerd[105]: time="2024-07-22T02:38:42.324145334Z" level=info msg="skip loading plugin \"io.containerd.snapshotter.v1.blockfile\"..." error="no scratch file generator: skip plugin" type=io.containerd.snapshotter.v1
Jul 22 02:38:42 mg-cluster-worker2 containerd[105]: time="2024-07-22T02:38:42.324152668Z" level=info msg="loading plugin \"io.containerd.snapshotter.v1.native\"..." type=io.containerd.snapshotter.v1
Jul 22 02:38:42 mg-cluster-worker2 containerd[105]: time="2024-07-22T02:38:42.324164751Z" level=info msg="loading plugin \"io.containerd.snapshotter.v1.overlayfs\"..." type=io.containerd.snapshotter.v1
Jul 22 02:38:42 mg-cluster-worker2 containerd[105]: time="2024-07-22T02:38:42.324235584Z" level=info msg="loading plugin \"io.containerd.content.v1.content\"..." type=io.containerd.content.v1
Jul 22 02:38:42 mg-cluster-worker2 containerd[105]: time="2024-07-22T02:38:42.324249043Z" level=info msg="loading plugin \"io.containerd.snapshotter.v1.fuse-overlayfs\"..." type=io.containerd.snapshotter.v1
Jul 22 02:38:42 mg-cluster-worker2 containerd[105]: time="2024-07-22T02:38:42.324574001Z" level=info msg="loading plugin \"io.containerd.metadata.v1.bolt\"..." type=io.containerd.metadata.v1
Jul 22 02:38:42 mg-cluster-worker2 containerd[105]: time="2024-07-22T02:38:42.324753459Z" level=info msg="metadata content store policy set" policy=shared
Jul 22 02:38:42 mg-cluster-worker2 containerd[105]: time="2024-07-22T02:38:42.325003084Z" level=info msg="loading plugin \"io.containerd.gc.v1.scheduler\"..." type=io.containerd.gc.v1
Jul 22 02:38:42 mg-cluster-worker2 containerd[105]: time="2024-07-22T02:38:42.325022584Z" level=info msg="loading plugin \"io.containerd.differ.v1.walking\"..." type=io.containerd.differ.v1
Jul 22 02:38:42 mg-cluster-worker2 containerd[105]: time="2024-07-22T02:38:42.325031084Z" level=info msg="loading plugin \"io.containerd.lease.v1.manager\"..." type=io.containerd.lease.v1
Jul 22 02:38:42 mg-cluster-worker2 containerd[105]: time="2024-07-22T02:38:42.325039293Z" level=info msg="loading plugin \"io.containerd.streaming.v1.manager\"..." type=io.containerd.streaming.v1
Jul 22 02:38:42 mg-cluster-worker2 containerd[105]: time="2024-07-22T02:38:42.325048876Z" level=info msg="loading plugin \"io.containerd.runtime.v1.linux\"..." type=io.containerd.runtime.v1
Jul 22 02:38:42 mg-cluster-worker2 containerd[105]: time="2024-07-22T02:38:42.325076668Z" level=info msg="loading plugin \"io.containerd.monitor.v1.cgroups\"..." type=io.containerd.monitor.v1
Jul 22 02:38:42 mg-cluster-worker2 containerd[105]: time="2024-07-22T02:38:42.325182876Z" level=info msg="loading plugin \"io.containerd.runtime.v2.task\"..." type=io.containerd.runtime.v2
Jul 22 02:38:42 mg-cluster-worker2 containerd[105]: time="2024-07-22T02:38:42.325217043Z" level=info msg="loading plugin \"io.containerd.runtime.v2.shim\"..." type=io.containerd.runtime.v2
Jul 22 02:38:42 mg-cluster-worker2 containerd[105]: time="2024-07-22T02:38:42.325223834Z" level=info msg="loading plugin \"io.containerd.sandbox.store.v1.local\"..." type=io.containerd.sandbox.store.v1
Jul 22 02:38:42 mg-cluster-worker2 containerd[105]: time="2024-07-22T02:38:42.325230626Z" level=info msg="loading plugin \"io.containerd.sandbox.controller.v1.local\"..." type=io.containerd.sandbox.controller.v1
Jul 22 02:38:42 mg-cluster-worker2 containerd[105]: time="2024-07-22T02:38:42.325237293Z" level=info msg="loading plugin \"io.containerd.service.v1.containers-service\"..." type=io.containerd.service.v1
Jul 22 02:38:42 mg-cluster-worker2 containerd[105]: time="2024-07-22T02:38:42.325245126Z" level=info msg="loading plugin \"io.containerd.service.v1.content-service\"..." type=io.containerd.service.v1
Jul 22 02:38:42 mg-cluster-worker2 containerd[105]: time="2024-07-22T02:38:42.325251334Z" level=info msg="loading plugin \"io.containerd.service.v1.diff-service\"..." type=io.containerd.service.v1
Jul 22 02:38:42 mg-cluster-worker2 containerd[105]: time="2024-07-22T02:38:42.325257459Z" level=info msg="loading plugin \"io.containerd.service.v1.images-service\"..." type=io.containerd.service.v1
Jul 22 02:38:42 mg-cluster-worker2 containerd[105]: time="2024-07-22T02:38:42.325264043Z" level=info msg="loading plugin \"io.containerd.service.v1.introspection-service\"..." type=io.containerd.service.v1
Jul 22 02:38:42 mg-cluster-worker2 containerd[105]: time="2024-07-22T02:38:42.325270126Z" level=info msg="loading plugin \"io.containerd.service.v1.namespaces-service\"..." type=io.containerd.service.v1
Jul 22 02:38:42 mg-cluster-worker2 containerd[105]: time="2024-07-22T02:38:42.325279376Z" level=info msg="loading plugin \"io.containerd.service.v1.snapshots-service\"..." type=io.containerd.service.v1
Jul 22 02:38:42 mg-cluster-worker2 containerd[105]: time="2024-07-22T02:38:42.325284751Z" level=info msg="loading plugin \"io.containerd.service.v1.tasks-service\"..." type=io.containerd.service.v1
Jul 22 02:38:42 mg-cluster-worker2 containerd[105]: time="2024-07-22T02:38:42.325295001Z" level=info msg="loading plugin \"io.containerd.grpc.v1.containers\"..." type=io.containerd.grpc.v1
Jul 22 02:38:42 mg-cluster-worker2 containerd[105]: time="2024-07-22T02:38:42.325304959Z" level=info msg="loading plugin \"io.containerd.grpc.v1.content\"..." type=io.containerd.grpc.v1
Jul 22 02:38:42 mg-cluster-worker2 containerd[105]: time="2024-07-22T02:38:42.325310876Z" level=info msg="loading plugin \"io.containerd.grpc.v1.diff\"..." type=io.containerd.grpc.v1
Jul 22 02:38:42 mg-cluster-worker2 containerd[105]: time="2024-07-22T02:38:42.325317376Z" level=info msg="loading plugin \"io.containerd.grpc.v1.events\"..." type=io.containerd.grpc.v1
Jul 22 02:38:42 mg-cluster-worker2 containerd[105]: time="2024-07-22T02:38:42.325323668Z" level=info msg="loading plugin \"io.containerd.grpc.v1.images\"..." type=io.containerd.grpc.v1
Jul 22 02:38:42 mg-cluster-worker2 containerd[105]: time="2024-07-22T02:38:42.325330418Z" level=info msg="loading plugin \"io.containerd.grpc.v1.introspection\"..." type=io.containerd.grpc.v1
Jul 22 02:38:42 mg-cluster-worker2 containerd[105]: time="2024-07-22T02:38:42.325336918Z" level=info msg="loading plugin \"io.containerd.grpc.v1.leases\"..." type=io.containerd.grpc.v1
Jul 22 02:38:42 mg-cluster-worker2 containerd[105]: time="2024-07-22T02:38:42.325343126Z" level=info msg="loading plugin \"io.containerd.grpc.v1.namespaces\"..." type=io.containerd.grpc.v1
Jul 22 02:38:42 mg-cluster-worker2 containerd[105]: time="2024-07-22T02:38:42.325348876Z" level=info msg="loading plugin \"io.containerd.grpc.v1.sandbox-controllers\"..." type=io.containerd.grpc.v1
Jul 22 02:38:42 mg-cluster-worker2 containerd[105]: time="2024-07-22T02:38:42.325356168Z" level=info msg="loading plugin \"io.containerd.grpc.v1.sandboxes\"..." type=io.containerd.grpc.v1
Jul 22 02:38:42 mg-cluster-worker2 containerd[105]: time="2024-07-22T02:38:42.325362001Z" level=info msg="loading plugin \"io.containerd.grpc.v1.snapshots\"..." type=io.containerd.grpc.v1
Jul 22 02:38:42 mg-cluster-worker2 containerd[105]: time="2024-07-22T02:38:42.325367376Z" level=info msg="loading plugin \"io.containerd.grpc.v1.streaming\"..." type=io.containerd.grpc.v1
Jul 22 02:38:42 mg-cluster-worker2 containerd[105]: time="2024-07-22T02:38:42.325373251Z" level=info msg="loading plugin \"io.containerd.grpc.v1.tasks\"..." type=io.containerd.grpc.v1
Jul 22 02:38:42 mg-cluster-worker2 containerd[105]: time="2024-07-22T02:38:42.325380334Z" level=info msg="loading plugin \"io.containerd.transfer.v1.local\"..." type=io.containerd.transfer.v1
Jul 22 02:38:42 mg-cluster-worker2 containerd[105]: time="2024-07-22T02:38:42.325393459Z" level=info msg="loading plugin \"io.containerd.grpc.v1.transfer\"..." type=io.containerd.grpc.v1
Jul 22 02:38:42 mg-cluster-worker2 containerd[105]: time="2024-07-22T02:38:42.325399543Z" level=info msg="loading plugin \"io.containerd.grpc.v1.version\"..." type=io.containerd.grpc.v1
Jul 22 02:38:42 mg-cluster-worker2 containerd[105]: time="2024-07-22T02:38:42.325404626Z" level=info msg="loading plugin \"io.containerd.internal.v1.restart\"..." type=io.containerd.internal.v1
Jul 22 02:38:42 mg-cluster-worker2 containerd[105]: time="2024-07-22T02:38:42.325451834Z" level=info msg="loading plugin \"io.containerd.tracing.processor.v1.otlp\"..." type=io.containerd.tracing.processor.v1
Jul 22 02:38:42 mg-cluster-worker2 containerd[105]: time="2024-07-22T02:38:42.325460543Z" level=info msg="skip loading plugin \"io.containerd.tracing.processor.v1.otlp\"..." error="no OpenTelemetry endpoint: skip plugin" type=io.containerd.tracing.processor.v1
Jul 22 02:38:42 mg-cluster-worker2 containerd[105]: time="2024-07-22T02:38:42.325466293Z" level=info msg="loading plugin \"io.containerd.internal.v1.tracing\"..." type=io.containerd.internal.v1
Jul 22 02:38:42 mg-cluster-worker2 containerd[105]: time="2024-07-22T02:38:42.325471084Z" level=info msg="skipping tracing processor initialization (no tracing plugin)" error="no OpenTelemetry endpoint: skip plugin"
Jul 22 02:38:42 mg-cluster-worker2 containerd[105]: time="2024-07-22T02:38:42.325506584Z" level=info msg="loading plugin \"io.containerd.grpc.v1.healthcheck\"..." type=io.containerd.grpc.v1
Jul 22 02:38:42 mg-cluster-worker2 containerd[105]: time="2024-07-22T02:38:42.325512751Z" level=info msg="loading plugin \"io.containerd.nri.v1.nri\"..." type=io.containerd.nri.v1
Jul 22 02:38:42 mg-cluster-worker2 containerd[105]: time="2024-07-22T02:38:42.325525918Z" level=info msg="NRI interface is disabled by configuration."
Jul 22 02:38:42 mg-cluster-worker2 containerd[105]: time="2024-07-22T02:38:42.325531418Z" level=info msg="loading plugin \"io.containerd.grpc.v1.cri\"..." type=io.containerd.grpc.v1
Jul 22 02:38:42 mg-cluster-worker2 containerd[105]: time="2024-07-22T02:38:42.325863918Z" level=info msg="Start cri plugin with config {PluginConfig:{ContainerdConfig:{Snapshotter:overlayfs DefaultRuntimeName:runc DefaultRuntime:{Type: Path: Engine: PodAnnotations:[] ContainerAnnotations:[] Root: Options:map[] PrivilegedWithoutHostDevices:false PrivilegedWithoutHostDevicesAllDevicesAllowed:false BaseRuntimeSpec: NetworkPluginConfDir: NetworkPluginMaxConfNum:0 Snapshotter: SandboxMode:} UntrustedWorkloadRuntime:{Type: Path: Engine: PodAnnotations:[] ContainerAnnotations:[] Root: Options:map[] PrivilegedWithoutHostDevices:false PrivilegedWithoutHostDevicesAllDevicesAllowed:false BaseRuntimeSpec: NetworkPluginConfDir: NetworkPluginMaxConfNum:0 Snapshotter: SandboxMode:} Runtimes:map[runc:{Type:io.containerd.runc.v2 Path: Engine: PodAnnotations:[] ContainerAnnotations:[] Root: Options:map[SystemdCgroup:true] PrivilegedWithoutHostDevices:false PrivilegedWithoutHostDevicesAllDevicesAllowed:false BaseRuntimeSpec:/etc/containerd/cri-base.json NetworkPluginConfDir: NetworkPluginMaxConfNum:0 Snapshotter: SandboxMode:podsandbox} test-handler:{Type:io.containerd.runc.v2 Path: Engine: PodAnnotations:[] ContainerAnnotations:[] Root: Options:map[SystemdCgroup:true] PrivilegedWithoutHostDevices:false PrivilegedWithoutHostDevicesAllDevicesAllowed:false BaseRuntimeSpec:/etc/containerd/cri-base.json NetworkPluginConfDir: NetworkPluginMaxConfNum:0 Snapshotter: SandboxMode:podsandbox}] NoPivot:false DisableSnapshotAnnotations:true DiscardUnpackedLayers:true IgnoreBlockIONotEnabledErrors:false IgnoreRdtNotEnabledErrors:false} CniConfig:{NetworkPluginBinDir:/opt/cni/bin NetworkPluginConfDir:/etc/cni/net.d NetworkPluginMaxConfNum:1 NetworkPluginSetupSerially:false NetworkPluginConfTemplate: IPPreference:} Registry:{ConfigPath: Mirrors:map[] Configs:map[] Auths:map[] Headers:map[]} ImageDecryption:{KeyModel:node} DisableTCPService:true StreamServerAddress:127.0.0.1 StreamServerPort:0 StreamIdleTimeout:4h0m0s EnableSelinux:false SelinuxCategoryRange:1024 SandboxImage:registry.k8s.io/pause:3.7 StatsCollectPeriod:10 SystemdCgroup:false EnableTLSStreaming:false X509KeyPairStreaming:{TLSCertFile: TLSKeyFile:} MaxContainerLogLineSize:16384 DisableCgroup:false DisableApparmor:false RestrictOOMScoreAdj:false MaxConcurrentDownloads:3 DisableProcMount:false UnsetSeccompProfile: TolerateMissingHugetlbController:true DisableHugetlbController:true DeviceOwnershipFromSecurityContext:false IgnoreImageDefinedVolumes:false NetNSMountsUnderStateDir:false EnableUnprivilegedPorts:false EnableUnprivilegedICMP:false EnableCDI:false CDISpecDirs:[/etc/cdi /var/run/cdi] ImagePullProgressTimeout:5m0s DrainExecSyncIOTimeout:0s ImagePullWithSyncFs:false IgnoreDeprecationWarnings:[]} ContainerdRootDir:/var/lib/containerd ContainerdEndpoint:/run/containerd/containerd.sock RootDir:/var/lib/containerd/io.containerd.grpc.v1.cri StateDir:/run/containerd/io.containerd.grpc.v1.cri}"
Jul 22 02:38:42 mg-cluster-worker2 containerd[105]: time="2024-07-22T02:38:42.326177918Z" level=info msg="Connect containerd service"
Jul 22 02:38:42 mg-cluster-worker2 containerd[105]: time="2024-07-22T02:38:42.326210543Z" level=info msg="using legacy CRI server"
Jul 22 02:38:42 mg-cluster-worker2 containerd[105]: time="2024-07-22T02:38:42.326220209Z" level=info msg="using experimental NRI integration - disable nri plugin to prevent this"
Jul 22 02:38:42 mg-cluster-worker2 containerd[105]: time="2024-07-22T02:38:42.326251543Z" level=info msg="Get image filesystem path \"/var/lib/containerd/io.containerd.snapshotter.v1.overlayfs\""
Jul 22 02:38:42 mg-cluster-worker2 containerd[105]: time="2024-07-22T02:38:42.326560293Z" level=error msg="failed to load cni during init, please check CRI plugin status before setting up network for pods" error="cni config load failed: no network config found in /etc/cni/net.d: cni plugin not initialized: failed to load cni config"
Jul 22 02:38:42 mg-cluster-worker2 containerd[105]: time="2024-07-22T02:38:42.328266376Z" level=info msg="Start subscribing containerd event"
Jul 22 02:38:42 mg-cluster-worker2 containerd[105]: time="2024-07-22T02:38:42.328294459Z" level=info msg="Start recovering state"
Jul 22 02:38:42 mg-cluster-worker2 containerd[105]: time="2024-07-22T02:38:42.328426334Z" level=info msg=serving... address=/run/containerd/containerd.sock.ttrpc
Jul 22 02:38:42 mg-cluster-worker2 containerd[105]: time="2024-07-22T02:38:42.328468501Z" level=info msg=serving... address=/run/containerd/containerd.sock
Jul 22 02:38:42 mg-cluster-worker2 containerd[105]: time="2024-07-22T02:38:42.328947501Z" level=warning msg="The image sha256:e5a475a0380575fb5df454b2e32bdec93e1ec0094d8a61e895b41567cb884550 is not unpacked."
Jul 22 02:38:42 mg-cluster-worker2 containerd[105]: time="2024-07-22T02:38:42.329439126Z" level=warning msg="The image docker.io/kindest/kindnetd:v20240202-8f1494ea is not unpacked."
Jul 22 02:38:42 mg-cluster-worker2 containerd[105]: time="2024-07-22T02:38:42.329770668Z" level=warning msg="The image docker.io/kindest/local-path-helper:v20230510-486859a6 is not unpacked."
Jul 22 02:38:42 mg-cluster-worker2 containerd[105]: time="2024-07-22T02:38:42.330537709Z" level=warning msg="The image docker.io/kindest/local-path-provisioner:v20240202-8f1494ea is not unpacked."
Jul 22 02:38:42 mg-cluster-worker2 containerd[105]: time="2024-07-22T02:38:42.330776626Z" level=warning msg="The image import-2024-05-13@sha256:45c561194466a77e2ad957a3ead7e40af710be745eab60aa556e670cc526e1e9 is not unpacked."
Jul 22 02:38:42 mg-cluster-worker2 containerd[105]: time="2024-07-22T02:38:42.331967626Z" level=warning msg="The image import-2024-05-13@sha256:b7267730b5d235ec9500112663c8b244e2d09f0d9f92f1c6bb5caadf73d7a90c is not unpacked."
Jul 22 02:38:42 mg-cluster-worker2 containerd[105]: time="2024-07-22T02:38:42.333246334Z" level=warning msg="The image sha256:4740c1948d3fceb8d7dacc63033aa6299d80794ee4f4811539ec1081d9211f3d is not unpacked."
Jul 22 02:38:42 mg-cluster-worker2 containerd[105]: time="2024-07-22T02:38:42.333443793Z" level=warning msg="The image registry.k8s.io/kube-apiserver-arm64:v1.30.0 is not unpacked."
Jul 22 02:38:42 mg-cluster-worker2 containerd[105]: time="2024-07-22T02:38:42.333601834Z" level=warning msg="The image sha256:d2d4e1917462f2edff8cdb18781ff486c0d0c8c3f9f9579654bd14777d0c0b04 is not unpacked."
Jul 22 02:38:42 mg-cluster-worker2 containerd[105]: time="2024-07-22T02:38:42.334095626Z" level=warning msg="The image registry.k8s.io/kube-controller-manager-arm64:v1.30.0 is not unpacked."
Jul 22 02:38:42 mg-cluster-worker2 containerd[105]: time="2024-07-22T02:38:42.335894043Z" level=warning msg="The image sha256:26ceefab31d20e7e9c162db69ac8d4bf87f35302f62c2e25a6ffa4ce0fbc5b53 is not unpacked."
Jul 22 02:38:42 mg-cluster-worker2 containerd[105]: time="2024-07-22T02:38:42.336784793Z" level=warning msg="The image registry.k8s.io/kube-scheduler:v1.30.0 is not unpacked."
Jul 22 02:38:42 mg-cluster-worker2 containerd[105]: time="2024-07-22T02:38:42.336962209Z" level=warning msg="The image registry.k8s.io/kube-scheduler-arm64:v1.30.0 is not unpacked."
Jul 22 02:38:42 mg-cluster-worker2 containerd[105]: time="2024-07-22T02:38:42.337720126Z" level=warning msg="The image registry.k8s.io/pause:3.7 is not unpacked."
Jul 22 02:38:42 mg-cluster-worker2 containerd[105]: time="2024-07-22T02:38:42.337985293Z" level=warning msg="The image sha256:2437cf762177702dec2dfe99a09c37427a15af6d9a57c456b65352667c223d93 is not unpacked."
Jul 22 02:38:42 mg-cluster-worker2 containerd[105]: time="2024-07-22T02:38:42.339578251Z" level=warning msg="The image sha256:b1522b854947b7e938a4fd8b70afad16fcd09e70a373fb7aaa0bdd89ca67bfcc is not unpacked."
Jul 22 02:38:42 mg-cluster-worker2 containerd[105]: time="2024-07-22T02:38:42.341140001Z" level=warning msg="The image import-2024-05-13@sha256:91ca1c81e44a332253b9588418418de977942a50ae0d9a84f9a288c4030f8653 is not unpacked."
Jul 22 02:38:42 mg-cluster-worker2 containerd[105]: time="2024-07-22T02:38:42.342998959Z" level=warning msg="The image registry.k8s.io/coredns/coredns:v1.11.1 is not unpacked."
Jul 22 02:38:42 mg-cluster-worker2 containerd[105]: time="2024-07-22T02:38:42.343197459Z" level=warning msg="The image sha256:6c806bad1e8991c6415cfcc6f4d01ac610635ff47c9f4c21092caa830d90aca1 is not unpacked."
Jul 22 02:38:42 mg-cluster-worker2 containerd[105]: time="2024-07-22T02:38:42.343397126Z" level=warning msg="The image sha256:80a7c4a0557e68d4257ff8126260f000970de15b987ea4c4eba74506dae713a7 is not unpacked."
Jul 22 02:38:42 mg-cluster-worker2 containerd[105]: time="2024-07-22T02:38:42.343514418Z" level=warning msg="The image registry.k8s.io/kube-proxy-arm64:v1.30.0 is not unpacked."
Jul 22 02:38:42 mg-cluster-worker2 containerd[105]: time="2024-07-22T02:38:42.343887918Z" level=warning msg="The image registry.k8s.io/kube-controller-manager:v1.30.0 is not unpacked."
Jul 22 02:38:42 mg-cluster-worker2 containerd[105]: time="2024-07-22T02:38:42.344309251Z" level=warning msg="The image import-2024-05-13@sha256:66851d132bc433174ca3ded1bccbfe461cb7766bfd941f956224eafc2c8ec39f is not unpacked."
Jul 22 02:38:42 mg-cluster-worker2 containerd[105]: time="2024-07-22T02:38:42.344502543Z" level=warning msg="The image sha256:014faa467e29798aeef733fe6d1a3b5e382688217b053ad23410e6cccd5d22fd is not unpacked."
Jul 22 02:38:42 mg-cluster-worker2 containerd[105]: time="2024-07-22T02:38:42.344567543Z" level=warning msg="The image sha256:d022557af8b6306cc24be6f095d77b7892f28b34b765c4337774e5e4cbb39132 is not unpacked."
Jul 22 02:38:42 mg-cluster-worker2 containerd[105]: time="2024-07-22T02:38:42.344781126Z" level=warning msg="The image registry.k8s.io/etcd:3.5.12-0 is not unpacked."
Jul 22 02:38:42 mg-cluster-worker2 containerd[105]: time="2024-07-22T02:38:42.344890334Z" level=warning msg="The image registry.k8s.io/kube-proxy:v1.30.0 is not unpacked."
Jul 22 02:38:42 mg-cluster-worker2 containerd[105]: time="2024-07-22T02:38:42.354730668Z" level=warning msg="The image registry.k8s.io/kube-apiserver:v1.30.0 is not unpacked."
Jul 22 02:38:42 mg-cluster-worker2 containerd[105]: time="2024-07-22T02:38:42.364443459Z" level=info msg="Start event monitor"
Jul 22 02:38:42 mg-cluster-worker2 containerd[105]: time="2024-07-22T02:38:42.364912709Z" level=info msg="Start snapshots syncer"
Jul 22 02:38:42 mg-cluster-worker2 containerd[105]: time="2024-07-22T02:38:42.364951501Z" level=info msg="Start cni network conf syncer for default"
Jul 22 02:38:42 mg-cluster-worker2 containerd[105]: time="2024-07-22T02:38:42.365128918Z" level=info msg="Start streaming server"
Jul 22 02:38:42 mg-cluster-worker2 containerd[105]: time="2024-07-22T02:38:42.365478543Z" level=info msg="containerd successfully booted in 0.059589s"
Jul 22 02:38:42 mg-cluster-worker2 systemd[1]: Started containerd.service - containerd container runtime.
Jul 22 02:39:16 mg-cluster-worker2 containerd[105]: time="2024-07-22T02:39:16.170130753Z" level=info msg="No cni config template is specified, wait for other system components to drop the config."
Jul 22 02:39:16 mg-cluster-worker2 containerd[105]: time="2024-07-22T02:39:16.843527920Z" level=info msg="RunPodSandbox for &PodSandboxMetadata{Name:kube-proxy-vn9xb,Uid:f4772298-b353-4dc6-9963-ad1d8ecc2f4c,Namespace:kube-system,Attempt:0,}"
Jul 22 02:39:16 mg-cluster-worker2 containerd[105]: time="2024-07-22T02:39:16.848510587Z" level=info msg="RunPodSandbox for &PodSandboxMetadata{Name:kindnet-bwfhf,Uid:ab683233-59f5-4e62-ab22-8c7a193d50ed,Namespace:kube-system,Attempt:0,}"
Jul 22 02:39:16 mg-cluster-worker2 containerd[105]: time="2024-07-22T02:39:16.891014753Z" level=info msg="loading plugin \"io.containerd.event.v1.publisher\"..." runtime=io.containerd.runc.v2 type=io.containerd.event.v1
Jul 22 02:39:16 mg-cluster-worker2 containerd[105]: time="2024-07-22T02:39:16.891079712Z" level=info msg="loading plugin \"io.containerd.internal.v1.shutdown\"..." runtime=io.containerd.runc.v2 type=io.containerd.internal.v1
Jul 22 02:39:16 mg-cluster-worker2 containerd[105]: time="2024-07-22T02:39:16.891088628Z" level=info msg="loading plugin \"io.containerd.ttrpc.v1.task\"..." runtime=io.containerd.runc.v2 type=io.containerd.ttrpc.v1
Jul 22 02:39:16 mg-cluster-worker2 containerd[105]: time="2024-07-22T02:39:16.891157295Z" level=info msg="loading plugin \"io.containerd.ttrpc.v1.pause\"..." runtime=io.containerd.runc.v2 type=io.containerd.ttrpc.v1
Jul 22 02:39:16 mg-cluster-worker2 containerd[105]: time="2024-07-22T02:39:16.899919087Z" level=info msg="loading plugin \"io.containerd.event.v1.publisher\"..." runtime=io.containerd.runc.v2 type=io.containerd.event.v1
Jul 22 02:39:16 mg-cluster-worker2 containerd[105]: time="2024-07-22T02:39:16.899979003Z" level=info msg="loading plugin \"io.containerd.internal.v1.shutdown\"..." runtime=io.containerd.runc.v2 type=io.containerd.internal.v1
Jul 22 02:39:16 mg-cluster-worker2 containerd[105]: time="2024-07-22T02:39:16.900166628Z" level=info msg="loading plugin \"io.containerd.ttrpc.v1.task\"..." runtime=io.containerd.runc.v2 type=io.containerd.ttrpc.v1
Jul 22 02:39:16 mg-cluster-worker2 containerd[105]: time="2024-07-22T02:39:16.900261087Z" level=info msg="loading plugin \"io.containerd.ttrpc.v1.pause\"..." runtime=io.containerd.runc.v2 type=io.containerd.ttrpc.v1
Jul 22 02:39:16 mg-cluster-worker2 containerd[105]: time="2024-07-22T02:39:16.940507878Z" level=info msg="RunPodSandbox for &PodSandboxMetadata{Name:kube-proxy-vn9xb,Uid:f4772298-b353-4dc6-9963-ad1d8ecc2f4c,Namespace:kube-system,Attempt:0,} returns sandbox id \"e65ed5b2a559b98299bdcfa161c2d4487153518887e54e3d2f22f299c3e865a1\""
Jul 22 02:39:16 mg-cluster-worker2 containerd[105]: time="2024-07-22T02:39:16.943405295Z" level=info msg="CreateContainer within sandbox \"e65ed5b2a559b98299bdcfa161c2d4487153518887e54e3d2f22f299c3e865a1\" for container &ContainerMetadata{Name:kube-proxy,Attempt:0,}"
Jul 22 02:39:16 mg-cluster-worker2 containerd[105]: time="2024-07-22T02:39:16.952440087Z" level=info msg="RunPodSandbox for &PodSandboxMetadata{Name:kindnet-bwfhf,Uid:ab683233-59f5-4e62-ab22-8c7a193d50ed,Namespace:kube-system,Attempt:0,} returns sandbox id \"8828979bf759d27ef42ef8e3e27bb0b53edd210f0b8ea15dfc356f61f47dd9e5\""
Jul 22 02:39:16 mg-cluster-worker2 containerd[105]: time="2024-07-22T02:39:16.955963545Z" level=info msg="CreateContainer within sandbox \"8828979bf759d27ef42ef8e3e27bb0b53edd210f0b8ea15dfc356f61f47dd9e5\" for container &ContainerMetadata{Name:kindnet-cni,Attempt:0,}"
Jul 22 02:39:17 mg-cluster-worker2 containerd[105]: time="2024-07-22T02:39:17.327179503Z" level=info msg="CreateContainer within sandbox \"e65ed5b2a559b98299bdcfa161c2d4487153518887e54e3d2f22f299c3e865a1\" for &ContainerMetadata{Name:kube-proxy,Attempt:0,} returns container id \"b998b3ceaabb4ca633e3d325843e89a0e19c0da2501ae8adf911e7073859da09\""
Jul 22 02:39:17 mg-cluster-worker2 containerd[105]: time="2024-07-22T02:39:17.327952920Z" level=info msg="StartContainer for \"b998b3ceaabb4ca633e3d325843e89a0e19c0da2501ae8adf911e7073859da09\""
Jul 22 02:39:17 mg-cluster-worker2 containerd[105]: time="2024-07-22T02:39:17.441158962Z" level=info msg="StartContainer for \"b998b3ceaabb4ca633e3d325843e89a0e19c0da2501ae8adf911e7073859da09\" returns successfully"
Jul 22 02:39:17 mg-cluster-worker2 containerd[105]: time="2024-07-22T02:39:17.833048754Z" level=info msg="CreateContainer within sandbox \"8828979bf759d27ef42ef8e3e27bb0b53edd210f0b8ea15dfc356f61f47dd9e5\" for &ContainerMetadata{Name:kindnet-cni,Attempt:0,} returns container id \"74e3e47a9080f8e5e9884f8fed9f6683a898807644af101dcb651121c027a100\""
Jul 22 02:39:17 mg-cluster-worker2 containerd[105]: time="2024-07-22T02:39:17.833642462Z" level=info msg="StartContainer for \"74e3e47a9080f8e5e9884f8fed9f6683a898807644af101dcb651121c027a100\""
Jul 22 02:39:18 mg-cluster-worker2 containerd[105]: time="2024-07-22T02:39:18.235956420Z" level=info msg="StartContainer for \"74e3e47a9080f8e5e9884f8fed9f6683a898807644af101dcb651121c027a100\" returns successfully"
Jul 22 02:39:18 mg-cluster-worker2 containerd[105]: time="2024-07-22T02:39:18.724503879Z" level=error msg="failed to reload cni configuration after receiving fs change event(WRITE         \"/etc/cni/net.d/10-kindnet.conflist.temp\")" error="cni config load failed: no network config found in /etc/cni/net.d: cni plugin not initialized: failed to load cni config"
Jul 22 02:39:18 mg-cluster-worker2 containerd[105]: time="2024-07-22T02:39:18.726844921Z" level=error msg="failed to reload cni configuration after receiving fs change event(WRITE         \"/etc/cni/net.d/10-kindnet.conflist.temp\")" error="cni config load failed: no network config found in /etc/cni/net.d: cni plugin not initialized: failed to load cni config"
Jul 22 02:39:18 mg-cluster-worker2 containerd[105]: time="2024-07-22T02:39:18.726904921Z" level=error msg="failed to reload cni configuration after receiving fs change event(WRITE         \"/etc/cni/net.d/10-kindnet.conflist.temp\")" error="cni config load failed: no network config found in /etc/cni/net.d: cni plugin not initialized: failed to load cni config"
