Jul 22 02:38:42 mg-cluster-worker2 systemd[1]: kubelet.service - kubelet: The Kubernetes Node Agent was skipped because of an unmet condition check (ConditionPathExists=/var/lib/kubelet/config.yaml).
Jul 22 02:39:12 mg-cluster-worker2 systemd[1]: Starting kubelet.service - kubelet: The Kubernetes Node Agent...
Jul 22 02:39:12 mg-cluster-worker2 systemd[1]: Started kubelet.service - kubelet: The Kubernetes Node Agent.
Jul 22 02:39:13 mg-cluster-worker2 kubelet[175]: Flag --container-runtime-endpoint has been deprecated, This parameter should be set via the config file specified by the Kubelet's --config flag. See https://kubernetes.io/docs/tasks/administer-cluster/kubelet-config-file/ for more information.
Jul 22 02:39:13 mg-cluster-worker2 kubelet[175]: Flag --pod-infra-container-image has been deprecated, will be removed in a future release. Image garbage collector will get sandbox image information from CRI.
Jul 22 02:39:13 mg-cluster-worker2 kubelet[175]: I0722 02:39:13.014305     175 server.go:205] "--pod-infra-container-image will not be pruned by the image garbage collector in kubelet and should also be set in the remote runtime"
Jul 22 02:39:13 mg-cluster-worker2 kubelet[175]: I0722 02:39:13.300517     175 server.go:484] "Kubelet version" kubeletVersion="v1.30.0"
Jul 22 02:39:13 mg-cluster-worker2 kubelet[175]: I0722 02:39:13.300539     175 server.go:486] "Golang settings" GOGC="" GOMAXPROCS="" GOTRACEBACK=""
Jul 22 02:39:13 mg-cluster-worker2 kubelet[175]: I0722 02:39:13.300784     175 server.go:927] "Client rotation is on, will bootstrap in background"
Jul 22 02:39:13 mg-cluster-worker2 kubelet[175]: I0722 02:39:13.302187     175 dynamic_cafile_content.go:157] "Starting controller" name="client-ca-bundle::/etc/kubernetes/pki/ca.crt"
Jul 22 02:39:13 mg-cluster-worker2 kubelet[175]: I0722 02:39:13.315814     175 server.go:810] "NoSwap is set due to memorySwapBehavior not specified" memorySwapBehavior="" FailSwapOn=false
Jul 22 02:39:13 mg-cluster-worker2 kubelet[175]: I0722 02:39:13.315971     175 container_manager_linux.go:265] "Container manager verified user specified cgroup-root exists" cgroupRoot=["kubelet"]
Jul 22 02:39:13 mg-cluster-worker2 kubelet[175]: I0722 02:39:13.315996     175 container_manager_linux.go:270] "Creating Container Manager object based on Node Config" nodeConfig={"NodeName":"mg-cluster-worker2","RuntimeCgroupsName":"/system.slice/containerd.service","SystemCgroupsName":"","KubeletCgroupsName":"","KubeletOOMScoreAdj":-999,"ContainerRuntime":"","CgroupsPerQOS":true,"CgroupRoot":"/kubelet","CgroupDriver":"systemd","KubeletRootDir":"/var/lib/kubelet","ProtectKernelDefaults":false,"KubeReservedCgroupName":"","SystemReservedCgroupName":"","ReservedSystemCPUs":{},"EnforceNodeAllocatable":{"pods":{}},"KubeReserved":null,"SystemReserved":null,"HardEvictionThresholds":[],"QOSReserved":{},"CPUManagerPolicy":"none","CPUManagerPolicyOptions":null,"TopologyManagerScope":"container","CPUManagerReconcilePeriod":10000000000,"ExperimentalMemoryManagerPolicy":"None","ExperimentalMemoryManagerReservedMemory":null,"PodPidsLimit":-1,"EnforceCPULimits":true,"CPUCFSQuotaPeriod":100000000,"TopologyManagerPolicy":"none","TopologyManagerPolicyOptions":null}
Jul 22 02:39:13 mg-cluster-worker2 kubelet[175]: I0722 02:39:13.316133     175 topology_manager.go:138] "Creating topology manager with none policy"
Jul 22 02:39:13 mg-cluster-worker2 kubelet[175]: I0722 02:39:13.316139     175 container_manager_linux.go:301] "Creating device plugin manager"
Jul 22 02:39:13 mg-cluster-worker2 kubelet[175]: I0722 02:39:13.316200     175 state_mem.go:36] "Initialized new in-memory state store"
Jul 22 02:39:13 mg-cluster-worker2 kubelet[175]: I0722 02:39:13.316255     175 kubelet.go:400] "Attempting to sync node with API server"
Jul 22 02:39:13 mg-cluster-worker2 kubelet[175]: I0722 02:39:13.316271     175 kubelet.go:301] "Adding static pod path" path="/etc/kubernetes/manifests"
Jul 22 02:39:13 mg-cluster-worker2 kubelet[175]: I0722 02:39:13.316283     175 kubelet.go:312] "Adding apiserver pod source"
Jul 22 02:39:13 mg-cluster-worker2 kubelet[175]: I0722 02:39:13.316290     175 apiserver.go:42] "Waiting for node sync before watching apiserver pods"
Jul 22 02:39:13 mg-cluster-worker2 kubelet[175]: I0722 02:39:13.316987     175 kuberuntime_manager.go:261] "Container runtime initialized" containerRuntime="containerd" version="v1.7.15" apiVersion="v1"
Jul 22 02:39:13 mg-cluster-worker2 kubelet[175]: I0722 02:39:13.317110     175 kubelet.go:815] "Not starting ClusterTrustBundle informer because we are in static kubelet mode"
Jul 22 02:39:13 mg-cluster-worker2 kubelet[175]: W0722 02:39:13.317167     175 probe.go:272] Flexvolume plugin directory at /usr/libexec/kubernetes/kubelet-plugins/volume/exec/ does not exist. Recreating.
Jul 22 02:39:13 mg-cluster-worker2 kubelet[175]: I0722 02:39:13.318862     175 server.go:1264] "Started kubelet"
Jul 22 02:39:13 mg-cluster-worker2 kubelet[175]: I0722 02:39:13.318951     175 server.go:163] "Starting to listen" address="0.0.0.0" port=10250
Jul 22 02:39:13 mg-cluster-worker2 kubelet[175]: I0722 02:39:13.318979     175 ratelimit.go:55] "Setting rate limiting for endpoint" service="podresources" qps=100 burstTokens=10
Jul 22 02:39:13 mg-cluster-worker2 kubelet[175]: I0722 02:39:13.319117     175 server.go:227] "Starting to serve the podresources API" endpoint="unix:/var/lib/kubelet/pod-resources/kubelet.sock"
Jul 22 02:39:13 mg-cluster-worker2 kubelet[175]: I0722 02:39:13.319436     175 server.go:455] "Adding debug handlers to kubelet server"
Jul 22 02:39:13 mg-cluster-worker2 kubelet[175]: I0722 02:39:13.320063     175 fs_resource_analyzer.go:67] "Starting FS ResourceAnalyzer"
Jul 22 02:39:13 mg-cluster-worker2 kubelet[175]: I0722 02:39:13.320303     175 volume_manager.go:291] "Starting Kubelet Volume Manager"
Jul 22 02:39:13 mg-cluster-worker2 kubelet[175]: I0722 02:39:13.320348     175 desired_state_of_world_populator.go:149] "Desired state populator starts to run"
Jul 22 02:39:13 mg-cluster-worker2 kubelet[175]: I0722 02:39:13.320379     175 reconciler.go:26] "Reconciler: start to sync state"
Jul 22 02:39:13 mg-cluster-worker2 kubelet[175]: I0722 02:39:13.322077     175 factory.go:221] Registration of the systemd container factory successfully
Jul 22 02:39:13 mg-cluster-worker2 kubelet[175]: I0722 02:39:13.322169     175 factory.go:219] Registration of the crio container factory failed: Get "http://%2Fvar%2Frun%2Fcrio%2Fcrio.sock/info": dial unix /var/run/crio/crio.sock: connect: no such file or directory
Jul 22 02:39:13 mg-cluster-worker2 kubelet[175]: I0722 02:39:13.327504     175 factory.go:221] Registration of the containerd container factory successfully
Jul 22 02:39:13 mg-cluster-worker2 kubelet[175]: E0722 02:39:13.330928     175 event.go:359] "Server rejected event (will not retry!)" err="events is forbidden: User \"system:anonymous\" cannot create resource \"events\" in API group \"\" in the namespace \"default\"" event="&Event{ObjectMeta:{mg-cluster-worker2.17e4689689372fef  default    0 0001-01-01 00:00:00 +0000 UTC <nil> <nil> map[] map[] [] [] []},InvolvedObject:ObjectReference{Kind:Node,Namespace:,Name:mg-cluster-worker2,UID:mg-cluster-worker2,APIVersion:,ResourceVersion:,FieldPath:,},Reason:Starting,Message:Starting kubelet.,Source:EventSource{Component:kubelet,Host:mg-cluster-worker2,},FirstTimestamp:2024-07-22 02:39:13.318850543 +0000 UTC m=+0.353871876,LastTimestamp:2024-07-22 02:39:13.318850543 +0000 UTC m=+0.353871876,Count:1,Type:Normal,EventTime:0001-01-01 00:00:00 +0000 UTC,Series:nil,Action:,Related:nil,ReportingController:kubelet,ReportingInstance:mg-cluster-worker2,}"
Jul 22 02:39:13 mg-cluster-worker2 kubelet[175]: E0722 02:39:13.331105     175 controller.go:145] "Failed to ensure lease exists, will retry" err="leases.coordination.k8s.io \"mg-cluster-worker2\" is forbidden: User \"system:anonymous\" cannot get resource \"leases\" in API group \"coordination.k8s.io\" in the namespace \"kube-node-lease\"" interval="200ms"
Jul 22 02:39:13 mg-cluster-worker2 kubelet[175]: W0722 02:39:13.331132     175 reflector.go:547] k8s.io/client-go/informers/factory.go:160: failed to list *v1.Node: nodes "mg-cluster-worker2" is forbidden: User "system:anonymous" cannot list resource "nodes" in API group "" at the cluster scope
Jul 22 02:39:13 mg-cluster-worker2 kubelet[175]: E0722 02:39:13.331146     175 reflector.go:150] k8s.io/client-go/informers/factory.go:160: Failed to watch *v1.Node: failed to list *v1.Node: nodes "mg-cluster-worker2" is forbidden: User "system:anonymous" cannot list resource "nodes" in API group "" at the cluster scope
Jul 22 02:39:13 mg-cluster-worker2 kubelet[175]: W0722 02:39:13.331164     175 reflector.go:547] k8s.io/client-go/informers/factory.go:160: failed to list *v1.CSIDriver: csidrivers.storage.k8s.io is forbidden: User "system:anonymous" cannot list resource "csidrivers" in API group "storage.k8s.io" at the cluster scope
Jul 22 02:39:13 mg-cluster-worker2 kubelet[175]: E0722 02:39:13.331169     175 reflector.go:150] k8s.io/client-go/informers/factory.go:160: Failed to watch *v1.CSIDriver: failed to list *v1.CSIDriver: csidrivers.storage.k8s.io is forbidden: User "system:anonymous" cannot list resource "csidrivers" in API group "storage.k8s.io" at the cluster scope
Jul 22 02:39:13 mg-cluster-worker2 kubelet[175]: W0722 02:39:13.331220     175 reflector.go:547] k8s.io/client-go/informers/factory.go:160: failed to list *v1.Service: services is forbidden: User "system:anonymous" cannot list resource "services" in API group "" at the cluster scope
Jul 22 02:39:13 mg-cluster-worker2 kubelet[175]: E0722 02:39:13.331227     175 reflector.go:150] k8s.io/client-go/informers/factory.go:160: Failed to watch *v1.Service: failed to list *v1.Service: services is forbidden: User "system:anonymous" cannot list resource "services" in API group "" at the cluster scope
Jul 22 02:39:13 mg-cluster-worker2 kubelet[175]: I0722 02:39:13.337251     175 kubelet_network_linux.go:50] "Initialized iptables rules." protocol="IPv4"
Jul 22 02:39:13 mg-cluster-worker2 kubelet[175]: I0722 02:39:13.338204     175 cpu_manager.go:214] "Starting CPU manager" policy="none"
Jul 22 02:39:13 mg-cluster-worker2 kubelet[175]: I0722 02:39:13.338294     175 cpu_manager.go:215] "Reconciling" reconcilePeriod="10s"
Jul 22 02:39:13 mg-cluster-worker2 kubelet[175]: I0722 02:39:13.338308     175 state_mem.go:36] "Initialized new in-memory state store"
Jul 22 02:39:13 mg-cluster-worker2 kubelet[175]: I0722 02:39:13.339648     175 policy_none.go:49] "None policy: Start"
Jul 22 02:39:13 mg-cluster-worker2 kubelet[175]: I0722 02:39:13.340099     175 memory_manager.go:170] "Starting memorymanager" policy="None"
Jul 22 02:39:13 mg-cluster-worker2 kubelet[175]: I0722 02:39:13.340139     175 state_mem.go:35] "Initializing new in-memory state store"
Jul 22 02:39:13 mg-cluster-worker2 kubelet[175]: I0722 02:39:13.340835     175 kubelet_network_linux.go:50] "Initialized iptables rules." protocol="IPv6"
Jul 22 02:39:13 mg-cluster-worker2 kubelet[175]: I0722 02:39:13.340869     175 status_manager.go:217] "Starting to sync pod status with apiserver"
Jul 22 02:39:13 mg-cluster-worker2 kubelet[175]: I0722 02:39:13.340882     175 kubelet.go:2337] "Starting kubelet main sync loop"
Jul 22 02:39:13 mg-cluster-worker2 kubelet[175]: E0722 02:39:13.340904     175 kubelet.go:2361] "Skipping pod synchronization" err="[container runtime status check may not have completed yet, PLEG is not healthy: pleg has yet to be successful]"
Jul 22 02:39:13 mg-cluster-worker2 kubelet[175]: E0722 02:39:13.345300     175 event.go:359] "Server rejected event (will not retry!)" err="events is forbidden: User \"system:anonymous\" cannot create resource \"events\" in API group \"\" in the namespace \"default\"" event="&Event{ObjectMeta:{mg-cluster-worker2.17e468968a5675c3  default    0 0001-01-01 00:00:00 +0000 UTC <nil> <nil> map[] map[] [] [] []},InvolvedObject:ObjectReference{Kind:Node,Namespace:,Name:mg-cluster-worker2,UID:mg-cluster-worker2,APIVersion:,ResourceVersion:,FieldPath:,},Reason:NodeHasSufficientMemory,Message:Node mg-cluster-worker2 status is now: NodeHasSufficientMemory,Source:EventSource{Component:kubelet,Host:mg-cluster-worker2,},FirstTimestamp:2024-07-22 02:39:13.337677251 +0000 UTC m=+0.372698626,LastTimestamp:2024-07-22 02:39:13.337677251 +0000 UTC m=+0.372698626,Count:1,Type:Normal,EventTime:0001-01-01 00:00:00 +0000 UTC,Series:nil,Action:,Related:nil,ReportingController:kubelet,ReportingInstance:mg-cluster-worker2,}"
Jul 22 02:39:13 mg-cluster-worker2 kubelet[175]: W0722 02:39:13.345862     175 reflector.go:547] k8s.io/client-go/informers/factory.go:160: failed to list *v1.RuntimeClass: runtimeclasses.node.k8s.io is forbidden: User "system:anonymous" cannot list resource "runtimeclasses" in API group "node.k8s.io" at the cluster scope
Jul 22 02:39:13 mg-cluster-worker2 kubelet[175]: E0722 02:39:13.345939     175 reflector.go:150] k8s.io/client-go/informers/factory.go:160: Failed to watch *v1.RuntimeClass: failed to list *v1.RuntimeClass: runtimeclasses.node.k8s.io is forbidden: User "system:anonymous" cannot list resource "runtimeclasses" in API group "node.k8s.io" at the cluster scope
Jul 22 02:39:13 mg-cluster-worker2 kubelet[175]: E0722 02:39:13.356463     175 event.go:359] "Server rejected event (will not retry!)" err="events is forbidden: User \"system:anonymous\" cannot create resource \"events\" in API group \"\" in the namespace \"default\"" event="&Event{ObjectMeta:{mg-cluster-worker2.17e468968a568128  default    0 0001-01-01 00:00:00 +0000 UTC <nil> <nil> map[] map[] [] [] []},InvolvedObject:ObjectReference{Kind:Node,Namespace:,Name:mg-cluster-worker2,UID:mg-cluster-worker2,APIVersion:,ResourceVersion:,FieldPath:,},Reason:NodeHasNoDiskPressure,Message:Node mg-cluster-worker2 status is now: NodeHasNoDiskPressure,Source:EventSource{Component:kubelet,Host:mg-cluster-worker2,},FirstTimestamp:2024-07-22 02:39:13.337680168 +0000 UTC m=+0.372701501,LastTimestamp:2024-07-22 02:39:13.337680168 +0000 UTC m=+0.372701501,Count:1,Type:Normal,EventTime:0001-01-01 00:00:00 +0000 UTC,Series:nil,Action:,Related:nil,ReportingController:kubelet,ReportingInstance:mg-cluster-worker2,}"
Jul 22 02:39:13 mg-cluster-worker2 kubelet[175]: E0722 02:39:13.370848     175 kubelet.go:1547] "Failed to start ContainerManager" err="failed to initialize top level QOS containers: root container [kubelet kubepods] doesn't exist"
Jul 22 02:39:13 mg-cluster-worker2 systemd[1]: kubelet.service: Main process exited, code=exited, status=1/FAILURE
Jul 22 02:39:13 mg-cluster-worker2 systemd[1]: kubelet.service: Failed with result 'exit-code'.
Jul 22 02:39:14 mg-cluster-worker2 systemd[1]: kubelet.service: Scheduled restart job, restart counter is at 1.
Jul 22 02:39:14 mg-cluster-worker2 systemd[1]: Stopped kubelet.service - kubelet: The Kubernetes Node Agent.
Jul 22 02:39:14 mg-cluster-worker2 systemd[1]: Starting kubelet.service - kubelet: The Kubernetes Node Agent...
Jul 22 02:39:14 mg-cluster-worker2 systemd[1]: Started kubelet.service - kubelet: The Kubernetes Node Agent.
Jul 22 02:39:14 mg-cluster-worker2 kubelet[215]: Flag --container-runtime-endpoint has been deprecated, This parameter should be set via the config file specified by the Kubelet's --config flag. See https://kubernetes.io/docs/tasks/administer-cluster/kubelet-config-file/ for more information.
Jul 22 02:39:14 mg-cluster-worker2 kubelet[215]: Flag --pod-infra-container-image has been deprecated, will be removed in a future release. Image garbage collector will get sandbox image information from CRI.
Jul 22 02:39:14 mg-cluster-worker2 kubelet[215]: I0722 02:39:14.510846     215 server.go:205] "--pod-infra-container-image will not be pruned by the image garbage collector in kubelet and should also be set in the remote runtime"
Jul 22 02:39:14 mg-cluster-worker2 kubelet[215]: I0722 02:39:14.513519     215 server.go:484] "Kubelet version" kubeletVersion="v1.30.0"
Jul 22 02:39:14 mg-cluster-worker2 kubelet[215]: I0722 02:39:14.513762     215 server.go:486] "Golang settings" GOGC="" GOMAXPROCS="" GOTRACEBACK=""
Jul 22 02:39:14 mg-cluster-worker2 kubelet[215]: I0722 02:39:14.513910     215 server.go:927] "Client rotation is on, will bootstrap in background"
Jul 22 02:39:14 mg-cluster-worker2 kubelet[215]: E0722 02:39:14.514223     215 bootstrap.go:241] unable to read existing bootstrap client config from /etc/kubernetes/kubelet.conf: invalid configuration: [unable to read client-cert /var/lib/kubelet/pki/kubelet-client-current.pem for default-auth due to open /var/lib/kubelet/pki/kubelet-client-current.pem: no such file or directory, unable to read client-key /var/lib/kubelet/pki/kubelet-client-current.pem for default-auth due to open /var/lib/kubelet/pki/kubelet-client-current.pem: no such file or directory]
Jul 22 02:39:14 mg-cluster-worker2 kubelet[215]: I0722 02:39:14.516729     215 dynamic_cafile_content.go:157] "Starting controller" name="client-ca-bundle::/etc/kubernetes/pki/ca.crt"
Jul 22 02:39:14 mg-cluster-worker2 kubelet[215]: I0722 02:39:14.524470     215 server.go:810] "NoSwap is set due to memorySwapBehavior not specified" memorySwapBehavior="" FailSwapOn=false
Jul 22 02:39:14 mg-cluster-worker2 kubelet[215]: I0722 02:39:14.524845     215 container_manager_linux.go:265] "Container manager verified user specified cgroup-root exists" cgroupRoot=["kubelet"]
Jul 22 02:39:14 mg-cluster-worker2 kubelet[215]: I0722 02:39:14.524894     215 container_manager_linux.go:270] "Creating Container Manager object based on Node Config" nodeConfig={"NodeName":"mg-cluster-worker2","RuntimeCgroupsName":"/system.slice/containerd.service","SystemCgroupsName":"","KubeletCgroupsName":"","KubeletOOMScoreAdj":-999,"ContainerRuntime":"","CgroupsPerQOS":true,"CgroupRoot":"/kubelet","CgroupDriver":"systemd","KubeletRootDir":"/var/lib/kubelet","ProtectKernelDefaults":false,"KubeReservedCgroupName":"","SystemReservedCgroupName":"","ReservedSystemCPUs":{},"EnforceNodeAllocatable":{"pods":{}},"KubeReserved":null,"SystemReserved":null,"HardEvictionThresholds":[],"QOSReserved":{},"CPUManagerPolicy":"none","CPUManagerPolicyOptions":null,"TopologyManagerScope":"container","CPUManagerReconcilePeriod":10000000000,"ExperimentalMemoryManagerPolicy":"None","ExperimentalMemoryManagerReservedMemory":null,"PodPidsLimit":-1,"EnforceCPULimits":true,"CPUCFSQuotaPeriod":100000000,"TopologyManagerPolicy":"none","TopologyManagerPolicyOptions":null}
Jul 22 02:39:14 mg-cluster-worker2 kubelet[215]: I0722 02:39:14.525066     215 topology_manager.go:138] "Creating topology manager with none policy"
Jul 22 02:39:14 mg-cluster-worker2 kubelet[215]: I0722 02:39:14.525096     215 container_manager_linux.go:301] "Creating device plugin manager"
Jul 22 02:39:14 mg-cluster-worker2 kubelet[215]: I0722 02:39:14.525136     215 state_mem.go:36] "Initialized new in-memory state store"
Jul 22 02:39:14 mg-cluster-worker2 kubelet[215]: I0722 02:39:14.525200     215 kubelet.go:400] "Attempting to sync node with API server"
Jul 22 02:39:14 mg-cluster-worker2 kubelet[215]: I0722 02:39:14.525227     215 kubelet.go:301] "Adding static pod path" path="/etc/kubernetes/manifests"
Jul 22 02:39:14 mg-cluster-worker2 kubelet[215]: I0722 02:39:14.525271     215 kubelet.go:312] "Adding apiserver pod source"
Jul 22 02:39:14 mg-cluster-worker2 kubelet[215]: I0722 02:39:14.525691     215 apiserver.go:42] "Waiting for node sync before watching apiserver pods"
Jul 22 02:39:14 mg-cluster-worker2 kubelet[215]: I0722 02:39:14.529227     215 kuberuntime_manager.go:261] "Container runtime initialized" containerRuntime="containerd" version="v1.7.15" apiVersion="v1"
Jul 22 02:39:14 mg-cluster-worker2 kubelet[215]: I0722 02:39:14.529406     215 kubelet.go:815] "Not starting ClusterTrustBundle informer because we are in static kubelet mode"
Jul 22 02:39:14 mg-cluster-worker2 kubelet[215]: I0722 02:39:14.529811     215 server.go:1264] "Started kubelet"
Jul 22 02:39:14 mg-cluster-worker2 kubelet[215]: I0722 02:39:14.531158     215 fs_resource_analyzer.go:67] "Starting FS ResourceAnalyzer"
Jul 22 02:39:14 mg-cluster-worker2 kubelet[215]: I0722 02:39:14.532429     215 server.go:163] "Starting to listen" address="0.0.0.0" port=10250
Jul 22 02:39:14 mg-cluster-worker2 kubelet[215]: I0722 02:39:14.533391     215 server.go:455] "Adding debug handlers to kubelet server"
Jul 22 02:39:14 mg-cluster-worker2 kubelet[215]: I0722 02:39:14.533950     215 ratelimit.go:55] "Setting rate limiting for endpoint" service="podresources" qps=100 burstTokens=10
Jul 22 02:39:14 mg-cluster-worker2 kubelet[215]: I0722 02:39:14.536265     215 server.go:227] "Starting to serve the podresources API" endpoint="unix:/var/lib/kubelet/pod-resources/kubelet.sock"
Jul 22 02:39:14 mg-cluster-worker2 kubelet[215]: I0722 02:39:14.536901     215 volume_manager.go:291] "Starting Kubelet Volume Manager"
Jul 22 02:39:14 mg-cluster-worker2 kubelet[215]: I0722 02:39:14.539509     215 desired_state_of_world_populator.go:149] "Desired state populator starts to run"
Jul 22 02:39:14 mg-cluster-worker2 kubelet[215]: E0722 02:39:14.537374     215 kubelet_node_status.go:462] "Error getting the current node from lister" err="node \"mg-cluster-worker2\" not found"
Jul 22 02:39:14 mg-cluster-worker2 kubelet[215]: I0722 02:39:14.539987     215 reconciler.go:26] "Reconciler: start to sync state"
Jul 22 02:39:14 mg-cluster-worker2 kubelet[215]: I0722 02:39:14.540896     215 factory.go:221] Registration of the systemd container factory successfully
Jul 22 02:39:14 mg-cluster-worker2 kubelet[215]: I0722 02:39:14.540988     215 factory.go:219] Registration of the crio container factory failed: Get "http://%2Fvar%2Frun%2Fcrio%2Fcrio.sock/info": dial unix /var/run/crio/crio.sock: connect: no such file or directory
Jul 22 02:39:14 mg-cluster-worker2 kubelet[215]: E0722 02:39:14.541492     215 controller.go:145] "Failed to ensure lease exists, will retry" err="leases.coordination.k8s.io \"mg-cluster-worker2\" is forbidden: User \"system:anonymous\" cannot get resource \"leases\" in API group \"coordination.k8s.io\" in the namespace \"kube-node-lease\"" interval="200ms"
Jul 22 02:39:14 mg-cluster-worker2 kubelet[215]: W0722 02:39:14.541609     215 reflector.go:547] k8s.io/client-go/informers/factory.go:160: failed to list *v1.CSIDriver: csidrivers.storage.k8s.io is forbidden: User "system:anonymous" cannot list resource "csidrivers" in API group "storage.k8s.io" at the cluster scope
Jul 22 02:39:14 mg-cluster-worker2 kubelet[215]: E0722 02:39:14.541647     215 reflector.go:150] k8s.io/client-go/informers/factory.go:160: Failed to watch *v1.CSIDriver: failed to list *v1.CSIDriver: csidrivers.storage.k8s.io is forbidden: User "system:anonymous" cannot list resource "csidrivers" in API group "storage.k8s.io" at the cluster scope
Jul 22 02:39:14 mg-cluster-worker2 kubelet[215]: W0722 02:39:14.541701     215 reflector.go:547] k8s.io/client-go/informers/factory.go:160: failed to list *v1.Node: nodes "mg-cluster-worker2" is forbidden: User "system:anonymous" cannot list resource "nodes" in API group "" at the cluster scope
Jul 22 02:39:14 mg-cluster-worker2 kubelet[215]: E0722 02:39:14.541789     215 reflector.go:150] k8s.io/client-go/informers/factory.go:160: Failed to watch *v1.Node: failed to list *v1.Node: nodes "mg-cluster-worker2" is forbidden: User "system:anonymous" cannot list resource "nodes" in API group "" at the cluster scope
Jul 22 02:39:14 mg-cluster-worker2 kubelet[215]: W0722 02:39:14.541822     215 reflector.go:547] k8s.io/client-go/informers/factory.go:160: failed to list *v1.Service: services is forbidden: User "system:anonymous" cannot list resource "services" in API group "" at the cluster scope
Jul 22 02:39:14 mg-cluster-worker2 kubelet[215]: E0722 02:39:14.541970     215 reflector.go:150] k8s.io/client-go/informers/factory.go:160: Failed to watch *v1.Service: failed to list *v1.Service: services is forbidden: User "system:anonymous" cannot list resource "services" in API group "" at the cluster scope
Jul 22 02:39:14 mg-cluster-worker2 kubelet[215]: E0722 02:39:14.542119     215 event.go:359] "Server rejected event (will not retry!)" err="events is forbidden: User \"system:anonymous\" cannot create resource \"events\" in API group \"\" in the namespace \"default\"" event="&Event{ObjectMeta:{mg-cluster-worker2.17e46896d164d08f  default    0 0001-01-01 00:00:00 +0000 UTC <nil> <nil> map[] map[] [] [] []},InvolvedObject:ObjectReference{Kind:Node,Namespace:,Name:mg-cluster-worker2,UID:mg-cluster-worker2,APIVersion:,ResourceVersion:,FieldPath:,},Reason:Starting,Message:Starting kubelet.,Source:EventSource{Component:kubelet,Host:mg-cluster-worker2,},FirstTimestamp:2024-07-22 02:39:14.529800335 +0000 UTC m=+0.048555584,LastTimestamp:2024-07-22 02:39:14.529800335 +0000 UTC m=+0.048555584,Count:1,Type:Normal,EventTime:0001-01-01 00:00:00 +0000 UTC,Series:nil,Action:,Related:nil,ReportingController:kubelet,ReportingInstance:mg-cluster-worker2,}"
Jul 22 02:39:14 mg-cluster-worker2 kubelet[215]: I0722 02:39:14.542662     215 factory.go:221] Registration of the containerd container factory successfully
Jul 22 02:39:14 mg-cluster-worker2 kubelet[215]: I0722 02:39:14.553025     215 cpu_manager.go:214] "Starting CPU manager" policy="none"
Jul 22 02:39:14 mg-cluster-worker2 kubelet[215]: I0722 02:39:14.553179     215 cpu_manager.go:215] "Reconciling" reconcilePeriod="10s"
Jul 22 02:39:14 mg-cluster-worker2 kubelet[215]: I0722 02:39:14.553234     215 state_mem.go:36] "Initialized new in-memory state store"
Jul 22 02:39:14 mg-cluster-worker2 kubelet[215]: I0722 02:39:14.553357     215 state_mem.go:88] "Updated default CPUSet" cpuSet=""
Jul 22 02:39:14 mg-cluster-worker2 kubelet[215]: I0722 02:39:14.553385     215 state_mem.go:96] "Updated CPUSet assignments" assignments={}
Jul 22 02:39:14 mg-cluster-worker2 kubelet[215]: I0722 02:39:14.553419     215 policy_none.go:49] "None policy: Start"
Jul 22 02:39:14 mg-cluster-worker2 kubelet[215]: E0722 02:39:14.554526     215 event.go:359] "Server rejected event (will not retry!)" err="events is forbidden: User \"system:anonymous\" cannot create resource \"events\" in API group \"\" in the namespace \"default\"" event="&Event{ObjectMeta:{mg-cluster-worker2.17e46896d2bcc575  default    0 0001-01-01 00:00:00 +0000 UTC <nil> <nil> map[] map[] [] [] []},InvolvedObject:ObjectReference{Kind:Node,Namespace:,Name:mg-cluster-worker2,UID:mg-cluster-worker2,APIVersion:,ResourceVersion:,FieldPath:,},Reason:NodeHasSufficientMemory,Message:Node mg-cluster-worker2 status is now: NodeHasSufficientMemory,Source:EventSource{Component:kubelet,Host:mg-cluster-worker2,},FirstTimestamp:2024-07-22 02:39:14.552341877 +0000 UTC m=+0.071097126,LastTimestamp:2024-07-22 02:39:14.552341877 +0000 UTC m=+0.071097126,Count:1,Type:Normal,EventTime:0001-01-01 00:00:00 +0000 UTC,Series:nil,Action:,Related:nil,ReportingController:kubelet,ReportingInstance:mg-cluster-worker2,}"
Jul 22 02:39:14 mg-cluster-worker2 kubelet[215]: I0722 02:39:14.555383     215 memory_manager.go:170] "Starting memorymanager" policy="None"
Jul 22 02:39:14 mg-cluster-worker2 kubelet[215]: I0722 02:39:14.555442     215 state_mem.go:35] "Initializing new in-memory state store"
Jul 22 02:39:14 mg-cluster-worker2 kubelet[215]: I0722 02:39:14.555650     215 state_mem.go:75] "Updated machine memory state"
Jul 22 02:39:14 mg-cluster-worker2 kubelet[215]: I0722 02:39:14.558658     215 kubelet_network_linux.go:50] "Initialized iptables rules." protocol="IPv4"
Jul 22 02:39:14 mg-cluster-worker2 kubelet[215]: I0722 02:39:14.561233     215 kubelet_network_linux.go:50] "Initialized iptables rules." protocol="IPv6"
Jul 22 02:39:14 mg-cluster-worker2 kubelet[215]: I0722 02:39:14.561257     215 status_manager.go:217] "Starting to sync pod status with apiserver"
Jul 22 02:39:14 mg-cluster-worker2 kubelet[215]: I0722 02:39:14.561291     215 kubelet.go:2337] "Starting kubelet main sync loop"
Jul 22 02:39:14 mg-cluster-worker2 kubelet[215]: E0722 02:39:14.561312     215 kubelet.go:2361] "Skipping pod synchronization" err="[container runtime status check may not have completed yet, PLEG is not healthy: pleg has yet to be successful]"
Jul 22 02:39:14 mg-cluster-worker2 kubelet[215]: I0722 02:39:14.575385     215 manager.go:479] "Failed to read data from checkpoint" checkpoint="kubelet_internal_checkpoint" err="checkpoint is not found"
Jul 22 02:39:14 mg-cluster-worker2 kubelet[215]: I0722 02:39:14.575445     215 container_log_manager.go:186] "Initializing container log rotate workers" workers=1 monitorPeriod="10s"
Jul 22 02:39:14 mg-cluster-worker2 kubelet[215]: I0722 02:39:14.579120     215 plugin_manager.go:118] "Starting Kubelet Plugin Manager"
Jul 22 02:39:14 mg-cluster-worker2 kubelet[215]: E0722 02:39:14.581448     215 eviction_manager.go:282] "Eviction manager: failed to get summary stats" err="failed to get node info: node \"mg-cluster-worker2\" not found"
Jul 22 02:39:14 mg-cluster-worker2 kubelet[215]: I0722 02:39:14.641026     215 kubelet_node_status.go:73] "Attempting to register node" node="mg-cluster-worker2"
Jul 22 02:39:14 mg-cluster-worker2 kubelet[215]: I0722 02:39:14.648746     215 kubelet_node_status.go:76] "Successfully registered node" node="mg-cluster-worker2"
Jul 22 02:39:14 mg-cluster-worker2 kubelet[215]: E0722 02:39:14.656800     215 kubelet_node_status.go:462] "Error getting the current node from lister" err="node \"mg-cluster-worker2\" not found"
Jul 22 02:39:14 mg-cluster-worker2 kubelet[215]: E0722 02:39:14.757733     215 kubelet_node_status.go:462] "Error getting the current node from lister" err="node \"mg-cluster-worker2\" not found"
Jul 22 02:39:14 mg-cluster-worker2 kubelet[215]: E0722 02:39:14.858821     215 kubelet_node_status.go:462] "Error getting the current node from lister" err="node \"mg-cluster-worker2\" not found"
Jul 22 02:39:14 mg-cluster-worker2 kubelet[215]: E0722 02:39:14.959751     215 kubelet_node_status.go:462] "Error getting the current node from lister" err="node \"mg-cluster-worker2\" not found"
Jul 22 02:39:15 mg-cluster-worker2 kubelet[215]: E0722 02:39:15.061186     215 kubelet_node_status.go:462] "Error getting the current node from lister" err="node \"mg-cluster-worker2\" not found"
Jul 22 02:39:15 mg-cluster-worker2 kubelet[215]: E0722 02:39:15.162157     215 kubelet_node_status.go:462] "Error getting the current node from lister" err="node \"mg-cluster-worker2\" not found"
Jul 22 02:39:15 mg-cluster-worker2 kubelet[215]: E0722 02:39:15.262940     215 kubelet_node_status.go:462] "Error getting the current node from lister" err="node \"mg-cluster-worker2\" not found"
Jul 22 02:39:15 mg-cluster-worker2 kubelet[215]: E0722 02:39:15.363106     215 kubelet_node_status.go:462] "Error getting the current node from lister" err="node \"mg-cluster-worker2\" not found"
Jul 22 02:39:15 mg-cluster-worker2 kubelet[215]: E0722 02:39:15.464073     215 kubelet_node_status.go:462] "Error getting the current node from lister" err="node \"mg-cluster-worker2\" not found"
Jul 22 02:39:15 mg-cluster-worker2 kubelet[215]: I0722 02:39:15.517388     215 transport.go:147] "Certificate rotation detected, shutting down client connections to start using new credentials"
Jul 22 02:39:15 mg-cluster-worker2 kubelet[215]: W0722 02:39:15.517484     215 reflector.go:470] k8s.io/client-go/informers/factory.go:160: watch of *v1.RuntimeClass ended with: very short watch: k8s.io/client-go/informers/factory.go:160: Unexpected watch close - watch lasted less than a second and no items received
Jul 22 02:39:15 mg-cluster-worker2 kubelet[215]: E0722 02:39:15.564791     215 kubelet_node_status.go:462] "Error getting the current node from lister" err="node \"mg-cluster-worker2\" not found"
Jul 22 02:39:15 mg-cluster-worker2 kubelet[215]: E0722 02:39:15.664971     215 kubelet_node_status.go:462] "Error getting the current node from lister" err="node \"mg-cluster-worker2\" not found"
Jul 22 02:39:15 mg-cluster-worker2 kubelet[215]: E0722 02:39:15.765515     215 kubelet_node_status.go:462] "Error getting the current node from lister" err="node \"mg-cluster-worker2\" not found"
Jul 22 02:39:15 mg-cluster-worker2 kubelet[215]: E0722 02:39:15.866254     215 kubelet_node_status.go:462] "Error getting the current node from lister" err="node \"mg-cluster-worker2\" not found"
Jul 22 02:39:15 mg-cluster-worker2 kubelet[215]: E0722 02:39:15.967227     215 kubelet_node_status.go:462] "Error getting the current node from lister" err="node \"mg-cluster-worker2\" not found"
Jul 22 02:39:16 mg-cluster-worker2 kubelet[215]: E0722 02:39:16.067633     215 kubelet_node_status.go:462] "Error getting the current node from lister" err="node \"mg-cluster-worker2\" not found"
Jul 22 02:39:16 mg-cluster-worker2 kubelet[215]: I0722 02:39:16.169897     215 kuberuntime_manager.go:1523] "Updating runtime config through cri with podcidr" CIDR="10.244.2.0/24"
Jul 22 02:39:16 mg-cluster-worker2 kubelet[215]: I0722 02:39:16.170245     215 kubelet_network.go:61] "Updating Pod CIDR" originalPodCIDR="" newPodCIDR="10.244.2.0/24"
Jul 22 02:39:16 mg-cluster-worker2 kubelet[215]: I0722 02:39:16.527066     215 apiserver.go:52] "Watching apiserver"
Jul 22 02:39:16 mg-cluster-worker2 kubelet[215]: I0722 02:39:16.529122     215 topology_manager.go:215] "Topology Admit Handler" podUID="ab683233-59f5-4e62-ab22-8c7a193d50ed" podNamespace="kube-system" podName="kindnet-bwfhf"
Jul 22 02:39:16 mg-cluster-worker2 kubelet[215]: I0722 02:39:16.529194     215 topology_manager.go:215] "Topology Admit Handler" podUID="f4772298-b353-4dc6-9963-ad1d8ecc2f4c" podNamespace="kube-system" podName="kube-proxy-vn9xb"
Jul 22 02:39:16 mg-cluster-worker2 kubelet[215]: I0722 02:39:16.539964     215 desired_state_of_world_populator.go:157] "Finished populating initial desired state of world"
Jul 22 02:39:16 mg-cluster-worker2 kubelet[215]: I0722 02:39:16.551785     215 reconciler_common.go:247] "operationExecutor.VerifyControllerAttachedVolume started for volume \"cni-cfg\" (UniqueName: \"kubernetes.io/host-path/ab683233-59f5-4e62-ab22-8c7a193d50ed-cni-cfg\") pod \"kindnet-bwfhf\" (UID: \"ab683233-59f5-4e62-ab22-8c7a193d50ed\") " pod="kube-system/kindnet-bwfhf"
Jul 22 02:39:16 mg-cluster-worker2 kubelet[215]: I0722 02:39:16.551815     215 reconciler_common.go:247] "operationExecutor.VerifyControllerAttachedVolume started for volume \"xtables-lock\" (UniqueName: \"kubernetes.io/host-path/ab683233-59f5-4e62-ab22-8c7a193d50ed-xtables-lock\") pod \"kindnet-bwfhf\" (UID: \"ab683233-59f5-4e62-ab22-8c7a193d50ed\") " pod="kube-system/kindnet-bwfhf"
Jul 22 02:39:16 mg-cluster-worker2 kubelet[215]: I0722 02:39:16.551829     215 reconciler_common.go:247] "operationExecutor.VerifyControllerAttachedVolume started for volume \"lib-modules\" (UniqueName: \"kubernetes.io/host-path/ab683233-59f5-4e62-ab22-8c7a193d50ed-lib-modules\") pod \"kindnet-bwfhf\" (UID: \"ab683233-59f5-4e62-ab22-8c7a193d50ed\") " pod="kube-system/kindnet-bwfhf"
Jul 22 02:39:16 mg-cluster-worker2 kubelet[215]: I0722 02:39:16.551841     215 reconciler_common.go:247] "operationExecutor.VerifyControllerAttachedVolume started for volume \"kube-api-access-x9p9l\" (UniqueName: \"kubernetes.io/projected/ab683233-59f5-4e62-ab22-8c7a193d50ed-kube-api-access-x9p9l\") pod \"kindnet-bwfhf\" (UID: \"ab683233-59f5-4e62-ab22-8c7a193d50ed\") " pod="kube-system/kindnet-bwfhf"
Jul 22 02:39:16 mg-cluster-worker2 kubelet[215]: I0722 02:39:16.551851     215 reconciler_common.go:247] "operationExecutor.VerifyControllerAttachedVolume started for volume \"kube-proxy\" (UniqueName: \"kubernetes.io/configmap/f4772298-b353-4dc6-9963-ad1d8ecc2f4c-kube-proxy\") pod \"kube-proxy-vn9xb\" (UID: \"f4772298-b353-4dc6-9963-ad1d8ecc2f4c\") " pod="kube-system/kube-proxy-vn9xb"
Jul 22 02:39:16 mg-cluster-worker2 kubelet[215]: I0722 02:39:16.551859     215 reconciler_common.go:247] "operationExecutor.VerifyControllerAttachedVolume started for volume \"xtables-lock\" (UniqueName: \"kubernetes.io/host-path/f4772298-b353-4dc6-9963-ad1d8ecc2f4c-xtables-lock\") pod \"kube-proxy-vn9xb\" (UID: \"f4772298-b353-4dc6-9963-ad1d8ecc2f4c\") " pod="kube-system/kube-proxy-vn9xb"
Jul 22 02:39:16 mg-cluster-worker2 kubelet[215]: I0722 02:39:16.551866     215 reconciler_common.go:247] "operationExecutor.VerifyControllerAttachedVolume started for volume \"lib-modules\" (UniqueName: \"kubernetes.io/host-path/f4772298-b353-4dc6-9963-ad1d8ecc2f4c-lib-modules\") pod \"kube-proxy-vn9xb\" (UID: \"f4772298-b353-4dc6-9963-ad1d8ecc2f4c\") " pod="kube-system/kube-proxy-vn9xb"
Jul 22 02:39:16 mg-cluster-worker2 kubelet[215]: I0722 02:39:16.551883     215 reconciler_common.go:247] "operationExecutor.VerifyControllerAttachedVolume started for volume \"kube-api-access-w9bx2\" (UniqueName: \"kubernetes.io/projected/f4772298-b353-4dc6-9963-ad1d8ecc2f4c-kube-api-access-w9bx2\") pod \"kube-proxy-vn9xb\" (UID: \"f4772298-b353-4dc6-9963-ad1d8ecc2f4c\") " pod="kube-system/kube-proxy-vn9xb"
Jul 22 02:39:18 mg-cluster-worker2 kubelet[215]: I0722 02:39:18.585426     215 pod_startup_latency_tracker.go:104] "Observed pod startup duration" pod="kube-system/kube-proxy-vn9xb" podStartSLOduration=4.585414796 podStartE2EDuration="4.585414796s" podCreationTimestamp="2024-07-22 02:39:14 +0000 UTC" firstStartedPulling="0001-01-01 00:00:00 +0000 UTC" lastFinishedPulling="0001-01-01 00:00:00 +0000 UTC" observedRunningTime="2024-07-22 02:39:17.582450087 +0000 UTC m=+3.101205336" watchObservedRunningTime="2024-07-22 02:39:18.585414796 +0000 UTC m=+4.104170044"
Jul 22 02:39:18 mg-cluster-worker2 kubelet[215]: I0722 02:39:18.822411     215 kubelet_node_status.go:497] "Fast updating node status as it just became ready"
